Log file open, 05/02/17 16:34:58
LogInit:Display: Running engine for game: Lionfish
LogPlatformFile: Not using cached read wrapper
LogInit:Display: RandInit(819747084) SRandInit(819747084).
LogTaskGraph: Started task graph with 5 named threads and 8 total threads with 1 sets of task threads.
LogStats: Stats thread started at 0.360848
LogInit: Using libcurl 7.47.1
LogInit:  - built for x86_64-pc-win32
LogInit:  - supports SSL with OpenSSL/1.0.2g
LogInit:  - supports HTTP deflate (compression) using libz 1.2.8
LogInit:  - other features:
LogInit:      CURL_VERSION_SSL
LogInit:      CURL_VERSION_LIBZ
LogInit:      CURL_VERSION_IPV6
LogInit:      CURL_VERSION_ASYNCHDNS
LogInit:      CURL_VERSION_LARGEFILE
LogInit:      CURL_VERSION_IDN
LogInit:  CurlRequestOptions (configurable via config and command line):
LogInit:  - bVerifyPeer = false  - Libcurl will NOT verify peer certificate
LogInit:  - bUseHttpProxy = false  - Libcurl will NOT use HTTP proxy
LogInit:  - bDontReuseConnections = false  - Libcurl will reuse connections
LogInit:  - CertBundlePath = nullptr  - Libcurl will use whatever was configured at build time.
LogInit: Build: ++UE4+Release-4.15-CL-3348071
LogInit: Engine Version: 4.15.1-3348071+++UE4+Release-4.15
LogInit: Compatible Engine Version: 4.15.0-3299760+++UE4+Release-4.15
LogInit: Net CL: 3299760
LogDevObjectVersion: Number of dev versions registered: 14
LogDevObjectVersion:   Dev-Blueprints (B0D832E4-1F89-4F0D-ACCF-7EB736FD4AA2): 8
LogDevObjectVersion:   Dev-Build (E1C64328-A22C-4D53-A36C-8E866417BD8C): 0
LogDevObjectVersion:   Dev-Core (375EC13C-06E4-48FB-B500-84F0262A717E): 2
LogDevObjectVersion:   Dev-Editor (E4B068ED-F494-42E9-A231-DA0B2E46BB41): 14
LogDevObjectVersion:   Dev-Framework (CFFC743F-43B0-4480-9391-14DF171D2073): 22
LogDevObjectVersion:   Dev-Mobile (B02B49B5-BB20-44E9-A304-32B752E40360): 0
LogDevObjectVersion:   Dev-Networking (A4E4105C-59A1-49B5-A7C5-40C4547EDFEE): 0
LogDevObjectVersion:   Dev-Online (39C831C9-5AE6-47DC-9A44-9C173E1C8E7C): 0
LogDevObjectVersion:   Dev-Physics (78F01B33-EBEA-4F98-B9B4-84EACCB95AA2): 0
LogDevObjectVersion:   Dev-Platform (6631380F-2D4D-43E0-8009-CF276956A95A): 0
LogDevObjectVersion:   Dev-Rendering (12F88B9F-8875-4AFC-A67C-D90C383ABD29): 12
LogDevObjectVersion:   Dev-Sequencer (7B5AE74C-D270-4C10-A958-57980B212A5A): 3
LogDevObjectVersion:   Dev-VR (D7296918-1DD6-4BDD-9DE2-64A83CC13884): 0
LogDevObjectVersion:   Dev-LoadTimes (C2A15278-BFE7-4AFE-6C17-90FF531DF755): 1
LogInit: Compiled (64-bit): Mar 15 2017 16:52:47
LogInit: Compiled with Visual C++: 19.00.23026.00
LogInit: Build Configuration: Development
LogInit: Branch Name: ++UE4+Release-4.15
LogInit: Command line:  
LogInit: Base directory: C:/Program Files/Epic Games/UE_4.15/Engine/Binaries/Win64/
LogInit: Installed Engine Build: 1
LogInit: Presizing for max 8388607 objects, including 0 objects not considered by GC, pre-allocating 0 bytes for permanent pool.
LogInit: Object subsystem initialized
[2017.05.02-20.35.03:274][  0]LogInit: Selected Device Profile: [Windows]
[2017.05.02-20.35.03:274][  0]LogInit: Applying CVar settings loaded from the selected device profile: [Windows]
[2017.05.02-20.35.03:411][  0]LogInit: Computer: BILLSORGLAPTOP
[2017.05.02-20.35.03:411][  0]LogInit: User: billy000
[2017.05.02-20.35.03:412][  0]LogInit: CPU Page size=65536, Cores=4
[2017.05.02-20.35.03:412][  0]LogInit: High frequency timer resolution =1.462102 MHz
[2017.05.02-20.35.03:413][  0]LogMemory: Memory total: Physical=7.5GB (8GB approx)
[2017.05.02-20.35.03:413][  0]LogMemory: Platform Memory Stats for Windows
[2017.05.02-20.35.03:413][  0]LogMemory: Process Physical Memory: 263.67 MB used, 263.67 MB peak
[2017.05.02-20.35.03:413][  0]LogMemory: Process Virtual Memory: 262.12 MB used, 262.12 MB peak
[2017.05.02-20.35.03:413][  0]LogMemory: Physical Memory: 3102.05 MB used,  4540.21 MB free, 7642.26 MB total
[2017.05.02-20.35.03:413][  0]LogMemory: Virtual Memory: 629.66 MB used,  4540.21 MB free, 134217728.00 MB total
[2017.05.02-20.35.04:210][  0]LogTextLocalizationManager: No specific translations for ('en-US') exist, so ('en') translations will be used.
[2017.05.02-20.35.14:037][  0]LogD3D11RHI: D3D11 adapters:
[2017.05.02-20.35.14:129][  0]LogD3D11RHI:    0. 'AMD Radeon HD 8330' (Feature Level 11_0)
[2017.05.02-20.35.14:129][  0]LogD3D11RHI:       495/0/3821 MB DedicatedVideo/DedicatedSystem/SharedSystem, Outputs:1, VendorId:0x1002
[2017.05.02-20.35.14:139][  0]LogD3D11RHI:    1. 'Microsoft Basic Render Driver' (Feature Level 11_0)
[2017.05.02-20.35.14:140][  0]LogD3D11RHI:       0/0/3821 MB DedicatedVideo/DedicatedSystem/SharedSystem, Outputs:0, VendorId:0x1414
[2017.05.02-20.35.14:140][  0]LogD3D11RHI: Chosen D3D11 Adapter: 0
[2017.05.02-20.35.14:175][  0]LogD3D11RHI: Creating new Direct3DDevice
[2017.05.02-20.35.14:175][  0]LogD3D11RHI:     GPU DeviceId: 0x9832 (for the marketing name, search the web for "GPU Device Id")
[2017.05.02-20.35.14:175][  0]LogWindows: EnumDisplayDevices:
[2017.05.02-20.35.14:177][  0]LogWindows:    0. 'AMD Radeon HD 8330' (P:1 D:1)
[2017.05.02-20.35.14:179][  0]LogWindows:    1. 'AMD Radeon HD 8330' (P:0 D:0)
[2017.05.02-20.35.14:180][  0]LogWindows: DebugString: FoundDriverCount:2 
[2017.05.02-20.35.14:181][  0]LogD3D11RHI:     Adapter Name: AMD Radeon HD 8330
[2017.05.02-20.35.14:181][  0]LogD3D11RHI:   Driver Version: Crimson 16.6 (internal:21.19.137.514, unified:21.19.137.514)
[2017.05.02-20.35.14:181][  0]LogD3D11RHI:      Driver Date: 11-21-2016
[2017.05.02-20.35.14:181][  0]LogRHI: Texture pool is 346 MB (70% of 495 MB)
[2017.05.02-20.35.14:346][  0]LogD3D11RHI: Async texture creation enabled
[2017.05.02-20.35.14:421][  0]LogD3D11RHI: GPU Timing Frequency: 100.000000 (Debug: 2 1)
[2017.05.02-20.35.14:432][  0]LogShaderCompilers: Guid format shader working directory is -12 characters bigger than the processId version (../../../../../../Users/billy_000/team4/CISC374_Team4/Lionfish/Intermediate/Shaders/WorkingDirectory/5160/).
[2017.05.02-20.35.14:433][  0]LogShaderCompilers: Cleaned the shader compiler working directory 'C:/Users/billy_000/AppData/Local/Temp/UnrealShaderWorkingDir/5A93BAC54787185C3F2928B25214A3D7/'.
[2017.05.02-20.35.14:433][  0]LogShaderCompilers:Display: Using Local Shader Compiler.
[2017.05.02-20.35.27:545][  0]LogTemp:Display: Loaded TP AllDesktopTargetPlatform
[2017.05.02-20.35.27:999][  0]LogTemp:Display: Loaded TP MacClientTargetPlatform
[2017.05.02-20.35.28:426][  0]LogTemp:Display: Loaded TP MacNoEditorTargetPlatform
[2017.05.02-20.35.28:836][  0]LogTemp:Display: Loaded TP MacServerTargetPlatform
[2017.05.02-20.35.29:895][  0]LogTemp:Display: Loaded TP MacTargetPlatform
[2017.05.02-20.35.30:449][  0]LogTemp:Display: Loaded TP WindowsClientTargetPlatform
[2017.05.02-20.35.31:000][  0]LogTemp:Display: Loaded TP WindowsNoEditorTargetPlatform
[2017.05.02-20.35.31:427][  0]LogTemp:Display: Loaded TP WindowsServerTargetPlatform
[2017.05.02-20.35.31:938][  0]LogTemp:Display: Loaded TP WindowsTargetPlatform
[2017.05.02-20.35.32:884][  0]LogTemp:Display: Loaded TP AndroidTargetPlatform
[2017.05.02-20.35.33:604][  0]LogTemp:Display: Loaded TP Android_ASTCTargetPlatform
[2017.05.02-20.35.34:247][  0]LogTemp:Display: Loaded TP Android_ATCTargetPlatform
[2017.05.02-20.35.34:815][  0]LogTemp:Display: Loaded TP Android_DXTTargetPlatform
[2017.05.02-20.35.35:486][  0]LogTemp:Display: Loaded TP Android_ETC1TargetPlatform
[2017.05.02-20.35.36:205][  0]LogTemp:Display: Loaded TP Android_ETC2TargetPlatform
[2017.05.02-20.35.37:632][  0]LogTemp:Display: Loaded TP Android_MultiTargetPlatform
[2017.05.02-20.35.37:632][  0]LogTemp:Display: Loaded TP Android_PVRTCTargetPlatform
[2017.05.02-20.35.38:041][  0]LogTemp:Display: Loaded TP HTML5TargetPlatform
[2017.05.02-20.35.38:965][  0]LogTemp:Display: Loaded TP IOSTargetPlatform
[2017.05.02-20.35.39:260][  0]LogTemp:Display: Loaded TP TVOSTargetPlatform
[2017.05.02-20.35.39:775][  0]LogTemp:Display: Loaded TP LinuxClientTargetPlatform
[2017.05.02-20.35.40:281][  0]LogTemp:Display: Loaded TP LinuxNoEditorTargetPlatform
[2017.05.02-20.35.40:834][  0]LogTemp:Display: Loaded TP LinuxServerTargetPlatform
[2017.05.02-20.35.41:384][  0]LogTemp:Display: Loaded TP LinuxTargetPlatform
[2017.05.02-20.35.41:385][  0]LogTargetPlatformManager:Display: Building Assets For Windows
[2017.05.02-20.35.46:639][  0]LogDerivedDataCache:Display: Max Cache Size: 512 MB
[2017.05.02-20.35.47:012][  0]LogDerivedDataCache: Loaded boot cache 0.37s 50MB C:/Users/billy_000/AppData/Local/UnrealEngine/4.15/DerivedDataCache/Boot.ddc.
[2017.05.02-20.35.47:012][  0]LogDerivedDataCache:Display: Loaded Boot cache: C:/Users/billy_000/AppData/Local/UnrealEngine/4.15/DerivedDataCache/Boot.ddc
[2017.05.02-20.35.47:013][  0]LogDerivedDataCache: FDerivedDataBackendGraph:  Pak pak cache file ../../../../../../Users/billy_000/team4/CISC374_Team4/Lionfish/DerivedDataCache/DDC.ddp not found, will not use a pak cache.
[2017.05.02-20.35.47:013][  0]LogDerivedDataCache: Unable to find inner node Pak for hierarchical cache Hierarchy.
[2017.05.02-20.35.47:013][  0]LogDerivedDataCache: FDerivedDataBackendGraph:  CompressedPak pak cache file ../../../../../../Users/billy_000/team4/CISC374_Team4/Lionfish/DerivedDataCache/Compressed.ddp not found, will not use a pak cache.
[2017.05.02-20.35.47:013][  0]LogDerivedDataCache: Unable to find inner node CompressedPak for hierarchical cache Hierarchy.
[2017.05.02-20.35.47:114][  0]LogDerivedDataCache:Display: Pak cache opened for reading ../../../Engine/DerivedDataCache/Compressed.ddp.
[2017.05.02-20.35.47:174][  0]LogDerivedDataCache: Using Local data cache path C:/Users/billy_000/AppData/Local/UnrealEngine/Common/DerivedDataCache: Writable
[2017.05.02-20.35.47:249][  0]LogSlate: Using Freetype 2.6.0
[2017.05.02-20.35.47:282][  0]LogSlate: SlateFontCache - WITH_FREETYPE: 1, WITH_HARFBUZZ: 1
[2017.05.02-20.35.47:282][  0]LogSlate: SlateFontCache - WITH_FREETYPE: 1, WITH_HARFBUZZ: 1
[2017.05.02-20.35.56:466][  0]LogInit: Selected Device Profile: [Windows]
[2017.05.02-20.35.56:494][  0]LogContentStreaming: Texture pool size is 0.00 MB
[2017.05.02-20.35.58:690][  0]LogMeshUtilities: Using QuadricMeshReduction for automatic static mesh reduction
[2017.05.02-20.35.59:172][  0]LogSimplygon: Simplygon DLL not present - disabling.
[2017.05.02-20.35.59:685][  0]LogMeshUtilities: Using SimplygonSwarm for distributed automatic mesh merging
[2017.05.02-20.35.59:685][  0]LogMeshUtilities: No automatic skeletal mesh reduction module available
[2017.05.02-20.35.59:685][  0]LogMeshUtilities: No automatic mesh merging module available
[2017.05.02-20.36.07:084][  0]LogNetVersion: GetLocalNetworkVersion: CL: 3299760, ProjectName: lionfish, ProjectVersion: , EngineNetworkVersion: 2, GameNetworkVersion: 0, NetworkChecksum: 3667421609
[2017.05.02-20.36.07:398][  0]LogAssetRegistry: FAssetRegistry took 0.0323 seconds to start up
[2017.05.02-20.36.07:915][  0]LogPackageLocalizationCache: Processed 3 localized package path(s) for 2 prioritized culture(s) in 0.181723 seconds
[2017.05.02-20.36.07:951][  0]LogUObjectArray: 32493 objects as part of root set at end of initial load.
[2017.05.02-20.36.07:951][  0]LogUObjectAllocator: 7077032 out of 0 bytes used by permanent object pool.
[2017.05.02-20.36.07:951][  0]LogUObjectArray: CloseDisregardForGC: 0/0 objects in disregard for GC pool
[2017.05.02-20.36.08:643][  0]LogInit: WinSock: version 1.1 (2.2), MaxSocks=32767, MaxUdp=65467
[2017.05.02-20.36.47:059][  0]LogTcpMessaging: Initializing TcpMessaging bridge
[2017.05.02-20.36.47:277][  0]LogUdpMessaging: Initializing bridge on interface 0.0.0.0:0 to multicast group 230.0.0.1:6666.
[2017.05.02-20.36.53:250][  0]LogMaterial: Uniform references updated for custom material expression Custom.
[2017.05.02-20.36.58:128][  0]SourceControl: Info Source control is disabled
[2017.05.02-20.37.24:670][  0]LogEngine: Initializing Engine...
[2017.05.02-20.37.24:683][  0]LogHMD: Failed to initialize OpenVR with code 110
[2017.05.02-20.37.27:510][  0]LogAIModule: Creating AISystem for world Untitled
[2017.05.02-20.37.27:573][  0]LogInit: XAudio2 using 'Speaker/HP (Realtek High Definition Audio)' : 2 channels at 48 kHz using 32 bits per sample (channel mask 0x3)
[2017.05.02-20.37.27:689][  0]LogInit: FAudioDevice initialized.
[2017.05.02-20.37.27:820][  0]LogDerivedDataCache: Saved boot cache 0.13s 50MB C:/Users/billy_000/AppData/Local/UnrealEngine/4.15/DerivedDataCache/Boot.ddc.
[2017.05.02-20.37.27:855][  0]LogInit: Texture streaming: Enabled
[2017.05.02-20.37.28:880][  0]LogEngineSessionManager: EngineSessionManager initialized
[2017.05.02-20.37.29:748][  0]LogInit: Transaction tracking system initialized
[2017.05.02-20.37.32:841][  0]BlueprintLog: New page: Editor Load
[2017.05.02-20.37.40:902][  0]LocalizationService: Info Localization service is disabled
[2017.05.02-20.37.50:409][  0]LogConsoleResponse:Display: 
[2017.05.02-20.37.52:380][  0]LogCook:Display: Max memory allowance for cook 16384mb min free memory 0mb
[2017.05.02-20.37.52:381][  0]LogCook:Display: Mobile HDR setting 1
[2017.05.02-20.37.52:839][  0]LogFileCache: Scanning file cache for directory 'C:/Users/billy_000/team4/CISC374_Team4/Lionfish/Content/' took 0.17s
[2017.05.02-20.38.07:531][  0]Cmd: MAP LOAD FILE="../../../../../../Users/billy_000/team4/CISC374_Team4/Lionfish/Content/TopDownBP/Maps/TopDownExampleMap.umap" TEMPLATE=0 SHOWPROGRESS=1 FEATURELEVEL=3
[2017.05.02-20.38.07:574][  0]LightingResults: New page: Lighting Build
[2017.05.02-20.38.08:063][  0]MapCheck: New page: Map Check
[2017.05.02-20.38.08:063][  0]LightingResults: New page: Lighting Build
[2017.05.02-20.38.15:404][  0]LogLinker:Warning: Asset '../../../../../../Users/billy_000/team4/CISC374_Team4/Lionfish/Content/Meshes/Water_04/Water/Textures/water.uasset' has been saved with empty engine version. The asset will be loaded but may be incompatible.
[2017.05.02-20.38.21:844][  0]LogAIModule: Creating AISystem for world TopDownExampleMap
[2017.05.02-20.38.22:140][  0]LogEditorServer: Finished looking for orphan Actors (0.000 secs)
[2017.05.02-20.38.22:151][  0]Cmd: MAP CHECKDEP NOCLEARLOG
[2017.05.02-20.38.22:829][  0]MapCheck: Info Map check complete: 0 Error(s), 0 Warning(s), took 678.258ms to complete.
[2017.05.02-20.38.22:830][  0]LogFileHelpers: Loading map 'TopDownExampleMap' took 15.299
[2017.05.02-20.38.24:576][  0]LogCollectionManager: Loaded 0 collections in 0.008047 seconds
[2017.05.02-20.38.24:971][  0]LogFileCache: Scanning file cache for directory 'C:/Users/billy_000/team4/CISC374_Team4/Lionfish/Saved/Collections/' took 0.01s
[2017.05.02-20.38.24:971][  0]LogFileCache: Scanning file cache for directory 'C:/Users/billy_000/team4/CISC374_Team4/Lionfish/Content/Developers/billy000/Collections/' took 0.01s
[2017.05.02-20.38.24:971][  0]LogFileCache: Scanning file cache for directory 'C:/Users/billy_000/team4/CISC374_Team4/Lionfish/Content/Collections/' took 0.01s
[2017.05.02-20.38.24:971][  0]LogCollectionManager: Rebuilt the GUID cache for 0 collections in 0.000005 seconds
[2017.05.02-20.38.25:016][  0]LogContentBrowser: Native class hierarchy populated in 0.0437 seconds. Added 2245 classes and 453 folders.
[2017.05.02-20.38.25:069][  0]LogStats: UGameplayTagsManager::ConstructGameplayTagTree: Construct from data asset -  0.000 s
[2017.05.02-20.38.25:070][  0]LogStats: UGameplayTagsManager::ConstructGameplayTagTree: GameplayTagTreeChangedEvent.Broadcast -  0.000 s
[2017.05.02-20.38.25:498][  0]LogContentBrowser: Native class hierarchy updated for 'WidgetCarousel' in 0.0019 seconds. Added 0 classes and 0 folders.
[2017.05.02-20.38.27:099][  0]LogContentBrowser: Native class hierarchy updated for 'AddContentDialog' in 0.0021 seconds. Added 0 classes and 0 folders.
[2017.05.02-20.38.27:599][  0]LogContentBrowser: Native class hierarchy updated for 'SceneOutliner' in 0.0021 seconds. Added 1 classes and 2 folders.
[2017.05.02-20.38.27:979][  0]LogCrashTracker: Crashtracker disabled due to settings.
[2017.05.02-20.38.28:056][  0]LogUObjectGlobals:Warning: Failed to find object 'Class None.'
[2017.05.02-20.38.28:422][  0]LogContentBrowser: Native class hierarchy updated for 'HierarchicalLODOutliner' in 0.0021 seconds. Added 1 classes and 2 folders.
[2017.05.02-20.38.28:423][  0]LogLoad: (Engine Initialization) Total time: 219.10 seconds
[2017.05.02-20.38.28:423][  0]LogLoad: (Engine Initialization) Total Blueprint compile time: 4.11 seconds
[2017.05.02-20.38.28:423][  0]LogExternalProfiler: No external profilers were discovered.  External profiling features will not be available.
[2017.05.02-20.38.28:783][  0]LogOcInput: OculusInput pre-init called
[2017.05.02-20.38.28:959][  0]SourceControl: Info On branch master
[2017.05.02-20.38.28:959][  0]SourceControl: Info Your branch is up-to-date with 'origin/master'.
[2017.05.02-20.38.28:959][  0]SourceControl: Info Changes not staged for commit:
[2017.05.02-20.38.28:959][  0]SourceControl: Info   (use "git add/rm <file>..." to update what will be committed)
[2017.05.02-20.38.28:959][  0]SourceControl: Info   (use "git checkout -- <file>..." to discard changes in working directory)
[2017.05.02-20.38.28:959][  0]SourceControl: Info 	modified:   Lionfish/Intermediate/CachedAssetRegistry.bin
[2017.05.02-20.38.28:959][  0]SourceControl: Info 	modified:   Lionfish/Intermediate/Config/CoalescedSourceConfigs/EditorSettings.ini
[2017.05.02-20.38.28:960][  0]SourceControl: Info 	modified:   Lionfish/Saved/AutoScreenshot.png
[2017.05.02-20.38.28:960][  0]SourceControl: Info 	modified:   Lionfish/Saved/Config/Windows/Editor.ini
[2017.05.02-20.38.28:960][  0]SourceControl: Info 	modified:   Lionfish/Saved/Config/Windows/EditorPerProjectUserSettings.ini
[2017.05.02-20.38.28:960][  0]SourceControl: Info 	modified:   Lionfish/Saved/Config/Windows/Engine.ini
[2017.05.02-20.38.28:960][  0]SourceControl: Info 	modified:   Lionfish/Saved/Logs/Lionfish.log
[2017.05.02-20.38.28:960][  0]SourceControl: Info 	deleted:    Lionfish/Saved/Logs/Lionfish_2-backup-2017.05.01-22.07.19.log
[2017.05.02-20.38.28:960][  0]SourceControl: Info 	deleted:    Lionfish/Saved/Logs/Lionfish_2-backup-2017.05.01-22.20.15.log
[2017.05.02-20.38.28:960][  0]SourceControl: Info Untracked files:
[2017.05.02-20.38.28:960][  0]SourceControl: Info   (use "git add <file>..." to include in what will be committed)
[2017.05.02-20.38.28:960][  0]SourceControl: Info 	Lionfish/Saved/Logs/Lionfish-backup-2017.05.02-13.01.51.log
[2017.05.02-20.38.28:960][  0]SourceControl: Info 	Lionfish/Saved/Logs/Lionfish-backup-2017.05.02-16.34.58.log
[2017.05.02-20.38.28:960][  0]SourceControl: Info 	Lionfish/Saved/Logs/UE4CC-Windows-0B702D7F46153D5F6FC850943D076E84/
[2017.05.02-20.38.28:960][  0]SourceControl: Info 	Lionfish/Saved/Logs/UE4CC-Windows-3DBC29E1499D03B51EABB1930F61FD15/
[2017.05.02-20.38.28:960][  0]SourceControl: Info 	Lionfish/Saved/Logs/UE4CC-Windows-EE80D1284973D61A85DB879E5B416B6F/
[2017.05.02-20.38.28:960][  0]SourceControl: Info no changes added to commit (use "git add" and/or "git commit -a")
[2017.05.02-20.38.28:986][  0]LogContentStreaming: Texture pool size now 400 MB
[2017.05.02-20.38.29:070][  0]LogSlate: Took 0.056047 seconds to synchronously load lazily loaded font '../../../Engine/Content/Slate/Fonts/Roboto-Regular.ttf' (155K)
[2017.05.02-20.38.29:101][  0]LogSlate: Took 0.017629 seconds to synchronously load lazily loaded font '../../../Engine/Content/Slate/Fonts/Roboto-Bold.ttf' (160K)
[2017.05.02-20.38.29:138][  0]LogSlate: Took 0.015974 seconds to synchronously load lazily loaded font '../../../Engine/Content/Editor/Slate/Fonts/FontAwesome.ttf' (139K)
[2017.05.02-20.38.30:067][  0]LogRenderer: Reallocating scene render targets to support 748x448 NumSamples 1 (Frame:2).
[2017.05.02-20.38.30:364][  0]LogSlate: Took 0.016216 seconds to synchronously load lazily loaded font '../../../Engine/Content/Slate/Fonts/Roboto-Light.ttf' (159K)
[2017.05.02-20.38.30:694][  1]LogFileCache: Retrieving MD5 hashes for directory 'C:/Users/billy_000/team4/CISC374_Team4/Lionfish/Content/' took 1.86s
[2017.05.02-20.38.31:589][  7]LogAssetRegistry: Asset discovery search completed in 144.2196 seconds
[2017.05.02-20.38.31:592][  7]LogCollectionManager: Rebuilt the object cache for 0 collections in 0.002128 seconds (found 0 objects)
[2017.05.02-20.38.31:592][  7]LogCollectionManager: Fixed up redirectors for 0 collections in 0.002717 seconds (updated 0 objects)
[2017.05.02-20.39.04:030][879]LogSlate: Took 0.000815 seconds to synchronously load lazily loaded font '../../../Engine/Content/Slate/Fonts/Roboto-Light.ttf' (159K)
[2017.05.02-20.39.04:966][879]LogSlate: Took 0.000823 seconds to synchronously load lazily loaded font '../../../Engine/Content/Slate/Fonts/Roboto-Regular.ttf' (155K)
[2017.05.02-20.39.06:966][879]LogContentBrowser: Native class hierarchy updated for 'BlueprintGraph' in 0.0040 seconds. Added 112 classes and 0 folders.
[2017.05.02-20.39.10:945][879]LogSlate: Took 0.019932 seconds to synchronously load lazily loaded font '../../../Engine/Content/Editor/Slate/Fonts/Roboto-BoldCondensed.ttf' (158K)
[2017.05.02-20.39.11:807][880]LogSlate: Took 0.031117 seconds to synchronously load lazily loaded font '../../../Engine/Content/Editor/Slate/Fonts/Roboto-Italic.ttf' (157K)
[2017.05.02-20.41.30:272][ 61]Cmd: TRANSACTION UNDO
[2017.05.02-20.41.30:272][ 61]LogEditorTransaction: Undo Delete current selection
[2017.05.02-20.41.30:465][ 61]LogSlate: Took 0.002107 seconds to synchronously load lazily loaded font '../../../Engine/Content/Slate/Fonts/Roboto-Light.ttf' (159K)
[2017.05.02-20.46.33:072][645]Cmd: OBJ SAVEPACKAGE PACKAGE="/Game/Diver_Blueprint" FILE="../../../../../../Users/billy_000/team4/CISC374_Team4/Lionfish/Content/Diver_Blueprint.uasset" SILENT=true
[2017.05.02-20.46.33:407][645]LogSavePackage: Save=243.05ms
[2017.05.02-20.46.33:407][645]LogSavePackage: Moving '../../../../../../Users/billy_000/team4/CISC374_Team4/Lionfish/Saved/Diver_Blueprint98CA522E4A1BCEA35D27BEA986034E13.tmp' to '../../../../../../Users/billy_000/team4/CISC374_Team4/Lionfish/Content/Diver_Blueprint.uasset'
[2017.05.02-20.46.33:410][645]LogFileManager:Warning: DeleteFile was unable to delete '../../../../../../Users/billy_000/team4/CISC374_Team4/Lionfish/Content/Diver_Blueprint.uasset', retrying in .5s...
[2017.05.02-20.46.33:911][645]LogFileManager:Error: Error deleting file '../../../../../../Users/billy_000/team4/CISC374_Team4/Lionfish/Content/Diver_Blueprint.uasset'.
[2017.05.02-20.46.33:912][645]LogSavePackage:Error: Error saving '../../../../../../Users/billy_000/team4/CISC374_Team4/Lionfish/Content/Diver_Blueprint.uasset'
[2017.05.02-20.46.33:924][645]LogSavePackage:Display: Finished SavePackage ../../../../../../Users/billy_000/team4/CISC374_Team4/Lionfish/Content/Diver_Blueprint.uasset
[2017.05.02-20.46.44:099][645]Cmd: OBJ SAVEPACKAGE PACKAGE="/Game/Diver_Blueprint" FILE="../../../../../../Users/billy_000/team4/CISC374_Team4/Lionfish/Content/Diver_Blueprint.uasset" SILENT=true
[2017.05.02-20.46.44:431][645]LogSavePackage: Save=258.43ms
[2017.05.02-20.46.44:432][645]LogSavePackage: Moving '../../../../../../Users/billy_000/team4/CISC374_Team4/Lionfish/Saved/Diver_Blueprint4F9AF6B04822FC95ED5A8ABB96B81804.tmp' to '../../../../../../Users/billy_000/team4/CISC374_Team4/Lionfish/Content/Diver_Blueprint.uasset'
[2017.05.02-20.46.44:435][645]LogFileManager:Warning: DeleteFile was unable to delete '../../../../../../Users/billy_000/team4/CISC374_Team4/Lionfish/Content/Diver_Blueprint.uasset', retrying in .5s...
[2017.05.02-20.46.44:936][645]LogFileManager:Error: Error deleting file '../../../../../../Users/billy_000/team4/CISC374_Team4/Lionfish/Content/Diver_Blueprint.uasset'.
[2017.05.02-20.46.44:936][645]LogSavePackage:Error: Error saving '../../../../../../Users/billy_000/team4/CISC374_Team4/Lionfish/Content/Diver_Blueprint.uasset'
[2017.05.02-20.46.44:942][645]LogSavePackage:Display: Finished SavePackage ../../../../../../Users/billy_000/team4/CISC374_Team4/Lionfish/Content/Diver_Blueprint.uasset
[2017.05.02-20.46.54:943][645]Cmd: OBJ SAVEPACKAGE PACKAGE="/Game/Diver_Blueprint" FILE="../../../../../../Users/billy_000/team4/CISC374_Team4/Lionfish/Content/Diver_Blueprint.uasset" SILENT=true
[2017.05.02-20.46.55:269][645]LogSavePackage: Save=257.95ms
[2017.05.02-20.46.55:270][645]LogSavePackage: Moving '../../../../../../Users/billy_000/team4/CISC374_Team4/Lionfish/Saved/Diver_Blueprint47B2B9E54CDC276DF4C9DA99C8ED177E.tmp' to '../../../../../../Users/billy_000/team4/CISC374_Team4/Lionfish/Content/Diver_Blueprint.uasset'
[2017.05.02-20.46.55:287][645]LogSavePackage:Display: Finished SavePackage ../../../../../../Users/billy_000/team4/CISC374_Team4/Lionfish/Content/Diver_Blueprint.uasset
[2017.05.02-20.46.55:300][645]EditorErrors: New page: Save Output
[2017.05.02-20.46.55:300][645]EditorErrors:Warning: Warning Error saving '../../../../../../Users/billy_000/team4/CISC374_Team4/Lionfish/Content/Diver_Blueprint.uasset'
[2017.05.02-20.46.55:300][645]EditorErrors:Warning: Warning Error saving '../../../../../../Users/billy_000/team4/CISC374_Team4/Lionfish/Content/Diver_Blueprint.uasset'
[2017.05.02-20.48.11:458][852]BlueprintLog: New page: Compile Diver_Blueprint
[2017.05.02-20.48.58:666][634]LogTemp: Repeting last play command: Selected Viewport
[2017.05.02-20.48.58:833][634]LogBlueprintUserMessages: Early PlayInEditor Detection: Level '/Game/TopDownBP/Maps/TopDownExampleMap.TopDownExampleMap:PersistentLevel' has LevelScriptBlueprint '/Game/TopDownBP/Maps/TopDownExampleMap.TopDownExampleMap:PersistentLevel.TopDownExampleMap' with GeneratedClass '/Game/TopDownBP/Maps/TopDownExampleMap.TopDownExampleMap_C' with ClassGeneratedBy '/Game/TopDownBP/Maps/TopDownExampleMap.TopDownExampleMap:PersistentLevel.TopDownExampleMap'
[2017.05.02-20.48.58:859][634]LogPlayLevel: PlayLevel: No blueprints needed recompiling
[2017.05.02-20.48.58:889][634]PIE: New page: PIE session: TopDownExampleMap (May 2, 2017, 12:48:58 PM)
[2017.05.02-20.48.58:893][634]LogPlayLevel: Creating play world package: /Game/TopDownBP/Maps/UEDPIE_0_TopDownExampleMap
[2017.05.02-20.48.59:124][634]LogPlayLevel: PIE: StaticDuplicateObject took: (0.229849s)
[2017.05.02-20.48.59:128][634]LogAIModule: Creating AISystem for world TopDownExampleMap
[2017.05.02-20.48.59:130][634]LogPlayLevel: PIE: World Init took: (0.006071s)
[2017.05.02-20.48.59:131][634]LogPlayLevel: PIE: Created PIE world by copying editor world from /Game/TopDownBP/Maps/TopDownExampleMap.TopDownExampleMap to /Game/TopDownBP/Maps/UEDPIE_0_TopDownExampleMap.TopDownExampleMap (0.237408s)
[2017.05.02-20.48.59:220][634]LogInit: XAudio2 using 'Speaker/HP (Realtek High Definition Audio)' : 2 channels at 48 kHz using 32 bits per sample (channel mask 0x3)
[2017.05.02-20.48.59:310][634]LogInit: FAudioDevice initialized.
[2017.05.02-20.48.59:469][634]LogLoad: Game class is 'TopDownGameMode_C'
[2017.05.02-20.48.59:512][634]LogWorld: Bringing World /Game/TopDownBP/Maps/UEDPIE_0_TopDownExampleMap.TopDownExampleMap up for play (max tick rate 0) at 2017.05.02-16.48.59
[2017.05.02-20.48.59:515][634]LogWorld: Bringing up level for play took: 0.018177
[2017.05.02-20.49.00:021][634]LogContentBrowser: Native class hierarchy updated for 'MovieSceneCapture' in 0.0046 seconds. Added 11 classes and 0 folders.
[2017.05.02-20.49.00:083][634]PIE: Info Play in editor start time for /Game/TopDownBP/Maps/UEDPIE_0_TopDownExampleMap 2.168
[2017.05.02-20.49.00:086][634]LogBlueprintUserMessages: Late PlayInEditor Detection: Level '/Game/TopDownBP/Maps/TopDownExampleMap.TopDownExampleMap:PersistentLevel' has LevelScriptBlueprint '/Game/TopDownBP/Maps/TopDownExampleMap.TopDownExampleMap:PersistentLevel.TopDownExampleMap' with GeneratedClass '/Game/TopDownBP/Maps/TopDownExampleMap.TopDownExampleMap_C' with ClassGeneratedBy '/Game/TopDownBP/Maps/TopDownExampleMap.TopDownExampleMap:PersistentLevel.TopDownExampleMap'
[2017.05.02-20.52.37:734][528]LogBlueprintUserMessages: Early EndPlayMap Detection: Level '/Game/TopDownBP/Maps/TopDownExampleMap.TopDownExampleMap:PersistentLevel' has LevelScriptBlueprint '/Game/TopDownBP/Maps/TopDownExampleMap.TopDownExampleMap:PersistentLevel.TopDownExampleMap' with GeneratedClass '/Game/TopDownBP/Maps/TopDownExampleMap.TopDownExampleMap_C' with ClassGeneratedBy '/Game/TopDownBP/Maps/TopDownExampleMap.TopDownExampleMap:PersistentLevel.TopDownExampleMap'
[2017.05.02-20.52.37:919][528]LogBlueprintUserMessages: Late EndPlayMap Detection: Level '/Game/TopDownBP/Maps/TopDownExampleMap.TopDownExampleMap:PersistentLevel' has LevelScriptBlueprint '/Game/TopDownBP/Maps/TopDownExampleMap.TopDownExampleMap:PersistentLevel.TopDownExampleMap' with GeneratedClass '/Game/TopDownBP/Maps/TopDownExampleMap.TopDownExampleMap_C' with ClassGeneratedBy '/Game/TopDownBP/Maps/TopDownExampleMap.TopDownExampleMap:PersistentLevel.TopDownExampleMap'
[2017.05.02-20.52.38:238][528]LogRenderer: Reallocating scene render targets to support 1032x588 NumSamples 1 (Frame:2647).
[2017.05.02-20.54.12:021][961]LogFileHelpers: Editor autosave (incl. sublevels) for '/Game/TopDownBP/Maps/TopDownExampleMap' took 0.090
[2017.05.02-20.54.12:033][961]OBJ SavePackage: Generating thumbnails for [1] asset(s) in package [/Game/Diver_Blueprint] ([1] browsable assets)...
[2017.05.02-20.54.12:184][961]OBJ SavePackage:     Rendered thumbnail for [Blueprint /Game/Diver_Blueprint.Diver_Blueprint]
[2017.05.02-20.54.12:184][961]OBJ SavePackage: Finished generating thumbnails for package [/Game/Diver_Blueprint]
[2017.05.02-20.54.12:184][961]Cmd: OBJ SAVEPACKAGE PACKAGE="/Game/Diver_Blueprint" FILE="../../../../../../Users/billy_000/team4/CISC374_Team4/Lionfish/Saved/Autosaves/Game/Diver_Blueprint_Auto1.uasset" SILENT=false AUTOSAVING=true
[2017.05.02-20.54.12:630][961]LogSavePackage: Save=321.92ms
[2017.05.02-20.54.12:631][961]LogSavePackage: Moving '../../../../../../Users/billy_000/team4/CISC374_Team4/Lionfish/Saved/Diver_Blueprint_Auto196A6229B484B4F3E8FE5F99FB4F2C5EF.tmp' to '../../../../../../Users/billy_000/team4/CISC374_Team4/Lionfish/Saved/Autosaves/Game/Diver_Blueprint_Auto1.uasset'
[2017.05.02-20.54.12:655][961]LogSavePackage:Display: Finished SavePackage ../../../../../../Users/billy_000/team4/CISC374_Team4/Lionfish/Saved/Autosaves/Game/Diver_Blueprint_Auto1.uasset
[2017.05.02-20.54.12:655][961]LogFileHelpers: Auto-saving content packages took 0.630
[2017.05.02-20.58.09:840][909]LogStats: FPlatformStackWalk::StackWalkAndDump -  2.020 s
[2017.05.02-20.58.09:840][909]LogOutputDevice:Error: === Handled ensure: ===
[2017.05.02-20.58.09:840][909]LogOutputDevice:Error: 
[2017.05.02-20.58.09:840][909]LogOutputDevice:Error: Ensure condition failed: ToPin->LinkedTo.Contains(this) [File:D:\Build\++UE4+Release-4.15+Compile\Sync\Engine\Source\Runtime\Engine\Private\EdGraph\EdGraphPin.cpp] [Line: 333]
[2017.05.02-20.58.09:841][909]LogOutputDevice:Error: UEdGraphPin::BreakLinkTo Pin 'then' on node 'Set MaxWalkSpeed' not reciprocally linked with pin 'execute' on node 'Delay'
[2017.05.02-20.58.09:841][909]LogOutputDevice:Error: Stack: 
[2017.05.02-20.58.09:841][909]LogOutputDevice:Error: UE4Editor-Core.dll!0x000000004E2B95E6
[2017.05.02-20.58.09:841][909]LogOutputDevice:Error: UE4Editor-Core.dll!0x000000004E069B82
[2017.05.02-20.58.09:841][909]LogOutputDevice:Error: UE4Editor-Core.dll!0x000000004E07B666
[2017.05.02-20.58.09:841][909]LogOutputDevice:Error: UE4Editor-Engine.dll!0x00000000466B8783
[2017.05.02-20.58.09:841][909]LogOutputDevice:Error: UE4Editor-Engine.dll!0x00000000466B85C6
[2017.05.02-20.58.09:841][909]LogOutputDevice:Error: UE4Editor-Engine.dll!0x00000000466B8157
[2017.05.02-20.58.09:841][909]LogOutputDevice:Error: UE4Editor-UnrealEd.dll!0x00000000444677CF
[2017.05.02-20.58.09:841][909]LogOutputDevice:Error: UE4Editor-UnrealEd.dll!0x0000000044636D8A
[2017.05.02-20.58.09:841][909]LogOutputDevice:Error: UE4Editor-UnrealEd.dll!0x00000000444501A3
[2017.05.02-20.58.09:841][909]LogOutputDevice:Error: UE4Editor-Kismet.dll!0x0000000042792E0C
[2017.05.02-20.58.09:841][909]LogOutputDevice:Error: UE4Editor-Kismet.dll!0x0000000042792BEF
[2017.05.02-20.58.09:841][909]LogOutputDevice:Error: UE4Editor-Kismet.dll!0x0000000042721941
[2017.05.02-20.58.09:841][909]LogOutputDevice:Error: UE4Editor-Kismet.dll!0x00000000427263E6
[2017.05.02-20.58.09:841][909]LogOutputDevice:Error: UE4Editor-Slate.dll!0x0000000045988894
[2017.05.02-20.58.09:841][909]LogOutputDevice:Error: UE4Editor-Slate.dll!0x00000000459CDBC2
[2017.05.02-20.58.09:841][909]LogOutputDevice:Error: UE4Editor-GraphEditor.dll!0x0000000040E25F7D
[2017.05.02-20.58.09:842][909]LogOutputDevice:Error: UE4Editor-Slate.dll!0x00000000459731D4
[2017.05.02-20.58.09:842][909]LogOutputDevice:Error: UE4Editor-Slate.dll!0x000000004594376E
[2017.05.02-20.58.09:842][909]LogOutputDevice:Error: UE4Editor-Slate.dll!0x0000000045945366
[2017.05.02-20.58.09:842][909]LogOutputDevice:Error: UE4Editor-Slate.dll!0x00000000459CF449
[2017.05.02-20.58.09:842][909]LogOutputDevice:Error: UE4Editor-Slate.dll!0x00000000459BE3C8
[2017.05.02-20.58.09:842][909]LogOutputDevice:Error: UE4Editor-Core.dll!0x000000004E2ACB3C
[2017.05.02-20.58.09:842][909]LogOutputDevice:Error: UE4Editor-Core.dll!0x000000004E2967C1
[2017.05.02-20.58.09:842][909]LogOutputDevice:Error: UE4Editor-Core.dll!0x000000004E2AEA1C
[2017.05.02-20.58.09:842][909]LogOutputDevice:Error: UE4Editor-Core.dll!0x000000004E2926E9
[2017.05.02-20.58.09:842][909]LogOutputDevice:Error: USER32.dll!0x00000000855DBC50
[2017.05.02-20.58.09:842][909]LogOutputDevice:Error: USER32.dll!0x00000000855DB5CF
[2017.05.02-20.58.09:842][909]LogOutputDevice:Error: UE4Editor-Core.dll!0x000000004E2AF326
[2017.05.02-20.58.09:842][909]LogOutputDevice:Error: UE4Editor.exe!0x00000000E1A4D790
[2017.05.02-20.58.09:842][909]LogOutputDevice:Error: UE4Editor.exe!0x00000000E1A3EB40
[2017.05.02-20.58.09:842][909]LogOutputDevice:Error: UE4Editor.exe!0x00000000E1A3EBBA
[2017.05.02-20.58.09:842][909]LogOutputDevice:Error: UE4Editor.exe!0x00000000E1A50A29
[2017.05.02-20.58.09:842][909]LogOutputDevice:Error: UE4Editor.exe!0x00000000E1A522B6
[2017.05.02-20.58.09:842][909]LogOutputDevice:Error: KERNEL32.DLL!0x0000000085532774
[2017.05.02-20.58.09:842][909]LogOutputDevice:Error: ntdll.dll!0x0000000086EB0D61
[2017.05.02-20.58.09:843][909]LogOutputDevice:Error: 
[2017.05.02-20.58.09:851][909]LogStats:                SubmitErrorReport -  0.000 s
[2017.05.02-20.58.20:037][909]LogStats:                    SendNewReport - 10.186 s
[2017.05.02-20.58.20:037][909]LogStats:             FDebug::EnsureFailed - 12.218 s
[2017.05.02-20.58.20:044][909]LogStats: FPlatformStackWalk::StackWalkAndDump -  0.005 s
[2017.05.02-20.58.20:044][909]LogOutputDevice:Error: === Handled ensure: ===
[2017.05.02-20.58.20:044][909]LogOutputDevice:Error: 
[2017.05.02-20.58.20:044][909]LogOutputDevice:Error: Ensure condition failed: ToPin->LinkedTo.Contains(this) [File:D:\Build\++UE4+Release-4.15+Compile\Sync\Engine\Source\Runtime\Engine\Private\EdGraph\EdGraphPin.cpp] [Line: 333]
[2017.05.02-20.58.20:044][909]LogOutputDevice:Error: UEdGraphPin::BreakLinkTo Pin 'execute' on node 'Set MaxWalkSpeed' not reciprocally linked with pin 'then' on node 'Delay'
[2017.05.02-20.58.20:044][909]LogOutputDevice:Error: Stack: 
[2017.05.02-20.58.20:044][909]LogOutputDevice:Error: UE4Editor-Core.dll!0x000000004E2B95E6
[2017.05.02-20.58.20:044][909]LogOutputDevice:Error: UE4Editor-Core.dll!0x000000004E069B82
[2017.05.02-20.58.20:044][909]LogOutputDevice:Error: UE4Editor-Core.dll!0x000000004E07B666
[2017.05.02-20.58.20:044][909]LogOutputDevice:Error: UE4Editor-Engine.dll!0x00000000466B8783
[2017.05.02-20.58.20:044][909]LogOutputDevice:Error: UE4Editor-Engine.dll!0x00000000466B85C6
[2017.05.02-20.58.20:045][909]LogOutputDevice:Error: UE4Editor-Engine.dll!0x00000000466B8157
[2017.05.02-20.58.20:045][909]LogOutputDevice:Error: UE4Editor-UnrealEd.dll!0x00000000444677CF
[2017.05.02-20.58.20:045][909]LogOutputDevice:Error: UE4Editor-UnrealEd.dll!0x0000000044636D8A
[2017.05.02-20.58.20:045][909]LogOutputDevice:Error: UE4Editor-UnrealEd.dll!0x00000000444501A3
[2017.05.02-20.58.20:045][909]LogOutputDevice:Error: UE4Editor-Kismet.dll!0x0000000042792E0C
[2017.05.02-20.58.20:045][909]LogOutputDevice:Error: UE4Editor-Kismet.dll!0x0000000042792BEF
[2017.05.02-20.58.20:045][909]LogOutputDevice:Error: UE4Editor-Kismet.dll!0x0000000042721941
[2017.05.02-20.58.20:045][909]LogOutputDevice:Error: UE4Editor-Kismet.dll!0x00000000427263E6
[2017.05.02-20.58.20:045][909]LogOutputDevice:Error: UE4Editor-Slate.dll!0x0000000045988894
[2017.05.02-20.58.20:045][909]LogOutputDevice:Error: UE4Editor-Slate.dll!0x00000000459CDBC2
[2017.05.02-20.58.20:045][909]LogOutputDevice:Error: UE4Editor-GraphEditor.dll!0x0000000040E25F7D
[2017.05.02-20.58.20:045][909]LogOutputDevice:Error: UE4Editor-Slate.dll!0x00000000459731D4
[2017.05.02-20.58.20:045][909]LogOutputDevice:Error: UE4Editor-Slate.dll!0x000000004594376E
[2017.05.02-20.58.20:045][909]LogOutputDevice:Error: UE4Editor-Slate.dll!0x0000000045945366
[2017.05.02-20.58.20:045][909]LogOutputDevice:Error: UE4Editor-Slate.dll!0x00000000459CF449
[2017.05.02-20.58.20:045][909]LogOutputDevice:Error: UE4Editor-Slate.dll!0x00000000459BE3C8
[2017.05.02-20.58.20:045][909]LogOutputDevice:Error: UE4Editor-Core.dll!0x000000004E2ACB3C
[2017.05.02-20.58.20:045][909]LogOutputDevice:Error: UE4Editor-Core.dll!0x000000004E2967C1
[2017.05.02-20.58.20:045][909]LogOutputDevice:Error: UE4Editor-Core.dll!0x000000004E2AEA1C
[2017.05.02-20.58.20:045][909]LogOutputDevice:Error: UE4Editor-Core.dll!0x000000004E2926E9
[2017.05.02-20.58.20:046][909]LogOutputDevice:Error: USER32.dll!0x00000000855DBC50
[2017.05.02-20.58.20:046][909]LogOutputDevice:Error: USER32.dll!0x00000000855DB5CF
[2017.05.02-20.58.20:046][909]LogOutputDevice:Error: UE4Editor-Core.dll!0x000000004E2AF326
[2017.05.02-20.58.20:046][909]LogOutputDevice:Error: UE4Editor.exe!0x00000000E1A4D790
[2017.05.02-20.58.20:046][909]LogOutputDevice:Error: UE4Editor.exe!0x00000000E1A3EB40
[2017.05.02-20.58.20:046][909]LogOutputDevice:Error: UE4Editor.exe!0x00000000E1A3EBBA
[2017.05.02-20.58.20:046][909]LogOutputDevice:Error: UE4Editor.exe!0x00000000E1A50A29
[2017.05.02-20.58.20:046][909]LogOutputDevice:Error: UE4Editor.exe!0x00000000E1A522B6
[2017.05.02-20.58.20:046][909]LogOutputDevice:Error: KERNEL32.DLL!0x0000000085532774
[2017.05.02-20.58.20:046][909]LogOutputDevice:Error: ntdll.dll!0x0000000086EB0D61
[2017.05.02-20.58.20:046][909]LogOutputDevice:Error: 
[2017.05.02-20.58.20:052][909]LogStats:                SubmitErrorReport -  0.000 s
