Log file open, 05/14/17 18:17:32
LogInit:Display: Running engine for game: Lionfish
LogPlatformFile: Not using cached read wrapper
LogInit:Display: RandInit(-1589002509) SRandInit(-1589002509).
LogTaskGraph: Started task graph with 5 named threads and 8 total threads with 1 sets of task threads.
LogStats: Stats thread started at 0.359839
LogInit: Using libcurl 7.47.1
LogInit:  - built for x86_64-pc-win32
LogInit:  - supports SSL with OpenSSL/1.0.2g
LogInit:  - supports HTTP deflate (compression) using libz 1.2.8
LogInit:  - other features:
LogInit:      CURL_VERSION_SSL
LogInit:      CURL_VERSION_LIBZ
LogInit:      CURL_VERSION_IPV6
LogInit:      CURL_VERSION_ASYNCHDNS
LogInit:      CURL_VERSION_LARGEFILE
LogInit:      CURL_VERSION_IDN
LogInit:  CurlRequestOptions (configurable via config and command line):
LogInit:  - bVerifyPeer = false  - Libcurl will NOT verify peer certificate
LogInit:  - bUseHttpProxy = false  - Libcurl will NOT use HTTP proxy
LogInit:  - bDontReuseConnections = false  - Libcurl will reuse connections
LogInit:  - CertBundlePath = nullptr  - Libcurl will use whatever was configured at build time.
LogInit: Build: ++UE4+Release-4.15-CL-3348071
LogInit: Engine Version: 4.15.1-3348071+++UE4+Release-4.15
LogInit: Compatible Engine Version: 4.15.0-3299760+++UE4+Release-4.15
LogInit: Net CL: 3299760
LogDevObjectVersion: Number of dev versions registered: 14
LogDevObjectVersion:   Dev-Blueprints (B0D832E4-1F89-4F0D-ACCF-7EB736FD4AA2): 8
LogDevObjectVersion:   Dev-Build (E1C64328-A22C-4D53-A36C-8E866417BD8C): 0
LogDevObjectVersion:   Dev-Core (375EC13C-06E4-48FB-B500-84F0262A717E): 2
LogDevObjectVersion:   Dev-Editor (E4B068ED-F494-42E9-A231-DA0B2E46BB41): 14
LogDevObjectVersion:   Dev-Framework (CFFC743F-43B0-4480-9391-14DF171D2073): 22
LogDevObjectVersion:   Dev-Mobile (B02B49B5-BB20-44E9-A304-32B752E40360): 0
LogDevObjectVersion:   Dev-Networking (A4E4105C-59A1-49B5-A7C5-40C4547EDFEE): 0
LogDevObjectVersion:   Dev-Online (39C831C9-5AE6-47DC-9A44-9C173E1C8E7C): 0
LogDevObjectVersion:   Dev-Physics (78F01B33-EBEA-4F98-B9B4-84EACCB95AA2): 0
LogDevObjectVersion:   Dev-Platform (6631380F-2D4D-43E0-8009-CF276956A95A): 0
LogDevObjectVersion:   Dev-Rendering (12F88B9F-8875-4AFC-A67C-D90C383ABD29): 12
LogDevObjectVersion:   Dev-Sequencer (7B5AE74C-D270-4C10-A958-57980B212A5A): 3
LogDevObjectVersion:   Dev-VR (D7296918-1DD6-4BDD-9DE2-64A83CC13884): 0
LogDevObjectVersion:   Dev-LoadTimes (C2A15278-BFE7-4AFE-6C17-90FF531DF755): 1
LogInit: Compiled (64-bit): Mar 15 2017 16:52:47
LogInit: Compiled with Visual C++: 19.00.23026.00
LogInit: Build Configuration: Development
LogInit: Branch Name: ++UE4+Release-4.15
LogInit: Command line:  
LogInit: Base directory: C:/Program Files/Epic Games/UE_4.15/Engine/Binaries/Win64/
LogInit: Installed Engine Build: 1
LogInit: Presizing for max 8388607 objects, including 0 objects not considered by GC, pre-allocating 0 bytes for permanent pool.
LogInit: Object subsystem initialized
[2017.05.14-22.17.38:479][  0]LogInit: Selected Device Profile: [Windows]
[2017.05.14-22.17.38:479][  0]LogInit: Applying CVar settings loaded from the selected device profile: [Windows]
[2017.05.14-22.17.38:616][  0]LogInit: Computer: BILLSORGLAPTOP
[2017.05.14-22.17.38:616][  0]LogInit: User: billy000
[2017.05.14-22.17.38:616][  0]LogInit: CPU Page size=65536, Cores=4
[2017.05.14-22.17.38:616][  0]LogInit: High frequency timer resolution =1.462100 MHz
[2017.05.14-22.17.38:617][  0]LogMemory: Memory total: Physical=7.5GB (8GB approx)
[2017.05.14-22.17.38:617][  0]LogMemory: Platform Memory Stats for Windows
[2017.05.14-22.17.38:617][  0]LogMemory: Process Physical Memory: 263.71 MB used, 263.71 MB peak
[2017.05.14-22.17.38:617][  0]LogMemory: Process Virtual Memory: 262.07 MB used, 262.07 MB peak
[2017.05.14-22.17.38:618][  0]LogMemory: Physical Memory: 4813.15 MB used,  2829.11 MB free, 7642.26 MB total
[2017.05.14-22.17.38:618][  0]LogMemory: Virtual Memory: 629.66 MB used,  2829.11 MB free, 134217728.00 MB total
[2017.05.14-22.17.40:226][  0]LogTextLocalizationManager: No specific translations for ('en-US') exist, so ('en') translations will be used.
[2017.05.14-22.17.51:189][  0]LogD3D11RHI: D3D11 adapters:
[2017.05.14-22.17.51:286][  0]LogD3D11RHI:    0. 'AMD Radeon HD 8330' (Feature Level 11_0)
[2017.05.14-22.17.51:286][  0]LogD3D11RHI:       495/0/3821 MB DedicatedVideo/DedicatedSystem/SharedSystem, Outputs:1, VendorId:0x1002
[2017.05.14-22.17.51:296][  0]LogD3D11RHI:    1. 'Microsoft Basic Render Driver' (Feature Level 11_0)
[2017.05.14-22.17.51:296][  0]LogD3D11RHI:       0/0/3821 MB DedicatedVideo/DedicatedSystem/SharedSystem, Outputs:0, VendorId:0x1414
[2017.05.14-22.17.51:296][  0]LogD3D11RHI: Chosen D3D11 Adapter: 0
[2017.05.14-22.17.51:332][  0]LogD3D11RHI: Creating new Direct3DDevice
[2017.05.14-22.17.51:333][  0]LogD3D11RHI:     GPU DeviceId: 0x9832 (for the marketing name, search the web for "GPU Device Id")
[2017.05.14-22.17.51:333][  0]LogWindows: EnumDisplayDevices:
[2017.05.14-22.17.51:334][  0]LogWindows:    0. 'AMD Radeon HD 8330' (P:1 D:1)
[2017.05.14-22.17.51:336][  0]LogWindows:    1. 'AMD Radeon HD 8330' (P:0 D:0)
[2017.05.14-22.17.51:338][  0]LogWindows: DebugString: FoundDriverCount:2 
[2017.05.14-22.17.51:338][  0]LogD3D11RHI:     Adapter Name: AMD Radeon HD 8330
[2017.05.14-22.17.51:338][  0]LogD3D11RHI:   Driver Version: Crimson 16.6 (internal:21.19.137.514, unified:21.19.137.514)
[2017.05.14-22.17.51:339][  0]LogD3D11RHI:      Driver Date: 11-21-2016
[2017.05.14-22.17.51:339][  0]LogRHI: Texture pool is 346 MB (70% of 495 MB)
[2017.05.14-22.17.51:645][  0]LogD3D11RHI: Async texture creation enabled
[2017.05.14-22.17.51:797][  0]LogD3D11RHI: GPU Timing Frequency: 100.000000 (Debug: 2 1)
[2017.05.14-22.17.51:814][  0]LogShaderCompilers: Guid format shader working directory is -12 characters bigger than the processId version (../../../../../../Users/billy_000/team4/CISC374_Team4/Lionfish/Intermediate/Shaders/WorkingDirectory/7156/).
[2017.05.14-22.17.51:815][  0]LogShaderCompilers: Cleaned the shader compiler working directory 'C:/Users/billy_000/AppData/Local/Temp/UnrealShaderWorkingDir/1B2BB0DD40ADDF552E1EAF8F98253F11/'.
[2017.05.14-22.17.51:815][  0]LogShaderCompilers:Display: Using Local Shader Compiler.
[2017.05.14-22.18.07:821][  0]LogTemp:Display: Loaded TP AllDesktopTargetPlatform
[2017.05.14-22.18.08:390][  0]LogTemp:Display: Loaded TP MacClientTargetPlatform
[2017.05.14-22.18.09:005][  0]LogTemp:Display: Loaded TP MacNoEditorTargetPlatform
[2017.05.14-22.18.09:664][  0]LogTemp:Display: Loaded TP MacServerTargetPlatform
[2017.05.14-22.18.10:312][  0]LogTemp:Display: Loaded TP MacTargetPlatform
[2017.05.14-22.18.10:990][  0]LogTemp:Display: Loaded TP WindowsClientTargetPlatform
[2017.05.14-22.18.11:670][  0]LogTemp:Display: Loaded TP WindowsNoEditorTargetPlatform
[2017.05.14-22.18.12:357][  0]LogTemp:Display: Loaded TP WindowsServerTargetPlatform
[2017.05.14-22.18.12:949][  0]LogTemp:Display: Loaded TP WindowsTargetPlatform
[2017.05.14-22.18.13:608][  0]LogTemp:Display: Loaded TP AndroidTargetPlatform
[2017.05.14-22.18.14:289][  0]LogTemp:Display: Loaded TP Android_ASTCTargetPlatform
[2017.05.14-22.18.14:959][  0]LogTemp:Display: Loaded TP Android_ATCTargetPlatform
[2017.05.14-22.18.15:631][  0]LogTemp:Display: Loaded TP Android_DXTTargetPlatform
[2017.05.14-22.18.16:301][  0]LogTemp:Display: Loaded TP Android_ETC1TargetPlatform
[2017.05.14-22.18.16:978][  0]LogTemp:Display: Loaded TP Android_ETC2TargetPlatform
[2017.05.14-22.18.18:306][  0]LogTemp:Display: Loaded TP Android_MultiTargetPlatform
[2017.05.14-22.18.18:307][  0]LogTemp:Display: Loaded TP Android_PVRTCTargetPlatform
[2017.05.14-22.18.18:823][  0]LogTemp:Display: Loaded TP HTML5TargetPlatform
[2017.05.14-22.18.19:807][  0]LogTemp:Display: Loaded TP IOSTargetPlatform
[2017.05.14-22.18.20:192][  0]LogTemp:Display: Loaded TP TVOSTargetPlatform
[2017.05.14-22.18.20:877][  0]LogTemp:Display: Loaded TP LinuxClientTargetPlatform
[2017.05.14-22.18.21:544][  0]LogTemp:Display: Loaded TP LinuxNoEditorTargetPlatform
[2017.05.14-22.18.22:210][  0]LogTemp:Display: Loaded TP LinuxServerTargetPlatform
[2017.05.14-22.18.22:909][  0]LogTemp:Display: Loaded TP LinuxTargetPlatform
[2017.05.14-22.18.22:909][  0]LogTargetPlatformManager:Display: Building Assets For Windows
[2017.05.14-22.18.28:785][  0]LogDerivedDataCache:Display: Max Cache Size: 512 MB
[2017.05.14-22.18.29:575][  0]LogDerivedDataCache: Loaded boot cache 0.77s 50MB C:/Users/billy_000/AppData/Local/UnrealEngine/4.15/DerivedDataCache/Boot.ddc.
[2017.05.14-22.18.29:576][  0]LogDerivedDataCache:Display: Loaded Boot cache: C:/Users/billy_000/AppData/Local/UnrealEngine/4.15/DerivedDataCache/Boot.ddc
[2017.05.14-22.18.29:576][  0]LogDerivedDataCache: FDerivedDataBackendGraph:  Pak pak cache file ../../../../../../Users/billy_000/team4/CISC374_Team4/Lionfish/DerivedDataCache/DDC.ddp not found, will not use a pak cache.
[2017.05.14-22.18.29:576][  0]LogDerivedDataCache: Unable to find inner node Pak for hierarchical cache Hierarchy.
[2017.05.14-22.18.29:576][  0]LogDerivedDataCache: FDerivedDataBackendGraph:  CompressedPak pak cache file ../../../../../../Users/billy_000/team4/CISC374_Team4/Lionfish/DerivedDataCache/Compressed.ddp not found, will not use a pak cache.
[2017.05.14-22.18.29:576][  0]LogDerivedDataCache: Unable to find inner node CompressedPak for hierarchical cache Hierarchy.
[2017.05.14-22.18.29:770][  0]LogDerivedDataCache:Display: Pak cache opened for reading ../../../Engine/DerivedDataCache/Compressed.ddp.
[2017.05.14-22.18.29:789][  0]LogDerivedDataCache: Using Local data cache path C:/Users/billy_000/AppData/Local/UnrealEngine/Common/DerivedDataCache: Writable
[2017.05.14-22.18.29:942][  0]LogSlate: Using Freetype 2.6.0
[2017.05.14-22.18.30:030][  0]LogSlate: SlateFontCache - WITH_FREETYPE: 1, WITH_HARFBUZZ: 1
[2017.05.14-22.18.30:031][  0]LogSlate: SlateFontCache - WITH_FREETYPE: 1, WITH_HARFBUZZ: 1
[2017.05.14-22.18.40:950][  0]LogInit: Selected Device Profile: [Windows]
[2017.05.14-22.18.40:973][  0]LogContentStreaming: Texture pool size is 0.00 MB
[2017.05.14-22.18.43:462][  0]LogMeshUtilities: Using QuadricMeshReduction for automatic static mesh reduction
[2017.05.14-22.18.44:104][  0]LogSimplygon: Simplygon DLL not present - disabling.
[2017.05.14-22.18.44:768][  0]LogMeshUtilities: Using SimplygonSwarm for distributed automatic mesh merging
[2017.05.14-22.18.44:768][  0]LogMeshUtilities: No automatic skeletal mesh reduction module available
[2017.05.14-22.18.44:768][  0]LogMeshUtilities: No automatic mesh merging module available
[2017.05.14-22.18.52:701][  0]LogNetVersion: GetLocalNetworkVersion: CL: 3299760, ProjectName: lionfish, ProjectVersion: , EngineNetworkVersion: 2, GameNetworkVersion: 0, NetworkChecksum: 3667421609
[2017.05.14-22.18.53:133][  0]LogAssetRegistry: FAssetRegistry took 0.0255 seconds to start up
[2017.05.14-22.18.54:275][  0]LogPackageLocalizationCache: Processed 3 localized package path(s) for 2 prioritized culture(s) in 0.851387 seconds
[2017.05.14-22.18.54:317][  0]LogUObjectArray: 32493 objects as part of root set at end of initial load.
[2017.05.14-22.18.54:317][  0]LogUObjectAllocator: 7077024 out of 0 bytes used by permanent object pool.
[2017.05.14-22.18.54:317][  0]LogUObjectArray: CloseDisregardForGC: 0/0 objects in disregard for GC pool
[2017.05.14-22.18.55:104][  0]LogInit: WinSock: version 1.1 (2.2), MaxSocks=32767, MaxUdp=65467
[2017.05.14-22.19.34:601][  0]LogTcpMessaging: Initializing TcpMessaging bridge
[2017.05.14-22.19.34:990][  0]LogUdpMessaging: Initializing bridge on interface 0.0.0.0:0 to multicast group 230.0.0.1:6666.
[2017.05.14-22.19.40:896][  0]LogMaterial: Uniform references updated for custom material expression Custom.
[2017.05.14-22.19.45:965][  0]SourceControl: Info Source control is disabled
[2017.05.14-22.20.09:234][  0]LogEngine: Initializing Engine...
[2017.05.14-22.20.09:241][  0]LogHMD: Failed to initialize OpenVR with code 110
[2017.05.14-22.20.12:280][  0]LogAIModule: Creating AISystem for world Untitled
[2017.05.14-22.20.12:347][  0]LogInit: XAudio2 using 'Speaker/HP (Realtek High Definition Audio)' : 2 channels at 48 kHz using 32 bits per sample (channel mask 0x3)
[2017.05.14-22.20.12:833][  0]LogInit: FAudioDevice initialized.
[2017.05.14-22.20.13:006][  0]LogDerivedDataCache: Saved boot cache 0.17s 50MB C:/Users/billy_000/AppData/Local/UnrealEngine/4.15/DerivedDataCache/Boot.ddc.
[2017.05.14-22.20.13:042][  0]LogInit: Texture streaming: Enabled
[2017.05.14-22.20.14:255][  0]LogEngineSessionManager: EngineSessionManager initialized
[2017.05.14-22.20.15:437][  0]LogInit: Transaction tracking system initialized
[2017.05.14-22.20.20:144][  0]BlueprintLog: New page: Editor Load
[2017.05.14-22.20.32:388][  0]LocalizationService: Info Localization service is disabled
[2017.05.14-22.20.42:920][  0]LogConsoleResponse:Display: 
[2017.05.14-22.20.46:061][  0]LogCook:Display: Max memory allowance for cook 16384mb min free memory 0mb
[2017.05.14-22.20.46:061][  0]LogCook:Display: Mobile HDR setting 1
[2017.05.14-22.20.48:170][  0]LogFileCache: Scanning file cache for directory 'C:/Users/billy_000/team4/CISC374_Team4/Lionfish/Content/' took 0.16s
[2017.05.14-22.21.02:846][  0]Cmd: MAP LOAD FILE="../../../../../../Users/billy_000/team4/CISC374_Team4/Lionfish/Content/TopDownBP/Maps/TopDownExampleMap.umap" TEMPLATE=0 SHOWPROGRESS=1 FEATURELEVEL=3
[2017.05.14-22.21.02:850][  0]LightingResults: New page: Lighting Build
[2017.05.14-22.21.03:271][  0]MapCheck: New page: Map Check
[2017.05.14-22.21.03:271][  0]LightingResults: New page: Lighting Build
[2017.05.14-22.21.12:277][  0]LogLinker:Warning: Asset '../../../../../../Users/billy_000/team4/CISC374_Team4/Lionfish/Content/Meshes/Water_04/Water/Textures/water.uasset' has been saved with empty engine version. The asset will be loaded but may be incompatible.
[2017.05.14-22.21.20:024][  0]LogAIModule: Creating AISystem for world TopDownExampleMap
[2017.05.14-22.21.20:602][  0]LogEditorServer: Finished looking for orphan Actors (0.001 secs)
[2017.05.14-22.21.20:623][  0]Cmd: MAP CHECKDEP NOCLEARLOG
[2017.05.14-22.21.21:604][  0]MapCheck: Info Map check complete: 0 Error(s), 0 Warning(s), took 980.785ms to complete.
[2017.05.14-22.21.21:606][  0]LogFileHelpers: Loading map 'TopDownExampleMap' took 18.760
[2017.05.14-22.21.23:001][  0]LogCollectionManager: Loaded 0 collections in 0.012674 seconds
[2017.05.14-22.21.23:551][  0]LogFileCache: Scanning file cache for directory 'C:/Users/billy_000/team4/CISC374_Team4/Lionfish/Saved/Collections/' took 0.01s
[2017.05.14-22.21.23:552][  0]LogFileCache: Scanning file cache for directory 'C:/Users/billy_000/team4/CISC374_Team4/Lionfish/Content/Developers/billy000/Collections/' took 0.01s
[2017.05.14-22.21.23:552][  0]LogFileCache: Scanning file cache for directory 'C:/Users/billy_000/team4/CISC374_Team4/Lionfish/Content/Collections/' took 0.01s
[2017.05.14-22.21.23:552][  0]LogCollectionManager: Rebuilt the GUID cache for 0 collections in 0.000016 seconds
[2017.05.14-22.21.23:622][  0]LogContentBrowser: Native class hierarchy populated in 0.0686 seconds. Added 2245 classes and 453 folders.
[2017.05.14-22.21.23:695][  0]LogStats: UGameplayTagsManager::ConstructGameplayTagTree: Construct from data asset -  0.000 s
[2017.05.14-22.21.23:696][  0]LogStats: UGameplayTagsManager::ConstructGameplayTagTree: GameplayTagTreeChangedEvent.Broadcast -  0.000 s
[2017.05.14-22.21.24:500][  0]LogContentBrowser: Native class hierarchy updated for 'WidgetCarousel' in 0.0047 seconds. Added 0 classes and 0 folders.
[2017.05.14-22.21.26:619][  0]LogContentBrowser: Native class hierarchy updated for 'AddContentDialog' in 0.0039 seconds. Added 0 classes and 0 folders.
[2017.05.14-22.21.27:216][  0]LogContentBrowser: Native class hierarchy updated for 'SceneOutliner' in 0.0038 seconds. Added 1 classes and 2 folders.
[2017.05.14-22.21.27:816][  0]LogCrashTracker: Crashtracker disabled due to settings.
[2017.05.14-22.21.27:912][  0]LogUObjectGlobals:Warning: Failed to find object 'Class None.'
[2017.05.14-22.21.28:573][  0]LogContentBrowser: Native class hierarchy updated for 'HierarchicalLODOutliner' in 0.0043 seconds. Added 1 classes and 2 folders.
[2017.05.14-22.21.28:575][  0]LogLoad: (Engine Initialization) Total time: 246.48 seconds
[2017.05.14-22.21.28:575][  0]LogLoad: (Engine Initialization) Total Blueprint compile time: 4.53 seconds
[2017.05.14-22.21.28:575][  0]LogExternalProfiler: No external profilers were discovered.  External profiling features will not be available.
[2017.05.14-22.21.28:638][  0]LogOcInput: OculusInput pre-init called
[2017.05.14-22.21.28:751][  0]SourceControl: Info On branch master
[2017.05.14-22.21.28:751][  0]SourceControl: Info Your branch is up-to-date with 'origin/master'.
[2017.05.14-22.21.28:751][  0]SourceControl: Info Changes to be committed:
[2017.05.14-22.21.28:751][  0]SourceControl: Info   (use "git reset HEAD <file>..." to unstage)
[2017.05.14-22.21.28:752][  0]SourceControl: Info 	new file:   Lionfish/Content/ProfGrouper.uasset
[2017.05.14-22.21.28:752][  0]SourceControl: Info 	new file:   Lionfish/Content/User_Interface/Game_Menu/FactDisplay.uasset
[2017.05.14-22.21.28:752][  0]SourceControl: Info Changes not staged for commit:
[2017.05.14-22.21.28:752][  0]SourceControl: Info   (use "git add/rm <file>..." to update what will be committed)
[2017.05.14-22.21.28:752][  0]SourceControl: Info   (use "git checkout -- <file>..." to discard changes in working directory)
[2017.05.14-22.21.28:752][  0]SourceControl: Info 	modified:   Lionfish/Content/User_Interface/Game_Menu/FactDisplay.uasset
[2017.05.14-22.21.28:752][  0]SourceControl: Info 	modified:   Lionfish/Intermediate/CachedAssetRegistry.bin
[2017.05.14-22.21.28:752][  0]SourceControl: Info 	modified:   Lionfish/Saved/AutoScreenshot.png
[2017.05.14-22.21.28:752][  0]SourceControl: Info 	modified:   Lionfish/Saved/Autosaves/PackageRestoreData.json
[2017.05.14-22.21.28:753][  0]SourceControl: Info 	modified:   Lionfish/Saved/Config/Windows/Editor.ini
[2017.05.14-22.21.28:753][  0]SourceControl: Info 	modified:   Lionfish/Saved/Config/Windows/EditorPerProjectUserSettings.ini
[2017.05.14-22.21.28:753][  0]SourceControl: Info 	deleted:    Lionfish/Saved/Logs/Lionfish-backup-2017.05.04-19.12.50.log
[2017.05.14-22.21.28:753][  0]SourceControl: Info 	deleted:    Lionfish/Saved/Logs/Lionfish-backup-2017.05.06-15.18.37.log
[2017.05.14-22.21.28:753][  0]SourceControl: Info 	deleted:    Lionfish/Saved/Logs/Lionfish-backup-2017.05.08-10.11.06.log
[2017.05.14-22.21.28:753][  0]SourceControl: Info 	deleted:    Lionfish/Saved/Logs/Lionfish-backup-2017.05.08-20.26.43.log
[2017.05.14-22.21.28:753][  0]SourceControl: Info 	modified:   Lionfish/Saved/Logs/Lionfish.log
[2017.05.14-22.21.28:753][  0]SourceControl: Info 	deleted:    Lionfish/Saved/Logs/Lionfish_2-backup-2017.05.08-10.14.54.log
[2017.05.14-22.21.28:753][  0]SourceControl: Info 	deleted:    Lionfish/Saved/Logs/UE4CC-Windows-56397A654AC59769282C41827D5BB03D/CrashReportClient.ini
[2017.05.14-22.21.28:754][  0]SourceControl: Info 	deleted:    Lionfish/Saved/Logs/UE4CC-Windows-6B911D1B44E7A581751119B3FED4E35E/CrashReportClient.ini
[2017.05.14-22.21.28:754][  0]SourceControl: Info 	deleted:    Lionfish/Saved/Logs/UE4CC-Windows-6DF0BE1749D8E3AFF75144ABE0D3BB82/CrashReportClient.ini
[2017.05.14-22.21.28:754][  0]SourceControl: Info 	deleted:    Lionfish/Saved/Logs/UE4CC-Windows-785DD7214A65911BF3EC068A03CC239A/CrashReportClient.ini
[2017.05.14-22.21.28:754][  0]SourceControl: Info 	deleted:    Lionfish/Saved/Logs/UE4CC-Windows-7BB4EA8748C8FB29F5A99A8E1D2160C6/CrashReportClient.ini
[2017.05.14-22.21.28:754][  0]SourceControl: Info 	deleted:    Lionfish/Saved/Logs/UE4CC-Windows-80EBAD4646A032B1410AB68072747FC8/CrashReportClient.ini
[2017.05.14-22.21.28:754][  0]SourceControl: Info 	deleted:    Lionfish/Saved/Logs/UE4CC-Windows-D3AE9A294AB0F44F55D98DA002BC0C3D/CrashReportClient.ini
[2017.05.14-22.21.28:754][  0]SourceControl: Info 	deleted:    Lionfish/Saved/Logs/UE4CC-Windows-D3AE9A294AB0F44F55D98DA002BC0C3D_0000/CrashContext.runtime-xml
[2017.05.14-22.21.28:754][  0]SourceControl: Info 	deleted:    Lionfish/Saved/Logs/UE4CC-Windows-D3AE9A294AB0F44F55D98DA002BC0C3D_0000/CrashReportClient.ini
[2017.05.14-22.21.28:754][  0]SourceControl: Info 	deleted:    Lionfish/Saved/Logs/UE4CC-Windows-D3AE9A294AB0F44F55D98DA002BC0C3D_0000/Lionfish.log
[2017.05.14-22.21.28:755][  0]SourceControl: Info 	deleted:    Lionfish/Saved/Logs/UE4CC-Windows-D3AE9A294AB0F44F55D98DA002BC0C3D_0000/UE4Minidump.dmp
[2017.05.14-22.21.28:755][  0]SourceControl: Info Untracked files:
[2017.05.14-22.21.28:755][  0]SourceControl: Info   (use "git add <file>..." to include in what will be committed)
[2017.05.14-22.21.28:755][  0]SourceControl: Info 	Lionfish/Saved/Autosaves/Game/ProfGrouper_Auto5.uasset
[2017.05.14-22.21.28:755][  0]SourceControl: Info 	Lionfish/Saved/Autosaves/Game/User_Interface/Game_Menu/FactDisplay_Auto6.uasset
[2017.05.14-22.21.28:755][  0]SourceControl: Info 	Lionfish/Saved/Backup/FactDisplay_2017-05-12-10-43-06.uasset
[2017.05.14-22.21.28:755][  0]SourceControl: Info 	Lionfish/Saved/Backup/FactDisplay_2017-05-12-10-48-59.uasset
[2017.05.14-22.21.28:755][  0]SourceControl: Info 	Lionfish/Saved/Logs/Lionfish-backup-2017.05.14-18.17.32.log
[2017.05.14-22.21.28:755][  0]SourceControl: Info 	Lionfish/Saved/Logs/UE4CC-Windows-E382CF1B41CDCB7B9F6206886CBB9BB0/
[2017.05.14-22.21.28:780][  0]LogContentStreaming: Texture pool size now 400 MB
[2017.05.14-22.21.28:859][  0]LogSlate: Took 0.018919 seconds to synchronously load lazily loaded font '../../../Engine/Content/Slate/Fonts/Roboto-Regular.ttf' (155K)
[2017.05.14-22.21.28:908][  0]LogSlate: Took 0.020977 seconds to synchronously load lazily loaded font '../../../Engine/Content/Slate/Fonts/Roboto-Bold.ttf' (160K)
[2017.05.14-22.21.29:003][  0]LogSlate: Took 0.054958 seconds to synchronously load lazily loaded font '../../../Engine/Content/Editor/Slate/Fonts/FontAwesome.ttf' (139K)
[2017.05.14-22.21.30:254][  0]LogRenderer: Reallocating scene render targets to support 992x340 NumSamples 1 (Frame:2).
[2017.05.14-22.21.30:782][  0]LogSlate: Took 0.057114 seconds to synchronously load lazily loaded font '../../../Engine/Content/Slate/Fonts/Roboto-Light.ttf' (159K)
[2017.05.14-22.21.33:005][ 11]LogAssetRegistry: Asset discovery search completed in 159.8972 seconds
[2017.05.14-22.21.33:019][ 11]LogCollectionManager: Rebuilt the object cache for 0 collections in 0.000025 seconds (found 0 objects)
[2017.05.14-22.21.33:019][ 11]LogCollectionManager: Fixed up redirectors for 0 collections in 0.014196 seconds (updated 0 objects)
[2017.05.14-22.21.36:361][117]LogFileCache: Retrieving MD5 hashes for directory 'C:/Users/billy_000/team4/CISC374_Team4/Lionfish/Content/' took 7.70s
[2017.05.14-22.22.32:174][574]LogSlate: Took 0.001033 seconds to synchronously load lazily loaded font '../../../Engine/Content/Slate/Fonts/Roboto-Light.ttf' (159K)
[2017.05.14-22.22.32:973][574]LogSlate: Took 0.002063 seconds to synchronously load lazily loaded font '../../../Engine/Content/Slate/Fonts/Roboto-Regular.ttf' (155K)
[2017.05.14-22.22.37:380][574]LogContentBrowser: Native class hierarchy updated for 'BlueprintGraph' in 0.0071 seconds. Added 112 classes and 0 folders.
[2017.05.14-22.22.44:565][574]LogSlate: Took 0.001936 seconds to synchronously load lazily loaded font '../../../Engine/Content/Slate/Fonts/Roboto-Light.ttf' (159K)
[2017.05.14-22.22.47:113][574]LogSlate: Took 0.056413 seconds to synchronously load lazily loaded font '../../../Engine/Content/Editor/Slate/Fonts/Roboto-BoldCondensed.ttf' (158K)
[2017.05.14-22.24.33:538][148]LogBlueprint:Warning: [Compiler ] Warning Leak Detected!  Image_179 ( Image ) still has living Slate widgets, it or the parent CanvasPanel_0 ( CanvasPanel ) is keeping them in memory.  Release all Slate resources in ReleaseSlateResources().
[2017.05.14-22.31.29:608][693]LogFileHelpers: Editor autosave (incl. sublevels) for '/Game/TopDownBP/Maps/TopDownExampleMap' took 0.299
[2017.05.14-22.31.29:633][693]OBJ SavePackage: Generating thumbnails for [0] asset(s) in package [/Game/User_Interface/Game_Menu/FactDisplay] ([1] browsable assets)...
[2017.05.14-22.31.29:633][693]OBJ SavePackage: Finished generating thumbnails for package [/Game/User_Interface/Game_Menu/FactDisplay]
[2017.05.14-22.31.29:892][693]LogSavePackage: Save=191.74ms
[2017.05.14-22.31.29:892][693]LogSavePackage: Moving '../../../../../../Users/billy_000/team4/CISC374_Team4/Lionfish/Saved/FactDisplay_Auto181BABCF44BB62D23773184AA4DBCC769.tmp' to '../../../../../../Users/billy_000/team4/CISC374_Team4/Lionfish/Saved/Autosaves/Game/User_Interface/Game_Menu/FactDisplay_Auto1.uasset'
[2017.05.14-22.31.29:904][693]LogSavePackage:Display: Finished SavePackage ../../../../../../Users/billy_000/team4/CISC374_Team4/Lionfish/Saved/Autosaves/Game/User_Interface/Game_Menu/FactDisplay_Auto1.uasset
[2017.05.14-22.31.29:905][693]LogFileHelpers: Auto-saving content packages took 0.293
[2017.05.14-23.07.29:675][294]LogFactory: FactoryCreateFile: Texture with ReimportTextureFactory (0 0 C:\Users\billy_000\Desktop\factpic.jpg)
[2017.05.14-23.07.29:858][294]LogTexture:Display: Building textures: factpic (AutoDXT, 612X408) - 122 MB total VRAM
[2017.05.14-23.07.48:764][772]LogD3D11RHI: Timed out while waiting for GPU to catch up. (0.5 s)
[2017.05.14-23.10.28:505][145]LogFileHelpers: Editor autosave (incl. sublevels) for '/Game/TopDownBP/Maps/TopDownExampleMap' took 0.110
[2017.05.14-23.10.28:517][145]OBJ SavePackage: Generating thumbnails for [0] asset(s) in package [/Game/User_Interface/Game_Menu/FactDisplay] ([1] browsable assets)...
[2017.05.14-23.10.28:517][145]OBJ SavePackage: Finished generating thumbnails for package [/Game/User_Interface/Game_Menu/FactDisplay]
[2017.05.14-23.10.28:833][145]LogSavePackage: Save=234.09ms
[2017.05.14-23.10.28:833][145]LogSavePackage: Moving '../../../../../../Users/billy_000/team4/CISC374_Team4/Lionfish/Saved/FactDisplay_Auto26294B8664A928DF813D637A483AE400F.tmp' to '../../../../../../Users/billy_000/team4/CISC374_Team4/Lionfish/Saved/Autosaves/Game/User_Interface/Game_Menu/FactDisplay_Auto2.uasset'
[2017.05.14-23.10.28:848][145]LogSavePackage:Display: Finished SavePackage ../../../../../../Users/billy_000/team4/CISC374_Team4/Lionfish/Saved/Autosaves/Game/User_Interface/Game_Menu/FactDisplay_Auto2.uasset
[2017.05.14-23.10.28:854][145]OBJ SavePackage: Generating thumbnails for [1] asset(s) in package [/Game/factpic] ([1] browsable assets)...
[2017.05.14-23.10.28:909][145]OBJ SavePackage:     Rendered thumbnail for [Texture2D /Game/factpic.factpic]
[2017.05.14-23.10.28:909][145]OBJ SavePackage: Finished generating thumbnails for package [/Game/factpic]
[2017.05.14-23.10.28:910][145]Cmd: OBJ SAVEPACKAGE PACKAGE="/Game/factpic" FILE="../../../../../../Users/billy_000/team4/CISC374_Team4/Lionfish/Saved/Autosaves/Game/factpic_Auto2.uasset" SILENT=false AUTOSAVING=true
[2017.05.14-23.10.28:993][145]LogSavePackage: Save=68.59ms
[2017.05.14-23.10.28:993][145]LogSavePackage: Moving '../../../../../../Users/billy_000/team4/CISC374_Team4/Lionfish/Saved/factpic_Auto2EF4CF0764BC7C16E48EA6B91498691CD.tmp' to '../../../../../../Users/billy_000/team4/CISC374_Team4/Lionfish/Saved/Autosaves/Game/factpic_Auto2.uasset'
[2017.05.14-23.10.29:006][145]LogSavePackage:Display: Finished SavePackage ../../../../../../Users/billy_000/team4/CISC374_Team4/Lionfish/Saved/Autosaves/Game/factpic_Auto2.uasset
[2017.05.14-23.10.29:007][145]LogFileHelpers: Auto-saving content packages took 0.497
[2017.05.14-23.10.49:736][299]LogStats: FPlatformStackWalk::StackWalkAndDump -  1.883 s
[2017.05.14-23.10.49:736][299]LogOutputDevice:Error: === Handled ensure: ===
[2017.05.14-23.10.49:736][299]LogOutputDevice:Error: 
[2017.05.14-23.10.49:736][299]LogOutputDevice:Error: Ensure condition failed: !PreviewSlateWidgetWeak.IsValid() [File:D:\Build\++UE4+Release-4.15+Compile\Sync\Engine\Source\Editor\UMGEditor\Private\WidgetBlueprintEditor.cpp] [Line: 757]
[2017.05.14-23.10.49:736][299]LogOutputDevice:Error: 
[2017.05.14-23.10.49:736][299]LogOutputDevice:Error: Stack: 
[2017.05.14-23.10.49:737][299]LogOutputDevice:Error: UE4Editor-Core.dll!0x0000000002F595E6
[2017.05.14-23.10.49:737][299]LogOutputDevice:Error: UE4Editor-Core.dll!0x0000000002D09B82
[2017.05.14-23.10.49:737][299]LogOutputDevice:Error: UE4Editor-Core.dll!0x0000000002D1B666
[2017.05.14-23.10.49:737][299]LogOutputDevice:Error: UE4Editor-UMGEditor.dll!0x00000000F714A94E
[2017.05.14-23.10.49:737][299]LogOutputDevice:Error: UE4Editor-UMGEditor.dll!0x00000000F71B1F4E
[2017.05.14-23.10.49:737][299]LogOutputDevice:Error: UE4Editor-Kismet.dll!0x00000000FB2D159C
[2017.05.14-23.10.49:737][299]LogOutputDevice:Error: UE4Editor-Kismet.dll!0x00000000FB2D5FDC
[2017.05.14-23.10.49:737][299]LogOutputDevice:Error: UE4Editor-Engine.dll!0x00000000FF1F2F5A
[2017.05.14-23.10.49:737][299]LogOutputDevice:Error: UE4Editor-UnrealEd.dll!0x00000000FD66B4E3
[2017.05.14-23.10.49:737][299]LogOutputDevice:Error: UE4Editor-UMGEditor.dll!0x00000000F71F34F0
[2017.05.14-23.10.49:738][299]LogOutputDevice:Error: UE4Editor-UMGEditor.dll!0x00000000F7192CE9
[2017.05.14-23.10.49:738][299]LogOutputDevice:Error: UE4Editor-UMGEditor.dll!0x00000000F7157007
[2017.05.14-23.10.49:738][299]LogOutputDevice:Error: UE4Editor-UMGEditor.dll!0x00000000F715AFD7
[2017.05.14-23.10.49:738][299]LogOutputDevice:Error: UE4Editor-Slate.dll!0x00000000FECA0771
[2017.05.14-23.10.49:738][299]LogOutputDevice:Error: UE4Editor-Slate.dll!0x00000000FED31E77
[2017.05.14-23.10.49:738][299]LogOutputDevice:Error: UE4Editor-Slate.dll!0x00000000FEB6D25F
[2017.05.14-23.10.49:738][299]LogOutputDevice:Error: UE4Editor-Slate.dll!0x00000000FEB6DD86
[2017.05.14-23.10.49:738][299]LogOutputDevice:Error: UE4Editor-Slate.dll!0x00000000FEB07424
[2017.05.14-23.10.49:738][299]LogOutputDevice:Error: UE4Editor-UMGEditor.dll!0x00000000F7113F9C
[2017.05.14-23.10.49:738][299]LogOutputDevice:Error: UE4Editor-UMGEditor.dll!0x00000000F71B7D12
[2017.05.14-23.10.49:738][299]LogOutputDevice:Error: UE4Editor-UMGEditor.dll!0x00000000F7158626
[2017.05.14-23.10.49:738][299]LogOutputDevice:Error: UE4Editor-UMGEditor.dll!0x00000000F710B2F8
[2017.05.14-23.10.49:738][299]LogOutputDevice:Error: UE4Editor-UMGEditor.dll!0x00000000F71FE1DE
[2017.05.14-23.10.49:738][299]LogOutputDevice:Error: UE4Editor-UMGEditor.dll!0x00000000F71FAD53
[2017.05.14-23.10.49:738][299]LogOutputDevice:Error: UE4Editor-UMGEditor.dll!0x00000000F71C3E23
[2017.05.14-23.10.49:739][299]LogOutputDevice:Error: UE4Editor-Slate.dll!0x00000000FEAF3D96
[2017.05.14-23.10.49:739][299]LogOutputDevice:Error: UE4Editor-Slate.dll!0x00000000FEAC40A8
[2017.05.14-23.10.49:739][299]LogOutputDevice:Error: UE4Editor-Slate.dll!0x00000000FEB65A7A
[2017.05.14-23.10.49:739][299]LogOutputDevice:Error: UE4Editor-Slate.dll!0x00000000FEB50B83
[2017.05.14-23.10.49:739][299]LogOutputDevice:Error: UE4Editor-Slate.dll!0x00000000FEB3FB59
[2017.05.14-23.10.49:739][299]LogOutputDevice:Error: UE4Editor-Core.dll!0x0000000002F4CEA5
[2017.05.14-23.10.49:739][299]LogOutputDevice:Error: UE4Editor-Core.dll!0x0000000002F367C1
[2017.05.14-23.10.49:739][299]LogOutputDevice:Error: UE4Editor-Core.dll!0x0000000002F4EA1C
[2017.05.14-23.10.49:739][299]LogOutputDevice:Error: UE4Editor-Core.dll!0x0000000002F326E9
[2017.05.14-23.10.49:739][299]LogOutputDevice:Error: USER32.dll!0x000000006352BC50
[2017.05.14-23.10.49:739][299]LogOutputDevice:Error: USER32.dll!0x000000006352B5CF
[2017.05.14-23.10.49:739][299]LogOutputDevice:Error: UE4Editor-Core.dll!0x0000000002F4F326
[2017.05.14-23.10.49:739][299]LogOutputDevice:Error: UE4Editor.exe!0x00000000B9E8D790
[2017.05.14-23.10.49:739][299]LogOutputDevice:Error: UE4Editor.exe!0x00000000B9E7EB40
[2017.05.14-23.10.49:739][299]LogOutputDevice:Error: UE4Editor.exe!0x00000000B9E7EBBA
[2017.05.14-23.10.49:739][299]LogOutputDevice:Error: UE4Editor.exe!0x00000000B9E90A29
[2017.05.14-23.10.49:739][299]LogOutputDevice:Error: UE4Editor.exe!0x00000000B9E922B6
[2017.05.14-23.10.49:739][299]LogOutputDevice:Error: KERNEL32.DLL!0x0000000063882774
[2017.05.14-23.10.49:739][299]LogOutputDevice:Error: ntdll.dll!0x0000000063990D61
[2017.05.14-23.10.49:739][299]LogOutputDevice:Error: 
[2017.05.14-23.10.49:742][299]LogStats:                SubmitErrorReport -  0.000 s
