Log file open, 04/25/17 16:11:33
LogInit:Display: Running engine for game: Lionfish
LogPlatformFile: Not using cached read wrapper
LogInit:Display: RandInit(-999418764) SRandInit(-999418764).
LogTaskGraph: Started task graph with 5 named threads and 8 total threads with 1 sets of task threads.
LogStats: Stats thread started at 0.246811
LogInit: Using libcurl 7.47.1
LogInit:  - built for x86_64-pc-win32
LogInit:  - supports SSL with OpenSSL/1.0.2g
LogInit:  - supports HTTP deflate (compression) using libz 1.2.8
LogInit:  - other features:
LogInit:      CURL_VERSION_SSL
LogInit:      CURL_VERSION_LIBZ
LogInit:      CURL_VERSION_IPV6
LogInit:      CURL_VERSION_ASYNCHDNS
LogInit:      CURL_VERSION_LARGEFILE
LogInit:      CURL_VERSION_IDN
LogInit:  CurlRequestOptions (configurable via config and command line):
LogInit:  - bVerifyPeer = false  - Libcurl will NOT verify peer certificate
LogInit:  - bUseHttpProxy = false  - Libcurl will NOT use HTTP proxy
LogInit:  - bDontReuseConnections = false  - Libcurl will reuse connections
LogInit:  - CertBundlePath = nullptr  - Libcurl will use whatever was configured at build time.
LogInit: Build: ++UE4+Release-4.15-CL-3348071
LogInit: Engine Version: 4.15.1-3348071+++UE4+Release-4.15
LogInit: Compatible Engine Version: 4.15.0-3299760+++UE4+Release-4.15
LogInit: Net CL: 3299760
LogDevObjectVersion: Number of dev versions registered: 14
LogDevObjectVersion:   Dev-Blueprints (B0D832E4-1F89-4F0D-ACCF-7EB736FD4AA2): 8
LogDevObjectVersion:   Dev-Build (E1C64328-A22C-4D53-A36C-8E866417BD8C): 0
LogDevObjectVersion:   Dev-Core (375EC13C-06E4-48FB-B500-84F0262A717E): 2
LogDevObjectVersion:   Dev-Editor (E4B068ED-F494-42E9-A231-DA0B2E46BB41): 14
LogDevObjectVersion:   Dev-Framework (CFFC743F-43B0-4480-9391-14DF171D2073): 22
LogDevObjectVersion:   Dev-Mobile (B02B49B5-BB20-44E9-A304-32B752E40360): 0
LogDevObjectVersion:   Dev-Networking (A4E4105C-59A1-49B5-A7C5-40C4547EDFEE): 0
LogDevObjectVersion:   Dev-Online (39C831C9-5AE6-47DC-9A44-9C173E1C8E7C): 0
LogDevObjectVersion:   Dev-Physics (78F01B33-EBEA-4F98-B9B4-84EACCB95AA2): 0
LogDevObjectVersion:   Dev-Platform (6631380F-2D4D-43E0-8009-CF276956A95A): 0
LogDevObjectVersion:   Dev-Rendering (12F88B9F-8875-4AFC-A67C-D90C383ABD29): 12
LogDevObjectVersion:   Dev-Sequencer (7B5AE74C-D270-4C10-A958-57980B212A5A): 3
LogDevObjectVersion:   Dev-VR (D7296918-1DD6-4BDD-9DE2-64A83CC13884): 0
LogDevObjectVersion:   Dev-LoadTimes (C2A15278-BFE7-4AFE-6C17-90FF531DF755): 1
LogInit: Compiled (64-bit): Mar 15 2017 16:52:47
LogInit: Compiled with Visual C++: 19.00.23026.00
LogInit: Build Configuration: Development
LogInit: Branch Name: ++UE4+Release-4.15
LogInit: Command line: -EpicPortal 
LogInit: Base directory: C:/Program Files/Epic Games/UE_4.15/Engine/Binaries/Win64/
LogInit: Installed Engine Build: 1
LogInit: Presizing for max 8388607 objects, including 0 objects not considered by GC, pre-allocating 0 bytes for permanent pool.
LogInit: Object subsystem initialized
[2017.04.25-20.11.36:577][  0]LogInit: Selected Device Profile: [Windows]
[2017.04.25-20.11.36:577][  0]LogInit: Applying CVar settings loaded from the selected device profile: [Windows]
[2017.04.25-20.11.36:746][  0]LogInit: Computer: JERYTHELAPTOP
[2017.04.25-20.11.36:746][  0]LogInit: User: Jacob
[2017.04.25-20.11.36:746][  0]LogInit: CPU Page size=65536, Cores=4
[2017.04.25-20.11.36:746][  0]LogInit: High frequency timer resolution =1.462100 MHz
[2017.04.25-20.11.36:747][  0]LogMemory: Memory total: Physical=5.4GB (6GB approx)
[2017.04.25-20.11.36:747][  0]LogMemory: Platform Memory Stats for Windows
[2017.04.25-20.11.36:747][  0]LogMemory: Process Physical Memory: 263.05 MB used, 263.05 MB peak
[2017.04.25-20.11.36:747][  0]LogMemory: Process Virtual Memory: 262.38 MB used, 262.38 MB peak
[2017.04.25-20.11.36:747][  0]LogMemory: Physical Memory: 4854.28 MB used,  718.19 MB free, 5572.47 MB total
[2017.04.25-20.11.36:747][  0]LogMemory: Virtual Memory: 643.96 MB used,  718.19 MB free, 134217728.00 MB total
[2017.04.25-20.11.37:641][  0]LogTextLocalizationManager: No specific translations for ('en-US') exist, so ('en') translations will be used.
[2017.04.25-20.11.49:359][  0]LogD3D11RHI: D3D11 adapters:
[2017.04.25-20.11.49:402][  0]LogD3D11RHI:    0. 'AMD Radeon HD 8330' (Feature Level 11_0)
[2017.04.25-20.11.49:402][  0]LogD3D11RHI:       495/0/2786 MB DedicatedVideo/DedicatedSystem/SharedSystem, Outputs:1, VendorId:0x1002
[2017.04.25-20.11.49:407][  0]LogD3D11RHI:    1. 'Microsoft Basic Render Driver' (Feature Level 11_0)
[2017.04.25-20.11.49:408][  0]LogD3D11RHI:       0/0/2786 MB DedicatedVideo/DedicatedSystem/SharedSystem, Outputs:0, VendorId:0x1414
[2017.04.25-20.11.49:408][  0]LogD3D11RHI: Chosen D3D11 Adapter: 0
[2017.04.25-20.11.49:425][  0]LogD3D11RHI: Creating new Direct3DDevice
[2017.04.25-20.11.49:425][  0]LogD3D11RHI:     GPU DeviceId: 0x9832 (for the marketing name, search the web for "GPU Device Id")
[2017.04.25-20.11.49:425][  0]LogWindows: EnumDisplayDevices:
[2017.04.25-20.11.49:425][  0]LogWindows:    0. 'AMD Radeon HD 8330' (P:1 D:1)
[2017.04.25-20.11.49:427][  0]LogWindows:    1. 'AMD Radeon HD 8330' (P:0 D:0)
[2017.04.25-20.11.49:428][  0]LogWindows: DebugString: FoundDriverCount:2 
[2017.04.25-20.11.49:428][  0]LogD3D11RHI:     Adapter Name: AMD Radeon HD 8330
[2017.04.25-20.11.49:428][  0]LogD3D11RHI:   Driver Version: 15.201.1101.1002 (internal:15.201.1101.1002, unified:15.201.1101.1002)
[2017.04.25-20.11.49:428][  0]LogD3D11RHI:      Driver Date: 8-21-2015
[2017.04.25-20.11.49:428][  0]LogRHI: Texture pool is 346 MB (70% of 495 MB)
[2017.04.25-20.11.49:685][  0]LogD3D11RHI: Async texture creation enabled
[2017.04.25-20.11.49:717][  0]LogD3D11RHI: GPU Timing Frequency: 100.000000 (Debug: 2 1)
[2017.04.25-20.11.49:724][  0]LogShaderCompilers: Guid format shader working directory is -11 characters bigger than the processId version (../../../../../../Users/Jacob/Documents/Lionfish/Lionfish/Intermediate/Shaders/WorkingDirectory/1176/).
[2017.04.25-20.11.49:724][  0]LogShaderCompilers: Cleaned the shader compiler working directory 'C:/Users/Jacob/AppData/Local/Temp/UnrealShaderWorkingDir/69419EB148B9FF9AAFEDFAA029FFA95C/'.
[2017.04.25-20.11.49:724][  0]LogShaderCompilers:Display: Using Local Shader Compiler.
[2017.04.25-20.11.59:919][  0]LogTemp:Display: Loaded TP AllDesktopTargetPlatform
[2017.04.25-20.12.00:247][  0]LogTemp:Display: Loaded TP MacClientTargetPlatform
[2017.04.25-20.12.00:586][  0]LogTemp:Display: Loaded TP MacNoEditorTargetPlatform
[2017.04.25-20.12.00:915][  0]LogTemp:Display: Loaded TP MacServerTargetPlatform
[2017.04.25-20.12.01:329][  0]LogTemp:Display: Loaded TP MacTargetPlatform
[2017.04.25-20.12.01:650][  0]LogTemp:Display: Loaded TP WindowsClientTargetPlatform
[2017.04.25-20.12.01:962][  0]LogTemp:Display: Loaded TP WindowsNoEditorTargetPlatform
[2017.04.25-20.12.02:286][  0]LogTemp:Display: Loaded TP WindowsServerTargetPlatform
[2017.04.25-20.12.02:568][  0]LogTemp:Display: Loaded TP WindowsTargetPlatform
[2017.04.25-20.12.02:930][  0]LogTemp:Display: Loaded TP AndroidTargetPlatform
[2017.04.25-20.12.03:259][  0]LogTemp:Display: Loaded TP Android_ASTCTargetPlatform
[2017.04.25-20.12.03:580][  0]LogTemp:Display: Loaded TP Android_ATCTargetPlatform
[2017.04.25-20.12.03:899][  0]LogTemp:Display: Loaded TP Android_DXTTargetPlatform
[2017.04.25-20.12.04:216][  0]LogTemp:Display: Loaded TP Android_ETC1TargetPlatform
[2017.04.25-20.12.04:585][  0]LogTemp:Display: Loaded TP Android_ETC2TargetPlatform
[2017.04.25-20.12.05:410][  0]LogTemp:Display: Loaded TP Android_MultiTargetPlatform
[2017.04.25-20.12.05:410][  0]LogTemp:Display: Loaded TP Android_PVRTCTargetPlatform
[2017.04.25-20.12.05:696][  0]LogTemp:Display: Loaded TP HTML5TargetPlatform
[2017.04.25-20.12.06:274][  0]LogTemp:Display: Loaded TP IOSTargetPlatform
[2017.04.25-20.12.06:492][  0]LogTemp:Display: Loaded TP TVOSTargetPlatform
[2017.04.25-20.12.06:830][  0]LogTemp:Display: Loaded TP LinuxClientTargetPlatform
[2017.04.25-20.12.07:193][  0]LogTemp:Display: Loaded TP LinuxNoEditorTargetPlatform
[2017.04.25-20.12.07:495][  0]LogTemp:Display: Loaded TP LinuxServerTargetPlatform
[2017.04.25-20.12.07:858][  0]LogTemp:Display: Loaded TP LinuxTargetPlatform
[2017.04.25-20.12.07:858][  0]LogTargetPlatformManager:Display: Building Assets For Windows
[2017.04.25-20.12.10:906][  0]LogDerivedDataCache:Display: Max Cache Size: 512 MB
[2017.04.25-20.12.11:731][  0]LogDerivedDataCache: Loaded boot cache 0.82s 50MB C:/Users/Jacob/AppData/Local/UnrealEngine/4.15/DerivedDataCache/Boot.ddc.
[2017.04.25-20.12.11:731][  0]LogDerivedDataCache:Display: Loaded Boot cache: C:/Users/Jacob/AppData/Local/UnrealEngine/4.15/DerivedDataCache/Boot.ddc
[2017.04.25-20.12.11:731][  0]LogDerivedDataCache: FDerivedDataBackendGraph:  Pak pak cache file ../../../../../../Users/Jacob/Documents/Lionfish/Lionfish/DerivedDataCache/DDC.ddp not found, will not use a pak cache.
[2017.04.25-20.12.11:731][  0]LogDerivedDataCache: Unable to find inner node Pak for hierarchical cache Hierarchy.
[2017.04.25-20.12.11:731][  0]LogDerivedDataCache: FDerivedDataBackendGraph:  CompressedPak pak cache file ../../../../../../Users/Jacob/Documents/Lionfish/Lionfish/DerivedDataCache/Compressed.ddp not found, will not use a pak cache.
[2017.04.25-20.12.11:731][  0]LogDerivedDataCache: Unable to find inner node CompressedPak for hierarchical cache Hierarchy.
[2017.04.25-20.12.11:826][  0]LogDerivedDataCache:Display: Pak cache opened for reading ../../../Engine/DerivedDataCache/Compressed.ddp.
[2017.04.25-20.12.11:841][  0]LogDerivedDataCache: Using Local data cache path C:/Users/Jacob/AppData/Local/UnrealEngine/Common/DerivedDataCache: Writable
[2017.04.25-20.12.11:884][  0]LogSlate: Using Freetype 2.6.0
[2017.04.25-20.12.11:925][  0]LogSlate: SlateFontCache - WITH_FREETYPE: 1, WITH_HARFBUZZ: 1
[2017.04.25-20.12.11:925][  0]LogSlate: SlateFontCache - WITH_FREETYPE: 1, WITH_HARFBUZZ: 1
[2017.04.25-20.12.20:435][  0]LogInit: Selected Device Profile: [Windows]
[2017.04.25-20.12.20:450][  0]LogContentStreaming: Texture pool size is 0.00 MB
[2017.04.25-20.12.21:568][  0]LogMeshUtilities: Using QuadricMeshReduction for automatic static mesh reduction
[2017.04.25-20.12.21:860][  0]LogSimplygon: Simplygon DLL not present - disabling.
[2017.04.25-20.12.22:134][  0]LogMeshUtilities: Using SimplygonSwarm for distributed automatic mesh merging
[2017.04.25-20.12.22:134][  0]LogMeshUtilities: No automatic skeletal mesh reduction module available
[2017.04.25-20.12.22:134][  0]LogMeshUtilities: No automatic mesh merging module available
[2017.04.25-20.12.24:829][  0]LogNetVersion: GetLocalNetworkVersion: CL: 3299760, ProjectName: lionfish, ProjectVersion: , EngineNetworkVersion: 2, GameNetworkVersion: 0, NetworkChecksum: 3667421609
[2017.04.25-20.12.24:981][  0]LogAssetRegistry: FAssetRegistry took 0.0237 seconds to start up
[2017.04.25-20.12.25:270][  0]LogPackageLocalizationCache: Processed 3 localized package path(s) for 2 prioritized culture(s) in 0.168140 seconds
[2017.04.25-20.12.25:298][  0]LogUObjectArray: 32493 objects as part of root set at end of initial load.
[2017.04.25-20.12.25:298][  0]LogUObjectAllocator: 7077024 out of 0 bytes used by permanent object pool.
[2017.04.25-20.12.25:298][  0]LogUObjectArray: CloseDisregardForGC: 0/0 objects in disregard for GC pool
[2017.04.25-20.12.25:658][  0]LogInit: WinSock: version 1.1 (2.2), MaxSocks=32767, MaxUdp=65467
[2017.04.25-20.12.44:469][  0]LogTcpMessaging: Initializing TcpMessaging bridge
[2017.04.25-20.12.44:654][  0]LogUdpMessaging: Initializing bridge on interface 0.0.0.0:0 to multicast group 230.0.0.1:6666.
[2017.04.25-20.12.47:223][  0]LogMaterial: Uniform references updated for custom material expression Custom.
[2017.04.25-20.12.49:497][  0]SourceControl: Info Source control is disabled
[2017.04.25-20.12.49:777][  0]SourceControl: Info Source control is disabled
[2017.04.25-20.12.50:028][  0]SourceControl: Info Source control is disabled
[2017.04.25-20.12.50:276][  0]SourceControl: Info Source control is disabled
[2017.04.25-20.12.57:222][  0]LogEngine: Initializing Engine...
[2017.04.25-20.12.57:225][  0]LogHMD: Failed to initialize OpenVR with code 110
[2017.04.25-20.12.58:605][  0]LogAIModule: Creating AISystem for world Untitled
[2017.04.25-20.12.58:631][  0]LogInit: XAudio2 using 'Speakers (Realtek High Definition Audio)' : 2 channels at 48 kHz using 32 bits per sample (channel mask 0x3)
[2017.04.25-20.12.58:676][  0]LogInit: FAudioDevice initialized.
[2017.04.25-20.12.58:820][  0]LogDerivedDataCache: Saved boot cache 0.14s 50MB C:/Users/Jacob/AppData/Local/UnrealEngine/4.15/DerivedDataCache/Boot.ddc.
[2017.04.25-20.12.58:872][  0]LogInit: Texture streaming: Enabled
[2017.04.25-20.12.59:463][  0]LogEngineSessionManager: EngineSessionManager initialized
[2017.04.25-20.12.59:975][  0]LogInit: Transaction tracking system initialized
[2017.04.25-20.13.01:867][  0]BlueprintLog: New page: Editor Load
[2017.04.25-20.13.06:965][  0]LocalizationService: Info Localization service is disabled
[2017.04.25-20.13.10:675][  0]LogConsoleResponse:Display: 
[2017.04.25-20.13.11:374][  0]LogCook:Display: Max memory allowance for cook 16384mb min free memory 0mb
[2017.04.25-20.13.11:374][  0]LogCook:Display: Mobile HDR setting 1
[2017.04.25-20.13.12:559][  0]LogFileCache: Scanning file cache for directory 'C:/Users/Jacob/Documents/Lionfish/Lionfish/Content/' took 0.05s
[2017.04.25-20.13.17:380][  0]SourceControl: Info Source control is disabled
[2017.04.25-20.13.17:696][  0]LogSlate: Took 0.000968 seconds to synchronously load lazily loaded font '../../../Engine/Content/Slate/Fonts/Roboto-Regular.ttf' (155K)
[2017.04.25-20.13.32:117][  0]LogWindowsTextInputMethodSystem:Display: IME system now deactivated.
[2017.04.25-20.13.32:118][  0]LogWindowsTextInputMethodSystem:Display: IME system now deactivated.
[2017.04.25-20.13.32:179][  0]LogWindowsTextInputMethodSystem:Display: IME system now deactivated.
[2017.04.25-20.13.32:179][  0]LogWindowsTextInputMethodSystem:Display: IME system now deactivated.
[2017.04.25-20.13.32:182][  0]Cmd: MAP LOAD FILE="../../../../../../Users/Jacob/Documents/Lionfish/Lionfish/Content/TopDownBP/Maps/TopDownExampleMap.umap" TEMPLATE=0 SHOWPROGRESS=1 FEATURELEVEL=3
[2017.04.25-20.13.32:185][  0]LightingResults: New page: Lighting Build
[2017.04.25-20.13.32:482][  0]MapCheck: New page: Map Check
[2017.04.25-20.13.32:483][  0]LightingResults: New page: Lighting Build
[2017.04.25-20.13.38:228][  0]LogStaticMesh: Building static mesh SM_bush1...
[2017.04.25-20.13.39:236][  0]LogStaticMesh: Built static mesh [1.04s] /Game/Meshes/Bush/SM_bush1.SM_bush1
[2017.04.25-20.13.39:373][  0]LogStaticMesh: Building static mesh coral...
[2017.04.25-20.13.41:494][  0]LogStaticMesh: Built static mesh [2.12s] /Game/Meshes/Bush/coral.coral
[2017.04.25-20.13.41:807][  0]LogStaticMesh: Building static mesh coral2...
[2017.04.25-20.13.43:170][  0]LogStaticMesh: Built static mesh [1.36s] /Game/Meshes/Bush/coral2.coral2
[2017.04.25-20.13.43:375][  0]LogStaticMesh: Building static mesh coral3...
[2017.04.25-20.13.46:297][  0]LogStaticMesh: Built static mesh [2.92s] /Game/Meshes/Bush/coral3.coral3
[2017.04.25-20.13.48:006][  0]LogTexture:Display: Building textures: tex_diffuse (AutoDXT, 512X512) - 77 MB total VRAM
[2017.04.25-20.13.48:228][  0]LogMaterial: Missing cached shader map for material M_grass_basic, compiling. 
[2017.04.25-20.13.48:307][  0]LogTemp:Display: Added material ShaderMap 0x0000012D607A1280 with Material 0x0000012D5DB3A800 to ShaderMapsBeingCompiled
[2017.04.25-20.13.48:989][  0]LogTemp:Display: Kicking off shader compilation for M_grass_basic, GameThreadShaderMap 0x0000012D607A1280
[2017.04.25-20.13.49:126][  0]LogTexture:Display: Building textures: tex_leaves_diff (AutoDXT, 1024X1024) - 77 MB total VRAM
[2017.04.25-20.13.50:857][  0]LogTexture:Display: Building textures: 1086_2 (AutoDXT, 2048X2048) - 78 MB total VRAM
[2017.04.25-20.13.54:611][  0]LogTexture:Display: Building textures: 1084_2 (AutoDXT, 2048X2048) - 78 MB total VRAM
[2017.04.25-20.13.57:870][  0]LogMaterial: Missing cached shader map for material Material_5861809, compiling. 
[2017.04.25-20.13.57:886][  0]LogTemp:Display: Added material ShaderMap 0x0000012D60770F00 with Material 0x0000012D5CED9180 to ShaderMapsBeingCompiled
[2017.04.25-20.13.58:036][  0]LogTemp:Display: Kicking off shader compilation for Material_5861809, GameThreadShaderMap 0x0000012D60770F00
[2017.04.25-20.13.58:377][  0]LogTexture:Display: Building textures: 830_2 (AutoDXT, 2048X2048) - 78 MB total VRAM
[2017.04.25-20.14.02:576][  0]LogTexture:Display: Building textures: 828_2 (AutoDXT, 2048X2048) - 78 MB total VRAM
[2017.04.25-20.14.05:591][  0]LogMaterial: Missing cached shader map for material Material_5861744, compiling. 
[2017.04.25-20.14.05:596][  0]LogTemp:Display: Added material ShaderMap 0x0000012D64752780 with Material 0x0000012D5CEF4880 to ShaderMapsBeingCompiled
[2017.04.25-20.14.05:817][  0]LogTemp:Display: Kicking off shader compilation for Material_5861744, GameThreadShaderMap 0x0000012D64752780
[2017.04.25-20.14.06:183][  0]LogTexture:Display: Building textures: 530_2 (AutoDXT, 2048X2048) - 78 MB total VRAM
[2017.04.25-20.14.10:318][  0]LogTexture:Display: Building textures: 528_2 (AutoDXT, 2048X2048) - 78 MB total VRAM
[2017.04.25-20.14.13:344][  0]LogMaterial: Missing cached shader map for material Material_5861679, compiling. 
[2017.04.25-20.14.13:348][  0]LogTemp:Display: Added material ShaderMap 0x0000012D57E73C80 with Material 0x0000012D5CEDEB00 to ShaderMapsBeingCompiled
[2017.04.25-20.14.13:544][  0]LogTemp:Display: Kicking off shader compilation for Material_5861679, GameThreadShaderMap 0x0000012D57E73C80
[2017.04.25-20.14.13:657][  0]LogMaterial: Missing cached shader map for material M_Water_Ocean, compiling. 
[2017.04.25-20.14.13:661][  0]LogTemp:Display: Added material ShaderMap 0x0000012D5861B900 with Material 0x0000012D5CF1BD00 to ShaderMapsBeingCompiled
[2017.04.25-20.14.13:863][  0]LogTemp:Display: Kicking off shader compilation for M_Water_Ocean, GameThreadShaderMap 0x0000012D5861B900
[2017.04.25-20.14.14:237][  0]LogTexture:Display: Building textures: HQ_Lightmap1_1 (AutoDXT, 2048X2048) - 78 MB total VRAM
[2017.04.25-20.14.22:225][  0]LogTexture:Display: Building textures: HQ_Lightmap1_2 (AutoDXT, 64X64) - 78 MB total VRAM
[2017.04.25-20.14.22:559][  0]LogTexture:Display: Building textures: LQ_Lightmap_1_1 (DXT1, 2048X2048) - 78 MB total VRAM
[2017.04.25-20.14.27:768][  0]LogTexture:Display: Building textures: LQ_Lightmap_1_2 (DXT1, 64X64) - 78 MB total VRAM
[2017.04.25-20.14.27:944][  0]LogTexture:Display: Building textures: SkyOcclusion1_1 (AutoDXT, 2048X1024) - 78 MB total VRAM
[2017.04.25-20.14.31:817][  0]LogTexture:Display: Building textures: SkyOcclusion1_2 (AutoDXT, 64X32) - 78 MB total VRAM
[2017.04.25-20.14.31:877][  0]LogTexture:Display: Building textures: ShadowMapTexture2D_0 (G8, 1024X1024) - 78 MB total VRAM
[2017.04.25-20.14.32:045][  0]LogTexture:Display: Building textures: ShadowMapTexture2D_1 (G8, 1024X1024) - 78 MB total VRAM
[2017.04.25-20.14.32:214][  0]LogTexture:Display: Building textures: ShadowMapTexture2D_4 (G8, 32X32) - 78 MB total VRAM
[2017.04.25-20.14.32:599][  0]LogAIModule: Creating AISystem for world TopDownExampleMap
[2017.04.25-20.14.33:426][  0]LogEditorServer: Finished looking for orphan Actors (0.000 secs)
[2017.04.25-20.14.33:526][  0]Cmd: MAP CHECKDEP NOCLEARLOG
[2017.04.25-20.14.33:821][  0]MapCheck: Info Map check complete: 0 Error(s), 0 Warning(s), took 294.864ms to complete.
[2017.04.25-20.14.33:823][  0]LogFileHelpers: Loading map 'TopDownExampleMap' took 61.641
[2017.04.25-20.14.36:051][  0]LogStats:Warning: MetaData mismatch. Did you assign a stat to two groups? New //STATGROUP_Threads//SplashScreenThread///Thread_944_0///####STATCAT_Advanced#### old //STATGROUP_Threads//SplashScreenThread///Thread_194_0///####STATCAT_Advanced####
[2017.04.25-20.14.36:051][  0]LogCollectionManager: Loaded 0 collections in 0.015846 seconds
[2017.04.25-20.14.36:565][  0]LogFileCache: Scanning file cache for directory 'C:/Users/Jacob/Documents/Lionfish/Lionfish/Saved/Collections/' took 0.01s
[2017.04.25-20.14.36:565][  0]LogFileCache: Scanning file cache for directory 'C:/Users/Jacob/Documents/Lionfish/Lionfish/Content/Developers/Jacob/Collections/' took 0.01s
[2017.04.25-20.14.36:565][  0]LogFileCache: Scanning file cache for directory 'C:/Users/Jacob/Documents/Lionfish/Lionfish/Content/Collections/' took 0.01s
[2017.04.25-20.14.36:565][  0]LogCollectionManager: Rebuilt the GUID cache for 0 collections in 0.000008 seconds
[2017.04.25-20.14.36:678][  0]LogContentBrowser: Native class hierarchy populated in 0.0727 seconds. Added 2245 classes and 453 folders.
[2017.04.25-20.14.36:759][  0]LogStats: UGameplayTagsManager::ConstructGameplayTagTree: Construct from data asset -  0.000 s
[2017.04.25-20.14.36:760][  0]LogStats: UGameplayTagsManager::ConstructGameplayTagTree: GameplayTagTreeChangedEvent.Broadcast -  0.000 s
[2017.04.25-20.14.37:222][  0]LogContentBrowser: Native class hierarchy updated for 'WidgetCarousel' in 0.0022 seconds. Added 0 classes and 0 folders.
[2017.04.25-20.14.39:983][  0]LogContentBrowser: Native class hierarchy updated for 'AddContentDialog' in 0.0025 seconds. Added 0 classes and 0 folders.
[2017.04.25-20.14.40:315][  0]LogContentBrowser: Native class hierarchy updated for 'SceneOutliner' in 0.0020 seconds. Added 1 classes and 2 folders.
[2017.04.25-20.14.41:181][  0]LogCrashTracker: Crashtracker disabled due to settings.
[2017.04.25-20.14.41:350][  0]LogUObjectGlobals:Warning: Failed to find object 'Class None.'
[2017.04.25-20.14.41:676][  0]LogContentBrowser: Native class hierarchy updated for 'HierarchicalLODOutliner' in 0.0022 seconds. Added 1 classes and 2 folders.
[2017.04.25-20.14.41:676][  0]LogLoad: (Engine Initialization) Total time: 195.40 seconds
[2017.04.25-20.14.41:677][  0]LogLoad: (Engine Initialization) Total Blueprint compile time: 2.40 seconds
[2017.04.25-20.14.41:677][  0]LogExternalProfiler: No external profilers were discovered.  External profiling features will not be available.
[2017.04.25-20.14.41:697][  0]LogOcInput: OculusInput pre-init called
[2017.04.25-20.14.41:894][  0]LogContentStreaming: Texture pool size now 1000 MB
[2017.04.25-20.14.41:906][  0]LogSlate: Took 0.000689 seconds to synchronously load lazily loaded font '../../../Engine/Content/Slate/Fonts/Roboto-Bold.ttf' (160K)
[2017.04.25-20.14.42:047][  0]LogSlate: Took 0.030369 seconds to synchronously load lazily loaded font '../../../Engine/Content/Editor/Slate/Fonts/FontAwesome.ttf' (139K)
[2017.04.25-20.14.43:720][  0]LogRenderer: Reallocating scene render targets to support 808x372 NumSamples 1 (Frame:2).
[2017.04.25-20.14.46:155][  1]LogEditorViewport: Clicking on Actor (LMB): StaticMeshActor (Water)
[2017.04.25-20.14.48:065][  1]LogSlate: Took 0.025026 seconds to synchronously load lazily loaded font '../../../Engine/Content/Slate/Fonts/Roboto-Light.ttf' (159K)
[2017.04.25-20.14.49:807][  8]LogAssetRegistry: Asset discovery search completed in 144.8496 seconds
[2017.04.25-20.14.49:807][  8]LogCollectionManager: Rebuilt the object cache for 0 collections in 0.000094 seconds (found 0 objects)
[2017.04.25-20.14.49:807][  8]LogCollectionManager: Fixed up redirectors for 0 collections in 0.000188 seconds (updated 0 objects)
[2017.04.25-20.15.19:808][219]LogSlate: Took 0.000683 seconds to synchronously load lazily loaded font '../../../Engine/Content/Slate/Fonts/Roboto-Light.ttf' (159K)
[2017.04.25-20.15.34:131][262]LogTemp:Display: Finished compile of shader map 0x0000012D607A1280
[2017.04.25-20.15.34:131][262]LogTemp:Display: Shader map M_grass_basic complete, GameThreadShaderMap 0x0000012D607A1280, marking material M_grass_basic as finished
[2017.04.25-20.15.34:132][262]LogTemp:Display: Marking material as finished 0x0000012D5DB3A800
[2017.04.25-20.15.48:139][304]LogTemp:Display: Finished compile of shader map 0x0000012D60770F00
[2017.04.25-20.15.48:139][304]LogTemp:Display: Shader map Material_5861809 complete, GameThreadShaderMap 0x0000012D60770F00, marking material Material_5861809 as finished
[2017.04.25-20.15.48:139][304]LogTemp:Display: Marking material as finished 0x0000012D5CED9180
[2017.04.25-20.16.03:163][349]LogTemp:Display: Finished compile of shader map 0x0000012D64752780
[2017.04.25-20.16.03:163][349]LogTemp:Display: Shader map Material_5861744 complete, GameThreadShaderMap 0x0000012D64752780, marking material Material_5861744 as finished
[2017.04.25-20.16.03:163][349]LogTemp:Display: Marking material as finished 0x0000012D5CEF4880
[2017.04.25-20.16.21:858][405]LogTemp:Display: Finished compile of shader map 0x0000012D57E73C80
[2017.04.25-20.16.21:858][405]LogTemp:Display: Shader map Material_5861679 complete, GameThreadShaderMap 0x0000012D57E73C80, marking material Material_5861679 as finished
[2017.04.25-20.16.21:858][405]LogTemp:Display: Marking material as finished 0x0000012D5CEDEB00
[2017.04.25-20.16.38:900][455]LogTemp:Display: Finished compile of shader map 0x0000012D5861B900
[2017.04.25-20.16.38:900][455]LogTemp:Display: Shader map M_Water_Ocean complete, GameThreadShaderMap 0x0000012D5861B900, marking material M_Water_Ocean as finished
[2017.04.25-20.16.38:900][455]LogTemp:Display: Marking material as finished 0x0000012D5CF1BD00
[2017.04.25-20.18.06:100][756]LogTemp: Repeting last play command: Standalone Game
[2017.04.25-20.18.06:706][756]LogSlate: Took 0.000557 seconds to synchronously load lazily loaded font '../../../Engine/Content/Slate/Fonts/Roboto-Light.ttf' (159K)
[2017.04.25-20.18.07:956][756]LogSavePackage: Save=1016.62ms
[2017.04.25-20.18.07:956][756]LogSavePackage: Moving '../../../../../../Users/Jacob/Documents/Lionfish/Lionfish/Saved/UEDPCTopDownExampleMap89A6362A4BEE5EBE05FF45BF6A209C97.tmp' to '../../../../../../Users/Jacob/Documents/Lionfish/Lionfish/Saved/Autosaves/Game/TopDownBP/Maps/UEDPCTopDownExampleMap.umap'
[2017.04.25-20.18.07:966][756]LogSavePackage:Display: Finished SavePackage ../../../../../../Users/Jacob/Documents/Lionfish/Lionfish/Saved/Autosaves/Game/TopDownBP/Maps/UEDPCTopDownExampleMap.umap
[2017.04.25-20.18.09:356][756]LogSlate: Took 0.000800 seconds to synchronously load lazily loaded font '../../../Engine/Content/Slate/Fonts/Roboto-Regular.ttf' (155K)
[2017.04.25-20.18.09:783][756]LogSavePackage: Save=1580.26ms
[2017.04.25-20.18.09:783][756]LogSavePackage: Moving '../../../../../../Users/Jacob/Documents/Lionfish/Lionfish/Saved/TopDownExampleMap_BuiltDataE102772F4B3F8B74A116869AF11DD948.tmp' to '../../../../../../Users/Jacob/Documents/Lionfish/Lionfish/Content/TopDownBP/Maps/TopDownExampleMap_BuiltData.uasset'
[2017.04.25-20.18.09:794][756]LogSavePackage:Display: Finished SavePackage ../../../../../../Users/Jacob/Documents/Lionfish/Lionfish/Content/TopDownBP/Maps/TopDownExampleMap_BuiltData.uasset
[2017.04.25-20.18.09:808][756]LogEditorTransaction: Undo Spawn Play From Here Start
[2017.04.25-20.19.03:500][936]LogD3D11RHI: Timed out while waiting for GPU to catch up. (0.5 s)
[2017.04.25-20.19.04:276][938]LogD3D11RHI: Timed out while waiting for GPU to catch up. (0.5 s)
[2017.04.25-20.19.07:153][947]LogD3D11RHI: Timed out while waiting for GPU to catch up. (0.5 s)
[2017.04.25-20.19.13:868][966]LogD3D11RHI: Timed out while waiting for GPU to catch up. (0.5 s)
[2017.04.25-20.19.14:647][968]LogD3D11RHI: Timed out while waiting for GPU to catch up. (0.5 s)
[2017.04.25-20.19.15:367][970]LogD3D11RHI: Timed out while waiting for GPU to catch up. (0.5 s)
[2017.04.25-20.19.16:196][972]LogD3D11RHI: Timed out while waiting for GPU to catch up. (0.5 s)
[2017.04.25-20.19.16:877][973]LogD3D11RHI: Timed out while waiting for GPU to catch up. (0.5 s)
[2017.04.25-20.19.17:553][974]LogD3D11RHI: Timed out while waiting for GPU to catch up. (0.5 s)
[2017.04.25-20.19.41:627][ 95]Cmd: QUIT_EDITOR
[2017.04.25-20.19.41:770][ 95]LogWindowsTextInputMethodSystem:Display: IME system now deactivated.
[2017.04.25-20.19.41:770][ 95]LogWindowsTextInputMethodSystem:Display: IME system now deactivated.
[2017.04.25-20.19.41:907][ 95]LogExit: Preparing to exit.
[2017.04.25-20.19.43:308][ 95]LogDirectoryWatcher: A directory notification for 'C:/Users/Jacob/Documents/Lionfish/Lionfish/Content/' was aborted.
[2017.04.25-20.19.43:532][ 95]LogExit: Editor shut down
[2017.04.25-20.19.43:533][ 95]LogExit: Transaction tracking system shut down
[2017.04.25-20.19.43:885][ 95]LogObj: Freed 0b from 0 cluster array pools.
[2017.04.25-20.19.43:885][ 95]LogExit: Object subsystem successfully closed.
[2017.04.25-20.19.43:922][ 95]LogD3D11RHI: Shutdown
[2017.04.25-20.19.43:923][ 95]LogD3D11RHI: CleanupD3DDevice
[2017.04.25-20.19.44:269][ 95]LogD3D11RHI: ~FD3D11DynamicRHI
[2017.04.25-20.19.44:336][ 95]LogModuleManager: Shutting down and abandoning module HierarchicalLODOutliner (498)
[2017.04.25-20.19.44:336][ 95]LogModuleManager: Shutting down and abandoning module CrashTracker (496)
[2017.04.25-20.19.44:336][ 95]LogModuleManager: Shutting down and abandoning module SceneOutliner (494)
[2017.04.25-20.19.44:336][ 95]LogModuleManager: Shutting down and abandoning module AddContentDialog (492)
[2017.04.25-20.19.44:336][ 95]LogDirectoryWatcher: A directory notification for 'C:/Program Files/Epic Games/UE_4.15/FeaturePacks/' was aborted.
[2017.04.25-20.19.44:344][ 95]LogModuleManager: Shutting down and abandoning module WidgetCarousel (491)
[2017.04.25-20.19.44:344][ 95]LogModuleManager: Shutting down and abandoning module EditorWidgets (488)
[2017.04.25-20.19.44:344][ 95]LogModuleManager: Shutting down and abandoning module CollectionManager (486)
[2017.04.25-20.19.44:345][ 95]LogDirectoryWatcher: A directory notification for 'C:/Users/Jacob/Documents/Lionfish/Lionfish/Content/Collections/' was aborted.
[2017.04.25-20.19.44:345][ 95]LogDirectoryWatcher: A directory notification for 'C:/Users/Jacob/Documents/Lionfish/Lionfish/Content/Developers/Jacob/Collections/' was aborted.
[2017.04.25-20.19.44:345][ 95]LogDirectoryWatcher: A directory notification for 'C:/Users/Jacob/Documents/Lionfish/Lionfish/Saved/Collections/' was aborted.
[2017.04.25-20.19.44:345][ 95]LogModuleManager: Shutting down and abandoning module StatsViewer (484)
[2017.04.25-20.19.44:345][ 95]LogModuleManager: Shutting down and abandoning module FoliageEdit (482)
[2017.04.25-20.19.44:346][ 95]LogModuleManager: Shutting down and abandoning module LandscapeEditor (480)
[2017.04.25-20.19.44:346][ 95]LogModuleManager: Shutting down and abandoning module SceneDepthPickerMode (478)
[2017.04.25-20.19.44:346][ 95]LogModuleManager: Shutting down and abandoning module ActorPickerMode (476)
[2017.04.25-20.19.44:346][ 95]LogModuleManager: Shutting down and abandoning module GeometryMode (474)
[2017.04.25-20.19.44:346][ 95]LogModuleManager: Shutting down and abandoning module TextureAlignMode (472)
[2017.04.25-20.19.44:346][ 95]LogModuleManager: Shutting down and abandoning module BspMode (470)
[2017.04.25-20.19.44:346][ 95]LogModuleManager: Shutting down and abandoning module HardwareSurvey (468)
[2017.04.25-20.19.44:346][ 95]LogModuleManager: Shutting down and abandoning module SequenceRecorderSections (466)
[2017.04.25-20.19.44:346][ 95]LogModuleManager: Shutting down and abandoning module AutomationWorker (464)
[2017.04.25-20.19.44:346][ 95]LogModuleManager: Shutting down and abandoning module MatineeToLevelSequence (462)
[2017.04.25-20.19.44:346][ 95]LogModuleManager: Shutting down and abandoning module LevelSequenceEditor (460)
[2017.04.25-20.19.44:346][ 95]LogModuleManager: Shutting down and abandoning module PlacementMode (459)
[2017.04.25-20.19.44:346][ 95]LogModuleManager: Shutting down and abandoning module WmfMediaFactory (456)
[2017.04.25-20.19.44:347][ 95]LogModuleManager: Shutting down and abandoning module WmfMediaEditor (454)
[2017.04.25-20.19.44:347][ 95]LogModuleManager: Shutting down and abandoning module MfMediaFactory (452)
[2017.04.25-20.19.44:347][ 95]LogModuleManager: Shutting down and abandoning module MfMediaEditor (450)
[2017.04.25-20.19.44:347][ 95]LogModuleManager: Shutting down and abandoning module AvfMediaFactory (448)
[2017.04.25-20.19.44:347][ 95]LogModuleManager: Shutting down and abandoning module AvfMediaEditor (446)
[2017.04.25-20.19.44:347][ 95]LogModuleManager: Shutting down and abandoning module AndroidMediaFactory (444)
[2017.04.25-20.19.44:347][ 95]LogModuleManager: Shutting down and abandoning module Media (443)
[2017.04.25-20.19.44:347][ 95]LogModuleManager: Shutting down and abandoning module AndroidMediaEditor (440)
[2017.04.25-20.19.44:347][ 95]LogModuleManager: Shutting down and abandoning module CharacterAI (438)
[2017.04.25-20.19.44:347][ 95]LogModuleManager: Shutting down and abandoning module AudioCapture (436)
[2017.04.25-20.19.44:347][ 95]LogModuleManager: Shutting down and abandoning module SequenceRecorder (435)
[2017.04.25-20.19.44:347][ 95]LogModuleManager: Shutting down and abandoning module SmartSnapping (432)
[2017.04.25-20.19.44:347][ 95]LogModuleManager: Shutting down and abandoning module SessionServices (430)
[2017.04.25-20.19.44:347][ 95]LogModuleManager: Shutting down and abandoning module ViewportSnapping (428)
[2017.04.25-20.19.44:347][ 95]LogModuleManager: Shutting down and abandoning module ViewportInteraction (426)
[2017.04.25-20.19.44:347][ 95]LogModuleManager: Shutting down and abandoning module LogVisualizer (424)
[2017.04.25-20.19.44:348][ 95]LogModuleManager: Shutting down and abandoning module IntroTutorials (422)
[2017.04.25-20.19.44:348][ 95]LogModuleManager: Shutting down and abandoning module GameProjectGeneration (421)
[2017.04.25-20.19.44:348][ 95]LogModuleManager: Shutting down and abandoning module EditorLiveStreaming (418)
[2017.04.25-20.19.44:348][ 95]LogModuleManager: Shutting down and abandoning module IOSPlatformEditor (416)
[2017.04.25-20.19.44:348][ 95]LogModuleManager: Shutting down and abandoning module HTML5PlatformEditor (414)
[2017.04.25-20.19.44:348][ 95]LogModuleManager: Shutting down and abandoning module AndroidPlatformEditor (412)
[2017.04.25-20.19.44:348][ 95]LogModuleManager: Shutting down and abandoning module AndroidDeviceDetection (411)
[2017.04.25-20.19.45:244][ 95]LogModuleManager: Shutting down and abandoning module IOSRuntimeSettings (408)
[2017.04.25-20.19.45:244][ 95]LogModuleManager: Shutting down and abandoning module AndroidRuntimeSettings (406)
[2017.04.25-20.19.45:244][ 95]LogModuleManager: Shutting down and abandoning module InputBindingEditor (404)
[2017.04.25-20.19.45:245][ 95]LogModuleManager: Shutting down and abandoning module NiagaraEditor (402)
[2017.04.25-20.19.45:245][ 95]LogModuleManager: Shutting down and abandoning module MergeActors (400)
[2017.04.25-20.19.45:245][ 95]LogModuleManager: Shutting down and abandoning module SizeMap (398)
[2017.04.25-20.19.45:245][ 95]LogModuleManager: Shutting down and abandoning module TreeMap (396)
[2017.04.25-20.19.45:245][ 95]LogModuleManager: Shutting down and abandoning module ReferenceViewer (394)
[2017.04.25-20.19.45:245][ 95]LogModuleManager: Shutting down and abandoning module LocalizationDashboard (392)
[2017.04.25-20.19.45:245][ 95]LogModuleManager: Shutting down and abandoning module LocalizationService (391)
[2017.04.25-20.19.45:245][ 95]LogModuleManager: Shutting down and abandoning module HardwareTargeting (388)
[2017.04.25-20.19.45:245][ 95]LogModuleManager: Shutting down and abandoning module DeviceProfileEditor (386)
[2017.04.25-20.19.45:245][ 95]LogModuleManager: Shutting down and abandoning module UndoHistory (384)
[2017.04.25-20.19.45:245][ 95]LogModuleManager: Shutting down and abandoning module UserFeedback (382)
[2017.04.25-20.19.45:246][ 95]LogModuleManager: Shutting down and abandoning module XmlParser (380)
[2017.04.25-20.19.45:246][ 95]LogModuleManager: Shutting down and abandoning module Blutility (378)
[2017.04.25-20.19.45:246][ 95]LogModuleManager: Shutting down and abandoning module ProjectSettingsViewer (376)
[2017.04.25-20.19.45:246][ 95]LogModuleManager: Shutting down and abandoning module ProjectTargetPlatformEditor (375)
[2017.04.25-20.19.45:247][ 95]LogModuleManager: Shutting down and abandoning module EditorSettingsViewer (372)
[2017.04.25-20.19.45:247][ 95]LogModuleManager: Shutting down and abandoning module SettingsEditor (370)
[2017.04.25-20.19.45:247][ 95]LogModuleManager: Shutting down and abandoning module ProjectLauncher (368)
[2017.04.25-20.19.45:247][ 95]LogModuleManager: Shutting down and abandoning module SessionFrontend (366)
[2017.04.25-20.19.45:247][ 95]LogModuleManager: Shutting down and abandoning module ProfilerClient (364)
[2017.04.25-20.19.45:247][ 95]LogModuleManager: Shutting down and abandoning module DeviceManager (362)
[2017.04.25-20.19.45:248][ 95]LogModuleManager: Shutting down and abandoning module TargetDeviceServices (361)
[2017.04.25-20.19.45:290][ 95]LogModuleManager: Shutting down and abandoning module AutomationController (358)
[2017.04.25-20.19.45:290][ 95]LogModuleManager: Shutting down and abandoning module AutomationWindow (356)
[2017.04.25-20.19.45:290][ 95]LogModuleManager: Shutting down and abandoning module Layers (354)
[2017.04.25-20.19.45:290][ 95]LogModuleManager: Shutting down and abandoning module ComponentVisualizers (352)
[2017.04.25-20.19.45:290][ 95]LogModuleManager: Shutting down and abandoning module DetailCustomizations (350)
[2017.04.25-20.19.45:290][ 95]LogModuleManager: Shutting down and abandoning module PackagesDialog (348)
[2017.04.25-20.19.45:291][ 95]LogModuleManager: Shutting down and abandoning module Persona (346)
[2017.04.25-20.19.45:292][ 95]LogModuleManager: Shutting down and abandoning module AnimGraph (345)
[2017.04.25-20.19.45:292][ 95]LogModuleManager: Shutting down and abandoning module Kismet (342)
[2017.04.25-20.19.45:294][ 95]LogModuleManager: Shutting down and abandoning module GraphEditor (340)
[2017.04.25-20.19.45:294][ 95]LogModuleManager: Shutting down and abandoning module ClassViewer (338)
[2017.04.25-20.19.45:294][ 95]LogModuleManager: Shutting down and abandoning module Toolbox (336)
[2017.04.25-20.19.45:294][ 95]LogModuleManager: Shutting down and abandoning module ModuleUI (334)
[2017.04.25-20.19.45:294][ 95]LogModuleManager: Shutting down and abandoning module MovieSceneTools (332)
[2017.04.25-20.19.45:294][ 95]LogModuleManager: Shutting down and abandoning module OutputLog (330)
[2017.04.25-20.19.45:295][ 95]LogModuleManager: Shutting down and abandoning module GammaUI (328)
[2017.04.25-20.19.45:295][ 95]LogModuleManager: Shutting down and abandoning module Documentation (326)
[2017.04.25-20.19.45:295][ 95]LogModuleManager: Shutting down and abandoning module Niagara (324)
[2017.04.25-20.19.45:295][ 95]LogModuleManager: Shutting down and abandoning module StreamingPauseRendering (322)
[2017.04.25-20.19.45:295][ 95]LogModuleManager: Shutting down and abandoning module AnalyticsET (320)
[2017.04.25-20.19.45:295][ 95]LogModuleManager: Shutting down and abandoning module PortalServices (318)
[2017.04.25-20.19.45:295][ 95]LogModuleManager: Shutting down and abandoning module PortalRpc (316)
[2017.04.25-20.19.45:295][ 95]LogModuleManager: Shutting down and abandoning module MessagingRpc (314)
[2017.04.25-20.19.45:295][ 95]LogModuleManager: Shutting down and abandoning module AIModule (312)
[2017.04.25-20.19.45:295][ 95]LogModuleManager: Shutting down and abandoning module GameplayDebugger (311)
[2017.04.25-20.19.45:295][ 95]LogModuleManager: Shutting down and abandoning module AITestSuite (309)
[2017.04.25-20.19.45:295][ 95]LogModuleManager: Shutting down and abandoning module ProfilerService (306)
[2017.04.25-20.19.45:474][ 95]LogModuleManager: Shutting down and abandoning module TaskGraph (304)
[2017.04.25-20.19.45:474][ 95]LogModuleManager: Shutting down and abandoning module SteamVRController (302)
[2017.04.25-20.19.45:474][ 95]LogModuleManager: Shutting down and abandoning module SteamVR (300)
[2017.04.25-20.19.45:474][ 95]LogModuleManager: Shutting down and abandoning module ProceduralMeshComponentEditor (298)
[2017.04.25-20.19.45:474][ 95]LogModuleManager: Shutting down and abandoning module ProceduralMeshComponent (296)
[2017.04.25-20.19.45:474][ 95]LogModuleManager: Shutting down and abandoning module OculusLibrary (294)
[2017.04.25-20.19.45:474][ 95]LogModuleManager: Shutting down and abandoning module OculusInput (292)
[2017.04.25-20.19.45:474][ 95]LogModuleManager: Shutting down and abandoning module MobilePatchingUtils (290)
[2017.04.25-20.19.45:474][ 95]LogModuleManager: Shutting down and abandoning module CustomMeshComponent (288)
[2017.04.25-20.19.45:474][ 95]LogModuleManager: Shutting down and abandoning module CableComponent (286)
[2017.04.25-20.19.45:474][ 95]LogModuleManager: Shutting down and abandoning module ArchVisCharacter (284)
[2017.04.25-20.19.45:474][ 95]LogModuleManager: Shutting down and abandoning module MediaPlayerEditor (280)
[2017.04.25-20.19.45:474][ 95]LogModuleManager: Shutting down and abandoning module HTML5Networking (278)
[2017.04.25-20.19.45:474][ 95]LogModuleManager: Shutting down and abandoning module AlembicImporter (276)
[2017.04.25-20.19.45:474][ 95]LogModuleManager: Shutting down and abandoning module AlembicLibrary (275)
[2017.04.25-20.19.45:475][ 95]LogModuleManager: Shutting down and abandoning module GeometryCache (274)
[2017.04.25-20.19.45:475][ 95]LogModuleManager: Shutting down and abandoning module GeometryCacheEd (273)
[2017.04.25-20.19.45:475][ 95]LogModuleManager: Shutting down and abandoning module SuperSearchEditor (268)
[2017.04.25-20.19.45:475][ 95]LogModuleManager: Shutting down and abandoning module SuperSearch (267)
[2017.04.25-20.19.45:475][ 95]LogModuleManager: Shutting down and abandoning module SpeedTreeImporter (264)
[2017.04.25-20.19.45:475][ 95]LogModuleManager: Shutting down and abandoning module PluginBrowser (262)
[2017.04.25-20.19.45:475][ 95]LogModuleManager: Shutting down and abandoning module MobileLauncherProfileWizard (260)
[2017.04.25-20.19.45:475][ 95]LogModuleManager: Shutting down and abandoning module EpicSurvey (258)
[2017.04.25-20.19.45:475][ 95]LogModuleManager: Shutting down and abandoning module VisualStudioSourceCodeAccess (256)
[2017.04.25-20.19.45:475][ 95]LogModuleManager: Shutting down and abandoning module DesktopPlatform (255)
[2017.04.25-20.19.45:475][ 95]LogModuleManager: Shutting down and abandoning module UObjectPlugin (252)
[2017.04.25-20.19.45:475][ 95]LogModuleManager: Shutting down and abandoning module SubversionSourceControl (250)
[2017.04.25-20.19.45:475][ 95]LogModuleManager: Shutting down and abandoning module PerforceSourceControl (248)
[2017.04.25-20.19.45:475][ 95]LogModuleManager: Shutting down and abandoning module GitSourceControl (246)
[2017.04.25-20.19.45:475][ 95]LogModuleManager: Shutting down and abandoning module SourceControl (245)
[2017.04.25-20.19.45:476][ 95]LogModuleManager: Shutting down and abandoning module LightPropagationVolumeEditor (242)
[2017.04.25-20.19.45:476][ 95]LogModuleManager: Shutting down and abandoning module PaperTiledImporter (240)
[2017.04.25-20.19.45:476][ 95]LogModuleManager: Shutting down and abandoning module PaperSpriteSheetImporter (238)
[2017.04.25-20.19.45:476][ 95]LogModuleManager: Shutting down and abandoning module Paper2DEditor (236)
[2017.04.25-20.19.45:476][ 95]LogModuleManager: Shutting down and abandoning module MeshPaint (235)
[2017.04.25-20.19.45:476][ 95]LogModuleManager: Shutting down and abandoning module LevelEditor (233)
[2017.04.25-20.19.45:479][ 95]LogModuleManager: Shutting down and abandoning module PixelInspectorModule (232)
[2017.04.25-20.19.45:479][ 95]LogModuleManager: Shutting down and abandoning module MainFrame (230)
[2017.04.25-20.19.45:479][ 95]LogModuleManager: Shutting down and abandoning module HotReload (229)
[2017.04.25-20.19.45:481][ 95]LogModuleManager: Shutting down and abandoning module ContentBrowser (225)
[2017.04.25-20.19.45:484][ 95]LogModuleManager: Shutting down and abandoning module PhysXVehiclesEditor (222)
[2017.04.25-20.19.45:485][ 95]LogModuleManager: Shutting down and abandoning module PhysXVehicles (220)
[2017.04.25-20.19.45:485][ 95]LogModuleManager: Shutting down and abandoning module LocationServicesBPLibrary (218)
[2017.04.25-20.19.45:485][ 95]LogModuleManager: Shutting down and abandoning module UdpMessaging (216)
[2017.04.25-20.19.45:585][ 95]LogModuleManager: Shutting down and abandoning module TcpMessaging (214)
[2017.04.25-20.19.45:686][ 95]LogModuleManager: Shutting down and abandoning module GameplayTagsEditor (212)
[2017.04.25-20.19.45:686][ 95]LogModuleManager: Shutting down and abandoning module FacialAnimationEditor (210)
[2017.04.25-20.19.45:686][ 95]LogModuleManager: Shutting down and abandoning module FacialAnimation (208)
[2017.04.25-20.19.45:686][ 95]LogModuleManager: Shutting down and abandoning module LightPropagationVolumeRuntime (206)
[2017.04.25-20.19.45:686][ 95]LogModuleManager: Shutting down and abandoning module Paper2D (204)
[2017.04.25-20.19.45:686][ 95]LogModuleManager: Shutting down and abandoning module WindowsMoviePlayer (202)
[2017.04.25-20.19.45:687][ 95]LogModuleManager: Shutting down and abandoning module WmfMedia (200)
[2017.04.25-20.19.45:687][ 95]LogModuleManager: Shutting down and abandoning module MfMedia (198)
[2017.04.25-20.19.45:687][ 95]LogModuleManager: Shutting down and abandoning module MediaAssets (196)
[2017.04.25-20.19.45:687][ 95]LogModuleManager: Shutting down and abandoning module GameLiveStreaming (194)
[2017.04.25-20.19.45:687][ 95]LogModuleManager: Shutting down and abandoning module VREditor (192)
[2017.04.25-20.19.45:687][ 95]LogModuleManager: Shutting down and abandoning module GameplayTasksEditor (190)
[2017.04.25-20.19.45:687][ 95]LogModuleManager: Shutting down and abandoning module BehaviorTreeEditor (188)
[2017.04.25-20.19.45:687][ 95]LogModuleManager: Shutting down and abandoning module FunctionalTesting (186)
[2017.04.25-20.19.45:687][ 95]LogModuleManager: Shutting down and abandoning module CollisionAnalyzer (184)
[2017.04.25-20.19.45:687][ 95]LogModuleManager: Shutting down and abandoning module UMG (182)
[2017.04.25-20.19.45:688][ 95]LogModuleManager: Shutting down and abandoning module UMGEditor (181)
[2017.04.25-20.19.45:688][ 95]LogModuleManager: Shutting down and abandoning module Sequencer (180)
[2017.04.25-20.19.45:688][ 95]LogModuleManager: Shutting down and abandoning module AssetTools (178)
[2017.04.25-20.19.45:688][ 95]LogModuleManager: Shutting down and abandoning module MessageLog (177)
[2017.04.25-20.19.45:688][ 95]LogModuleManager: Shutting down and abandoning module WorkspaceMenuStructure (176)
[2017.04.25-20.19.45:688][ 95]LogModuleManager: Shutting down and abandoning module SlateReflector (170)
[2017.04.25-20.19.45:688][ 95]LogModuleManager: Shutting down and abandoning module Slate (168)
[2017.04.25-20.19.45:688][ 95]LogModuleManager: Shutting down and abandoning module EditorStyle (166)
[2017.04.25-20.19.45:702][ 95]LogModuleManager: Shutting down and abandoning module SourceCodeAccess (164)
[2017.04.25-20.19.45:702][ 95]LogModuleManager: Shutting down and abandoning module HeadMountedDisplay (162)
[2017.04.25-20.19.45:703][ 95]LogModuleManager: Shutting down and abandoning module XAudio2 (160)
[2017.04.25-20.19.45:703][ 95]LogModuleManager: Shutting down and abandoning module Networking (158)
[2017.04.25-20.19.45:703][ 95]LogModuleManager: Shutting down and abandoning module Core (154)
[2017.04.25-20.19.45:703][ 95]LogModuleManager: Shutting down and abandoning module AssetRegistry (152)
[2017.04.25-20.19.46:010][ 95]LogDirectoryWatcher: A directory notification for '../../../Engine/Content/' was aborted.
[2017.04.25-20.19.46:010][ 95]LogDirectoryWatcher: A directory notification for '../../../../../../Users/Jacob/Documents/Lionfish/Lionfish/Content/' was aborted.
[2017.04.25-20.19.46:010][ 95]LogDirectoryWatcher: A directory notification for '../../../Engine/Plugins/2D/Paper2D/Content/' was aborted.
[2017.04.25-20.19.46:011][ 95]LogModuleManager: Shutting down and abandoning module DirectoryWatcher (151)
[2017.04.25-20.19.46:015][ 95]LogModuleManager: Shutting down and abandoning module KismetCompiler (148)
[2017.04.25-20.19.46:015][ 95]LogModuleManager: Shutting down and abandoning module PhysXFormats (146)
[2017.04.25-20.19.46:015][ 95]LogModuleManager: Shutting down and abandoning module MeshUtilities (144)
[2017.04.25-20.19.46:015][ 95]LogModuleManager: Shutting down and abandoning module SimplygonSwarm (143)
[2017.04.25-20.19.46:015][ 95]LogModuleManager: Shutting down and abandoning module SimplygonMeshReduction (141)
[2017.04.25-20.19.46:015][ 95]LogModuleManager: Shutting down and abandoning module QuadricMeshReduction (139)
[2017.04.25-20.19.46:015][ 95]LogModuleManager: Shutting down and abandoning module PropertyEditor (137)
[2017.04.25-20.19.46:015][ 95]LogModuleManager: Shutting down and abandoning module DerivedDataCache (134)
[2017.04.25-20.19.46:058][ 95]LogDerivedDataCache: Shutdown
[2017.04.25-20.19.46:058][ 95]LogModuleManager: Shutting down and abandoning module TargetPlatform (132)
[2017.04.25-20.19.46:058][ 95]LogModuleManager: Shutting down and abandoning module VulkanShaderFormat (131)
[2017.04.25-20.19.46:058][ 95]LogModuleManager: Shutting down and abandoning module ShaderFormatOpenGL (129)
[2017.04.25-20.19.46:058][ 95]LogModuleManager: Shutting down and abandoning module ShaderFormatD3D (127)
[2017.04.25-20.19.46:059][ 95]LogModuleManager: Shutting down and abandoning module MetalShaderFormat (125)
[2017.04.25-20.19.46:059][ 95]LogModuleManager: Shutting down and abandoning module TextureFormatUncompressed (123)
[2017.04.25-20.19.46:059][ 95]LogModuleManager: Shutting down and abandoning module TextureFormatPVR (121)
[2017.04.25-20.19.46:059][ 95]LogModuleManager: Shutting down and abandoning module TextureFormatDXT (119)
[2017.04.25-20.19.46:059][ 95]LogModuleManager: Shutting down and abandoning module TextureFormatIntelISPCTexComp (117)
[2017.04.25-20.19.46:059][ 95]LogModuleManager: Shutting down and abandoning module TextureFormatASTC (115)
[2017.04.25-20.19.46:060][ 95]LogModuleManager: Shutting down and abandoning module ImageWrapper (114)
[2017.04.25-20.19.46:060][ 95]LogModuleManager: Shutting down and abandoning module TextureFormatAndroid (111)
[2017.04.25-20.19.46:060][ 95]LogModuleManager: Shutting down and abandoning module AudioFormatOpus (109)
[2017.04.25-20.19.46:060][ 95]LogModuleManager: Shutting down and abandoning module AudioFormatOgg (107)
[2017.04.25-20.19.46:060][ 95]LogModuleManager: Shutting down and abandoning module AudioFormatADPCM (105)
[2017.04.25-20.19.46:060][ 95]LogModuleManager: Shutting down and abandoning module LinuxTargetPlatform (103)
[2017.04.25-20.19.46:060][ 95]LogModuleManager: Shutting down and abandoning module LinuxServerTargetPlatform (101)
[2017.04.25-20.19.46:060][ 95]LogModuleManager: Shutting down and abandoning module LinuxNoEditorTargetPlatform (99)
[2017.04.25-20.19.46:061][ 95]LogModuleManager: Shutting down and abandoning module LinuxClientTargetPlatform (97)
[2017.04.25-20.19.46:061][ 95]LogModuleManager: Shutting down and abandoning module TVOSTargetPlatform (95)
[2017.04.25-20.19.46:061][ 95]LogModuleManager: Shutting down and abandoning module Messaging (93)
[2017.04.25-20.19.46:061][ 95]LogModuleManager: Shutting down and abandoning module IOSTargetPlatform (91)
[2017.04.25-20.19.46:061][ 95]LogModuleManager: Shutting down and abandoning module HTML5TargetPlatform (89)
[2017.04.25-20.19.46:061][ 95]LogModuleManager: Shutting down and abandoning module Android_PVRTCTargetPlatform (87)
[2017.04.25-20.19.46:061][ 95]LogModuleManager: Shutting down and abandoning module Android_MultiTargetPlatform (85)
[2017.04.25-20.19.46:061][ 95]LogModuleManager: Shutting down and abandoning module Android_ETC2TargetPlatform (83)
[2017.04.25-20.19.46:061][ 95]LogModuleManager: Shutting down and abandoning module Android_ETC1TargetPlatform (81)
[2017.04.25-20.19.46:061][ 95]LogModuleManager: Shutting down and abandoning module Android_DXTTargetPlatform (79)
[2017.04.25-20.19.46:062][ 95]LogModuleManager: Shutting down and abandoning module Android_ATCTargetPlatform (77)
[2017.04.25-20.19.46:062][ 95]LogModuleManager: Shutting down and abandoning module Android_ASTCTargetPlatform (75)
[2017.04.25-20.19.46:062][ 95]LogModuleManager: Shutting down and abandoning module AndroidTargetPlatform (73)
[2017.04.25-20.19.46:062][ 95]LogModuleManager: Shutting down and abandoning module WindowsTargetPlatform (71)
[2017.04.25-20.19.46:062][ 95]LogModuleManager: Shutting down and abandoning module WindowsServerTargetPlatform (69)
[2017.04.25-20.19.46:062][ 95]LogModuleManager: Shutting down and abandoning module WindowsNoEditorTargetPlatform (67)
[2017.04.25-20.19.46:062][ 95]LogModuleManager: Shutting down and abandoning module WindowsClientTargetPlatform (65)
[2017.04.25-20.19.46:062][ 95]LogModuleManager: Shutting down and abandoning module MacTargetPlatform (63)
[2017.04.25-20.19.46:063][ 95]LogModuleManager: Shutting down and abandoning module MacServerTargetPlatform (61)
[2017.04.25-20.19.46:063][ 95]LogModuleManager: Shutting down and abandoning module MacNoEditorTargetPlatform (59)
[2017.04.25-20.19.46:063][ 95]LogModuleManager: Shutting down and abandoning module MacClientTargetPlatform (57)
[2017.04.25-20.19.46:063][ 95]LogModuleManager: Shutting down and abandoning module AllDesktopTargetPlatform (55)
[2017.04.25-20.19.46:063][ 95]LogModuleManager: Shutting down and abandoning module InputCore (52)
[2017.04.25-20.19.46:063][ 95]LogModuleManager: Shutting down and abandoning module Settings (50)
[2017.04.25-20.19.46:064][ 95]LogModuleManager: Shutting down and abandoning module OculusRift (48)
[2017.04.25-20.19.46:064][ 95]LogModuleManager: Shutting down and abandoning module GearVR (46)
[2017.04.25-20.19.46:064][ 95]LogModuleManager: Shutting down and abandoning module ExampleDeviceProfileSelector (44)
[2017.04.25-20.19.46:064][ 95]LogModuleManager: Shutting down and abandoning module OnlineBlueprintSupport (42)
[2017.04.25-20.19.46:064][ 95]LogModuleManager: Shutting down and abandoning module OnlineSubsystem (38)
[2017.04.25-20.19.46:064][ 95]LogOnline:Display: Unloading online subsystem: NULL
[2017.04.25-20.19.46:064][ 95]LogModuleManager: Shutting down and abandoning module XMPP (37)
[2017.04.25-20.19.46:064][ 95]LogModuleManager: Shutting down and abandoning module HTTP (35)
[2017.04.25-20.19.46:065][ 95]LogHttp:Display: Http module shutting down, but needs to wait on 1 outstanding Http requests:
[2017.04.25-20.19.46:065][ 95]LogHttp:Display: 	verb=[POST] url=[https://datarouter.ol.epicgames.com/datarouter/api/v1/public/data?SessionID=%7B8E7EB80A-4F1F-C5F6-05E9-F0B0DA929B74%7D&AppID=UEEditor.Rocket.Release&AppVersion=4.15.1-3348071%2B%2B%2BUE4%2BRelease-4.15&UserID=412ef9ee49b0ac877a662fbaada6f67d%7Ceb844d0ac70f4dca97008bb30e785949%7Ccf9e1c0a-479e-4f2a-9f93-cf13636606b2&AppEnvironment=datacollector-binary&UploadType=eteventstream] status=Processing
[2017.04.25-20.19.46:097][ 95]LogModuleManager: Shutting down and abandoning module SSL (34)
[2017.04.25-20.19.46:102][ 95]LogModuleManager: Shutting down and abandoning module AudioEditor (30)
[2017.04.25-20.19.46:102][ 95]LogModuleManager: Shutting down and abandoning module TextureCompressor (28)
[2017.04.25-20.19.46:102][ 95]LogModuleManager: Shutting down and abandoning module ShaderCore (26)
[2017.04.25-20.19.46:102][ 95]LogModuleManager: Shutting down and abandoning module Landscape (24)
[2017.04.25-20.19.46:102][ 95]LogModuleManager: Shutting down and abandoning module SlateRHIRenderer (22)
[2017.04.25-20.19.46:107][ 95]LogModuleManager: Shutting down and abandoning module OpenGLDrv (20)
[2017.04.25-20.19.46:107][ 95]LogModuleManager: Shutting down and abandoning module D3D11RHI (18)
[2017.04.25-20.19.46:107][ 95]LogModuleManager: Shutting down and abandoning module AnimGraphRuntime (16)
[2017.04.25-20.19.46:107][ 95]LogModuleManager: Shutting down and abandoning module Renderer (14)
[2017.04.25-20.19.46:108][ 95]LogModuleManager: Shutting down and abandoning module Engine (12)
[2017.04.25-20.19.46:108][ 95]LogModuleManager: Shutting down and abandoning module CoreUObject (10)
[2017.04.25-20.19.46:108][ 95]LogModuleManager: Shutting down and abandoning module NetworkFile (8)
[2017.04.25-20.19.46:108][ 95]LogModuleManager: Shutting down and abandoning module StreamingFile (6)
[2017.04.25-20.19.46:108][ 95]LogModuleManager: Shutting down and abandoning module SandboxFile (4)
[2017.04.25-20.19.46:108][ 95]LogModuleManager: Shutting down and abandoning module PakFile (2)
[2017.04.25-20.19.46:115][ 95]LogExit: Exiting.
[2017.04.25-20.19.46:127][ 95]Log file closed, 04/25/17 16:19:46
