Log file open, 05/11/17 20:15:36
LogInit:Display: Running engine for game: Lionfish
LogPlatformFile: Not using cached read wrapper
LogInit:Display: RandInit(-877090708) SRandInit(-877090708).
LogTaskGraph: Started task graph with 5 named threads and 8 total threads with 1 sets of task threads.
LogStats: Stats thread started at 0.388122
LogInit: Using libcurl 7.47.1
LogInit:  - built for x86_64-pc-win32
LogInit:  - supports SSL with OpenSSL/1.0.2g
LogInit:  - supports HTTP deflate (compression) using libz 1.2.8
LogInit:  - other features:
LogInit:      CURL_VERSION_SSL
LogInit:      CURL_VERSION_LIBZ
LogInit:      CURL_VERSION_IPV6
LogInit:      CURL_VERSION_ASYNCHDNS
LogInit:      CURL_VERSION_LARGEFILE
LogInit:      CURL_VERSION_IDN
LogInit:  CurlRequestOptions (configurable via config and command line):
LogInit:  - bVerifyPeer = false  - Libcurl will NOT verify peer certificate
LogInit:  - bUseHttpProxy = false  - Libcurl will NOT use HTTP proxy
LogInit:  - bDontReuseConnections = false  - Libcurl will reuse connections
LogInit:  - CertBundlePath = nullptr  - Libcurl will use whatever was configured at build time.
LogInit: Build: ++UE4+Release-4.15-CL-3348071
LogInit: Engine Version: 4.15.1-3348071+++UE4+Release-4.15
LogInit: Compatible Engine Version: 4.15.0-3299760+++UE4+Release-4.15
LogInit: Net CL: 3299760
LogDevObjectVersion: Number of dev versions registered: 14
LogDevObjectVersion:   Dev-Blueprints (B0D832E4-1F89-4F0D-ACCF-7EB736FD4AA2): 8
LogDevObjectVersion:   Dev-Build (E1C64328-A22C-4D53-A36C-8E866417BD8C): 0
LogDevObjectVersion:   Dev-Core (375EC13C-06E4-48FB-B500-84F0262A717E): 2
LogDevObjectVersion:   Dev-Editor (E4B068ED-F494-42E9-A231-DA0B2E46BB41): 14
LogDevObjectVersion:   Dev-Framework (CFFC743F-43B0-4480-9391-14DF171D2073): 22
LogDevObjectVersion:   Dev-Mobile (B02B49B5-BB20-44E9-A304-32B752E40360): 0
LogDevObjectVersion:   Dev-Networking (A4E4105C-59A1-49B5-A7C5-40C4547EDFEE): 0
LogDevObjectVersion:   Dev-Online (39C831C9-5AE6-47DC-9A44-9C173E1C8E7C): 0
LogDevObjectVersion:   Dev-Physics (78F01B33-EBEA-4F98-B9B4-84EACCB95AA2): 0
LogDevObjectVersion:   Dev-Platform (6631380F-2D4D-43E0-8009-CF276956A95A): 0
LogDevObjectVersion:   Dev-Rendering (12F88B9F-8875-4AFC-A67C-D90C383ABD29): 12
LogDevObjectVersion:   Dev-Sequencer (7B5AE74C-D270-4C10-A958-57980B212A5A): 3
LogDevObjectVersion:   Dev-VR (D7296918-1DD6-4BDD-9DE2-64A83CC13884): 0
LogDevObjectVersion:   Dev-LoadTimes (C2A15278-BFE7-4AFE-6C17-90FF531DF755): 1
LogInit: Compiled (64-bit): Mar 15 2017 16:52:47
LogInit: Compiled with Visual C++: 19.00.23026.00
LogInit: Build Configuration: Development
LogInit: Branch Name: ++UE4+Release-4.15
LogInit: Command line:  
LogInit: Base directory: C:/Program Files/Epic Games/UE_4.15/Engine/Binaries/Win64/
LogInit: Installed Engine Build: 1
LogInit: Presizing for max 8388607 objects, including 0 objects not considered by GC, pre-allocating 0 bytes for permanent pool.
LogInit: Object subsystem initialized
[2017.05.12-00.15.40:184][  0]LogInit: Selected Device Profile: [Windows]
[2017.05.12-00.15.40:184][  0]LogInit: Applying CVar settings loaded from the selected device profile: [Windows]
[2017.05.12-00.15.40:261][  0]LogInit: Computer: BILLSORGLAPTOP
[2017.05.12-00.15.40:261][  0]LogInit: User: billy000
[2017.05.12-00.15.40:261][  0]LogInit: CPU Page size=65536, Cores=4
[2017.05.12-00.15.40:261][  0]LogInit: High frequency timer resolution =1.462100 MHz
[2017.05.12-00.15.40:261][  0]LogMemory: Memory total: Physical=7.5GB (8GB approx)
[2017.05.12-00.15.40:261][  0]LogMemory: Platform Memory Stats for Windows
[2017.05.12-00.15.40:262][  0]LogMemory: Process Physical Memory: 263.68 MB used, 263.68 MB peak
[2017.05.12-00.15.40:262][  0]LogMemory: Process Virtual Memory: 262.17 MB used, 262.17 MB peak
[2017.05.12-00.15.40:262][  0]LogMemory: Physical Memory: 4531.75 MB used,  3110.51 MB free, 7642.26 MB total
[2017.05.12-00.15.40:262][  0]LogMemory: Virtual Memory: 629.66 MB used,  3110.51 MB free, 134217728.00 MB total
[2017.05.12-00.15.41:026][  0]LogTextLocalizationManager: No specific translations for ('en-US') exist, so ('en') translations will be used.
[2017.05.12-00.15.48:819][  0]LogD3D11RHI: D3D11 adapters:
[2017.05.12-00.15.48:910][  0]LogD3D11RHI:    0. 'AMD Radeon HD 8330' (Feature Level 11_0)
[2017.05.12-00.15.48:910][  0]LogD3D11RHI:       495/0/3821 MB DedicatedVideo/DedicatedSystem/SharedSystem, Outputs:1, VendorId:0x1002
[2017.05.12-00.15.48:921][  0]LogD3D11RHI:    1. 'Microsoft Basic Render Driver' (Feature Level 11_0)
[2017.05.12-00.15.48:921][  0]LogD3D11RHI:       0/0/3821 MB DedicatedVideo/DedicatedSystem/SharedSystem, Outputs:0, VendorId:0x1414
[2017.05.12-00.15.48:921][  0]LogD3D11RHI: Chosen D3D11 Adapter: 0
[2017.05.12-00.15.48:955][  0]LogD3D11RHI: Creating new Direct3DDevice
[2017.05.12-00.15.48:955][  0]LogD3D11RHI:     GPU DeviceId: 0x9832 (for the marketing name, search the web for "GPU Device Id")
[2017.05.12-00.15.48:955][  0]LogWindows: EnumDisplayDevices:
[2017.05.12-00.15.48:957][  0]LogWindows:    0. 'AMD Radeon HD 8330' (P:1 D:1)
[2017.05.12-00.15.48:959][  0]LogWindows:    1. 'AMD Radeon HD 8330' (P:0 D:0)
[2017.05.12-00.15.48:962][  0]LogWindows: DebugString: FoundDriverCount:2 
[2017.05.12-00.15.48:962][  0]LogD3D11RHI:     Adapter Name: AMD Radeon HD 8330
[2017.05.12-00.15.48:962][  0]LogD3D11RHI:   Driver Version: Crimson 16.6 (internal:21.19.137.514, unified:21.19.137.514)
[2017.05.12-00.15.48:962][  0]LogD3D11RHI:      Driver Date: 11-21-2016
[2017.05.12-00.15.48:962][  0]LogRHI: Texture pool is 346 MB (70% of 495 MB)
[2017.05.12-00.15.49:180][  0]LogD3D11RHI: Async texture creation enabled
[2017.05.12-00.15.49:217][  0]LogD3D11RHI: GPU Timing Frequency: 100.000000 (Debug: 2 1)
[2017.05.12-00.15.49:220][  0]LogShaderCompilers: Guid format shader working directory is -12 characters bigger than the processId version (../../../../../../Users/billy_000/team4/CISC374_Team4/Lionfish/Intermediate/Shaders/WorkingDirectory/2940/).
[2017.05.12-00.15.49:221][  0]LogShaderCompilers: Cleaned the shader compiler working directory 'C:/Users/billy_000/AppData/Local/Temp/UnrealShaderWorkingDir/34C7B0394FCD6AADD7C3D485DA9AAD24/'.
[2017.05.12-00.15.49:221][  0]LogShaderCompilers:Display: Using Local Shader Compiler.
[2017.05.12-00.16.01:574][  0]LogTemp:Display: Loaded TP AllDesktopTargetPlatform
[2017.05.12-00.16.02:058][  0]LogTemp:Display: Loaded TP MacClientTargetPlatform
[2017.05.12-00.16.02:539][  0]LogTemp:Display: Loaded TP MacNoEditorTargetPlatform
[2017.05.12-00.16.03:021][  0]LogTemp:Display: Loaded TP MacServerTargetPlatform
[2017.05.12-00.16.03:545][  0]LogTemp:Display: Loaded TP MacTargetPlatform
[2017.05.12-00.16.04:024][  0]LogTemp:Display: Loaded TP WindowsClientTargetPlatform
[2017.05.12-00.16.04:516][  0]LogTemp:Display: Loaded TP WindowsNoEditorTargetPlatform
[2017.05.12-00.16.05:001][  0]LogTemp:Display: Loaded TP WindowsServerTargetPlatform
[2017.05.12-00.16.05:427][  0]LogTemp:Display: Loaded TP WindowsTargetPlatform
[2017.05.12-00.16.05:928][  0]LogTemp:Display: Loaded TP AndroidTargetPlatform
[2017.05.12-00.16.06:401][  0]LogTemp:Display: Loaded TP Android_ASTCTargetPlatform
[2017.05.12-00.16.06:880][  0]LogTemp:Display: Loaded TP Android_ATCTargetPlatform
[2017.05.12-00.16.07:378][  0]LogTemp:Display: Loaded TP Android_DXTTargetPlatform
[2017.05.12-00.16.07:874][  0]LogTemp:Display: Loaded TP Android_ETC1TargetPlatform
[2017.05.12-00.16.08:332][  0]LogTemp:Display: Loaded TP Android_ETC2TargetPlatform
[2017.05.12-00.16.09:267][  0]LogTemp:Display: Loaded TP Android_MultiTargetPlatform
[2017.05.12-00.16.09:267][  0]LogTemp:Display: Loaded TP Android_PVRTCTargetPlatform
[2017.05.12-00.16.09:622][  0]LogTemp:Display: Loaded TP HTML5TargetPlatform
[2017.05.12-00.16.10:354][  0]LogTemp:Display: Loaded TP IOSTargetPlatform
[2017.05.12-00.16.10:642][  0]LogTemp:Display: Loaded TP TVOSTargetPlatform
[2017.05.12-00.16.11:097][  0]LogTemp:Display: Loaded TP LinuxClientTargetPlatform
[2017.05.12-00.16.11:556][  0]LogTemp:Display: Loaded TP LinuxNoEditorTargetPlatform
[2017.05.12-00.16.12:032][  0]LogTemp:Display: Loaded TP LinuxServerTargetPlatform
[2017.05.12-00.16.12:506][  0]LogTemp:Display: Loaded TP LinuxTargetPlatform
[2017.05.12-00.16.12:506][  0]LogTargetPlatformManager:Display: Building Assets For Windows
[2017.05.12-00.16.16:932][  0]LogDerivedDataCache:Display: Max Cache Size: 512 MB
[2017.05.12-00.16.18:092][  0]LogDerivedDataCache: Loaded boot cache 1.16s 50MB C:/Users/billy_000/AppData/Local/UnrealEngine/4.15/DerivedDataCache/Boot.ddc.
[2017.05.12-00.16.18:092][  0]LogDerivedDataCache:Display: Loaded Boot cache: C:/Users/billy_000/AppData/Local/UnrealEngine/4.15/DerivedDataCache/Boot.ddc
[2017.05.12-00.16.18:093][  0]LogDerivedDataCache: FDerivedDataBackendGraph:  Pak pak cache file ../../../../../../Users/billy_000/team4/CISC374_Team4/Lionfish/DerivedDataCache/DDC.ddp not found, will not use a pak cache.
[2017.05.12-00.16.18:093][  0]LogDerivedDataCache: Unable to find inner node Pak for hierarchical cache Hierarchy.
[2017.05.12-00.16.18:093][  0]LogDerivedDataCache: FDerivedDataBackendGraph:  CompressedPak pak cache file ../../../../../../Users/billy_000/team4/CISC374_Team4/Lionfish/DerivedDataCache/Compressed.ddp not found, will not use a pak cache.
[2017.05.12-00.16.18:093][  0]LogDerivedDataCache: Unable to find inner node CompressedPak for hierarchical cache Hierarchy.
[2017.05.12-00.16.18:290][  0]LogDerivedDataCache:Display: Pak cache opened for reading ../../../Engine/DerivedDataCache/Compressed.ddp.
[2017.05.12-00.16.18:309][  0]LogDerivedDataCache: Using Local data cache path C:/Users/billy_000/AppData/Local/UnrealEngine/Common/DerivedDataCache: Writable
[2017.05.12-00.16.18:379][  0]LogSlate: Using Freetype 2.6.0
[2017.05.12-00.16.18:444][  0]LogSlate: SlateFontCache - WITH_FREETYPE: 1, WITH_HARFBUZZ: 1
[2017.05.12-00.16.18:444][  0]LogSlate: SlateFontCache - WITH_FREETYPE: 1, WITH_HARFBUZZ: 1
[2017.05.12-00.16.27:949][  0]LogInit: Selected Device Profile: [Windows]
[2017.05.12-00.16.28:026][  0]LogContentStreaming: Texture pool size is 0.00 MB
[2017.05.12-00.16.29:739][  0]LogMeshUtilities: Using QuadricMeshReduction for automatic static mesh reduction
[2017.05.12-00.16.30:164][  0]LogSimplygon: Simplygon DLL not present - disabling.
[2017.05.12-00.16.30:579][  0]LogMeshUtilities: Using SimplygonSwarm for distributed automatic mesh merging
[2017.05.12-00.16.30:579][  0]LogMeshUtilities: No automatic skeletal mesh reduction module available
[2017.05.12-00.16.30:579][  0]LogMeshUtilities: No automatic mesh merging module available
[2017.05.12-00.16.36:659][  0]LogNetVersion: GetLocalNetworkVersion: CL: 3299760, ProjectName: lionfish, ProjectVersion: , EngineNetworkVersion: 2, GameNetworkVersion: 0, NetworkChecksum: 3667421609
[2017.05.12-00.16.36:956][  0]LogAssetRegistry: FAssetRegistry took 0.0268 seconds to start up
[2017.05.12-00.16.38:414][  0]LogPackageLocalizationCache: Processed 3 localized package path(s) for 2 prioritized culture(s) in 1.236433 seconds
[2017.05.12-00.16.38:465][  0]LogUObjectArray: 32493 objects as part of root set at end of initial load.
[2017.05.12-00.16.38:465][  0]LogUObjectAllocator: 7077024 out of 0 bytes used by permanent object pool.
[2017.05.12-00.16.38:465][  0]LogUObjectArray: CloseDisregardForGC: 0/0 objects in disregard for GC pool
[2017.05.12-00.16.39:150][  0]LogInit: WinSock: version 1.1 (2.2), MaxSocks=32767, MaxUdp=65467
[2017.05.12-00.17.26:349][  0]LogTcpMessaging: Initializing TcpMessaging bridge
[2017.05.12-00.17.26:683][  0]LogUdpMessaging: Initializing bridge on interface 0.0.0.0:0 to multicast group 230.0.0.1:6666.
[2017.05.12-00.17.31:889][  0]LogMaterial: Uniform references updated for custom material expression Custom.
[2017.05.12-00.17.35:149][  0]SourceControl: Info Source control is disabled
[2017.05.12-00.17.56:945][  0]LogEngine: Initializing Engine...
[2017.05.12-00.17.56:955][  0]LogHMD: Failed to initialize OpenVR with code 110
[2017.05.12-00.17.59:191][  0]LogAIModule: Creating AISystem for world Untitled
[2017.05.12-00.17.59:236][  0]LogInit: XAudio2 using 'Speaker/HP (Realtek High Definition Audio)' : 2 channels at 48 kHz using 32 bits per sample (channel mask 0x3)
[2017.05.12-00.17.59:520][  0]LogInit: FAudioDevice initialized.
[2017.05.12-00.17.59:655][  0]LogDerivedDataCache: Saved boot cache 0.13s 50MB C:/Users/billy_000/AppData/Local/UnrealEngine/4.15/DerivedDataCache/Boot.ddc.
[2017.05.12-00.17.59:690][  0]LogInit: Texture streaming: Enabled
[2017.05.12-00.18.01:287][  0]LogEngineSessionManager: EngineSessionManager initialized
[2017.05.12-00.18.02:016][  0]LogInit: Transaction tracking system initialized
[2017.05.12-00.18.05:390][  0]BlueprintLog: New page: Editor Load
[2017.05.12-00.18.15:113][  0]LocalizationService: Info Localization service is disabled
[2017.05.12-00.18.22:267][  0]LogConsoleResponse:Display: 
[2017.05.12-00.18.24:904][  0]LogCook:Display: Max memory allowance for cook 16384mb min free memory 0mb
[2017.05.12-00.18.24:904][  0]LogCook:Display: Mobile HDR setting 1
[2017.05.12-00.18.25:703][  0]LogFileCache: Scanning file cache for directory 'C:/Users/billy_000/team4/CISC374_Team4/Lionfish/Content/' took 0.14s
[2017.05.12-00.18.35:881][  0]Cmd: MAP LOAD FILE="../../../../../../Users/billy_000/team4/CISC374_Team4/Lionfish/Content/TopDownBP/Maps/TopDownExampleMap.umap" TEMPLATE=0 SHOWPROGRESS=1 FEATURELEVEL=3
[2017.05.12-00.18.35:901][  0]LightingResults: New page: Lighting Build
[2017.05.12-00.18.36:215][  0]MapCheck: New page: Map Check
[2017.05.12-00.18.36:215][  0]LightingResults: New page: Lighting Build
[2017.05.12-00.18.42:266][  0]LogLinker:Warning: Asset '../../../../../../Users/billy_000/team4/CISC374_Team4/Lionfish/Content/Meshes/Water_04/Water/Textures/water.uasset' has been saved with empty engine version. The asset will be loaded but may be incompatible.
[2017.05.12-00.18.50:228][  0]LogAIModule: Creating AISystem for world TopDownExampleMap
[2017.05.12-00.18.50:513][  0]LogEditorServer: Finished looking for orphan Actors (0.000 secs)
[2017.05.12-00.18.50:517][  0]Cmd: MAP CHECKDEP NOCLEARLOG
[2017.05.12-00.18.50:986][  0]MapCheck: Info Map check complete: 0 Error(s), 0 Warning(s), took 469.396ms to complete.
[2017.05.12-00.18.50:988][  0]LogFileHelpers: Loading map 'TopDownExampleMap' took 15.107
[2017.05.12-00.18.51:805][  0]LogWindowsTextInputMethodSystem:Display: IME system now deactivated.
[2017.05.12-00.18.51:806][  0]LogWindowsTextInputMethodSystem:Display: IME system now deactivated.
[2017.05.12-00.18.53:296][  0]LogCollectionManager: Loaded 0 collections in 0.011706 seconds
[2017.05.12-00.18.53:917][  0]LogFileCache: Scanning file cache for directory 'C:/Users/billy_000/team4/CISC374_Team4/Lionfish/Saved/Collections/' took 0.01s
[2017.05.12-00.18.53:917][  0]LogFileCache: Scanning file cache for directory 'C:/Users/billy_000/team4/CISC374_Team4/Lionfish/Content/Developers/billy000/Collections/' took 0.01s
[2017.05.12-00.18.53:917][  0]LogFileCache: Scanning file cache for directory 'C:/Users/billy_000/team4/CISC374_Team4/Lionfish/Content/Collections/' took 0.01s
[2017.05.12-00.18.53:917][  0]LogCollectionManager: Rebuilt the GUID cache for 0 collections in 0.000005 seconds
[2017.05.12-00.18.53:990][  0]LogContentBrowser: Native class hierarchy populated in 0.0575 seconds. Added 2245 classes and 453 folders.
[2017.05.12-00.18.54:071][  0]LogStats: UGameplayTagsManager::ConstructGameplayTagTree: Construct from data asset -  0.000 s
[2017.05.12-00.18.54:071][  0]LogStats: UGameplayTagsManager::ConstructGameplayTagTree: GameplayTagTreeChangedEvent.Broadcast -  0.000 s
[2017.05.12-00.18.54:592][  0]LogContentBrowser: Native class hierarchy updated for 'WidgetCarousel' in 0.0022 seconds. Added 0 classes and 0 folders.
[2017.05.12-00.18.57:918][  0]LogContentBrowser: Native class hierarchy updated for 'AddContentDialog' in 0.0035 seconds. Added 0 classes and 0 folders.
[2017.05.12-00.18.58:587][  0]LogContentBrowser: Native class hierarchy updated for 'SceneOutliner' in 0.0029 seconds. Added 1 classes and 2 folders.
[2017.05.12-00.18.59:448][  0]LogCrashTracker: Crashtracker disabled due to settings.
[2017.05.12-00.18.59:564][  0]LogUObjectGlobals:Warning: Failed to find object 'Class None.'
[2017.05.12-00.19.00:159][  0]LogContentBrowser: Native class hierarchy updated for 'HierarchicalLODOutliner' in 0.0029 seconds. Added 1 classes and 2 folders.
[2017.05.12-00.19.00:160][  0]LogLoad: (Engine Initialization) Total time: 211.59 seconds
[2017.05.12-00.19.00:160][  0]LogLoad: (Engine Initialization) Total Blueprint compile time: 2.77 seconds
[2017.05.12-00.19.00:160][  0]LogExternalProfiler: No external profilers were discovered.  External profiling features will not be available.
[2017.05.12-00.19.00:215][  0]LogOcInput: OculusInput pre-init called
[2017.05.12-00.19.00:447][  0]SourceControl: Info On branch master
[2017.05.12-00.19.00:447][  0]SourceControl: Info Your branch is up-to-date with 'origin/master'.
[2017.05.12-00.19.00:447][  0]SourceControl: Info Changes to be committed:
[2017.05.12-00.19.00:447][  0]SourceControl: Info   (use "git reset HEAD <file>..." to unstage)
[2017.05.12-00.19.00:447][  0]SourceControl: Info 	new file:   Lionfish/Content/Tutorial_Cinematic_Blueprint.uasset
[2017.05.12-00.19.00:447][  0]SourceControl: Info 	new file:   Lionfish/Content/tutorial1.uasset
[2017.05.12-00.19.00:447][  0]SourceControl: Info 	new file:   Lionfish/Content/tutorial2.uasset
[2017.05.12-00.19.00:448][  0]SourceControl: Info 	new file:   Lionfish/Content/tutorial3.uasset
[2017.05.12-00.19.00:448][  0]SourceControl: Info Changes not staged for commit:
[2017.05.12-00.19.00:448][  0]SourceControl: Info   (use "git add/rm <file>..." to update what will be committed)
[2017.05.12-00.19.00:448][  0]SourceControl: Info   (use "git checkout -- <file>..." to discard changes in working directory)
[2017.05.12-00.19.00:448][  0]SourceControl: Info 	modified:   Lionfish/Content/TopDownBP/Blueprints/Global_Variables.uasset
[2017.05.12-00.19.00:448][  0]SourceControl: Info 	modified:   Lionfish/Content/TopDownBP/Blueprints/MainMenu.uasset
[2017.05.12-00.19.00:448][  0]SourceControl: Info 	modified:   Lionfish/Content/TopDownBP/Maps/TopDownExampleMap.umap
[2017.05.12-00.19.00:448][  0]SourceControl: Info 	modified:   Lionfish/Intermediate/CachedAssetRegistry.bin
[2017.05.12-00.19.00:448][  0]SourceControl: Info 	modified:   Lionfish/Saved/AutoScreenshot.png
[2017.05.12-00.19.00:448][  0]SourceControl: Info 	modified:   Lionfish/Saved/Autosaves/Game/TopDownBP/Blueprints/MainMenu_Auto2.uasset
[2017.05.12-00.19.00:448][  0]SourceControl: Info 	modified:   Lionfish/Saved/Autosaves/Game/TopDownBP/Blueprints/MainMenu_Auto3.uasset
[2017.05.12-00.19.00:448][  0]SourceControl: Info 	modified:   Lionfish/Saved/Autosaves/Game/TopDownBP/Maps/TopDownExampleMap_Auto1.umap
[2017.05.12-00.19.00:449][  0]SourceControl: Info 	modified:   Lionfish/Saved/Autosaves/PackageRestoreData.json
[2017.05.12-00.19.00:449][  0]SourceControl: Info 	deleted:    Lionfish/Saved/Backup/example_map_lowend_2017-05-04-19-11-39.umap
[2017.05.12-00.19.00:449][  0]SourceControl: Info 	modified:   Lionfish/Saved/Config/Windows/Editor.ini
[2017.05.12-00.19.00:449][  0]SourceControl: Info 	modified:   Lionfish/Saved/Config/Windows/EditorPerProjectUserSettings.ini
[2017.05.12-00.19.00:449][  0]SourceControl: Info 	deleted:    Lionfish/Saved/Logs/Lionfish-backup-2017.05.02-23.56.57.log
[2017.05.12-00.19.00:449][  0]SourceControl: Info 	deleted:    Lionfish/Saved/Logs/Lionfish-backup-2017.05.04-16.22.04.log
[2017.05.12-00.19.00:449][  0]SourceControl: Info 	deleted:    Lionfish/Saved/Logs/Lionfish-backup-2017.05.04-16.39.21.log
[2017.05.12-00.19.00:449][  0]SourceControl: Info 	modified:   Lionfish/Saved/Logs/Lionfish.log
[2017.05.12-00.19.00:449][  0]SourceControl: Info 	deleted:    Lionfish/Saved/Logs/UE4CC-Windows-5F54B7AB421F1387B38E67AE9B14AB1C/CrashReportClient.ini
[2017.05.12-00.19.00:449][  0]SourceControl: Info 	deleted:    Lionfish/Saved/Logs/UE4CC-Windows-6E87E856410132EB2A1F9896BCC52C79/CrashReportClient.ini
[2017.05.12-00.19.00:449][  0]SourceControl: Info 	deleted:    Lionfish/Saved/Logs/UE4CC-Windows-81C9D36E4FE8284FABC8C68F2F9691F1/CrashReportClient.ini
[2017.05.12-00.19.00:449][  0]SourceControl: Info 	deleted:    Lionfish/Saved/Logs/UE4CC-Windows-DBB8D1DA4C177DADF01701833CA7788E/CrashReportClient.ini
[2017.05.12-00.19.00:450][  0]SourceControl: Info Untracked files:
[2017.05.12-00.19.00:450][  0]SourceControl: Info   (use "git add <file>..." to include in what will be committed)
[2017.05.12-00.19.00:450][  0]SourceControl: Info 	Lionfish/Saved/Autosaves/Game/TopDownBP/Blueprints/Global_Variables_Auto9.uasset
[2017.05.12-00.19.00:450][  0]SourceControl: Info 	Lionfish/Saved/Autosaves/Game/TopDownBP/Blueprints/MainMenu_Auto0.uasset
[2017.05.12-00.19.00:450][  0]SourceControl: Info 	Lionfish/Saved/Autosaves/Game/TopDownBP/Blueprints/MainMenu_Auto9.uasset
[2017.05.12-00.19.00:450][  0]SourceControl: Info 	Lionfish/Saved/Autosaves/Game/TopDownBP/Maps/TopDownExampleMap_Auto0.umap
[2017.05.12-00.19.00:450][  0]SourceControl: Info 	Lionfish/Saved/Autosaves/Game/Tutorial_Cinematic_Blueprint_Auto0.uasset
[2017.05.12-00.19.00:450][  0]SourceControl: Info 	Lionfish/Saved/Autosaves/Game/tutorial1_Auto3.uasset
[2017.05.12-00.19.00:450][  0]SourceControl: Info 	Lionfish/Saved/Autosaves/Game/tutorial2_Auto3.uasset
[2017.05.12-00.19.00:450][  0]SourceControl: Info 	Lionfish/Saved/Autosaves/Game/tutorial3_Auto3.uasset
[2017.05.12-00.19.00:450][  0]SourceControl: Info 	Lionfish/Saved/Backup/Global_Variables_2017-05-08-22-36-14.uasset
[2017.05.12-00.19.00:450][  0]SourceControl: Info 	Lionfish/Saved/Backup/Global_Variables_2017-05-10-10-11-13.uasset
[2017.05.12-00.19.00:450][  0]SourceControl: Info 	Lionfish/Saved/Backup/MainMenu_2017-05-08-22-36-14.uasset
[2017.05.12-00.19.00:451][  0]SourceControl: Info 	Lionfish/Saved/Backup/MainMenu_2017-05-09-22-10-52.uasset
[2017.05.12-00.19.00:451][  0]SourceControl: Info 	Lionfish/Saved/Backup/MainMenu_2017-05-10-10-11-13.uasset
[2017.05.12-00.19.00:451][  0]SourceControl: Info 	Lionfish/Saved/Backup/MainMenu_2017-05-11-10-16-00.uasset
[2017.05.12-00.19.00:451][  0]SourceControl: Info 	Lionfish/Saved/Backup/MainMenu_2017-05-11-10-26-01.uasset
[2017.05.12-00.19.00:451][  0]SourceControl: Info 	Lionfish/Saved/Backup/MainMenu_2017-05-11-17-37-13.uasset
[2017.05.12-00.19.00:451][  0]SourceControl: Info 	Lionfish/Saved/Backup/TopDownExampleMap_2017-05-09-22-10-49.umap
[2017.05.12-00.19.00:451][  0]SourceControl: Info 	Lionfish/Saved/Backup/TopDownExampleMap_2017-05-10-10-11-28.umap
[2017.05.12-00.19.00:451][  0]SourceControl: Info 	Lionfish/Saved/Backup/TopDownExampleMap_2017-05-11-09-34-14.umap
[2017.05.12-00.19.00:451][  0]SourceControl: Info 	Lionfish/Saved/Backup/TopDownExampleMap_2017-05-11-17-37-15.umap
[2017.05.12-00.19.00:451][  0]SourceControl: Info 	Lionfish/Saved/Logs/Lionfish-backup-2017.05.10-21.49.22.log
[2017.05.12-00.19.00:451][  0]SourceControl: Info 	Lionfish/Saved/Logs/Lionfish-backup-2017.05.11-09.20.09.log
[2017.05.12-00.19.00:451][  0]SourceControl: Info 	Lionfish/Saved/Logs/Lionfish-backup-2017.05.11-20.15.36.log
[2017.05.12-00.19.00:451][  0]SourceControl: Info 	Lionfish/Saved/Logs/UE4CC-Windows-724704184840CB35E1EDC3941F6DBCA4/
[2017.05.12-00.19.00:452][  0]SourceControl: Info 	Lionfish/Saved/Logs/UE4CC-Windows-A79CCED54CD5B088EC4D28B1B34E59D4/
[2017.05.12-00.19.00:452][  0]SourceControl: Info 	Lionfish/Saved/Logs/UE4CC-Windows-CAAFF9EF49CF041013A821B2D53F7B66/
[2017.05.12-00.19.00:480][  0]LogContentStreaming: Texture pool size now 400 MB
[2017.05.12-00.19.00:561][  0]LogSlate: Took 0.029365 seconds to synchronously load lazily loaded font '../../../Engine/Content/Slate/Fonts/Roboto-Regular.ttf' (155K)
[2017.05.12-00.19.00:609][  0]LogSlate: Took 0.028765 seconds to synchronously load lazily loaded font '../../../Engine/Content/Slate/Fonts/Roboto-Bold.ttf' (160K)
[2017.05.12-00.19.00:654][  0]LogSlate: Took 0.021213 seconds to synchronously load lazily loaded font '../../../Engine/Content/Editor/Slate/Fonts/FontAwesome.ttf' (139K)
[2017.05.12-00.19.01:854][  0]LogRenderer: Reallocating scene render targets to support 976x368 NumSamples 1 (Frame:2).
[2017.05.12-00.19.03:239][  0]LogSlate: Took 0.081747 seconds to synchronously load lazily loaded font '../../../Engine/Content/Slate/Fonts/Roboto-Light.ttf' (159K)
[2017.05.12-00.19.04:802][  2]LogSlate: Took 0.001374 seconds to synchronously load lazily loaded font '../../../Engine/Content/Slate/Fonts/Roboto-Light.ttf' (159K)
[2017.05.12-00.19.06:257][ 10]LogAssetRegistry: Asset discovery search completed in 149.3261 seconds
[2017.05.12-00.19.06:258][ 10]LogCollectionManager: Rebuilt the object cache for 0 collections in 0.000029 seconds (found 0 objects)
[2017.05.12-00.19.06:258][ 10]LogCollectionManager: Fixed up redirectors for 0 collections in 0.000135 seconds (updated 0 objects)
[2017.05.12-00.19.08:977][ 58]LogFileCache: Retrieving MD5 hashes for directory 'C:/Users/billy_000/team4/CISC374_Team4/Lionfish/Content/' took 8.72s
[2017.05.12-00.19.12:560][187]LogSlate: Took 0.001017 seconds to synchronously load lazily loaded font '../../../Engine/Content/Slate/Fonts/Roboto-Light.ttf' (159K)
[2017.05.12-00.19.13:783][187]LogSlate: Took 0.000950 seconds to synchronously load lazily loaded font '../../../Engine/Content/Slate/Fonts/Roboto-Regular.ttf' (155K)
[2017.05.12-00.19.15:431][187]LogContentBrowser: Native class hierarchy updated for 'BlueprintGraph' in 0.0042 seconds. Added 112 classes and 0 folders.
[2017.05.12-00.19.19:673][187]LogSlate: Took 0.017881 seconds to synchronously load lazily loaded font '../../../Engine/Content/Editor/Slate/Fonts/Roboto-BoldCondensed.ttf' (158K)
[2017.05.12-00.19.32:868][377]LogSlate: Took 0.014419 seconds to synchronously load lazily loaded font '../../../Engine/Content/Editor/Slate/Fonts/Roboto-Italic.ttf' (157K)
[2017.05.12-00.29.01:350][890]LogFileHelpers: Editor autosave (incl. sublevels) for '/Game/TopDownBP/Maps/TopDownExampleMap' took 0.207
[2017.05.12-00.29.01:372][890]OBJ SavePackage: Generating thumbnails for [0] asset(s) in package [/Game/TopDownBP/Blueprints/MainMenu] ([1] browsable assets)...
[2017.05.12-00.29.01:372][890]OBJ SavePackage: Finished generating thumbnails for package [/Game/TopDownBP/Blueprints/MainMenu]
[2017.05.12-00.29.01:845][890]LogSavePackage: Save=250.33ms
[2017.05.12-00.29.01:845][890]LogSavePackage: Moving '../../../../../../Users/billy_000/team4/CISC374_Team4/Lionfish/Saved/MainMenu_Auto1BE1F577649E7568FCB0D4EA17887C5EA.tmp' to '../../../../../../Users/billy_000/team4/CISC374_Team4/Lionfish/Saved/Autosaves/Game/TopDownBP/Blueprints/MainMenu_Auto1.uasset'
[2017.05.12-00.29.01:861][890]LogSavePackage:Display: Finished SavePackage ../../../../../../Users/billy_000/team4/CISC374_Team4/Lionfish/Saved/Autosaves/Game/TopDownBP/Blueprints/MainMenu_Auto1.uasset
[2017.05.12-00.29.01:861][890]LogFileHelpers: Auto-saving content packages took 0.507
[2017.05.12-00.32.53:226][557]LogSlate: Took 0.055586 seconds to synchronously load lazily loaded font '../../../Engine/Content/Slate/Fonts/DroidSansFallback.ttf' (3848K)
[2017.05.12-00.41.23:811][694]LogFileHelpers: Editor autosave (incl. sublevels) for '/Game/TopDownBP/Maps/TopDownExampleMap' took 0.156
[2017.05.12-00.41.23:824][694]OBJ SavePackage: Generating thumbnails for [0] asset(s) in package [/Game/TopDownBP/Blueprints/MainMenu] ([1] browsable assets)...
[2017.05.12-00.41.23:825][694]OBJ SavePackage: Finished generating thumbnails for package [/Game/TopDownBP/Blueprints/MainMenu]
[2017.05.12-00.41.24:193][694]LogSavePackage: Save=283.40ms
[2017.05.12-00.41.24:194][694]LogSavePackage: Moving '../../../../../../Users/billy_000/team4/CISC374_Team4/Lionfish/Saved/MainMenu_Auto2EA0D93CC4AA8923A5165AEB7BA5BA289.tmp' to '../../../../../../Users/billy_000/team4/CISC374_Team4/Lionfish/Saved/Autosaves/Game/TopDownBP/Blueprints/MainMenu_Auto2.uasset'
[2017.05.12-00.41.24:212][694]LogSavePackage:Display: Finished SavePackage ../../../../../../Users/billy_000/team4/CISC374_Team4/Lionfish/Saved/Autosaves/Game/TopDownBP/Blueprints/MainMenu_Auto2.uasset
[2017.05.12-00.41.24:212][694]LogFileHelpers: Auto-saving content packages took 0.396
[2017.05.12-00.51.25:347][151]LogFileHelpers: Editor autosave (incl. sublevels) for '/Game/TopDownBP/Maps/TopDownExampleMap' took 0.395
[2017.05.12-00.51.25:365][151]OBJ SavePackage: Generating thumbnails for [0] asset(s) in package [/Game/TopDownBP/Blueprints/MainMenu] ([1] browsable assets)...
[2017.05.12-00.51.25:366][151]OBJ SavePackage: Finished generating thumbnails for package [/Game/TopDownBP/Blueprints/MainMenu]
[2017.05.12-00.51.25:746][151]LogSavePackage: Save=274.22ms
[2017.05.12-00.51.25:746][151]LogSavePackage: Moving '../../../../../../Users/billy_000/team4/CISC374_Team4/Lionfish/Saved/MainMenu_Auto3CD5349DD4A9FDF0686E18295A7B5333F.tmp' to '../../../../../../Users/billy_000/team4/CISC374_Team4/Lionfish/Saved/Autosaves/Game/TopDownBP/Blueprints/MainMenu_Auto3.uasset'
[2017.05.12-00.51.25:757][151]LogSavePackage:Display: Finished SavePackage ../../../../../../Users/billy_000/team4/CISC374_Team4/Lionfish/Saved/Autosaves/Game/TopDownBP/Blueprints/MainMenu_Auto3.uasset
[2017.05.12-00.51.25:757][151]LogFileHelpers: Auto-saving content packages took 0.401
[2017.05.12-01.05.14:029][855]LogFileHelpers: Editor autosave (incl. sublevels) for '/Game/TopDownBP/Maps/TopDownExampleMap' took 0.066
[2017.05.12-01.05.14:036][855]OBJ SavePackage: Generating thumbnails for [0] asset(s) in package [/Game/TopDownBP/Blueprints/MainMenu] ([1] browsable assets)...
[2017.05.12-01.05.14:037][855]OBJ SavePackage: Finished generating thumbnails for package [/Game/TopDownBP/Blueprints/MainMenu]
[2017.05.12-01.05.14:374][855]LogSavePackage: Save=292.68ms
[2017.05.12-01.05.14:374][855]LogSavePackage: Moving '../../../../../../Users/billy_000/team4/CISC374_Team4/Lionfish/Saved/MainMenu_Auto4541E5B12422CE34CE15158AC90AEB59E.tmp' to '../../../../../../Users/billy_000/team4/CISC374_Team4/Lionfish/Saved/Autosaves/Game/TopDownBP/Blueprints/MainMenu_Auto4.uasset'
[2017.05.12-01.05.14:382][855]LogSavePackage:Display: Finished SavePackage ../../../../../../Users/billy_000/team4/CISC374_Team4/Lionfish/Saved/Autosaves/Game/TopDownBP/Blueprints/MainMenu_Auto4.uasset
[2017.05.12-01.05.14:382][855]LogFileHelpers: Auto-saving content packages took 0.351
[2017.05.12-01.08.30:761][382]BlueprintLog: New page: Compile MainMenu
[2017.05.12-01.08.35:798][441]Cmd: OBJ SAVEPACKAGE PACKAGE="/Game/TopDownBP/Blueprints/MainMenu" FILE="../../../../../../Users/billy_000/team4/CISC374_Team4/Lionfish/Content/TopDownBP/Blueprints/MainMenu.uasset" SILENT=true
[2017.05.12-01.08.36:080][441]LogSavePackage: Save=237.95ms
[2017.05.12-01.08.36:080][441]LogSavePackage: Moving '../../../../../../Users/billy_000/team4/CISC374_Team4/Lionfish/Saved/MainMenu7B5ABBC34D5B2AA0060EE89D7E5A917E.tmp' to '../../../../../../Users/billy_000/team4/CISC374_Team4/Lionfish/Content/TopDownBP/Blueprints/MainMenu.uasset'
[2017.05.12-01.08.36:098][441]LogSavePackage:Display: Finished SavePackage ../../../../../../Users/billy_000/team4/CISC374_Team4/Lionfish/Content/TopDownBP/Blueprints/MainMenu.uasset
[2017.05.12-01.09.14:346][117]LogEditorActor: Deleted Actor: Tutorial_Cinematic_Blueprint_C
[2017.05.12-01.09.14:443][117]LogEditorActor: Deleted 1 Actors (0.099 secs)
[2017.05.12-01.09.22:134][320]LogTemp: Repeting last play command: Selected Viewport
[2017.05.12-01.09.22:219][320]LogBlueprintUserMessages: Early PlayInEditor Detection: Level '/Game/TopDownBP/Maps/TopDownExampleMap.TopDownExampleMap:PersistentLevel' has LevelScriptBlueprint '/Game/TopDownBP/Maps/TopDownExampleMap.TopDownExampleMap:PersistentLevel.TopDownExampleMap' with GeneratedClass '/Game/TopDownBP/Maps/TopDownExampleMap.TopDownExampleMap_C' with ClassGeneratedBy '/Game/TopDownBP/Maps/TopDownExampleMap.TopDownExampleMap:PersistentLevel.TopDownExampleMap'
[2017.05.12-01.09.22:265][320]BlueprintLog: New page: Pre-Play auto-recompile
[2017.05.12-01.09.22:265][320]LogPlayLevel: [PlayLevel] Compiling MainMenu before play...
[2017.05.12-01.09.22:856][320]LogPlayLevel: PlayLevel: Blueprint regeneration took 591 ms (1 blueprints)
[2017.05.12-01.09.22:887][320]PIE: New page: PIE session: TopDownExampleMap (May 11, 2017, 5:09:22 PM)
[2017.05.12-01.09.22:890][320]LogPlayLevel: Creating play world package: /Game/TopDownBP/Maps/UEDPIE_0_TopDownExampleMap
[2017.05.12-01.09.23:010][320]LogPlayLevel: PIE: StaticDuplicateObject took: (0.119073s)
[2017.05.12-01.09.23:013][320]LogAIModule: Creating AISystem for world TopDownExampleMap
[2017.05.12-01.09.23:014][320]LogPlayLevel: PIE: World Init took: (0.004564s)
[2017.05.12-01.09.23:015][320]LogPlayLevel: PIE: Created PIE world by copying editor world from /Game/TopDownBP/Maps/TopDownExampleMap.TopDownExampleMap to /Game/TopDownBP/Maps/UEDPIE_0_TopDownExampleMap.TopDownExampleMap (0.124836s)
[2017.05.12-01.09.23:121][320]LogInit: XAudio2 using 'Speaker/HP (Realtek High Definition Audio)' : 2 channels at 48 kHz using 32 bits per sample (channel mask 0x3)
[2017.05.12-01.09.23:194][320]LogInit: FAudioDevice initialized.
[2017.05.12-01.09.23:317][320]LogLoad: Game class is 'TopDownGameMode_C'
[2017.05.12-01.09.23:336][320]LogWorld: Bringing World /Game/TopDownBP/Maps/UEDPIE_0_TopDownExampleMap.TopDownExampleMap up for play (max tick rate 0) at 2017.05.11-21.09.23
[2017.05.12-01.09.23:341][320]LogWorld: Bringing up level for play took: 0.019137
[2017.05.12-01.09.23:649][320]LogContentBrowser: Native class hierarchy updated for 'MovieSceneCapture' in 0.0050 seconds. Added 11 classes and 0 folders.
[2017.05.12-01.09.23:664][320]PIE: Info Play in editor start time for /Game/TopDownBP/Maps/UEDPIE_0_TopDownExampleMap 2.406
[2017.05.12-01.09.23:665][320]LogBlueprintUserMessages: Late PlayInEditor Detection: Level '/Game/TopDownBP/Maps/TopDownExampleMap.TopDownExampleMap:PersistentLevel' has LevelScriptBlueprint '/Game/TopDownBP/Maps/TopDownExampleMap.TopDownExampleMap:PersistentLevel.TopDownExampleMap' with GeneratedClass '/Game/TopDownBP/Maps/TopDownExampleMap.TopDownExampleMap_C' with ClassGeneratedBy '/Game/TopDownBP/Maps/TopDownExampleMap.TopDownExampleMap:PersistentLevel.TopDownExampleMap'
[2017.05.12-01.09.30:132][419]LogScript:Warning: Accessed None trying to read property CallFunc_SlotAsCanvasSlot_ReturnValue3
	MainMenu_C /Engine/Transient.UnrealEdEngine_0:Global_Variables_C_0.MainMenu_C_1
	Function /Game/TopDownBP/Blueprints/MainMenu.MainMenu_C:ExecuteUbergraph_MainMenu:06D3
[2017.05.12-01.09.47:056][696]LogBlueprintUserMessages: Early EndPlayMap Detection: Level '/Game/TopDownBP/Maps/TopDownExampleMap.TopDownExampleMap:PersistentLevel' has LevelScriptBlueprint '/Game/TopDownBP/Maps/TopDownExampleMap.TopDownExampleMap:PersistentLevel.TopDownExampleMap' with GeneratedClass '/Game/TopDownBP/Maps/TopDownExampleMap.TopDownExampleMap_C' with ClassGeneratedBy '/Game/TopDownBP/Maps/TopDownExampleMap.TopDownExampleMap:PersistentLevel.TopDownExampleMap'
[2017.05.12-01.09.47:194][696]LogBlueprintUserMessages: Late EndPlayMap Detection: Level '/Game/TopDownBP/Maps/TopDownExampleMap.TopDownExampleMap:PersistentLevel' has LevelScriptBlueprint '/Game/TopDownBP/Maps/TopDownExampleMap.TopDownExampleMap:PersistentLevel.TopDownExampleMap' with GeneratedClass '/Game/TopDownBP/Maps/TopDownExampleMap.TopDownExampleMap_C' with ClassGeneratedBy '/Game/TopDownBP/Maps/TopDownExampleMap.TopDownExampleMap:PersistentLevel.TopDownExampleMap'
[2017.05.12-01.12.18:582][822]BlueprintLog: New page: Compile MainMenu
[2017.05.12-01.13.18:322][139]Cmd: OBJ SAVEPACKAGE PACKAGE="/Game/TopDownBP/Blueprints/MainMenu" FILE="../../../../../../Users/billy_000/team4/CISC374_Team4/Lionfish/Content/TopDownBP/Blueprints/MainMenu.uasset" SILENT=true
[2017.05.12-01.13.18:670][139]LogSavePackage: Save=291.05ms
[2017.05.12-01.13.18:670][139]LogSavePackage: Moving '../../../../../../Users/billy_000/team4/CISC374_Team4/Lionfish/Saved/MainMenu24ACC9084BF19638FFFDC8B13B733906.tmp' to '../../../../../../Users/billy_000/team4/CISC374_Team4/Lionfish/Content/TopDownBP/Blueprints/MainMenu.uasset'
[2017.05.12-01.13.18:714][139]LogSavePackage:Display: Finished SavePackage ../../../../../../Users/billy_000/team4/CISC374_Team4/Lionfish/Content/TopDownBP/Blueprints/MainMenu.uasset
[2017.05.12-01.14.35:400][577]LogSavePackage: Save=997.10ms
[2017.05.12-01.14.35:400][577]LogSavePackage: Moving '../../../../../../Users/billy_000/team4/CISC374_Team4/Lionfish/Saved/TopDownExampleMap034166F8413687A84D79F3B7C2E03040.tmp' to '../../../../../../Users/billy_000/team4/CISC374_Team4/Lionfish/Content/TopDownBP/Maps/TopDownExampleMap.umap'
[2017.05.12-01.14.35:425][577]LogSavePackage:Display: Finished SavePackage ../../../../../../Users/billy_000/team4/CISC374_Team4/Lionfish/Content/TopDownBP/Maps/TopDownExampleMap.umap
[2017.05.12-01.14.35:592][577]LogFileHelpers: Saving map 'TopDownExampleMap' took 1.995
[2017.05.12-13.54.18:276][211]LogTemp: Repeting last play command: Selected Viewport
[2017.05.12-13.54.18:383][211]LogBlueprintUserMessages: Early PlayInEditor Detection: Level '/Game/TopDownBP/Maps/TopDownExampleMap.TopDownExampleMap:PersistentLevel' has LevelScriptBlueprint '/Game/TopDownBP/Maps/TopDownExampleMap.TopDownExampleMap:PersistentLevel.TopDownExampleMap' with GeneratedClass '/Game/TopDownBP/Maps/TopDownExampleMap.TopDownExampleMap_C' with ClassGeneratedBy '/Game/TopDownBP/Maps/TopDownExampleMap.TopDownExampleMap:PersistentLevel.TopDownExampleMap'
[2017.05.12-13.54.18:383][211]LogPlayLevel: PlayLevel: No blueprints needed recompiling
[2017.05.12-13.54.18:384][211]PIE: New page: PIE session: TopDownExampleMap (May 12, 2017, 5:54:18 AM)
[2017.05.12-13.54.18:387][211]LogPlayLevel: Creating play world package: /Game/TopDownBP/Maps/UEDPIE_0_TopDownExampleMap
[2017.05.12-13.54.18:569][211]LogPlayLevel: PIE: StaticDuplicateObject took: (0.181977s)
[2017.05.12-13.54.18:573][211]LogAIModule: Creating AISystem for world TopDownExampleMap
[2017.05.12-13.54.18:573][211]LogPlayLevel: PIE: World Init took: (0.004034s)
[2017.05.12-13.54.18:574][211]LogPlayLevel: PIE: Created PIE world by copying editor world from /Game/TopDownBP/Maps/TopDownExampleMap.TopDownExampleMap to /Game/TopDownBP/Maps/UEDPIE_0_TopDownExampleMap.TopDownExampleMap (0.186846s)
[2017.05.12-13.54.18:674][211]LogInit: XAudio2 using 'Speaker/HP (Realtek High Definition Audio)' : 2 channels at 48 kHz using 32 bits per sample (channel mask 0x3)
[2017.05.12-13.54.18:753][211]LogInit: FAudioDevice initialized.
[2017.05.12-13.54.18:833][211]LogLoad: Game class is 'TopDownGameMode_C'
[2017.05.12-13.54.18:850][211]LogWorld: Bringing World /Game/TopDownBP/Maps/UEDPIE_0_TopDownExampleMap.TopDownExampleMap up for play (max tick rate 0) at 2017.05.12-09.54.18
[2017.05.12-13.54.18:853][211]LogWorld: Bringing up level for play took: 0.016719
[2017.05.12-13.54.18:883][211]PIE: Info Play in editor start time for /Game/TopDownBP/Maps/UEDPIE_0_TopDownExampleMap 0.282
[2017.05.12-13.54.18:884][211]LogBlueprintUserMessages: Late PlayInEditor Detection: Level '/Game/TopDownBP/Maps/TopDownExampleMap.TopDownExampleMap:PersistentLevel' has LevelScriptBlueprint '/Game/TopDownBP/Maps/TopDownExampleMap.TopDownExampleMap:PersistentLevel.TopDownExampleMap' with GeneratedClass '/Game/TopDownBP/Maps/TopDownExampleMap.TopDownExampleMap_C' with ClassGeneratedBy '/Game/TopDownBP/Maps/TopDownExampleMap.TopDownExampleMap:PersistentLevel.TopDownExampleMap'
[2017.05.12-13.55.48:521][632]LogSpawn:Warning: SpawnActor failed because of collision at the spawn location [X=-545.164 Y=-641.999 Z=205.948] for [Prey_Fish_C]
[2017.05.12-13.56.31:791][343]LogScript:Warning: Attempted to access Diver_Blueprint_C_0 via property K2Node_Event_Other, but Diver_Blueprint_C_0 is pending kill
	Lionfish_C /Game/TopDownBP/Maps/UEDPIE_0_TopDownExampleMap.TopDownExampleMap:PersistentLevel.Lionfish_4
	Function /Game/TopDownBP/Character/Lionfish.Lionfish_C:ExecuteUbergraph_Lionfish:0DD2
[2017.05.12-13.56.31:792][343]PIE:Error: Error Blueprint Runtime Error: Attempted to access Diver_Blueprint_C_0 via property K2Node_Event_Other, but Diver_Blueprint_C_0 is pending kill from function: 'ExecuteUbergraph_Lionfish' from node: Branch in graph: EventGraph in object: Lionfish with description: Attempted to access Diver_Blueprint_C_0 via property K2Node_Event_Other, but Diver_Blueprint_C_0 is pending kill
[2017.05.12-13.56.51:480][652]LogBlueprintUserMessages: Early EndPlayMap Detection: Level '/Game/TopDownBP/Maps/TopDownExampleMap.TopDownExampleMap:PersistentLevel' has LevelScriptBlueprint '/Game/TopDownBP/Maps/TopDownExampleMap.TopDownExampleMap:PersistentLevel.TopDownExampleMap' with GeneratedClass '/Game/TopDownBP/Maps/TopDownExampleMap.TopDownExampleMap_C' with ClassGeneratedBy '/Game/TopDownBP/Maps/TopDownExampleMap.TopDownExampleMap:PersistentLevel.TopDownExampleMap'
[2017.05.12-13.56.51:584][652]LogBlueprintUserMessages: Late EndPlayMap Detection: Level '/Game/TopDownBP/Maps/TopDownExampleMap.TopDownExampleMap:PersistentLevel' has LevelScriptBlueprint '/Game/TopDownBP/Maps/TopDownExampleMap.TopDownExampleMap:PersistentLevel.TopDownExampleMap' with GeneratedClass '/Game/TopDownBP/Maps/TopDownExampleMap.TopDownExampleMap_C' with ClassGeneratedBy '/Game/TopDownBP/Maps/TopDownExampleMap.TopDownExampleMap:PersistentLevel.TopDownExampleMap'
[2017.05.12-13.56.51:777][652]LogRenderer: Reallocating scene render targets to support 976x532 NumSamples 1 (Frame:3795).
[2017.05.12-14.28.03:925][527]LogRenderer: Reallocating scene render targets to support 1000x532 NumSamples 1 (Frame:3801).
[2017.05.12-14.28.36:007][914]LogFactory: FactoryCreateFile: Texture with ReimportTextureFactory (0 0 C:\Users\billy_000\Desktop\Prof. Grouper.bmp)
[2017.05.12-14.28.36:242][914]LogImageWrapper:Error: RLE compression of BMP images not supported
[2017.05.12-14.28.36:275][914]Error: Texture import failed
[2017.05.12-14.28.40:706][914]LogAssetTools:Warning: Failed to import 'C:\Users\billy_000\Desktop\Prof. Grouper.bmp'. Failed to create asset '/Game/Prof__Grouper'.
Please see Output Log for details.
[2017.05.12-14.28.45:770][951]LogFactory: FactoryCreateFile: Texture with ReimportTextureFactory (0 0 C:\Users\billy_000\Desktop\Prof. Grouper.bmp)
[2017.05.12-14.28.45:885][951]LogImageWrapper:Error: RLE compression of BMP images not supported
[2017.05.12-14.28.45:899][951]Error: Texture import failed
[2017.05.12-14.28.47:794][951]LogAssetTools:Warning: Failed to import 'C:\Users\billy_000\Desktop\Prof. Grouper.bmp'. Failed to create asset '/Game/Prof__Grouper'.
Please see Output Log for details.
[2017.05.12-14.29.45:014][250]LogFactory: FactoryCreateFile: Texture with ReimportTextureFactory (0 0 C:\Users\billy_000\Desktop\ProfGrouper.jpg)
[2017.05.12-14.29.45:711][250]LogTexture:Display: Building textures: ProfGrouper (BGRA8, 1678X1709) - 126 MB total VRAM
[2017.05.12-14.31.19:618][717]LogSavePackage: Save=311.24ms
[2017.05.12-14.31.19:618][717]LogSavePackage: Moving '../../../../../../Users/billy_000/team4/CISC374_Team4/Lionfish/Saved/FactDisplayEB0D569D4AD2BE35BB623789CF434B46.tmp' to '../../../../../../Users/billy_000/team4/CISC374_Team4/Lionfish/Content/User_Interface/Game_Menu/FactDisplay.uasset'
[2017.05.12-14.31.19:640][717]LogSavePackage:Display: Finished SavePackage ../../../../../../Users/billy_000/team4/CISC374_Team4/Lionfish/Content/User_Interface/Game_Menu/FactDisplay.uasset
[2017.05.12-14.31.41:634][142]LogFileHelpers: Editor autosave (incl. sublevels) for '/Game/TopDownBP/Maps/TopDownExampleMap' took 0.133
[2017.05.12-14.31.41:647][142]OBJ SavePackage: Generating thumbnails for [1] asset(s) in package [/Game/ProfGrouper] ([1] browsable assets)...
[2017.05.12-14.31.41:778][142]OBJ SavePackage:     Rendered thumbnail for [Texture2D /Game/ProfGrouper.ProfGrouper]
[2017.05.12-14.31.41:779][142]OBJ SavePackage: Finished generating thumbnails for package [/Game/ProfGrouper]
[2017.05.12-14.31.41:779][142]Cmd: OBJ SAVEPACKAGE PACKAGE="/Game/ProfGrouper" FILE="../../../../../../Users/billy_000/team4/CISC374_Team4/Lionfish/Saved/Autosaves/Game/ProfGrouper_Auto5.uasset" SILENT=false AUTOSAVING=true
[2017.05.12-14.31.41:859][142]LogSavePackage: Save=70.67ms
[2017.05.12-14.31.41:859][142]LogSavePackage: Moving '../../../../../../Users/billy_000/team4/CISC374_Team4/Lionfish/Saved/ProfGrouper_Auto5D7B897C74C9DC24101F5B497CD42329B.tmp' to '../../../../../../Users/billy_000/team4/CISC374_Team4/Lionfish/Saved/Autosaves/Game/ProfGrouper_Auto5.uasset'
[2017.05.12-14.31.41:881][142]LogSavePackage:Display: Finished SavePackage ../../../../../../Users/billy_000/team4/CISC374_Team4/Lionfish/Saved/Autosaves/Game/ProfGrouper_Auto5.uasset
[2017.05.12-14.31.41:882][142]LogFileHelpers: Auto-saving content packages took 0.240
[2017.05.12-14.43.06:692][677]LogFileHelpers: Editor autosave (incl. sublevels) for '/Game/TopDownBP/Maps/TopDownExampleMap' took 0.102
[2017.05.12-14.43.06:702][677]OBJ SavePackage: Generating thumbnails for [0] asset(s) in package [/Game/User_Interface/Game_Menu/FactDisplay] ([1] browsable assets)...
[2017.05.12-14.43.06:702][677]OBJ SavePackage: Finished generating thumbnails for package [/Game/User_Interface/Game_Menu/FactDisplay]
[2017.05.12-14.43.06:978][677]LogSavePackage: Save=200.05ms
[2017.05.12-14.43.06:978][677]LogSavePackage: Moving '../../../../../../Users/billy_000/team4/CISC374_Team4/Lionfish/Saved/FactDisplay_Auto66972C0034C548ECC7CF807814DFD22C4.tmp' to '../../../../../../Users/billy_000/team4/CISC374_Team4/Lionfish/Saved/Autosaves/Game/User_Interface/Game_Menu/FactDisplay_Auto6.uasset'
[2017.05.12-14.43.06:989][677]LogSavePackage:Display: Finished SavePackage ../../../../../../Users/billy_000/team4/CISC374_Team4/Lionfish/Saved/Autosaves/Game/User_Interface/Game_Menu/FactDisplay_Auto6.uasset
[2017.05.12-14.43.06:989][677]LogFileHelpers: Auto-saving content packages took 0.292
[2017.05.12-14.43.21:100][775]LogTexture:Display: Building textures: Water_Normal4 (BC5, 1024X1024) - 168 MB total VRAM
[2017.05.12-14.48.57:656][789]Cmd: OBJ SAVEPACKAGE PACKAGE="/Game/ProfGrouper" FILE="../../../../../../Users/billy_000/team4/CISC374_Team4/Lionfish/Content/ProfGrouper.uasset" SILENT=true
[2017.05.12-14.48.58:333][789]LogSavePackage: Save=670.50ms
[2017.05.12-14.48.58:333][789]LogSavePackage: Moving '../../../../../../Users/billy_000/team4/CISC374_Team4/Lionfish/Saved/ProfGrouper561796A240D8EF3C038BAAA4130EF406.tmp' to '../../../../../../Users/billy_000/team4/CISC374_Team4/Lionfish/Content/ProfGrouper.uasset'
[2017.05.12-14.48.58:395][789]LogSavePackage:Display: Finished SavePackage ../../../../../../Users/billy_000/team4/CISC374_Team4/Lionfish/Content/ProfGrouper.uasset
[2017.05.12-14.48.59:502][789]LogSavePackage: Save=164.61ms
[2017.05.12-14.48.59:502][789]LogSavePackage: Moving '../../../../../../Users/billy_000/team4/CISC374_Team4/Lionfish/Saved/FactDisplay24A6461E4C33A8DC10D7438EC4DC21ED.tmp' to '../../../../../../Users/billy_000/team4/CISC374_Team4/Lionfish/Content/User_Interface/Game_Menu/FactDisplay.uasset'
[2017.05.12-14.48.59:519][789]LogSavePackage:Display: Finished SavePackage ../../../../../../Users/billy_000/team4/CISC374_Team4/Lionfish/Content/User_Interface/Game_Menu/FactDisplay.uasset
[2017.05.12-15.06.21:380][ 59]LogWindowsTextInputMethodSystem:Display: IME system now deactivated.
[2017.05.12-15.06.21:394][ 59]LogWindowsTextInputMethodSystem:Display: IME system now deactivated.
[2017.05.12-15.06.22:105][ 60]Cmd: QUIT_EDITOR
[2017.05.12-15.06.23:296][ 60]LogExit: Preparing to exit.
[2017.05.12-15.06.24:561][ 60]LogDirectoryWatcher: A directory notification for 'C:/Users/billy_000/team4/CISC374_Team4/Lionfish/Content/' was aborted.
[2017.05.12-15.06.25:785][ 60]LogExit: Editor shut down
[2017.05.12-15.06.25:792][ 60]LogExit: Transaction tracking system shut down
[2017.05.12-15.06.30:014][ 60]LogObj: Freed 0b from 0 cluster array pools.
[2017.05.12-15.06.30:015][ 60]LogExit: Object subsystem successfully closed.
[2017.05.12-15.06.30:846][ 60]LogD3D11RHI: Shutdown
[2017.05.12-15.06.30:846][ 60]LogD3D11RHI: CleanupD3DDevice
[2017.05.12-15.06.31:446][ 60]LogD3D11RHI: ~FD3D11DynamicRHI
[2017.05.12-15.06.33:519][ 60]LogModuleManager: Shutting down and abandoning module MovieSceneCapture (506)
[2017.05.12-15.06.33:520][ 60]LogModuleManager: Shutting down and abandoning module SequencerWidgets (504)
[2017.05.12-15.06.33:520][ 60]LogModuleManager: Shutting down and abandoning module BlueprintGraph (502)
[2017.05.12-15.06.33:520][ 60]LogModuleManager: Shutting down and abandoning module BlueprintProfiler (500)
[2017.05.12-15.06.33:568][ 60]LogModuleManager: Shutting down and abandoning module HierarchicalLODOutliner (498)
[2017.05.12-15.06.33:575][ 60]LogModuleManager: Shutting down and abandoning module CrashTracker (496)
[2017.05.12-15.06.33:575][ 60]LogModuleManager: Shutting down and abandoning module SceneOutliner (494)
[2017.05.12-15.06.33:575][ 60]LogModuleManager: Shutting down and abandoning module AddContentDialog (492)
[2017.05.12-15.06.33:587][ 60]LogDirectoryWatcher: A directory notification for 'C:/Program Files/Epic Games/UE_4.15/FeaturePacks/' was aborted.
[2017.05.12-15.06.33:634][ 60]LogModuleManager: Shutting down and abandoning module WidgetCarousel (491)
[2017.05.12-15.06.33:634][ 60]LogModuleManager: Shutting down and abandoning module EditorWidgets (488)
[2017.05.12-15.06.33:634][ 60]LogModuleManager: Shutting down and abandoning module CollectionManager (486)
[2017.05.12-15.06.33:674][ 60]LogDirectoryWatcher: A directory notification for 'C:/Users/billy_000/team4/CISC374_Team4/Lionfish/Content/Collections/' was aborted.
[2017.05.12-15.06.33:675][ 60]LogDirectoryWatcher: A directory notification for 'C:/Users/billy_000/team4/CISC374_Team4/Lionfish/Content/Developers/billy000/Collections/' was aborted.
[2017.05.12-15.06.33:675][ 60]LogDirectoryWatcher: A directory notification for 'C:/Users/billy_000/team4/CISC374_Team4/Lionfish/Saved/Collections/' was aborted.
[2017.05.12-15.06.33:676][ 60]LogModuleManager: Shutting down and abandoning module StatsViewer (484)
[2017.05.12-15.06.33:746][ 60]LogModuleManager: Shutting down and abandoning module FoliageEdit (482)
[2017.05.12-15.06.33:790][ 60]LogModuleManager: Shutting down and abandoning module LandscapeEditor (480)
[2017.05.12-15.06.33:869][ 60]LogModuleManager: Shutting down and abandoning module SceneDepthPickerMode (478)
[2017.05.12-15.06.33:869][ 60]LogModuleManager: Shutting down and abandoning module ActorPickerMode (476)
[2017.05.12-15.06.33:869][ 60]LogModuleManager: Shutting down and abandoning module GeometryMode (474)
[2017.05.12-15.06.33:917][ 60]LogModuleManager: Shutting down and abandoning module TextureAlignMode (472)
[2017.05.12-15.06.33:917][ 60]LogModuleManager: Shutting down and abandoning module BspMode (470)
[2017.05.12-15.06.33:949][ 60]LogModuleManager: Shutting down and abandoning module HardwareSurvey (468)
[2017.05.12-15.06.33:991][ 60]LogModuleManager: Shutting down and abandoning module SequenceRecorderSections (466)
[2017.05.12-15.06.34:035][ 60]LogModuleManager: Shutting down and abandoning module AutomationWorker (464)
[2017.05.12-15.06.34:070][ 60]LogModuleManager: Shutting down and abandoning module MatineeToLevelSequence (462)
[2017.05.12-15.06.34:086][ 60]LogModuleManager: Shutting down and abandoning module LevelSequenceEditor (460)
[2017.05.12-15.06.34:120][ 60]LogModuleManager: Shutting down and abandoning module PlacementMode (459)
[2017.05.12-15.06.34:120][ 60]LogModuleManager: Shutting down and abandoning module WmfMediaFactory (456)
[2017.05.12-15.06.34:120][ 60]LogModuleManager: Shutting down and abandoning module WmfMediaEditor (454)
[2017.05.12-15.06.34:120][ 60]LogModuleManager: Shutting down and abandoning module MfMediaFactory (452)
[2017.05.12-15.06.34:120][ 60]LogModuleManager: Shutting down and abandoning module MfMediaEditor (450)
[2017.05.12-15.06.34:120][ 60]LogModuleManager: Shutting down and abandoning module AvfMediaFactory (448)
[2017.05.12-15.06.34:120][ 60]LogModuleManager: Shutting down and abandoning module AvfMediaEditor (446)
[2017.05.12-15.06.34:120][ 60]LogModuleManager: Shutting down and abandoning module AndroidMediaFactory (444)
[2017.05.12-15.06.34:120][ 60]LogModuleManager: Shutting down and abandoning module Media (443)
[2017.05.12-15.06.34:120][ 60]LogModuleManager: Shutting down and abandoning module AndroidMediaEditor (440)
[2017.05.12-15.06.34:120][ 60]LogModuleManager: Shutting down and abandoning module CharacterAI (438)
[2017.05.12-15.06.34:121][ 60]LogModuleManager: Shutting down and abandoning module AudioCapture (436)
[2017.05.12-15.06.34:127][ 60]LogModuleManager: Shutting down and abandoning module SequenceRecorder (435)
[2017.05.12-15.06.34:198][ 60]LogModuleManager: Shutting down and abandoning module SmartSnapping (432)
[2017.05.12-15.06.34:199][ 60]LogModuleManager: Shutting down and abandoning module SessionServices (430)
[2017.05.12-15.06.34:199][ 60]LogModuleManager: Shutting down and abandoning module ViewportSnapping (428)
[2017.05.12-15.06.34:199][ 60]LogModuleManager: Shutting down and abandoning module ViewportInteraction (426)
[2017.05.12-15.06.34:199][ 60]LogModuleManager: Shutting down and abandoning module LogVisualizer (424)
[2017.05.12-15.06.34:350][ 60]LogModuleManager: Shutting down and abandoning module IntroTutorials (422)
[2017.05.12-15.06.34:368][ 60]LogModuleManager: Shutting down and abandoning module GameProjectGeneration (421)
[2017.05.12-15.06.34:458][ 60]LogModuleManager: Shutting down and abandoning module EditorLiveStreaming (418)
[2017.05.12-15.06.34:459][ 60]LogModuleManager: Shutting down and abandoning module IOSPlatformEditor (416)
[2017.05.12-15.06.34:459][ 60]LogModuleManager: Shutting down and abandoning module HTML5PlatformEditor (414)
[2017.05.12-15.06.34:459][ 60]LogModuleManager: Shutting down and abandoning module AndroidPlatformEditor (412)
[2017.05.12-15.06.34:487][ 60]LogModuleManager: Shutting down and abandoning module AndroidDeviceDetection (411)
[2017.05.12-15.06.34:639][ 60]LogModuleManager: Shutting down and abandoning module IOSRuntimeSettings (408)
[2017.05.12-15.06.34:640][ 60]LogModuleManager: Shutting down and abandoning module AndroidRuntimeSettings (406)
[2017.05.12-15.06.34:640][ 60]LogModuleManager: Shutting down and abandoning module InputBindingEditor (404)
[2017.05.12-15.06.34:691][ 60]LogModuleManager: Shutting down and abandoning module NiagaraEditor (402)
[2017.05.12-15.06.34:961][ 60]LogModuleManager: Shutting down and abandoning module MergeActors (400)
[2017.05.12-15.06.35:024][ 60]LogModuleManager: Shutting down and abandoning module SizeMap (398)
[2017.05.12-15.06.35:075][ 60]LogModuleManager: Shutting down and abandoning module TreeMap (396)
[2017.05.12-15.06.35:171][ 60]LogModuleManager: Shutting down and abandoning module ReferenceViewer (394)
[2017.05.12-15.06.35:171][ 60]LogModuleManager: Shutting down and abandoning module LocalizationDashboard (392)
[2017.05.12-15.06.35:202][ 60]LogModuleManager: Shutting down and abandoning module LocalizationService (391)
[2017.05.12-15.06.35:266][ 60]LogModuleManager: Shutting down and abandoning module HardwareTargeting (388)
[2017.05.12-15.06.35:299][ 60]LogModuleManager: Shutting down and abandoning module DeviceProfileEditor (386)
[2017.05.12-15.06.35:314][ 60]LogModuleManager: Shutting down and abandoning module UndoHistory (384)
[2017.05.12-15.06.35:345][ 60]LogModuleManager: Shutting down and abandoning module UserFeedback (382)
[2017.05.12-15.06.35:345][ 60]LogModuleManager: Shutting down and abandoning module XmlParser (380)
[2017.05.12-15.06.35:380][ 60]LogModuleManager: Shutting down and abandoning module Blutility (378)
[2017.05.12-15.06.35:380][ 60]LogModuleManager: Shutting down and abandoning module ProjectSettingsViewer (376)
[2017.05.12-15.06.35:381][ 60]LogModuleManager: Shutting down and abandoning module ProjectTargetPlatformEditor (375)
[2017.05.12-15.06.35:383][ 60]LogModuleManager: Shutting down and abandoning module EditorSettingsViewer (372)
[2017.05.12-15.06.35:383][ 60]LogModuleManager: Shutting down and abandoning module SettingsEditor (370)
[2017.05.12-15.06.35:447][ 60]LogModuleManager: Shutting down and abandoning module ProjectLauncher (368)
[2017.05.12-15.06.35:470][ 60]LogModuleManager: Shutting down and abandoning module SessionFrontend (366)
[2017.05.12-15.06.35:477][ 60]LogModuleManager: Shutting down and abandoning module ProfilerClient (364)
[2017.05.12-15.06.35:494][ 60]LogModuleManager: Shutting down and abandoning module DeviceManager (362)
[2017.05.12-15.06.35:646][ 60]LogModuleManager: Shutting down and abandoning module TargetDeviceServices (361)
[2017.05.12-15.06.35:691][ 60]LogModuleManager: Shutting down and abandoning module AutomationController (358)
[2017.05.12-15.06.35:780][ 60]LogModuleManager: Shutting down and abandoning module AutomationWindow (356)
[2017.05.12-15.06.35:911][ 60]LogModuleManager: Shutting down and abandoning module Layers (354)
[2017.05.12-15.06.35:964][ 60]LogModuleManager: Shutting down and abandoning module ComponentVisualizers (352)
[2017.05.12-15.06.35:964][ 60]LogModuleManager: Shutting down and abandoning module DetailCustomizations (350)
[2017.05.12-15.06.35:996][ 60]LogModuleManager: Shutting down and abandoning module PackagesDialog (348)
[2017.05.12-15.06.36:006][ 60]LogModuleManager: Shutting down and abandoning module Persona (346)
[2017.05.12-15.06.36:123][ 60]LogModuleManager: Shutting down and abandoning module AnimGraph (345)
[2017.05.12-15.06.36:123][ 60]LogModuleManager: Shutting down and abandoning module Kismet (342)
[2017.05.12-15.06.36:225][ 60]LogModuleManager: Shutting down and abandoning module GraphEditor (340)
[2017.05.12-15.06.36:226][ 60]LogModuleManager: Shutting down and abandoning module ClassViewer (338)
[2017.05.12-15.06.36:281][ 60]LogModuleManager: Shutting down and abandoning module Toolbox (336)
[2017.05.12-15.06.36:297][ 60]LogModuleManager: Shutting down and abandoning module ModuleUI (334)
[2017.05.12-15.06.36:313][ 60]LogModuleManager: Shutting down and abandoning module MovieSceneTools (332)
[2017.05.12-15.06.36:326][ 60]LogModuleManager: Shutting down and abandoning module OutputLog (330)
[2017.05.12-15.06.36:349][ 60]LogModuleManager: Shutting down and abandoning module GammaUI (328)
[2017.05.12-15.06.36:366][ 60]LogModuleManager: Shutting down and abandoning module Documentation (326)
[2017.05.12-15.06.36:374][ 60]LogModuleManager: Shutting down and abandoning module Niagara (324)
[2017.05.12-15.06.36:374][ 60]LogModuleManager: Shutting down and abandoning module StreamingPauseRendering (322)
[2017.05.12-15.06.36:374][ 60]LogModuleManager: Shutting down and abandoning module AnalyticsET (320)
[2017.05.12-15.06.36:374][ 60]LogModuleManager: Shutting down and abandoning module PortalServices (318)
[2017.05.12-15.06.36:374][ 60]LogModuleManager: Shutting down and abandoning module PortalRpc (316)
[2017.05.12-15.06.36:374][ 60]LogModuleManager: Shutting down and abandoning module MessagingRpc (314)
[2017.05.12-15.06.36:374][ 60]LogModuleManager: Shutting down and abandoning module AIModule (312)
[2017.05.12-15.06.36:393][ 60]LogModuleManager: Shutting down and abandoning module GameplayDebugger (311)
[2017.05.12-15.06.36:406][ 60]LogModuleManager: Shutting down and abandoning module AITestSuite (309)
[2017.05.12-15.06.36:406][ 60]LogModuleManager: Shutting down and abandoning module ProfilerService (306)
[2017.05.12-15.06.36:411][ 60]LogModuleManager: Shutting down and abandoning module TaskGraph (304)
[2017.05.12-15.06.36:479][ 60]LogModuleManager: Shutting down and abandoning module SteamVRController (302)
[2017.05.12-15.06.36:479][ 60]LogModuleManager: Shutting down and abandoning module SteamVR (300)
[2017.05.12-15.06.36:479][ 60]LogModuleManager: Shutting down and abandoning module ProceduralMeshComponentEditor (298)
[2017.05.12-15.06.36:480][ 60]LogModuleManager: Shutting down and abandoning module ProceduralMeshComponent (296)
[2017.05.12-15.06.36:506][ 60]LogModuleManager: Shutting down and abandoning module OculusLibrary (294)
[2017.05.12-15.06.36:506][ 60]LogModuleManager: Shutting down and abandoning module OculusInput (292)
[2017.05.12-15.06.36:506][ 60]LogModuleManager: Shutting down and abandoning module MobilePatchingUtils (290)
[2017.05.12-15.06.36:506][ 60]LogModuleManager: Shutting down and abandoning module CustomMeshComponent (288)
[2017.05.12-15.06.36:506][ 60]LogModuleManager: Shutting down and abandoning module CableComponent (286)
[2017.05.12-15.06.36:521][ 60]LogModuleManager: Shutting down and abandoning module ArchVisCharacter (284)
[2017.05.12-15.06.36:521][ 60]LogModuleManager: Shutting down and abandoning module MediaPlayerEditor (280)
[2017.05.12-15.06.36:559][ 60]LogModuleManager: Shutting down and abandoning module HTML5Networking (278)
[2017.05.12-15.06.36:559][ 60]LogModuleManager: Shutting down and abandoning module AlembicImporter (276)
[2017.05.12-15.06.36:584][ 60]LogModuleManager: Shutting down and abandoning module AlembicLibrary (275)
[2017.05.12-15.06.36:584][ 60]LogModuleManager: Shutting down and abandoning module GeometryCache (274)
[2017.05.12-15.06.36:597][ 60]LogModuleManager: Shutting down and abandoning module GeometryCacheEd (273)
[2017.05.12-15.06.36:597][ 60]LogModuleManager: Shutting down and abandoning module SuperSearchEditor (268)
[2017.05.12-15.06.36:597][ 60]LogModuleManager: Shutting down and abandoning module SuperSearch (267)
[2017.05.12-15.06.36:598][ 60]LogModuleManager: Shutting down and abandoning module SpeedTreeImporter (264)
[2017.05.12-15.06.36:598][ 60]LogModuleManager: Shutting down and abandoning module PluginBrowser (262)
[2017.05.12-15.06.36:629][ 60]LogModuleManager: Shutting down and abandoning module MobileLauncherProfileWizard (260)
[2017.05.12-15.06.36:667][ 60]LogModuleManager: Shutting down and abandoning module EpicSurvey (258)
[2017.05.12-15.06.36:667][ 60]LogModuleManager: Shutting down and abandoning module VisualStudioSourceCodeAccess (256)
[2017.05.12-15.06.36:686][ 60]LogModuleManager: Shutting down and abandoning module DesktopPlatform (255)
[2017.05.12-15.06.36:687][ 60]LogModuleManager: Shutting down and abandoning module UObjectPlugin (252)
[2017.05.12-15.06.36:687][ 60]LogModuleManager: Shutting down and abandoning module SubversionSourceControl (250)
[2017.05.12-15.06.36:716][ 60]LogModuleManager: Shutting down and abandoning module PerforceSourceControl (248)
[2017.05.12-15.06.36:748][ 60]LogModuleManager: Shutting down and abandoning module GitSourceControl (246)
[2017.05.12-15.06.36:775][ 60]LogModuleManager: Shutting down and abandoning module SourceControl (245)
[2017.05.12-15.06.36:775][ 60]LogModuleManager: Shutting down and abandoning module LightPropagationVolumeEditor (242)
[2017.05.12-15.06.36:775][ 60]LogModuleManager: Shutting down and abandoning module PaperTiledImporter (240)
[2017.05.12-15.06.36:776][ 60]LogModuleManager: Shutting down and abandoning module PaperSpriteSheetImporter (238)
[2017.05.12-15.06.36:776][ 60]LogModuleManager: Shutting down and abandoning module Paper2DEditor (236)
[2017.05.12-15.06.36:799][ 60]LogModuleManager: Shutting down and abandoning module MeshPaint (235)
[2017.05.12-15.06.36:829][ 60]LogModuleManager: Shutting down and abandoning module LevelEditor (233)
[2017.05.12-15.06.36:903][ 60]LogModuleManager: Shutting down and abandoning module PixelInspectorModule (232)
[2017.05.12-15.06.36:975][ 60]LogModuleManager: Shutting down and abandoning module MainFrame (230)
[2017.05.12-15.06.36:975][ 60]LogModuleManager: Shutting down and abandoning module HotReload (229)
[2017.05.12-15.06.37:038][ 60]LogModuleManager: Shutting down and abandoning module ContentBrowser (225)
[2017.05.12-15.06.37:049][ 60]LogModuleManager: Shutting down and abandoning module PhysXVehiclesEditor (222)
[2017.05.12-15.06.37:065][ 60]LogModuleManager: Shutting down and abandoning module PhysXVehicles (220)
[2017.05.12-15.06.37:065][ 60]LogModuleManager: Shutting down and abandoning module LocationServicesBPLibrary (218)
[2017.05.12-15.06.37:065][ 60]LogModuleManager: Shutting down and abandoning module UdpMessaging (216)
[2017.05.12-15.06.37:166][ 60]LogModuleManager: Shutting down and abandoning module TcpMessaging (214)
[2017.05.12-15.06.37:279][ 60]LogModuleManager: Shutting down and abandoning module GameplayTagsEditor (212)
[2017.05.12-15.06.37:314][ 60]LogModuleManager: Shutting down and abandoning module FacialAnimationEditor (210)
[2017.05.12-15.06.37:339][ 60]LogModuleManager: Shutting down and abandoning module FacialAnimation (208)
[2017.05.12-15.06.37:339][ 60]LogModuleManager: Shutting down and abandoning module LightPropagationVolumeRuntime (206)
[2017.05.12-15.06.37:339][ 60]LogModuleManager: Shutting down and abandoning module Paper2D (204)
[2017.05.12-15.06.37:376][ 60]LogModuleManager: Shutting down and abandoning module WindowsMoviePlayer (202)
[2017.05.12-15.06.37:411][ 60]LogModuleManager: Shutting down and abandoning module WmfMedia (200)
[2017.05.12-15.06.37:445][ 60]LogModuleManager: Shutting down and abandoning module MfMedia (198)
[2017.05.12-15.06.37:446][ 60]LogModuleManager: Shutting down and abandoning module MediaAssets (196)
[2017.05.12-15.06.37:446][ 60]LogModuleManager: Shutting down and abandoning module GameLiveStreaming (194)
[2017.05.12-15.06.37:456][ 60]LogModuleManager: Shutting down and abandoning module VREditor (192)
[2017.05.12-15.06.37:456][ 60]LogModuleManager: Shutting down and abandoning module GameplayTasksEditor (190)
[2017.05.12-15.06.37:456][ 60]LogModuleManager: Shutting down and abandoning module BehaviorTreeEditor (188)
[2017.05.12-15.06.37:488][ 60]LogModuleManager: Shutting down and abandoning module FunctionalTesting (186)
[2017.05.12-15.06.37:489][ 60]LogModuleManager: Shutting down and abandoning module CollisionAnalyzer (184)
[2017.05.12-15.06.37:497][ 60]LogModuleManager: Shutting down and abandoning module UMG (182)
[2017.05.12-15.06.37:497][ 60]LogModuleManager: Shutting down and abandoning module UMGEditor (181)
[2017.05.12-15.06.37:497][ 60]LogModuleManager: Shutting down and abandoning module Sequencer (180)
[2017.05.12-15.06.37:506][ 60]LogModuleManager: Shutting down and abandoning module AssetTools (178)
[2017.05.12-15.06.37:546][ 60]LogModuleManager: Shutting down and abandoning module MessageLog (177)
[2017.05.12-15.06.37:546][ 60]LogModuleManager: Shutting down and abandoning module WorkspaceMenuStructure (176)
[2017.05.12-15.06.37:546][ 60]LogModuleManager: Shutting down and abandoning module SlateReflector (170)
[2017.05.12-15.06.37:574][ 60]LogModuleManager: Shutting down and abandoning module Slate (168)
[2017.05.12-15.06.37:574][ 60]LogModuleManager: Shutting down and abandoning module EditorStyle (166)
[2017.05.12-15.06.37:636][ 60]LogModuleManager: Shutting down and abandoning module SourceCodeAccess (164)
[2017.05.12-15.06.37:652][ 60]LogModuleManager: Shutting down and abandoning module HeadMountedDisplay (162)
[2017.05.12-15.06.37:652][ 60]LogModuleManager: Shutting down and abandoning module XAudio2 (160)
[2017.05.12-15.06.37:652][ 60]LogModuleManager: Shutting down and abandoning module Networking (158)
[2017.05.12-15.06.37:652][ 60]LogModuleManager: Shutting down and abandoning module Core (154)
[2017.05.12-15.06.37:652][ 60]LogModuleManager: Shutting down and abandoning module AssetRegistry (152)
[2017.05.12-15.06.38:180][ 60]LogDirectoryWatcher: A directory notification for '../../../Engine/Content/' was aborted.
[2017.05.12-15.06.38:181][ 60]LogDirectoryWatcher: A directory notification for '../../../../../../Users/billy_000/team4/CISC374_Team4/Lionfish/Content/' was aborted.
[2017.05.12-15.06.38:181][ 60]LogDirectoryWatcher: A directory notification for '../../../Engine/Plugins/2D/Paper2D/Content/' was aborted.
[2017.05.12-15.06.38:199][ 60]LogModuleManager: Shutting down and abandoning module DirectoryWatcher (151)
[2017.05.12-15.06.38:216][ 60]LogModuleManager: Shutting down and abandoning module KismetCompiler (148)
[2017.05.12-15.06.38:216][ 60]LogModuleManager: Shutting down and abandoning module PhysXFormats (146)
[2017.05.12-15.06.38:216][ 60]LogModuleManager: Shutting down and abandoning module MeshUtilities (144)
[2017.05.12-15.06.38:243][ 60]LogModuleManager: Shutting down and abandoning module SimplygonSwarm (143)
[2017.05.12-15.06.38:255][ 60]LogModuleManager: Shutting down and abandoning module SimplygonMeshReduction (141)
[2017.05.12-15.06.38:255][ 60]LogModuleManager: Shutting down and abandoning module QuadricMeshReduction (139)
[2017.05.12-15.06.38:263][ 60]LogModuleManager: Shutting down and abandoning module PropertyEditor (137)
[2017.05.12-15.06.38:278][ 60]LogModuleManager: Shutting down and abandoning module DerivedDataCache (134)
[2017.05.12-15.06.38:340][ 60]LogDerivedDataCache: Shutdown
[2017.05.12-15.06.38:340][ 60]LogModuleManager: Shutting down and abandoning module TargetPlatform (132)
[2017.05.12-15.06.38:341][ 60]LogModuleManager: Shutting down and abandoning module VulkanShaderFormat (131)
[2017.05.12-15.06.38:350][ 60]LogModuleManager: Shutting down and abandoning module ShaderFormatOpenGL (129)
[2017.05.12-15.06.38:363][ 60]LogModuleManager: Shutting down and abandoning module ShaderFormatD3D (127)
[2017.05.12-15.06.38:377][ 60]LogModuleManager: Shutting down and abandoning module MetalShaderFormat (125)
[2017.05.12-15.06.38:384][ 60]LogModuleManager: Shutting down and abandoning module TextureFormatUncompressed (123)
[2017.05.12-15.06.38:384][ 60]LogModuleManager: Shutting down and abandoning module TextureFormatPVR (121)
[2017.05.12-15.06.38:384][ 60]LogModuleManager: Shutting down and abandoning module TextureFormatDXT (119)
[2017.05.12-15.06.38:384][ 60]LogModuleManager: Shutting down and abandoning module TextureFormatIntelISPCTexComp (117)
[2017.05.12-15.06.38:411][ 60]LogModuleManager: Shutting down and abandoning module TextureFormatASTC (115)
[2017.05.12-15.06.38:411][ 60]LogModuleManager: Shutting down and abandoning module ImageWrapper (114)
[2017.05.12-15.06.38:412][ 60]LogModuleManager: Shutting down and abandoning module TextureFormatAndroid (111)
[2017.05.12-15.06.38:412][ 60]LogModuleManager: Shutting down and abandoning module AudioFormatOpus (109)
[2017.05.12-15.06.38:423][ 60]LogModuleManager: Shutting down and abandoning module AudioFormatOgg (107)
[2017.05.12-15.06.38:423][ 60]LogModuleManager: Shutting down and abandoning module AudioFormatADPCM (105)
[2017.05.12-15.06.38:423][ 60]LogModuleManager: Shutting down and abandoning module LinuxTargetPlatform (103)
[2017.05.12-15.06.38:424][ 60]LogModuleManager: Shutting down and abandoning module LinuxServerTargetPlatform (101)
[2017.05.12-15.06.38:424][ 60]LogModuleManager: Shutting down and abandoning module LinuxNoEditorTargetPlatform (99)
[2017.05.12-15.06.38:424][ 60]LogModuleManager: Shutting down and abandoning module LinuxClientTargetPlatform (97)
[2017.05.12-15.06.38:424][ 60]LogModuleManager: Shutting down and abandoning module TVOSTargetPlatform (95)
[2017.05.12-15.06.38:424][ 60]LogModuleManager: Shutting down and abandoning module Messaging (93)
[2017.05.12-15.06.38:424][ 60]LogModuleManager: Shutting down and abandoning module IOSTargetPlatform (91)
[2017.05.12-15.06.38:425][ 60]LogModuleManager: Shutting down and abandoning module HTML5TargetPlatform (89)
[2017.05.12-15.06.38:425][ 60]LogModuleManager: Shutting down and abandoning module Android_PVRTCTargetPlatform (87)
[2017.05.12-15.06.38:425][ 60]LogModuleManager: Shutting down and abandoning module Android_MultiTargetPlatform (85)
[2017.05.12-15.06.38:425][ 60]LogModuleManager: Shutting down and abandoning module Android_ETC2TargetPlatform (83)
[2017.05.12-15.06.38:425][ 60]LogModuleManager: Shutting down and abandoning module Android_ETC1TargetPlatform (81)
[2017.05.12-15.06.38:425][ 60]LogModuleManager: Shutting down and abandoning module Android_DXTTargetPlatform (79)
[2017.05.12-15.06.38:425][ 60]LogModuleManager: Shutting down and abandoning module Android_ATCTargetPlatform (77)
[2017.05.12-15.06.38:426][ 60]LogModuleManager: Shutting down and abandoning module Android_ASTCTargetPlatform (75)
[2017.05.12-15.06.38:426][ 60]LogModuleManager: Shutting down and abandoning module AndroidTargetPlatform (73)
[2017.05.12-15.06.38:426][ 60]LogModuleManager: Shutting down and abandoning module WindowsTargetPlatform (71)
[2017.05.12-15.06.38:426][ 60]LogModuleManager: Shutting down and abandoning module WindowsServerTargetPlatform (69)
[2017.05.12-15.06.38:426][ 60]LogModuleManager: Shutting down and abandoning module WindowsNoEditorTargetPlatform (67)
[2017.05.12-15.06.38:427][ 60]LogModuleManager: Shutting down and abandoning module WindowsClientTargetPlatform (65)
[2017.05.12-15.06.38:427][ 60]LogModuleManager: Shutting down and abandoning module MacTargetPlatform (63)
[2017.05.12-15.06.38:428][ 60]LogModuleManager: Shutting down and abandoning module MacServerTargetPlatform (61)
[2017.05.12-15.06.38:428][ 60]LogModuleManager: Shutting down and abandoning module MacNoEditorTargetPlatform (59)
[2017.05.12-15.06.38:429][ 60]LogModuleManager: Shutting down and abandoning module MacClientTargetPlatform (57)
[2017.05.12-15.06.38:429][ 60]LogModuleManager: Shutting down and abandoning module AllDesktopTargetPlatform (55)
[2017.05.12-15.06.38:429][ 60]LogModuleManager: Shutting down and abandoning module InputCore (52)
[2017.05.12-15.06.38:429][ 60]LogModuleManager: Shutting down and abandoning module Settings (50)
[2017.05.12-15.06.38:429][ 60]LogModuleManager: Shutting down and abandoning module OculusRift (48)
[2017.05.12-15.06.38:435][ 60]LogModuleManager: Shutting down and abandoning module GearVR (46)
[2017.05.12-15.06.38:435][ 60]LogModuleManager: Shutting down and abandoning module ExampleDeviceProfileSelector (44)
[2017.05.12-15.06.38:435][ 60]LogModuleManager: Shutting down and abandoning module OnlineBlueprintSupport (42)
[2017.05.12-15.06.38:435][ 60]LogModuleManager: Shutting down and abandoning module OnlineSubsystem (38)
[2017.05.12-15.06.38:435][ 60]LogOnline:Display: Unloading online subsystem: NULL
[2017.05.12-15.06.38:459][ 60]LogModuleManager: Shutting down and abandoning module XMPP (37)
[2017.05.12-15.06.38:493][ 60]LogModuleManager: Shutting down and abandoning module HTTP (35)
[2017.05.12-15.06.38:503][ 60]LogHttp:Display: Http module shutting down, but needs to wait on 1 outstanding Http requests:
[2017.05.12-15.06.38:503][ 60]LogHttp:Display: 	verb=[POST] url=[https://datarouter.ol.epicgames.com/datarouter/api/v1/public/data?SessionID=%7BF3B3F7F5-4052-FC12-CAB9-D0A83B040C23%7D&AppID=UEEditor.Rocket.Release&AppVersion=4.15.1-3348071%2B%2B%2BUE4%2BRelease-4.15&UserID=0be2561c49971668862a3583c92d439c%7C54c0f00f4a8d4618b0aa97816cea664e%7C8e1abb9e-f2be-4558-ac1e-686edc767256&AppEnvironment=datacollector-binary&UploadType=eteventstream] status=Processing
[2017.05.12-15.06.38:538][ 60]LogModuleManager: Shutting down and abandoning module SSL (34)
[2017.05.12-15.06.38:558][ 60]LogModuleManager: Shutting down and abandoning module AudioEditor (30)
[2017.05.12-15.06.38:567][ 60]LogModuleManager: Shutting down and abandoning module TextureCompressor (28)
[2017.05.12-15.06.38:568][ 60]LogModuleManager: Shutting down and abandoning module ShaderCore (26)
[2017.05.12-15.06.38:568][ 60]LogModuleManager: Shutting down and abandoning module Landscape (24)
[2017.05.12-15.06.38:568][ 60]LogModuleManager: Shutting down and abandoning module SlateRHIRenderer (22)
[2017.05.12-15.06.38:740][ 60]LogModuleManager: Shutting down and abandoning module OpenGLDrv (20)
[2017.05.12-15.06.38:750][ 60]LogModuleManager: Shutting down and abandoning module D3D11RHI (18)
[2017.05.12-15.06.38:750][ 60]LogModuleManager: Shutting down and abandoning module AnimGraphRuntime (16)
[2017.05.12-15.06.38:773][ 60]LogModuleManager: Shutting down and abandoning module Renderer (14)
[2017.05.12-15.06.38:773][ 60]LogModuleManager: Shutting down and abandoning module Engine (12)
[2017.05.12-15.06.38:773][ 60]LogModuleManager: Shutting down and abandoning module CoreUObject (10)
[2017.05.12-15.06.38:773][ 60]LogModuleManager: Shutting down and abandoning module NetworkFile (8)
[2017.05.12-15.06.38:785][ 60]LogModuleManager: Shutting down and abandoning module StreamingFile (6)
[2017.05.12-15.06.38:791][ 60]LogModuleManager: Shutting down and abandoning module SandboxFile (4)
[2017.05.12-15.06.38:791][ 60]LogModuleManager: Shutting down and abandoning module PakFile (2)
[2017.05.12-15.06.38:817][ 60]LogExit: Exiting.
[2017.05.12-15.06.38:858][ 60]Log file closed, 05/12/17 11:06:38
