Log file open, 05/02/17 16:38:26
LogInit:Display: Running engine for game: Lionfish
LogPlatformFile: Not using cached read wrapper
LogInit:Display: RandInit(1129153479) SRandInit(1129153479).
LogTaskGraph: Started task graph with 5 named threads and 8 total threads with 1 sets of task threads.
LogStats: Stats thread started at 0.310521
LogInit: Using libcurl 7.47.1
LogInit:  - built for x86_64-pc-win32
LogInit:  - supports SSL with OpenSSL/1.0.2g
LogInit:  - supports HTTP deflate (compression) using libz 1.2.8
LogInit:  - other features:
LogInit:      CURL_VERSION_SSL
LogInit:      CURL_VERSION_LIBZ
LogInit:      CURL_VERSION_IPV6
LogInit:      CURL_VERSION_ASYNCHDNS
LogInit:      CURL_VERSION_LARGEFILE
LogInit:      CURL_VERSION_IDN
LogInit:  CurlRequestOptions (configurable via config and command line):
LogInit:  - bVerifyPeer = false  - Libcurl will NOT verify peer certificate
LogInit:  - bUseHttpProxy = false  - Libcurl will NOT use HTTP proxy
LogInit:  - bDontReuseConnections = false  - Libcurl will reuse connections
LogInit:  - CertBundlePath = nullptr  - Libcurl will use whatever was configured at build time.
LogInit: Build: ++UE4+Release-4.15-CL-3348071
LogInit: Engine Version: 4.15.1-3348071+++UE4+Release-4.15
LogInit: Compatible Engine Version: 4.15.0-3299760+++UE4+Release-4.15
LogInit: Net CL: 3299760
LogDevObjectVersion: Number of dev versions registered: 14
LogDevObjectVersion:   Dev-Blueprints (B0D832E4-1F89-4F0D-ACCF-7EB736FD4AA2): 8
LogDevObjectVersion:   Dev-Build (E1C64328-A22C-4D53-A36C-8E866417BD8C): 0
LogDevObjectVersion:   Dev-Core (375EC13C-06E4-48FB-B500-84F0262A717E): 2
LogDevObjectVersion:   Dev-Editor (E4B068ED-F494-42E9-A231-DA0B2E46BB41): 14
LogDevObjectVersion:   Dev-Framework (CFFC743F-43B0-4480-9391-14DF171D2073): 22
LogDevObjectVersion:   Dev-Mobile (B02B49B5-BB20-44E9-A304-32B752E40360): 0
LogDevObjectVersion:   Dev-Networking (A4E4105C-59A1-49B5-A7C5-40C4547EDFEE): 0
LogDevObjectVersion:   Dev-Online (39C831C9-5AE6-47DC-9A44-9C173E1C8E7C): 0
LogDevObjectVersion:   Dev-Physics (78F01B33-EBEA-4F98-B9B4-84EACCB95AA2): 0
LogDevObjectVersion:   Dev-Platform (6631380F-2D4D-43E0-8009-CF276956A95A): 0
LogDevObjectVersion:   Dev-Rendering (12F88B9F-8875-4AFC-A67C-D90C383ABD29): 12
LogDevObjectVersion:   Dev-Sequencer (7B5AE74C-D270-4C10-A958-57980B212A5A): 3
LogDevObjectVersion:   Dev-VR (D7296918-1DD6-4BDD-9DE2-64A83CC13884): 0
LogDevObjectVersion:   Dev-LoadTimes (C2A15278-BFE7-4AFE-6C17-90FF531DF755): 1
LogInit: Compiled (64-bit): Mar 15 2017 16:52:47
LogInit: Compiled with Visual C++: 19.00.23026.00
LogInit: Build Configuration: Development
LogInit: Branch Name: ++UE4+Release-4.15
LogInit: Command line:  
LogInit: Base directory: C:/Program Files/Epic Games/UE_4.15/Engine/Binaries/Win64/
LogInit: Installed Engine Build: 1
LogInit: Presizing for max 8388607 objects, including 0 objects not considered by GC, pre-allocating 0 bytes for permanent pool.
LogInit: Object subsystem initialized
[2017.05.02-20.38.29:836][  0]LogInit: Selected Device Profile: [Windows]
[2017.05.02-20.38.29:836][  0]LogInit: Applying CVar settings loaded from the selected device profile: [Windows]
[2017.05.02-20.38.29:878][  0]LogInit: Computer: BILLSORGLAPTOP
[2017.05.02-20.38.29:878][  0]LogInit: User: billy000
[2017.05.02-20.38.29:878][  0]LogInit: CPU Page size=65536, Cores=4
[2017.05.02-20.38.29:878][  0]LogInit: High frequency timer resolution =1.462102 MHz
[2017.05.02-20.38.29:879][  0]LogMemory: Memory total: Physical=7.5GB (8GB approx)
[2017.05.02-20.38.29:879][  0]LogMemory: Platform Memory Stats for Windows
[2017.05.02-20.38.29:879][  0]LogMemory: Process Physical Memory: 263.71 MB used, 263.71 MB peak
[2017.05.02-20.38.29:879][  0]LogMemory: Process Virtual Memory: 262.13 MB used, 262.13 MB peak
[2017.05.02-20.38.29:879][  0]LogMemory: Physical Memory: 4001.70 MB used,  3640.55 MB free, 7642.26 MB total
[2017.05.02-20.38.29:879][  0]LogMemory: Virtual Memory: 629.66 MB used,  3640.55 MB free, 134217728.00 MB total
[2017.05.02-20.38.30:431][  0]LogTextLocalizationManager: No specific translations for ('en-US') exist, so ('en') translations will be used.
[2017.05.02-20.38.34:752][  0]LogD3D11RHI: D3D11 adapters:
[2017.05.02-20.38.34:812][  0]LogD3D11RHI:    0. 'AMD Radeon HD 8330' (Feature Level 11_0)
[2017.05.02-20.38.34:812][  0]LogD3D11RHI:       495/0/3821 MB DedicatedVideo/DedicatedSystem/SharedSystem, Outputs:1, VendorId:0x1002
[2017.05.02-20.38.34:819][  0]LogD3D11RHI:    1. 'Microsoft Basic Render Driver' (Feature Level 11_0)
[2017.05.02-20.38.34:819][  0]LogD3D11RHI:       0/0/3821 MB DedicatedVideo/DedicatedSystem/SharedSystem, Outputs:0, VendorId:0x1414
[2017.05.02-20.38.34:819][  0]LogD3D11RHI: Chosen D3D11 Adapter: 0
[2017.05.02-20.38.34:843][  0]LogD3D11RHI: Creating new Direct3DDevice
[2017.05.02-20.38.34:843][  0]LogD3D11RHI:     GPU DeviceId: 0x9832 (for the marketing name, search the web for "GPU Device Id")
[2017.05.02-20.38.34:843][  0]LogWindows: EnumDisplayDevices:
[2017.05.02-20.38.34:843][  0]LogWindows:    0. 'AMD Radeon HD 8330' (P:1 D:1)
[2017.05.02-20.38.34:845][  0]LogWindows:    1. 'AMD Radeon HD 8330' (P:0 D:0)
[2017.05.02-20.38.34:847][  0]LogWindows: DebugString: FoundDriverCount:2 
[2017.05.02-20.38.34:847][  0]LogD3D11RHI:     Adapter Name: AMD Radeon HD 8330
[2017.05.02-20.38.34:847][  0]LogD3D11RHI:   Driver Version: Crimson 16.6 (internal:21.19.137.514, unified:21.19.137.514)
[2017.05.02-20.38.34:847][  0]LogD3D11RHI:      Driver Date: 11-21-2016
[2017.05.02-20.38.34:847][  0]LogRHI: Texture pool is 346 MB (70% of 495 MB)
[2017.05.02-20.38.34:990][  0]LogD3D11RHI: Async texture creation enabled
[2017.05.02-20.38.35:015][  0]LogD3D11RHI: GPU Timing Frequency: 100.000000 (Debug: 2 1)
[2017.05.02-20.38.35:020][  0]LogShaderCompilers: Guid format shader working directory is -12 characters bigger than the processId version (../../../../../../Users/billy_000/team4/CISC374_Team4/Lionfish/Intermediate/Shaders/WorkingDirectory/2952/).
[2017.05.02-20.38.35:021][  0]LogShaderCompilers: Cleaned the shader compiler working directory 'C:/Users/billy_000/AppData/Local/Temp/UnrealShaderWorkingDir/23B34AF7419A3D8B75CA9BB4FCDB3608/'.
[2017.05.02-20.38.35:021][  0]LogShaderCompilers:Display: Using Local Shader Compiler.
[2017.05.02-20.38.45:302][  0]LogTemp:Display: Loaded TP AllDesktopTargetPlatform
[2017.05.02-20.38.45:864][  0]LogTemp:Display: Loaded TP MacClientTargetPlatform
[2017.05.02-20.38.46:616][  0]LogTemp:Display: Loaded TP MacNoEditorTargetPlatform
[2017.05.02-20.38.47:414][  0]LogTemp:Display: Loaded TP MacServerTargetPlatform
[2017.05.02-20.38.47:957][  0]LogTemp:Display: Loaded TP MacTargetPlatform
[2017.05.02-20.38.48:472][  0]LogTemp:Display: Loaded TP WindowsClientTargetPlatform
[2017.05.02-20.38.49:009][  0]LogTemp:Display: Loaded TP WindowsNoEditorTargetPlatform
[2017.05.02-20.38.49:544][  0]LogTemp:Display: Loaded TP WindowsServerTargetPlatform
[2017.05.02-20.38.49:935][  0]LogTemp:Display: Loaded TP WindowsTargetPlatform
[2017.05.02-20.38.50:368][  0]LogTemp:Display: Loaded TP AndroidTargetPlatform
[2017.05.02-20.38.50:810][  0]LogTemp:Display: Loaded TP Android_ASTCTargetPlatform
[2017.05.02-20.38.51:282][  0]LogTemp:Display: Loaded TP Android_ATCTargetPlatform
[2017.05.02-20.38.51:740][  0]LogTemp:Display: Loaded TP Android_DXTTargetPlatform
[2017.05.02-20.38.52:140][  0]LogTemp:Display: Loaded TP Android_ETC1TargetPlatform
[2017.05.02-20.38.52:531][  0]LogTemp:Display: Loaded TP Android_ETC2TargetPlatform
[2017.05.02-20.38.53:390][  0]LogTemp:Display: Loaded TP Android_MultiTargetPlatform
[2017.05.02-20.38.53:390][  0]LogTemp:Display: Loaded TP Android_PVRTCTargetPlatform
[2017.05.02-20.38.53:789][  0]LogTemp:Display: Loaded TP HTML5TargetPlatform
[2017.05.02-20.38.54:368][  0]LogTemp:Display: Loaded TP IOSTargetPlatform
[2017.05.02-20.38.54:645][  0]LogTemp:Display: Loaded TP TVOSTargetPlatform
[2017.05.02-20.38.55:126][  0]LogTemp:Display: Loaded TP LinuxClientTargetPlatform
[2017.05.02-20.38.55:576][  0]LogTemp:Display: Loaded TP LinuxNoEditorTargetPlatform
[2017.05.02-20.38.55:998][  0]LogTemp:Display: Loaded TP LinuxServerTargetPlatform
[2017.05.02-20.38.56:413][  0]LogTemp:Display: Loaded TP LinuxTargetPlatform
[2017.05.02-20.38.56:413][  0]LogTargetPlatformManager:Display: Building Assets For Windows
[2017.05.02-20.38.59:703][  0]LogDerivedDataCache:Display: Max Cache Size: 512 MB
[2017.05.02-20.39.00:125][  0]LogDerivedDataCache: Loaded boot cache 0.42s 50MB C:/Users/billy_000/AppData/Local/UnrealEngine/4.15/DerivedDataCache/Boot.ddc.
[2017.05.02-20.39.00:125][  0]LogDerivedDataCache:Display: Loaded Boot cache: C:/Users/billy_000/AppData/Local/UnrealEngine/4.15/DerivedDataCache/Boot.ddc
[2017.05.02-20.39.00:125][  0]LogDerivedDataCache: FDerivedDataBackendGraph:  Pak pak cache file ../../../../../../Users/billy_000/team4/CISC374_Team4/Lionfish/DerivedDataCache/DDC.ddp not found, will not use a pak cache.
[2017.05.02-20.39.00:125][  0]LogDerivedDataCache: Unable to find inner node Pak for hierarchical cache Hierarchy.
[2017.05.02-20.39.00:126][  0]LogDerivedDataCache: FDerivedDataBackendGraph:  CompressedPak pak cache file ../../../../../../Users/billy_000/team4/CISC374_Team4/Lionfish/DerivedDataCache/Compressed.ddp not found, will not use a pak cache.
[2017.05.02-20.39.00:126][  0]LogDerivedDataCache: Unable to find inner node CompressedPak for hierarchical cache Hierarchy.
[2017.05.02-20.39.00:259][  0]LogDerivedDataCache:Display: Pak cache opened for reading ../../../Engine/DerivedDataCache/Compressed.ddp.
[2017.05.02-20.39.00:277][  0]LogDerivedDataCache: Using Local data cache path C:/Users/billy_000/AppData/Local/UnrealEngine/Common/DerivedDataCache: Writable
[2017.05.02-20.39.00:336][  0]LogSlate: Using Freetype 2.6.0
[2017.05.02-20.39.00:343][  0]LogSlate: SlateFontCache - WITH_FREETYPE: 1, WITH_HARFBUZZ: 1
[2017.05.02-20.39.00:343][  0]LogSlate: SlateFontCache - WITH_FREETYPE: 1, WITH_HARFBUZZ: 1
[2017.05.02-20.39.02:261][  0]LogInit: Selected Device Profile: [Windows]
[2017.05.02-20.39.02:279][  0]LogContentStreaming: Texture pool size is 0.00 MB
[2017.05.02-20.39.03:745][  0]LogMeshUtilities: Using QuadricMeshReduction for automatic static mesh reduction
[2017.05.02-20.39.04:108][  0]LogSimplygon: Simplygon DLL not present - disabling.
[2017.05.02-20.39.04:480][  0]LogMeshUtilities: Using SimplygonSwarm for distributed automatic mesh merging
[2017.05.02-20.39.04:480][  0]LogMeshUtilities: No automatic skeletal mesh reduction module available
[2017.05.02-20.39.04:480][  0]LogMeshUtilities: No automatic mesh merging module available
[2017.05.02-20.39.07:311][  0]LogNetVersion: GetLocalNetworkVersion: CL: 3299760, ProjectName: lionfish, ProjectVersion: , EngineNetworkVersion: 2, GameNetworkVersion: 0, NetworkChecksum: 3667421609
[2017.05.02-20.39.07:480][  0]LogAssetRegistry: FAssetRegistry took 0.0238 seconds to start up
[2017.05.02-20.39.07:739][  0]LogPackageLocalizationCache: Processed 3 localized package path(s) for 2 prioritized culture(s) in 0.118825 seconds
[2017.05.02-20.39.07:766][  0]LogUObjectArray: 32493 objects as part of root set at end of initial load.
[2017.05.02-20.39.07:766][  0]LogUObjectAllocator: 7077032 out of 0 bytes used by permanent object pool.
[2017.05.02-20.39.07:766][  0]LogUObjectArray: CloseDisregardForGC: 0/0 objects in disregard for GC pool
[2017.05.02-20.39.08:176][  0]LogInit: WinSock: version 1.1 (2.2), MaxSocks=32767, MaxUdp=65467
[2017.05.02-20.39.19:119][  0]LogTcpMessaging: Initializing TcpMessaging bridge
[2017.05.02-20.39.19:332][  0]LogUdpMessaging: Initializing bridge on interface 0.0.0.0:0 to multicast group 230.0.0.1:6666.
[2017.05.02-20.39.22:249][  0]LogMaterial: Uniform references updated for custom material expression Custom.
[2017.05.02-20.39.24:928][  0]SourceControl: Info Source control is disabled
[2017.05.02-20.39.39:561][  0]LogEngine: Initializing Engine...
[2017.05.02-20.39.39:564][  0]LogHMD: Failed to initialize OpenVR with code 110
[2017.05.02-20.39.41:005][  0]LogAIModule: Creating AISystem for world Untitled
[2017.05.02-20.39.41:036][  0]LogInit: XAudio2 using 'Speaker/HP (Realtek High Definition Audio)' : 2 channels at 48 kHz using 32 bits per sample (channel mask 0x3)
[2017.05.02-20.39.41:125][  0]LogInit: FAudioDevice initialized.
[2017.05.02-20.39.41:236][  0]LogDerivedDataCache: Saved boot cache 0.11s 50MB C:/Users/billy_000/AppData/Local/UnrealEngine/4.15/DerivedDataCache/Boot.ddc.
[2017.05.02-20.39.41:271][  0]LogInit: Texture streaming: Enabled
[2017.05.02-20.39.41:926][  0]LogEngineSessionManager: EngineSessionManager initialized
[2017.05.02-20.39.42:575][  0]LogInit: Transaction tracking system initialized
[2017.05.02-20.39.45:178][  0]BlueprintLog: New page: Editor Load
[2017.05.02-20.39.51:734][  0]LocalizationService: Info Localization service is disabled
[2017.05.02-20.39.57:639][  0]LogConsoleResponse:Display: 
[2017.05.02-20.39.58:329][  0]LogCook:Display: Max memory allowance for cook 16384mb min free memory 0mb
[2017.05.02-20.39.58:329][  0]LogCook:Display: Mobile HDR setting 1
[2017.05.02-20.39.58:707][  0]LogFileCache: Scanning file cache for directory 'C:/Users/billy_000/team4/CISC374_Team4/Lionfish/Content/' took 0.06s
[2017.05.02-20.40.07:605][  0]Cmd: MAP LOAD FILE="../../../../../../Users/billy_000/team4/CISC374_Team4/Lionfish/Content/TopDownBP/Maps/TopDownExampleMap.umap" TEMPLATE=0 SHOWPROGRESS=1 FEATURELEVEL=3
[2017.05.02-20.40.07:608][  0]LightingResults: New page: Lighting Build
[2017.05.02-20.40.07:918][  0]MapCheck: New page: Map Check
[2017.05.02-20.40.07:918][  0]LightingResults: New page: Lighting Build
[2017.05.02-20.40.11:495][  0]LogLinker:Warning: Asset '../../../../../../Users/billy_000/team4/CISC374_Team4/Lionfish/Content/Meshes/Water_04/Water/Textures/water.uasset' has been saved with empty engine version. The asset will be loaded but may be incompatible.
[2017.05.02-20.40.13:661][  0]LogAIModule: Creating AISystem for world TopDownExampleMap
[2017.05.02-20.40.13:795][  0]LogEditorServer: Finished looking for orphan Actors (0.000 secs)
[2017.05.02-20.40.13:798][  0]Cmd: MAP CHECKDEP NOCLEARLOG
[2017.05.02-20.40.14:355][  0]MapCheck: Info Map check complete: 0 Error(s), 0 Warning(s), took 556.416ms to complete.
[2017.05.02-20.40.14:356][  0]LogFileHelpers: Loading map 'TopDownExampleMap' took 6.751
[2017.05.02-20.40.15:110][  0]LogCollectionManager: Loaded 0 collections in 0.007476 seconds
[2017.05.02-20.40.15:475][  0]LogFileCache: Scanning file cache for directory 'C:/Users/billy_000/team4/CISC374_Team4/Lionfish/Saved/Collections/' took 0.01s
[2017.05.02-20.40.15:475][  0]LogFileCache: Scanning file cache for directory 'C:/Users/billy_000/team4/CISC374_Team4/Lionfish/Content/Developers/billy000/Collections/' took 0.02s
[2017.05.02-20.40.15:475][  0]LogFileCache: Scanning file cache for directory 'C:/Users/billy_000/team4/CISC374_Team4/Lionfish/Content/Collections/' took 0.01s
[2017.05.02-20.40.15:476][  0]LogCollectionManager: Rebuilt the GUID cache for 0 collections in 0.000005 seconds
[2017.05.02-20.40.15:526][  0]LogContentBrowser: Native class hierarchy populated in 0.0486 seconds. Added 2245 classes and 453 folders.
[2017.05.02-20.40.15:541][  0]LogStats: UGameplayTagsManager::ConstructGameplayTagTree: Construct from data asset -  0.000 s
[2017.05.02-20.40.15:541][  0]LogStats: UGameplayTagsManager::ConstructGameplayTagTree: GameplayTagTreeChangedEvent.Broadcast -  0.000 s
[2017.05.02-20.40.15:995][  0]LogContentBrowser: Native class hierarchy updated for 'WidgetCarousel' in 0.0020 seconds. Added 0 classes and 0 folders.
[2017.05.02-20.40.16:291][  0]LogContentBrowser: Native class hierarchy updated for 'AddContentDialog' in 0.0022 seconds. Added 0 classes and 0 folders.
[2017.05.02-20.40.16:605][  0]LogContentBrowser: Native class hierarchy updated for 'SceneOutliner' in 0.0024 seconds. Added 1 classes and 2 folders.
[2017.05.02-20.40.16:873][  0]LogCrashTracker: Crashtracker disabled due to settings.
[2017.05.02-20.40.16:898][  0]LogUObjectGlobals:Warning: Failed to find object 'Class None.'
[2017.05.02-20.40.17:268][  0]LogContentBrowser: Native class hierarchy updated for 'HierarchicalLODOutliner' in 0.0022 seconds. Added 1 classes and 2 folders.
[2017.05.02-20.40.17:270][  0]LogLoad: (Engine Initialization) Total time: 116.28 seconds
[2017.05.02-20.40.17:270][  0]LogLoad: (Engine Initialization) Total Blueprint compile time: 2.21 seconds
[2017.05.02-20.40.17:270][  0]LogExternalProfiler: No external profilers were discovered.  External profiling features will not be available.
[2017.05.02-20.40.17:614][  0]LogOcInput: OculusInput pre-init called
[2017.05.02-20.40.17:674][  0]SourceControl: Info On branch master
[2017.05.02-20.40.17:675][  0]SourceControl: Info Your branch is up-to-date with 'origin/master'.
[2017.05.02-20.40.17:675][  0]SourceControl: Info Changes not staged for commit:
[2017.05.02-20.40.17:675][  0]SourceControl: Info   (use "git add/rm <file>..." to update what will be committed)
[2017.05.02-20.40.17:675][  0]SourceControl: Info   (use "git checkout -- <file>..." to discard changes in working directory)
[2017.05.02-20.40.17:675][  0]SourceControl: Info 	modified:   Lionfish/Intermediate/CachedAssetRegistry.bin
[2017.05.02-20.40.17:675][  0]SourceControl: Info 	modified:   Lionfish/Intermediate/Config/CoalescedSourceConfigs/EditorSettings.ini
[2017.05.02-20.40.17:675][  0]SourceControl: Info 	modified:   Lionfish/Saved/AutoScreenshot.png
[2017.05.02-20.40.17:675][  0]SourceControl: Info 	modified:   Lionfish/Saved/Config/Windows/Editor.ini
[2017.05.02-20.40.17:675][  0]SourceControl: Info 	modified:   Lionfish/Saved/Config/Windows/EditorPerProjectUserSettings.ini
[2017.05.02-20.40.17:675][  0]SourceControl: Info 	modified:   Lionfish/Saved/Config/Windows/Engine.ini
[2017.05.02-20.40.17:675][  0]SourceControl: Info 	deleted:    Lionfish/Saved/Logs/Lionfish-backup-2017.05.01-23.09.50.log
[2017.05.02-20.40.17:675][  0]SourceControl: Info 	modified:   Lionfish/Saved/Logs/Lionfish.log
[2017.05.02-20.40.17:675][  0]SourceControl: Info 	deleted:    Lionfish/Saved/Logs/Lionfish_2-backup-2017.05.01-22.07.19.log
[2017.05.02-20.40.17:675][  0]SourceControl: Info 	deleted:    Lionfish/Saved/Logs/Lionfish_2-backup-2017.05.01-22.20.15.log
[2017.05.02-20.40.17:675][  0]SourceControl: Info 	modified:   Lionfish/Saved/Logs/Lionfish_2.log
[2017.05.02-20.40.17:675][  0]SourceControl: Info Untracked files:
[2017.05.02-20.40.17:676][  0]SourceControl: Info   (use "git add <file>..." to include in what will be committed)
[2017.05.02-20.40.17:676][  0]SourceControl: Info 	Lionfish/Saved/Logs/Lionfish-backup-2017.05.02-13.01.51.log
[2017.05.02-20.40.17:676][  0]SourceControl: Info 	Lionfish/Saved/Logs/Lionfish-backup-2017.05.02-16.34.58.log
[2017.05.02-20.40.17:676][  0]SourceControl: Info 	Lionfish/Saved/Logs/Lionfish_2-backup-2017.05.02-16.38.26.log
[2017.05.02-20.40.17:676][  0]SourceControl: Info 	Lionfish/Saved/Logs/UE4CC-Windows-0B702D7F46153D5F6FC850943D076E84/
[2017.05.02-20.40.17:676][  0]SourceControl: Info 	Lionfish/Saved/Logs/UE4CC-Windows-3DBC29E1499D03B51EABB1930F61FD15/
[2017.05.02-20.40.17:676][  0]SourceControl: Info 	Lionfish/Saved/Logs/UE4CC-Windows-EE80D1284973D61A85DB879E5B416B6F/
[2017.05.02-20.40.17:676][  0]SourceControl: Info no changes added to commit (use "git add" and/or "git commit -a")
[2017.05.02-20.40.17:677][  0]LogContentStreaming: Texture pool size now 400 MB
[2017.05.02-20.40.17:682][  0]LogSlate: Took 0.002103 seconds to synchronously load lazily loaded font '../../../Engine/Content/Slate/Fonts/Roboto-Regular.ttf' (155K)
[2017.05.02-20.40.17:703][  0]LogSlate: Took 0.001676 seconds to synchronously load lazily loaded font '../../../Engine/Content/Slate/Fonts/Roboto-Bold.ttf' (160K)
[2017.05.02-20.40.17:733][  0]LogSlate: Took 0.002118 seconds to synchronously load lazily loaded font '../../../Engine/Content/Editor/Slate/Fonts/FontAwesome.ttf' (139K)
[2017.05.02-20.40.18:321][  0]LogRenderer: Reallocating scene render targets to support 748x448 NumSamples 1 (Frame:2).
[2017.05.02-20.40.18:603][  0]LogSlate: Took 0.001278 seconds to synchronously load lazily loaded font '../../../Engine/Content/Slate/Fonts/Roboto-Light.ttf' (159K)
[2017.05.02-20.40.18:965][  1]LogFileCache: Retrieving MD5 hashes for directory 'C:/Users/billy_000/team4/CISC374_Team4/Lionfish/Content/' took 1.34s
[2017.05.02-20.40.23:491][ 14]LogAssetRegistry: Asset discovery search completed in 76.0346 seconds
[2017.05.02-20.40.23:491][ 14]LogCollectionManager: Rebuilt the object cache for 0 collections in 0.000019 seconds (found 0 objects)
[2017.05.02-20.40.23:491][ 14]LogCollectionManager: Fixed up redirectors for 0 collections in 0.000102 seconds (updated 0 objects)
[2017.05.02-20.46.52:097][192]Cmd: QUIT_EDITOR
[2017.05.02-20.46.52:759][192]LogExit: Preparing to exit.
[2017.05.02-20.46.53:364][192]LogDirectoryWatcher: A directory notification for 'C:/Users/billy_000/team4/CISC374_Team4/Lionfish/Content/' was aborted.
[2017.05.02-20.46.53:548][192]LogExit: Editor shut down
[2017.05.02-20.46.53:552][192]LogExit: Transaction tracking system shut down
[2017.05.02-20.46.54:386][192]LogObj: Freed 0b from 0 cluster array pools.
[2017.05.02-20.46.54:387][192]LogExit: Object subsystem successfully closed.
[2017.05.02-20.46.54:449][192]LogD3D11RHI: Shutdown
[2017.05.02-20.46.54:449][192]LogD3D11RHI: CleanupD3DDevice
[2017.05.02-20.46.54:784][192]LogD3D11RHI: ~FD3D11DynamicRHI
[2017.05.02-20.46.55:639][192]LogModuleManager: Shutting down and abandoning module HierarchicalLODOutliner (498)
[2017.05.02-20.46.55:639][192]LogModuleManager: Shutting down and abandoning module CrashTracker (496)
[2017.05.02-20.46.55:639][192]LogModuleManager: Shutting down and abandoning module SceneOutliner (494)
[2017.05.02-20.46.55:639][192]LogModuleManager: Shutting down and abandoning module AddContentDialog (492)
[2017.05.02-20.46.55:639][192]LogDirectoryWatcher: A directory notification for 'C:/Program Files/Epic Games/UE_4.15/FeaturePacks/' was aborted.
[2017.05.02-20.46.55:646][192]LogModuleManager: Shutting down and abandoning module WidgetCarousel (491)
[2017.05.02-20.46.55:646][192]LogModuleManager: Shutting down and abandoning module EditorWidgets (488)
[2017.05.02-20.46.55:646][192]LogModuleManager: Shutting down and abandoning module CollectionManager (486)
[2017.05.02-20.46.55:668][192]LogDirectoryWatcher: A directory notification for 'C:/Users/billy_000/team4/CISC374_Team4/Lionfish/Content/Collections/' was aborted.
[2017.05.02-20.46.55:669][192]LogDirectoryWatcher: A directory notification for 'C:/Users/billy_000/team4/CISC374_Team4/Lionfish/Content/Developers/billy000/Collections/' was aborted.
[2017.05.02-20.46.55:669][192]LogDirectoryWatcher: A directory notification for 'C:/Users/billy_000/team4/CISC374_Team4/Lionfish/Saved/Collections/' was aborted.
[2017.05.02-20.46.55:670][192]LogModuleManager: Shutting down and abandoning module StatsViewer (484)
[2017.05.02-20.46.55:684][192]LogModuleManager: Shutting down and abandoning module FoliageEdit (482)
[2017.05.02-20.46.55:684][192]LogModuleManager: Shutting down and abandoning module LandscapeEditor (480)
[2017.05.02-20.46.55:685][192]LogModuleManager: Shutting down and abandoning module SceneDepthPickerMode (478)
[2017.05.02-20.46.55:685][192]LogModuleManager: Shutting down and abandoning module ActorPickerMode (476)
[2017.05.02-20.46.55:685][192]LogModuleManager: Shutting down and abandoning module GeometryMode (474)
[2017.05.02-20.46.55:685][192]LogModuleManager: Shutting down and abandoning module TextureAlignMode (472)
[2017.05.02-20.46.55:685][192]LogModuleManager: Shutting down and abandoning module BspMode (470)
[2017.05.02-20.46.55:685][192]LogModuleManager: Shutting down and abandoning module HardwareSurvey (468)
[2017.05.02-20.46.55:685][192]LogModuleManager: Shutting down and abandoning module SequenceRecorderSections (466)
[2017.05.02-20.46.55:701][192]LogModuleManager: Shutting down and abandoning module AutomationWorker (464)
[2017.05.02-20.46.55:712][192]LogModuleManager: Shutting down and abandoning module MatineeToLevelSequence (462)
[2017.05.02-20.46.55:713][192]LogModuleManager: Shutting down and abandoning module LevelSequenceEditor (460)
[2017.05.02-20.46.55:781][192]LogModuleManager: Shutting down and abandoning module PlacementMode (459)
[2017.05.02-20.46.55:781][192]LogModuleManager: Shutting down and abandoning module WmfMediaFactory (456)
[2017.05.02-20.46.55:781][192]LogModuleManager: Shutting down and abandoning module WmfMediaEditor (454)
[2017.05.02-20.46.55:781][192]LogModuleManager: Shutting down and abandoning module MfMediaFactory (452)
[2017.05.02-20.46.55:781][192]LogModuleManager: Shutting down and abandoning module MfMediaEditor (450)
[2017.05.02-20.46.55:781][192]LogModuleManager: Shutting down and abandoning module AvfMediaFactory (448)
[2017.05.02-20.46.55:781][192]LogModuleManager: Shutting down and abandoning module AvfMediaEditor (446)
[2017.05.02-20.46.55:781][192]LogModuleManager: Shutting down and abandoning module AndroidMediaFactory (444)
[2017.05.02-20.46.55:781][192]LogModuleManager: Shutting down and abandoning module Media (443)
[2017.05.02-20.46.55:782][192]LogModuleManager: Shutting down and abandoning module AndroidMediaEditor (440)
[2017.05.02-20.46.55:782][192]LogModuleManager: Shutting down and abandoning module CharacterAI (438)
[2017.05.02-20.46.55:782][192]LogModuleManager: Shutting down and abandoning module AudioCapture (436)
[2017.05.02-20.46.55:782][192]LogModuleManager: Shutting down and abandoning module SequenceRecorder (435)
[2017.05.02-20.46.55:782][192]LogModuleManager: Shutting down and abandoning module SmartSnapping (432)
[2017.05.02-20.46.55:782][192]LogModuleManager: Shutting down and abandoning module SessionServices (430)
[2017.05.02-20.46.55:782][192]LogModuleManager: Shutting down and abandoning module ViewportSnapping (428)
[2017.05.02-20.46.55:782][192]LogModuleManager: Shutting down and abandoning module ViewportInteraction (426)
[2017.05.02-20.46.55:782][192]LogModuleManager: Shutting down and abandoning module LogVisualizer (424)
[2017.05.02-20.46.55:803][192]LogModuleManager: Shutting down and abandoning module IntroTutorials (422)
[2017.05.02-20.46.55:807][192]LogModuleManager: Shutting down and abandoning module GameProjectGeneration (421)
[2017.05.02-20.46.55:808][192]LogModuleManager: Shutting down and abandoning module EditorLiveStreaming (418)
[2017.05.02-20.46.55:808][192]LogModuleManager: Shutting down and abandoning module IOSPlatformEditor (416)
[2017.05.02-20.46.55:808][192]LogModuleManager: Shutting down and abandoning module HTML5PlatformEditor (414)
[2017.05.02-20.46.55:808][192]LogModuleManager: Shutting down and abandoning module AndroidPlatformEditor (412)
[2017.05.02-20.46.55:812][192]LogModuleManager: Shutting down and abandoning module AndroidDeviceDetection (411)
[2017.05.02-20.46.56:779][192]LogModuleManager: Shutting down and abandoning module IOSRuntimeSettings (408)
[2017.05.02-20.46.56:779][192]LogModuleManager: Shutting down and abandoning module AndroidRuntimeSettings (406)
[2017.05.02-20.46.56:779][192]LogModuleManager: Shutting down and abandoning module InputBindingEditor (404)
[2017.05.02-20.46.56:817][192]LogModuleManager: Shutting down and abandoning module NiagaraEditor (402)
[2017.05.02-20.46.56:852][192]LogModuleManager: Shutting down and abandoning module MergeActors (400)
[2017.05.02-20.46.56:852][192]LogModuleManager: Shutting down and abandoning module SizeMap (398)
[2017.05.02-20.46.56:852][192]LogModuleManager: Shutting down and abandoning module TreeMap (396)
[2017.05.02-20.46.56:865][192]LogModuleManager: Shutting down and abandoning module ReferenceViewer (394)
[2017.05.02-20.46.56:865][192]LogModuleManager: Shutting down and abandoning module LocalizationDashboard (392)
[2017.05.02-20.46.56:869][192]LogModuleManager: Shutting down and abandoning module LocalizationService (391)
[2017.05.02-20.46.56:870][192]LogModuleManager: Shutting down and abandoning module HardwareTargeting (388)
[2017.05.02-20.46.56:879][192]LogModuleManager: Shutting down and abandoning module DeviceProfileEditor (386)
[2017.05.02-20.46.56:894][192]LogModuleManager: Shutting down and abandoning module UndoHistory (384)
[2017.05.02-20.46.56:929][192]LogModuleManager: Shutting down and abandoning module UserFeedback (382)
[2017.05.02-20.46.56:929][192]LogModuleManager: Shutting down and abandoning module XmlParser (380)
[2017.05.02-20.46.56:937][192]LogModuleManager: Shutting down and abandoning module Blutility (378)
[2017.05.02-20.46.56:945][192]LogModuleManager: Shutting down and abandoning module ProjectSettingsViewer (376)
[2017.05.02-20.46.56:945][192]LogModuleManager: Shutting down and abandoning module ProjectTargetPlatformEditor (375)
[2017.05.02-20.46.56:946][192]LogModuleManager: Shutting down and abandoning module EditorSettingsViewer (372)
[2017.05.02-20.46.56:946][192]LogModuleManager: Shutting down and abandoning module SettingsEditor (370)
[2017.05.02-20.46.56:968][192]LogModuleManager: Shutting down and abandoning module ProjectLauncher (368)
[2017.05.02-20.46.56:995][192]LogModuleManager: Shutting down and abandoning module SessionFrontend (366)
[2017.05.02-20.46.56:995][192]LogModuleManager: Shutting down and abandoning module ProfilerClient (364)
[2017.05.02-20.46.57:018][192]LogModuleManager: Shutting down and abandoning module DeviceManager (362)
[2017.05.02-20.46.57:018][192]LogModuleManager: Shutting down and abandoning module TargetDeviceServices (361)
[2017.05.02-20.46.57:061][192]LogModuleManager: Shutting down and abandoning module AutomationController (358)
[2017.05.02-20.46.57:080][192]LogModuleManager: Shutting down and abandoning module AutomationWindow (356)
[2017.05.02-20.46.57:101][192]LogModuleManager: Shutting down and abandoning module Layers (354)
[2017.05.02-20.46.57:122][192]LogModuleManager: Shutting down and abandoning module ComponentVisualizers (352)
[2017.05.02-20.46.57:123][192]LogModuleManager: Shutting down and abandoning module DetailCustomizations (350)
[2017.05.02-20.46.57:123][192]LogModuleManager: Shutting down and abandoning module PackagesDialog (348)
[2017.05.02-20.46.57:123][192]LogModuleManager: Shutting down and abandoning module Persona (346)
[2017.05.02-20.46.57:144][192]LogModuleManager: Shutting down and abandoning module AnimGraph (345)
[2017.05.02-20.46.57:145][192]LogModuleManager: Shutting down and abandoning module Kismet (342)
[2017.05.02-20.46.57:150][192]LogModuleManager: Shutting down and abandoning module GraphEditor (340)
[2017.05.02-20.46.57:150][192]LogModuleManager: Shutting down and abandoning module ClassViewer (338)
[2017.05.02-20.46.57:151][192]LogModuleManager: Shutting down and abandoning module Toolbox (336)
[2017.05.02-20.46.57:164][192]LogModuleManager: Shutting down and abandoning module ModuleUI (334)
[2017.05.02-20.46.57:172][192]LogModuleManager: Shutting down and abandoning module MovieSceneTools (332)
[2017.05.02-20.46.57:172][192]LogModuleManager: Shutting down and abandoning module OutputLog (330)
[2017.05.02-20.46.57:180][192]LogModuleManager: Shutting down and abandoning module GammaUI (328)
[2017.05.02-20.46.57:194][192]LogModuleManager: Shutting down and abandoning module Documentation (326)
[2017.05.02-20.46.57:194][192]LogModuleManager: Shutting down and abandoning module Niagara (324)
[2017.05.02-20.46.57:194][192]LogModuleManager: Shutting down and abandoning module StreamingPauseRendering (322)
[2017.05.02-20.46.57:194][192]LogModuleManager: Shutting down and abandoning module AnalyticsET (320)
[2017.05.02-20.46.57:194][192]LogModuleManager: Shutting down and abandoning module PortalServices (318)
[2017.05.02-20.46.57:194][192]LogModuleManager: Shutting down and abandoning module PortalRpc (316)
[2017.05.02-20.46.57:194][192]LogModuleManager: Shutting down and abandoning module MessagingRpc (314)
[2017.05.02-20.46.57:194][192]LogModuleManager: Shutting down and abandoning module AIModule (312)
[2017.05.02-20.46.57:194][192]LogModuleManager: Shutting down and abandoning module GameplayDebugger (311)
[2017.05.02-20.46.57:202][192]LogModuleManager: Shutting down and abandoning module AITestSuite (309)
[2017.05.02-20.46.57:203][192]LogModuleManager: Shutting down and abandoning module ProfilerService (306)
[2017.05.02-20.46.57:409][192]LogModuleManager: Shutting down and abandoning module TaskGraph (304)
[2017.05.02-20.46.57:423][192]LogModuleManager: Shutting down and abandoning module SteamVRController (302)
[2017.05.02-20.46.57:423][192]LogModuleManager: Shutting down and abandoning module SteamVR (300)
[2017.05.02-20.46.57:423][192]LogModuleManager: Shutting down and abandoning module ProceduralMeshComponentEditor (298)
[2017.05.02-20.46.57:423][192]LogModuleManager: Shutting down and abandoning module ProceduralMeshComponent (296)
[2017.05.02-20.46.57:430][192]LogModuleManager: Shutting down and abandoning module OculusLibrary (294)
[2017.05.02-20.46.57:430][192]LogModuleManager: Shutting down and abandoning module OculusInput (292)
[2017.05.02-20.46.57:430][192]LogModuleManager: Shutting down and abandoning module MobilePatchingUtils (290)
[2017.05.02-20.46.57:430][192]LogModuleManager: Shutting down and abandoning module CustomMeshComponent (288)
[2017.05.02-20.46.57:430][192]LogModuleManager: Shutting down and abandoning module CableComponent (286)
[2017.05.02-20.46.57:430][192]LogModuleManager: Shutting down and abandoning module ArchVisCharacter (284)
[2017.05.02-20.46.57:431][192]LogModuleManager: Shutting down and abandoning module MediaPlayerEditor (280)
[2017.05.02-20.46.57:451][192]LogModuleManager: Shutting down and abandoning module HTML5Networking (278)
[2017.05.02-20.46.57:452][192]LogModuleManager: Shutting down and abandoning module AlembicImporter (276)
[2017.05.02-20.46.57:466][192]LogModuleManager: Shutting down and abandoning module AlembicLibrary (275)
[2017.05.02-20.46.57:466][192]LogModuleManager: Shutting down and abandoning module GeometryCache (274)
[2017.05.02-20.46.57:478][192]LogModuleManager: Shutting down and abandoning module GeometryCacheEd (273)
[2017.05.02-20.46.57:480][192]LogModuleManager: Shutting down and abandoning module SuperSearchEditor (268)
[2017.05.02-20.46.57:481][192]LogModuleManager: Shutting down and abandoning module SuperSearch (267)
[2017.05.02-20.46.57:481][192]LogModuleManager: Shutting down and abandoning module SpeedTreeImporter (264)
[2017.05.02-20.46.57:481][192]LogModuleManager: Shutting down and abandoning module PluginBrowser (262)
[2017.05.02-20.46.57:496][192]LogModuleManager: Shutting down and abandoning module MobileLauncherProfileWizard (260)
[2017.05.02-20.46.57:505][192]LogModuleManager: Shutting down and abandoning module EpicSurvey (258)
[2017.05.02-20.46.57:505][192]LogModuleManager: Shutting down and abandoning module VisualStudioSourceCodeAccess (256)
[2017.05.02-20.46.57:506][192]LogModuleManager: Shutting down and abandoning module DesktopPlatform (255)
[2017.05.02-20.46.57:506][192]LogModuleManager: Shutting down and abandoning module UObjectPlugin (252)
[2017.05.02-20.46.57:506][192]LogModuleManager: Shutting down and abandoning module SubversionSourceControl (250)
[2017.05.02-20.46.57:520][192]LogModuleManager: Shutting down and abandoning module PerforceSourceControl (248)
[2017.05.02-20.46.57:537][192]LogModuleManager: Shutting down and abandoning module GitSourceControl (246)
[2017.05.02-20.46.57:537][192]LogModuleManager: Shutting down and abandoning module SourceControl (245)
[2017.05.02-20.46.57:537][192]LogModuleManager: Shutting down and abandoning module LightPropagationVolumeEditor (242)
[2017.05.02-20.46.57:537][192]LogModuleManager: Shutting down and abandoning module PaperTiledImporter (240)
[2017.05.02-20.46.57:537][192]LogModuleManager: Shutting down and abandoning module PaperSpriteSheetImporter (238)
[2017.05.02-20.46.57:537][192]LogModuleManager: Shutting down and abandoning module Paper2DEditor (236)
[2017.05.02-20.46.57:538][192]LogModuleManager: Shutting down and abandoning module MeshPaint (235)
[2017.05.02-20.46.57:545][192]LogModuleManager: Shutting down and abandoning module LevelEditor (233)
[2017.05.02-20.46.57:558][192]LogModuleManager: Shutting down and abandoning module PixelInspectorModule (232)
[2017.05.02-20.46.57:582][192]LogModuleManager: Shutting down and abandoning module MainFrame (230)
[2017.05.02-20.46.57:584][192]LogModuleManager: Shutting down and abandoning module HotReload (229)
[2017.05.02-20.46.57:595][192]LogModuleManager: Shutting down and abandoning module ContentBrowser (225)
[2017.05.02-20.46.57:599][192]LogModuleManager: Shutting down and abandoning module PhysXVehiclesEditor (222)
[2017.05.02-20.46.57:611][192]LogModuleManager: Shutting down and abandoning module PhysXVehicles (220)
[2017.05.02-20.46.57:611][192]LogModuleManager: Shutting down and abandoning module LocationServicesBPLibrary (218)
[2017.05.02-20.46.57:611][192]LogModuleManager: Shutting down and abandoning module UdpMessaging (216)
[2017.05.02-20.46.57:715][192]LogModuleManager: Shutting down and abandoning module TcpMessaging (214)
[2017.05.02-20.46.57:828][192]LogModuleManager: Shutting down and abandoning module GameplayTagsEditor (212)
[2017.05.02-20.46.57:849][192]LogModuleManager: Shutting down and abandoning module FacialAnimationEditor (210)
[2017.05.02-20.46.57:854][192]LogModuleManager: Shutting down and abandoning module FacialAnimation (208)
[2017.05.02-20.46.57:854][192]LogModuleManager: Shutting down and abandoning module LightPropagationVolumeRuntime (206)
[2017.05.02-20.46.57:854][192]LogModuleManager: Shutting down and abandoning module Paper2D (204)
[2017.05.02-20.46.57:854][192]LogModuleManager: Shutting down and abandoning module WindowsMoviePlayer (202)
[2017.05.02-20.46.57:854][192]LogModuleManager: Shutting down and abandoning module WmfMedia (200)
[2017.05.02-20.46.57:855][192]LogModuleManager: Shutting down and abandoning module MfMedia (198)
[2017.05.02-20.46.57:855][192]LogModuleManager: Shutting down and abandoning module MediaAssets (196)
[2017.05.02-20.46.57:855][192]LogModuleManager: Shutting down and abandoning module GameLiveStreaming (194)
[2017.05.02-20.46.57:867][192]LogModuleManager: Shutting down and abandoning module VREditor (192)
[2017.05.02-20.46.57:868][192]LogModuleManager: Shutting down and abandoning module GameplayTasksEditor (190)
[2017.05.02-20.46.57:868][192]LogModuleManager: Shutting down and abandoning module BehaviorTreeEditor (188)
[2017.05.02-20.46.57:868][192]LogModuleManager: Shutting down and abandoning module FunctionalTesting (186)
[2017.05.02-20.46.57:868][192]LogModuleManager: Shutting down and abandoning module CollisionAnalyzer (184)
[2017.05.02-20.46.57:880][192]LogModuleManager: Shutting down and abandoning module UMG (182)
[2017.05.02-20.46.57:882][192]LogModuleManager: Shutting down and abandoning module UMGEditor (181)
[2017.05.02-20.46.57:883][192]LogModuleManager: Shutting down and abandoning module Sequencer (180)
[2017.05.02-20.46.57:883][192]LogModuleManager: Shutting down and abandoning module AssetTools (178)
[2017.05.02-20.46.57:898][192]LogModuleManager: Shutting down and abandoning module MessageLog (177)
[2017.05.02-20.46.57:898][192]LogModuleManager: Shutting down and abandoning module WorkspaceMenuStructure (176)
[2017.05.02-20.46.57:898][192]LogModuleManager: Shutting down and abandoning module SlateReflector (170)
[2017.05.02-20.46.57:923][192]LogModuleManager: Shutting down and abandoning module Slate (168)
[2017.05.02-20.46.57:924][192]LogModuleManager: Shutting down and abandoning module EditorStyle (166)
[2017.05.02-20.46.57:956][192]LogModuleManager: Shutting down and abandoning module SourceCodeAccess (164)
[2017.05.02-20.46.57:957][192]LogModuleManager: Shutting down and abandoning module HeadMountedDisplay (162)
[2017.05.02-20.46.57:957][192]LogModuleManager: Shutting down and abandoning module XAudio2 (160)
[2017.05.02-20.46.57:957][192]LogModuleManager: Shutting down and abandoning module Networking (158)
[2017.05.02-20.46.57:957][192]LogModuleManager: Shutting down and abandoning module Core (154)
[2017.05.02-20.46.57:957][192]LogModuleManager: Shutting down and abandoning module AssetRegistry (152)
[2017.05.02-20.46.58:395][192]LogDirectoryWatcher: A directory notification for '../../../Engine/Content/' was aborted.
[2017.05.02-20.46.58:395][192]LogDirectoryWatcher: A directory notification for '../../../../../../Users/billy_000/team4/CISC374_Team4/Lionfish/Content/' was aborted.
[2017.05.02-20.46.58:396][192]LogDirectoryWatcher: A directory notification for '../../../Engine/Plugins/2D/Paper2D/Content/' was aborted.
[2017.05.02-20.46.58:401][192]LogModuleManager: Shutting down and abandoning module DirectoryWatcher (151)
[2017.05.02-20.46.58:404][192]LogModuleManager: Shutting down and abandoning module KismetCompiler (148)
[2017.05.02-20.46.58:404][192]LogModuleManager: Shutting down and abandoning module PhysXFormats (146)
[2017.05.02-20.46.58:404][192]LogModuleManager: Shutting down and abandoning module MeshUtilities (144)
[2017.05.02-20.46.58:404][192]LogModuleManager: Shutting down and abandoning module SimplygonSwarm (143)
[2017.05.02-20.46.58:404][192]LogModuleManager: Shutting down and abandoning module SimplygonMeshReduction (141)
[2017.05.02-20.46.58:404][192]LogModuleManager: Shutting down and abandoning module QuadricMeshReduction (139)
[2017.05.02-20.46.58:404][192]LogModuleManager: Shutting down and abandoning module PropertyEditor (137)
[2017.05.02-20.46.58:404][192]LogModuleManager: Shutting down and abandoning module DerivedDataCache (134)
[2017.05.02-20.46.58:429][192]LogDerivedDataCache: Shutdown
[2017.05.02-20.46.58:429][192]LogModuleManager: Shutting down and abandoning module TargetPlatform (132)
[2017.05.02-20.46.58:429][192]LogModuleManager: Shutting down and abandoning module VulkanShaderFormat (131)
[2017.05.02-20.46.58:440][192]LogModuleManager: Shutting down and abandoning module ShaderFormatOpenGL (129)
[2017.05.02-20.46.58:453][192]LogModuleManager: Shutting down and abandoning module ShaderFormatD3D (127)
[2017.05.02-20.46.58:453][192]LogModuleManager: Shutting down and abandoning module MetalShaderFormat (125)
[2017.05.02-20.46.58:461][192]LogModuleManager: Shutting down and abandoning module TextureFormatUncompressed (123)
[2017.05.02-20.46.58:461][192]LogModuleManager: Shutting down and abandoning module TextureFormatPVR (121)
[2017.05.02-20.46.58:461][192]LogModuleManager: Shutting down and abandoning module TextureFormatDXT (119)
[2017.05.02-20.46.58:461][192]LogModuleManager: Shutting down and abandoning module TextureFormatIntelISPCTexComp (117)
[2017.05.02-20.46.58:471][192]LogModuleManager: Shutting down and abandoning module TextureFormatASTC (115)
[2017.05.02-20.46.58:471][192]LogModuleManager: Shutting down and abandoning module ImageWrapper (114)
[2017.05.02-20.46.58:471][192]LogModuleManager: Shutting down and abandoning module TextureFormatAndroid (111)
[2017.05.02-20.46.58:471][192]LogModuleManager: Shutting down and abandoning module AudioFormatOpus (109)
[2017.05.02-20.46.58:476][192]LogModuleManager: Shutting down and abandoning module AudioFormatOgg (107)
[2017.05.02-20.46.58:477][192]LogModuleManager: Shutting down and abandoning module AudioFormatADPCM (105)
[2017.05.02-20.46.58:477][192]LogModuleManager: Shutting down and abandoning module LinuxTargetPlatform (103)
[2017.05.02-20.46.58:477][192]LogModuleManager: Shutting down and abandoning module LinuxServerTargetPlatform (101)
[2017.05.02-20.46.58:477][192]LogModuleManager: Shutting down and abandoning module LinuxNoEditorTargetPlatform (99)
[2017.05.02-20.46.58:477][192]LogModuleManager: Shutting down and abandoning module LinuxClientTargetPlatform (97)
[2017.05.02-20.46.58:477][192]LogModuleManager: Shutting down and abandoning module TVOSTargetPlatform (95)
[2017.05.02-20.46.58:477][192]LogModuleManager: Shutting down and abandoning module Messaging (93)
[2017.05.02-20.46.58:477][192]LogModuleManager: Shutting down and abandoning module IOSTargetPlatform (91)
[2017.05.02-20.46.58:477][192]LogModuleManager: Shutting down and abandoning module HTML5TargetPlatform (89)
[2017.05.02-20.46.58:477][192]LogModuleManager: Shutting down and abandoning module Android_PVRTCTargetPlatform (87)
[2017.05.02-20.46.58:477][192]LogModuleManager: Shutting down and abandoning module Android_MultiTargetPlatform (85)
[2017.05.02-20.46.58:477][192]LogModuleManager: Shutting down and abandoning module Android_ETC2TargetPlatform (83)
[2017.05.02-20.46.58:477][192]LogModuleManager: Shutting down and abandoning module Android_ETC1TargetPlatform (81)
[2017.05.02-20.46.58:477][192]LogModuleManager: Shutting down and abandoning module Android_DXTTargetPlatform (79)
[2017.05.02-20.46.58:477][192]LogModuleManager: Shutting down and abandoning module Android_ATCTargetPlatform (77)
[2017.05.02-20.46.58:477][192]LogModuleManager: Shutting down and abandoning module Android_ASTCTargetPlatform (75)
[2017.05.02-20.46.58:477][192]LogModuleManager: Shutting down and abandoning module AndroidTargetPlatform (73)
[2017.05.02-20.46.58:477][192]LogModuleManager: Shutting down and abandoning module WindowsTargetPlatform (71)
[2017.05.02-20.46.58:478][192]LogModuleManager: Shutting down and abandoning module WindowsServerTargetPlatform (69)
[2017.05.02-20.46.58:478][192]LogModuleManager: Shutting down and abandoning module WindowsNoEditorTargetPlatform (67)
[2017.05.02-20.46.58:478][192]LogModuleManager: Shutting down and abandoning module WindowsClientTargetPlatform (65)
[2017.05.02-20.46.58:478][192]LogModuleManager: Shutting down and abandoning module MacTargetPlatform (63)
[2017.05.02-20.46.58:478][192]LogModuleManager: Shutting down and abandoning module MacServerTargetPlatform (61)
[2017.05.02-20.46.58:478][192]LogModuleManager: Shutting down and abandoning module MacNoEditorTargetPlatform (59)
[2017.05.02-20.46.58:478][192]LogModuleManager: Shutting down and abandoning module MacClientTargetPlatform (57)
[2017.05.02-20.46.58:478][192]LogModuleManager: Shutting down and abandoning module AllDesktopTargetPlatform (55)
[2017.05.02-20.46.58:478][192]LogModuleManager: Shutting down and abandoning module InputCore (52)
[2017.05.02-20.46.58:478][192]LogModuleManager: Shutting down and abandoning module Settings (50)
[2017.05.02-20.46.58:478][192]LogModuleManager: Shutting down and abandoning module OculusRift (48)
[2017.05.02-20.46.58:478][192]LogModuleManager: Shutting down and abandoning module GearVR (46)
[2017.05.02-20.46.58:478][192]LogModuleManager: Shutting down and abandoning module ExampleDeviceProfileSelector (44)
[2017.05.02-20.46.58:478][192]LogModuleManager: Shutting down and abandoning module OnlineBlueprintSupport (42)
[2017.05.02-20.46.58:478][192]LogModuleManager: Shutting down and abandoning module OnlineSubsystem (38)
[2017.05.02-20.46.58:478][192]LogOnline:Display: Unloading online subsystem: NULL
[2017.05.02-20.46.58:498][192]LogModuleManager: Shutting down and abandoning module XMPP (37)
[2017.05.02-20.46.58:498][192]LogModuleManager: Shutting down and abandoning module HTTP (35)
[2017.05.02-20.46.58:498][192]LogHttp:Display: Http module shutting down, but needs to wait on 1 outstanding Http requests:
[2017.05.02-20.46.58:498][192]LogHttp:Display: 	verb=[POST] url=[https://datarouter.ol.epicgames.com/datarouter/api/v1/public/data?SessionID=%7BD302D3DD-4EC1-0676-D924-B5B8B9E0CAE5%7D&AppID=UEEditor.Rocket.Release&AppVersion=4.15.1-3348071%2B%2B%2BUE4%2BRelease-4.15&UserID=0be2561c49971668862a3583c92d439c%7C54c0f00f4a8d4618b0aa97816cea664e%7C8e1abb9e-f2be-4558-ac1e-686edc767256&AppEnvironment=datacollector-binary&UploadType=eteventstream] status=Processing
[2017.05.02-20.46.58:535][192]LogModuleManager: Shutting down and abandoning module SSL (34)
[2017.05.02-20.46.58:547][192]LogModuleManager: Shutting down and abandoning module AudioEditor (30)
[2017.05.02-20.46.58:548][192]LogModuleManager: Shutting down and abandoning module TextureCompressor (28)
[2017.05.02-20.46.58:556][192]LogModuleManager: Shutting down and abandoning module ShaderCore (26)
[2017.05.02-20.46.58:556][192]LogModuleManager: Shutting down and abandoning module Landscape (24)
[2017.05.02-20.46.58:556][192]LogModuleManager: Shutting down and abandoning module SlateRHIRenderer (22)
[2017.05.02-20.46.58:560][192]LogModuleManager: Shutting down and abandoning module OpenGLDrv (20)
[2017.05.02-20.46.58:560][192]LogModuleManager: Shutting down and abandoning module D3D11RHI (18)
[2017.05.02-20.46.58:560][192]LogModuleManager: Shutting down and abandoning module AnimGraphRuntime (16)
[2017.05.02-20.46.58:560][192]LogModuleManager: Shutting down and abandoning module Renderer (14)
[2017.05.02-20.46.58:560][192]LogModuleManager: Shutting down and abandoning module Engine (12)
[2017.05.02-20.46.58:560][192]LogModuleManager: Shutting down and abandoning module CoreUObject (10)
[2017.05.02-20.46.58:560][192]LogModuleManager: Shutting down and abandoning module NetworkFile (8)
[2017.05.02-20.46.58:560][192]LogModuleManager: Shutting down and abandoning module StreamingFile (6)
[2017.05.02-20.46.58:561][192]LogModuleManager: Shutting down and abandoning module SandboxFile (4)
[2017.05.02-20.46.58:561][192]LogModuleManager: Shutting down and abandoning module PakFile (2)
[2017.05.02-20.46.58:569][192]LogExit: Exiting.
[2017.05.02-20.46.58:576][192]Log file closed, 05/02/17 16:46:58
