Log file open, 04/28/17 17:29:14
LogInit:Display: Running engine for game: Lionfish
LogPlatformFile: Not using cached read wrapper
LogInit:Display: RandInit(-665929008) SRandInit(-665929008).
LogTaskGraph: Started task graph with 5 named threads and 8 total threads with 1 sets of task threads.
LogStats: Stats thread started at 0.260509
LogInit: Using libcurl 7.47.1
LogInit:  - built for x86_64-pc-win32
LogInit:  - supports SSL with OpenSSL/1.0.2g
LogInit:  - supports HTTP deflate (compression) using libz 1.2.8
LogInit:  - other features:
LogInit:      CURL_VERSION_SSL
LogInit:      CURL_VERSION_LIBZ
LogInit:      CURL_VERSION_IPV6
LogInit:      CURL_VERSION_ASYNCHDNS
LogInit:      CURL_VERSION_LARGEFILE
LogInit:      CURL_VERSION_IDN
LogInit:  CurlRequestOptions (configurable via config and command line):
LogInit:  - bVerifyPeer = false  - Libcurl will NOT verify peer certificate
LogInit:  - bUseHttpProxy = false  - Libcurl will NOT use HTTP proxy
LogInit:  - bDontReuseConnections = false  - Libcurl will reuse connections
LogInit:  - CertBundlePath = nullptr  - Libcurl will use whatever was configured at build time.
LogInit: Build: ++UE4+Release-4.15-CL-3348071
LogInit: Engine Version: 4.15.1-3348071+++UE4+Release-4.15
LogInit: Compatible Engine Version: 4.15.0-3299760+++UE4+Release-4.15
LogInit: Net CL: 3299760
LogDevObjectVersion: Number of dev versions registered: 14
LogDevObjectVersion:   Dev-Blueprints (B0D832E4-1F89-4F0D-ACCF-7EB736FD4AA2): 8
LogDevObjectVersion:   Dev-Build (E1C64328-A22C-4D53-A36C-8E866417BD8C): 0
LogDevObjectVersion:   Dev-Core (375EC13C-06E4-48FB-B500-84F0262A717E): 2
LogDevObjectVersion:   Dev-Editor (E4B068ED-F494-42E9-A231-DA0B2E46BB41): 14
LogDevObjectVersion:   Dev-Framework (CFFC743F-43B0-4480-9391-14DF171D2073): 22
LogDevObjectVersion:   Dev-Mobile (B02B49B5-BB20-44E9-A304-32B752E40360): 0
LogDevObjectVersion:   Dev-Networking (A4E4105C-59A1-49B5-A7C5-40C4547EDFEE): 0
LogDevObjectVersion:   Dev-Online (39C831C9-5AE6-47DC-9A44-9C173E1C8E7C): 0
LogDevObjectVersion:   Dev-Physics (78F01B33-EBEA-4F98-B9B4-84EACCB95AA2): 0
LogDevObjectVersion:   Dev-Platform (6631380F-2D4D-43E0-8009-CF276956A95A): 0
LogDevObjectVersion:   Dev-Rendering (12F88B9F-8875-4AFC-A67C-D90C383ABD29): 12
LogDevObjectVersion:   Dev-Sequencer (7B5AE74C-D270-4C10-A958-57980B212A5A): 3
LogDevObjectVersion:   Dev-VR (D7296918-1DD6-4BDD-9DE2-64A83CC13884): 0
LogDevObjectVersion:   Dev-LoadTimes (C2A15278-BFE7-4AFE-6C17-90FF531DF755): 1
LogInit: Compiled (64-bit): Mar 15 2017 16:52:47
LogInit: Compiled with Visual C++: 19.00.23026.00
LogInit: Build Configuration: Development
LogInit: Branch Name: ++UE4+Release-4.15
LogInit: Command line: -EpicPortal 
LogInit: Base directory: C:/Program Files/Epic Games/UE_4.15/Engine/Binaries/Win64/
LogInit: Installed Engine Build: 1
LogInit: Presizing for max 8388607 objects, including 0 objects not considered by GC, pre-allocating 0 bytes for permanent pool.
LogInit: Object subsystem initialized
[2017.04.28-21.29.18:061][  0]LogInit: Selected Device Profile: [Windows]
[2017.04.28-21.29.18:061][  0]LogInit: Applying CVar settings loaded from the selected device profile: [Windows]
[2017.04.28-21.29.18:133][  0]LogInit: Computer: JERYTHELAPTOP
[2017.04.28-21.29.18:133][  0]LogInit: User: Jacob
[2017.04.28-21.29.18:133][  0]LogInit: CPU Page size=65536, Cores=4
[2017.04.28-21.29.18:133][  0]LogInit: High frequency timer resolution =1.462105 MHz
[2017.04.28-21.29.18:134][  0]LogMemory: Memory total: Physical=5.4GB (6GB approx)
[2017.04.28-21.29.18:134][  0]LogMemory: Platform Memory Stats for Windows
[2017.04.28-21.29.18:134][  0]LogMemory: Process Physical Memory: 263.80 MB used, 263.80 MB peak
[2017.04.28-21.29.18:134][  0]LogMemory: Process Virtual Memory: 262.36 MB used, 262.36 MB peak
[2017.04.28-21.29.18:134][  0]LogMemory: Physical Memory: 3553.95 MB used,  2018.52 MB free, 5572.47 MB total
[2017.04.28-21.29.18:134][  0]LogMemory: Virtual Memory: 643.97 MB used,  2018.52 MB free, 134217728.00 MB total
[2017.04.28-21.29.18:595][  0]LogTextLocalizationManager: No specific translations for ('en-US') exist, so ('en') translations will be used.
[2017.04.28-21.29.22:308][  0]LogD3D11RHI: D3D11 adapters:
[2017.04.28-21.29.22:393][  0]LogD3D11RHI:    0. 'AMD Radeon HD 8330' (Feature Level 11_0)
[2017.04.28-21.29.22:393][  0]LogD3D11RHI:       495/0/2786 MB DedicatedVideo/DedicatedSystem/SharedSystem, Outputs:1, VendorId:0x1002
[2017.04.28-21.29.22:404][  0]LogD3D11RHI:    1. 'Microsoft Basic Render Driver' (Feature Level 11_0)
[2017.04.28-21.29.22:404][  0]LogD3D11RHI:       0/0/2786 MB DedicatedVideo/DedicatedSystem/SharedSystem, Outputs:0, VendorId:0x1414
[2017.04.28-21.29.22:404][  0]LogD3D11RHI: Chosen D3D11 Adapter: 0
[2017.04.28-21.29.22:425][  0]LogD3D11RHI: Creating new Direct3DDevice
[2017.04.28-21.29.22:425][  0]LogD3D11RHI:     GPU DeviceId: 0x9832 (for the marketing name, search the web for "GPU Device Id")
[2017.04.28-21.29.22:425][  0]LogWindows: EnumDisplayDevices:
[2017.04.28-21.29.22:425][  0]LogWindows:    0. 'AMD Radeon HD 8330' (P:1 D:1)
[2017.04.28-21.29.22:427][  0]LogWindows:    1. 'AMD Radeon HD 8330' (P:0 D:0)
[2017.04.28-21.29.22:428][  0]LogWindows: DebugString: FoundDriverCount:2 
[2017.04.28-21.29.22:428][  0]LogD3D11RHI:     Adapter Name: AMD Radeon HD 8330
[2017.04.28-21.29.22:428][  0]LogD3D11RHI:   Driver Version: 15.201.1101.1002 (internal:15.201.1101.1002, unified:15.201.1101.1002)
[2017.04.28-21.29.22:428][  0]LogD3D11RHI:      Driver Date: 8-21-2015
[2017.04.28-21.29.22:428][  0]LogRHI: Texture pool is 346 MB (70% of 495 MB)
[2017.04.28-21.29.22:554][  0]LogD3D11RHI: Async texture creation enabled
[2017.04.28-21.29.22:682][  0]LogD3D11RHI: GPU Timing Frequency: 100.000000 (Debug: 2 1)
[2017.04.28-21.29.22:716][  0]LogShaderCompilers: Guid format shader working directory is -11 characters bigger than the processId version (../../../../../../Users/Jacob/Documents/Lionfish/Lionfish/Intermediate/Shaders/WorkingDirectory/7472/).
[2017.04.28-21.29.22:716][  0]LogShaderCompilers: Cleaned the shader compiler working directory 'C:/Users/Jacob/AppData/Local/Temp/UnrealShaderWorkingDir/2C5F2FB64F1C654C89E6ED86C77C82DB/'.
[2017.04.28-21.29.22:719][  0]LogShaderCompilers:Display: Using Local Shader Compiler.
[2017.04.28-21.29.31:839][  0]LogTemp:Display: Loaded TP AllDesktopTargetPlatform
[2017.04.28-21.29.32:299][  0]LogTemp:Display: Loaded TP MacClientTargetPlatform
[2017.04.28-21.29.32:719][  0]LogTemp:Display: Loaded TP MacNoEditorTargetPlatform
[2017.04.28-21.29.33:145][  0]LogTemp:Display: Loaded TP MacServerTargetPlatform
[2017.04.28-21.29.33:578][  0]LogTemp:Display: Loaded TP MacTargetPlatform
[2017.04.28-21.29.34:025][  0]LogTemp:Display: Loaded TP WindowsClientTargetPlatform
[2017.04.28-21.29.34:478][  0]LogTemp:Display: Loaded TP WindowsNoEditorTargetPlatform
[2017.04.28-21.29.34:899][  0]LogTemp:Display: Loaded TP WindowsServerTargetPlatform
[2017.04.28-21.29.35:248][  0]LogTemp:Display: Loaded TP WindowsTargetPlatform
[2017.04.28-21.29.35:660][  0]LogTemp:Display: Loaded TP AndroidTargetPlatform
[2017.04.28-21.29.36:086][  0]LogTemp:Display: Loaded TP Android_ASTCTargetPlatform
[2017.04.28-21.29.36:545][  0]LogTemp:Display: Loaded TP Android_ATCTargetPlatform
[2017.04.28-21.29.36:945][  0]LogTemp:Display: Loaded TP Android_DXTTargetPlatform
[2017.04.28-21.29.37:341][  0]LogTemp:Display: Loaded TP Android_ETC1TargetPlatform
[2017.04.28-21.29.37:767][  0]LogTemp:Display: Loaded TP Android_ETC2TargetPlatform
[2017.04.28-21.29.38:645][  0]LogTemp:Display: Loaded TP Android_MultiTargetPlatform
[2017.04.28-21.29.38:645][  0]LogTemp:Display: Loaded TP Android_PVRTCTargetPlatform
[2017.04.28-21.29.38:946][  0]LogTemp:Display: Loaded TP HTML5TargetPlatform
[2017.04.28-21.29.39:560][  0]LogTemp:Display: Loaded TP IOSTargetPlatform
[2017.04.28-21.29.39:853][  0]LogTemp:Display: Loaded TP TVOSTargetPlatform
[2017.04.28-21.29.40:338][  0]LogTemp:Display: Loaded TP LinuxClientTargetPlatform
[2017.04.28-21.29.40:801][  0]LogTemp:Display: Loaded TP LinuxNoEditorTargetPlatform
[2017.04.28-21.29.41:207][  0]LogTemp:Display: Loaded TP LinuxServerTargetPlatform
[2017.04.28-21.29.41:679][  0]LogTemp:Display: Loaded TP LinuxTargetPlatform
[2017.04.28-21.29.41:679][  0]LogTargetPlatformManager:Display: Building Assets For Windows
[2017.04.28-21.29.45:410][  0]LogDerivedDataCache:Display: Max Cache Size: 512 MB
[2017.04.28-21.29.45:825][  0]LogDerivedDataCache: Loaded boot cache 0.41s 50MB C:/Users/Jacob/AppData/Local/UnrealEngine/4.15/DerivedDataCache/Boot.ddc.
[2017.04.28-21.29.45:825][  0]LogDerivedDataCache:Display: Loaded Boot cache: C:/Users/Jacob/AppData/Local/UnrealEngine/4.15/DerivedDataCache/Boot.ddc
[2017.04.28-21.29.45:826][  0]LogDerivedDataCache: FDerivedDataBackendGraph:  Pak pak cache file ../../../../../../Users/Jacob/Documents/Lionfish/Lionfish/DerivedDataCache/DDC.ddp not found, will not use a pak cache.
[2017.04.28-21.29.45:826][  0]LogDerivedDataCache: Unable to find inner node Pak for hierarchical cache Hierarchy.
[2017.04.28-21.29.45:826][  0]LogDerivedDataCache: FDerivedDataBackendGraph:  CompressedPak pak cache file ../../../../../../Users/Jacob/Documents/Lionfish/Lionfish/DerivedDataCache/Compressed.ddp not found, will not use a pak cache.
[2017.04.28-21.29.45:826][  0]LogDerivedDataCache: Unable to find inner node CompressedPak for hierarchical cache Hierarchy.
[2017.04.28-21.29.45:995][  0]LogDerivedDataCache:Display: Pak cache opened for reading ../../../Engine/DerivedDataCache/Compressed.ddp.
[2017.04.28-21.29.46:012][  0]LogDerivedDataCache: Using Local data cache path C:/Users/Jacob/AppData/Local/UnrealEngine/Common/DerivedDataCache: Writable
[2017.04.28-21.29.46:087][  0]LogSlate: Using Freetype 2.6.0
[2017.04.28-21.29.46:093][  0]LogSlate: SlateFontCache - WITH_FREETYPE: 1, WITH_HARFBUZZ: 1
[2017.04.28-21.29.46:093][  0]LogSlate: SlateFontCache - WITH_FREETYPE: 1, WITH_HARFBUZZ: 1
[2017.04.28-21.29.48:297][  0]LogInit: Selected Device Profile: [Windows]
[2017.04.28-21.29.48:327][  0]LogContentStreaming: Texture pool size is 0.00 MB
[2017.04.28-21.29.50:011][  0]LogMeshUtilities: Using QuadricMeshReduction for automatic static mesh reduction
[2017.04.28-21.29.50:356][  0]LogSimplygon: Simplygon DLL not present - disabling.
[2017.04.28-21.29.50:707][  0]LogMeshUtilities: Using SimplygonSwarm for distributed automatic mesh merging
[2017.04.28-21.29.50:707][  0]LogMeshUtilities: No automatic skeletal mesh reduction module available
[2017.04.28-21.29.50:707][  0]LogMeshUtilities: No automatic mesh merging module available
[2017.04.28-21.29.55:381][  0]LogNetVersion: GetLocalNetworkVersion: CL: 3299760, ProjectName: lionfish, ProjectVersion: , EngineNetworkVersion: 2, GameNetworkVersion: 0, NetworkChecksum: 3667421609
[2017.04.28-21.29.55:596][  0]LogAssetRegistry: FAssetRegistry took 0.0259 seconds to start up
[2017.04.28-21.29.55:958][  0]LogPackageLocalizationCache: Processed 3 localized package path(s) for 2 prioritized culture(s) in 0.188270 seconds
[2017.04.28-21.29.56:015][  0]LogUObjectArray: 32493 objects as part of root set at end of initial load.
[2017.04.28-21.29.56:015][  0]LogUObjectAllocator: 7077024 out of 0 bytes used by permanent object pool.
[2017.04.28-21.29.56:015][  0]LogUObjectArray: CloseDisregardForGC: 0/0 objects in disregard for GC pool
[2017.04.28-21.29.56:614][  0]LogInit: WinSock: version 1.1 (2.2), MaxSocks=32767, MaxUdp=65467
[2017.04.28-21.30.09:306][  0]LogTcpMessaging: Initializing TcpMessaging bridge
[2017.04.28-21.30.09:585][  0]LogUdpMessaging: Initializing bridge on interface 0.0.0.0:0 to multicast group 230.0.0.1:6666.
[2017.04.28-21.30.17:641][  0]LogMaterial: Uniform references updated for custom material expression Custom.
[2017.04.28-21.30.21:233][  0]SourceControl: Info Source control is disabled
[2017.04.28-21.30.40:160][  0]LogEngine: Initializing Engine...
[2017.04.28-21.30.40:162][  0]LogHMD: Failed to initialize OpenVR with code 110
[2017.04.28-21.30.42:185][  0]LogAIModule: Creating AISystem for world Untitled
[2017.04.28-21.30.42:232][  0]LogInit: XAudio2 using 'Speakers (Realtek High Definition Audio)' : 2 channels at 48 kHz using 32 bits per sample (channel mask 0x3)
[2017.04.28-21.30.42:312][  0]LogInit: FAudioDevice initialized.
[2017.04.28-21.30.42:539][  0]LogDerivedDataCache: Saved boot cache 0.23s 50MB C:/Users/Jacob/AppData/Local/UnrealEngine/4.15/DerivedDataCache/Boot.ddc.
[2017.04.28-21.30.42:844][  0]LogInit: Texture streaming: Enabled
[2017.04.28-21.30.43:899][  0]LogEngineSessionManager: EngineSessionManager initialized
[2017.04.28-21.30.44:681][  0]LogInit: Transaction tracking system initialized
[2017.04.28-21.30.48:128][  0]BlueprintLog: New page: Editor Load
[2017.04.28-21.30.57:019][  0]LocalizationService: Info Localization service is disabled
[2017.04.28-21.31.07:108][  0]LogConsoleResponse:Display: 
[2017.04.28-21.31.08:579][  0]LogCook:Display: Max memory allowance for cook 16384mb min free memory 0mb
[2017.04.28-21.31.08:579][  0]LogCook:Display: Mobile HDR setting 1
[2017.04.28-21.31.09:273][  0]LogFileCache: Scanning file cache for directory 'C:/Users/Jacob/Documents/Lionfish/Lionfish/Content/' took 0.11s
[2017.04.28-21.31.20:520][  0]Cmd: MAP LOAD FILE="../../../../../../Users/Jacob/Documents/Lionfish/Lionfish/Content/TopDownBP/Maps/TopDownExampleMap.umap" TEMPLATE=0 SHOWPROGRESS=1 FEATURELEVEL=3
[2017.04.28-21.31.20:524][  0]LightingResults: New page: Lighting Build
[2017.04.28-21.31.20:900][  0]MapCheck: New page: Map Check
[2017.04.28-21.31.20:900][  0]LightingResults: New page: Lighting Build
[2017.04.28-21.31.25:250][  0]LogLinker:Warning: Asset '../../../../../../Users/Jacob/Documents/Lionfish/Lionfish/Content/Meshes/Water_04/Water/Textures/water.uasset' has been saved with empty engine version. The asset will be loaded but may be incompatible.
[2017.04.28-21.31.29:118][  0]LogTexture:Display: Building textures: Water (AutoDXT, 2048X2048) - 45 MB total VRAM
[2017.04.28-21.31.51:116][  0]LogTexture:Display: Building textures: SkyOcclusion0_1 (AutoDXT, 2048X1024) - 49 MB total VRAM
[2017.04.28-21.31.58:927][  0]LogTexture:Display: Building textures: SkyOcclusion0_2 (AutoDXT, 1024X512) - 49 MB total VRAM
[2017.04.28-21.32.00:372][  0]LogTexture:Display: Building textures: SkyOcclusion0_3 (AutoDXT, 1024X512) - 49 MB total VRAM
[2017.04.28-21.32.00:698][  0]LogTexture:Display: Building textures: SkyOcclusion0_4 (AutoDXT, 64X32) - 49 MB total VRAM
[2017.04.28-21.32.00:726][  0]LogTexture:Display: Building textures: ShadowMapTexture2D_16 (G8, 1024X1024) - 49 MB total VRAM
[2017.04.28-21.32.00:889][  0]LogTexture:Display: Building textures: ShadowMapTexture2D_17 (G8, 1024X1024) - 49 MB total VRAM
[2017.04.28-21.32.01:049][  0]LogTexture:Display: Building textures: ShadowMapTexture2D_18 (G8, 1024X1024) - 49 MB total VRAM
[2017.04.28-21.32.01:205][  0]LogTexture:Display: Building textures: ShadowMapTexture2D_19 (G8, 32X32) - 49 MB total VRAM
[2017.04.28-21.32.01:991][  0]LogAIModule: Creating AISystem for world TopDownExampleMap
[2017.04.28-21.32.02:121][  0]LogEditorServer: Finished looking for orphan Actors (0.000 secs)
[2017.04.28-21.32.02:125][  0]Cmd: MAP CHECKDEP NOCLEARLOG
[2017.04.28-21.32.02:482][  0]MapCheck: Info Map check complete: 0 Error(s), 0 Warning(s), took 356.869ms to complete.
[2017.04.28-21.32.02:483][  0]LogFileHelpers: Loading map 'TopDownExampleMap' took 41.962
[2017.04.28-21.32.03:232][  0]LogCollectionManager: Loaded 0 collections in 0.007487 seconds
[2017.04.28-21.32.03:562][  0]LogFileCache: Scanning file cache for directory 'C:/Users/Jacob/Documents/Lionfish/Lionfish/Saved/Collections/' took 0.01s
[2017.04.28-21.32.03:562][  0]LogFileCache: Scanning file cache for directory 'C:/Users/Jacob/Documents/Lionfish/Lionfish/Content/Developers/Jacob/Collections/' took 0.01s
[2017.04.28-21.32.03:562][  0]LogFileCache: Scanning file cache for directory 'C:/Users/Jacob/Documents/Lionfish/Lionfish/Content/Collections/' took 0.01s
[2017.04.28-21.32.03:562][  0]LogCollectionManager: Rebuilt the GUID cache for 0 collections in 0.000005 seconds
[2017.04.28-21.32.03:617][  0]LogContentBrowser: Native class hierarchy populated in 0.0545 seconds. Added 2245 classes and 453 folders.
[2017.04.28-21.32.03:638][  0]LogStats: UGameplayTagsManager::ConstructGameplayTagTree: Construct from data asset -  0.000 s
[2017.04.28-21.32.03:638][  0]LogStats: UGameplayTagsManager::ConstructGameplayTagTree: GameplayTagTreeChangedEvent.Broadcast -  0.000 s
[2017.04.28-21.32.04:072][  0]LogContentBrowser: Native class hierarchy updated for 'WidgetCarousel' in 0.0027 seconds. Added 0 classes and 0 folders.
[2017.04.28-21.32.06:823][  0]LogContentBrowser: Native class hierarchy updated for 'AddContentDialog' in 0.0029 seconds. Added 0 classes and 0 folders.
[2017.04.28-21.32.07:297][  0]LogContentBrowser: Native class hierarchy updated for 'SceneOutliner' in 0.0022 seconds. Added 1 classes and 2 folders.
[2017.04.28-21.32.08:978][  0]LogCrashTracker: Crashtracker disabled due to settings.
[2017.04.28-21.32.09:356][  0]LogUObjectGlobals:Warning: Failed to find object 'Class None.'
[2017.04.28-21.32.09:745][  0]LogContentBrowser: Native class hierarchy updated for 'HierarchicalLODOutliner' in 0.0033 seconds. Added 1 classes and 2 folders.
[2017.04.28-21.32.09:746][  0]LogLoad: (Engine Initialization) Total time: 184.03 seconds
[2017.04.28-21.32.09:746][  0]LogLoad: (Engine Initialization) Total Blueprint compile time: 2.54 seconds
[2017.04.28-21.32.09:746][  0]LogExternalProfiler: No external profilers were discovered.  External profiling features will not be available.
[2017.04.28-21.32.10:089][  0]LogOcInput: OculusInput pre-init called
[2017.04.28-21.32.10:655][  0]SourceControl: Info On branch master
[2017.04.28-21.32.10:655][  0]SourceControl: Info Your branch is up-to-date with 'origin/master'.
[2017.04.28-21.32.10:655][  0]SourceControl: Info Changes not staged for commit:
[2017.04.28-21.32.10:655][  0]SourceControl: Info   (use "git add/rm <file>..." to update what will be committed)
[2017.04.28-21.32.10:655][  0]SourceControl: Info   (use "git checkout -- <file>..." to discard changes in working directory)
[2017.04.28-21.32.10:655][  0]SourceControl: Info 	modified:   Lionfish/Saved/Config/Windows/Editor.ini
[2017.04.28-21.32.10:655][  0]SourceControl: Info 	modified:   Lionfish/Saved/Config/Windows/Engine.ini
[2017.04.28-21.32.10:655][  0]SourceControl: Info 	deleted:    Lionfish/Saved/Logs/Lionfish-backup-2017.04.28-12.26.29.log
[2017.04.28-21.32.10:655][  0]SourceControl: Info 	modified:   Lionfish/Saved/Logs/Lionfish.log
[2017.04.28-21.32.10:655][  0]SourceControl: Info 	deleted:    Lionfish/Saved/Logs/Lionfish_2-backup-2017.04.28-11.55.47.log
[2017.04.28-21.32.10:655][  0]SourceControl: Info 	modified:   Lionfish/Saved/Logs/Lionfish_2.log
[2017.04.28-21.32.10:655][  0]SourceControl: Info Untracked files:
[2017.04.28-21.32.10:655][  0]SourceControl: Info   (use "git add <file>..." to include in what will be committed)
[2017.04.28-21.32.10:655][  0]SourceControl: Info 	Lionfish/Saved/Autosaves/Game/Beta_Anim_Auto1.uasset
[2017.04.28-21.32.10:655][  0]SourceControl: Info 	Lionfish/Saved/Autosaves/Game/Beta_Auto1.uasset
[2017.04.28-21.32.10:656][  0]SourceControl: Info 	Lionfish/Saved/Autosaves/Game/Beta_Beta_HighJointsGeo_Auto1.uasset
[2017.04.28-21.32.10:656][  0]SourceControl: Info 	Lionfish/Saved/Autosaves/Game/Beta_Beta_HighLimbsGeo_Auto1.uasset
[2017.04.28-21.32.10:656][  0]SourceControl: Info 	Lionfish/Saved/Autosaves/Game/Beta_Beta_HighTorsoGeo_Auto1.uasset
[2017.04.28-21.32.10:656][  0]SourceControl: Info 	Lionfish/Saved/Autosaves/Game/Beta_Body_MAT_Auto1.uasset
[2017.04.28-21.32.10:656][  0]SourceControl: Info 	Lionfish/Saved/Autosaves/Game/Beta_Joints_MAT_Auto1.uasset
[2017.04.28-21.32.10:656][  0]SourceControl: Info 	Lionfish/Saved/Autosaves/Game/Beta_PhysicsAsset_Auto1.uasset
[2017.04.28-21.32.10:656][  0]SourceControl: Info 	Lionfish/Saved/Autosaves/Game/Beta_Skeleton_Auto1.uasset
[2017.04.28-21.32.10:656][  0]SourceControl: Info 	Lionfish/Saved/Autosaves/Game/Mannequin/
[2017.04.28-21.32.10:656][  0]SourceControl: Info 	Lionfish/Saved/Autosaves/Game/Material_Auto1.uasset
[2017.04.28-21.32.10:656][  0]SourceControl: Info 	Lionfish/Saved/Autosaves/Game/swimming_Anim_Auto1.uasset
[2017.04.28-21.32.10:656][  0]SourceControl: Info 	Lionfish/Saved/Autosaves/Game/swimming_Auto1.uasset
[2017.04.28-21.32.10:656][  0]SourceControl: Info 	Lionfish/Saved/Autosaves/Game/swimming_PhysicsAsset_Auto1.uasset
[2017.04.28-21.32.10:656][  0]SourceControl: Info 	Lionfish/Saved/Backup/ThirdPersonIdle_2017-04-26-13-46-31.uasset
[2017.04.28-21.32.10:657][  0]SourceControl: Info 	Lionfish/Saved/Backup/ThirdPersonJump_Loop_2017-04-26-13-46-30.uasset
[2017.04.28-21.32.10:657][  0]SourceControl: Info 	Lionfish/Saved/Backup/ThirdPersonJump_Start_2017-04-26-13-46-31.uasset
[2017.04.28-21.32.10:657][  0]SourceControl: Info 	Lionfish/Saved/Backup/ThirdPersonRun_2017-04-26-13-46-31.uasset
[2017.04.28-21.32.10:657][  0]SourceControl: Info 	Lionfish/Saved/Backup/ThirdPersonWalk_2017-04-26-13-46-31.uasset
[2017.04.28-21.32.10:657][  0]SourceControl: Info 	Lionfish/Saved/Backup/ThirdPerson_IdleRun_2D_2017-04-26-13-46-31.uasset
[2017.04.28-21.32.10:657][  0]SourceControl: Info 	Lionfish/Saved/Backup/ThirdPerson_Jump_2017-04-26-13-46-30.uasset
[2017.04.28-21.32.10:657][  0]SourceControl: Info 	Lionfish/Saved/Backup/TopDownExampleMap_2017-04-26-13-49-54.umap
[2017.04.28-21.32.10:657][  0]SourceControl: Info 	Lionfish/Saved/Backup/TopDownExampleMap_BuiltData_2017-04-26-13-49-56.uasset
[2017.04.28-21.32.10:657][  0]SourceControl: Info 	Lionfish/Saved/Backup/UE4_Mannequin_Skeleton_2017-04-26-13-46-30.uasset
[2017.04.28-21.32.10:657][  0]SourceControl: Info 	Lionfish/Saved/Logs/Lionfish-backup-2017.04.28-17.28.09.log
[2017.04.28-21.32.10:657][  0]SourceControl: Info 	Lionfish/Saved/Logs/Lionfish_2-backup-2017.04.28-17.29.14.log
[2017.04.28-21.32.10:657][  0]SourceControl: Info 	Lionfish/Saved/Logs/UE4CC-Windows-0EA08C704D31529884351C8267830F8A/
[2017.04.28-21.32.10:657][  0]SourceControl: Info 	Lionfish/Saved/Logs/UE4CC-Windows-7B3781904A570287DE4CC0B84D48904F/
[2017.04.28-21.32.10:657][  0]SourceControl: Info 	Lionfish/Saved/Logs/UE4CC-Windows-7B3781904A570287DE4CC0B84D48904F_0000/
[2017.04.28-21.32.10:657][  0]SourceControl: Info 	Lionfish/Saved/Logs/UE4CC-Windows-981825AE4B17D6A1488EF78A0F6031CB/
[2017.04.28-21.32.10:658][  0]SourceControl: Info 	Lionfish/Saved/Logs/UE4CC-Windows-AEDDA78A4712F187C81E91959BEEBC31/
[2017.04.28-21.32.10:658][  0]SourceControl: Info 	Lionfish/Saved/Logs/UE4CC-Windows-B9086FB143F631AD4785C582DA679103/
[2017.04.28-21.32.10:658][  0]SourceControl: Info no changes added to commit (use "git add" and/or "git commit -a")
[2017.04.28-21.32.10:659][  0]LogContentStreaming: Texture pool size now 400 MB
[2017.04.28-21.32.10:686][  0]LogSlate: Took 0.001007 seconds to synchronously load lazily loaded font '../../../Engine/Content/Slate/Fonts/Roboto-Regular.ttf' (155K)
[2017.04.28-21.32.10:707][  0]LogSlate: Took 0.000826 seconds to synchronously load lazily loaded font '../../../Engine/Content/Slate/Fonts/Roboto-Bold.ttf' (160K)
[2017.04.28-21.32.11:017][  0]LogSlate: Took 0.085561 seconds to synchronously load lazily loaded font '../../../Engine/Content/Editor/Slate/Fonts/FontAwesome.ttf' (139K)
[2017.04.28-21.32.14:345][  0]LogRenderer: Reallocating scene render targets to support 632x372 NumSamples 1 (Frame:2).
[2017.04.28-21.32.15:545][  0]LogAssetRegistry:Error: Failed to open file for write ../../../../../../Users/Jacob/Documents/Lionfish/Lionfish/Intermediate/CachedAssetRegistry.bin
[2017.04.28-21.32.17:008][  1]LogFileCache: Retrieving MD5 hashes for directory 'C:/Users/Jacob/Documents/Lionfish/Lionfish/Content/' took 6.90s
[2017.04.28-21.32.17:852][  1]LogWindowsTextInputMethodSystem:Display: IME system now deactivated.
[2017.04.28-21.32.17:852][  1]LogWindowsTextInputMethodSystem:Display: IME system now deactivated.
[2017.04.28-21.32.18:869][  2]Cmd: QUIT_EDITOR
[2017.04.28-21.32.19:244][  2]LogExit: Preparing to exit.
[2017.04.28-21.32.20:315][  2]LogDirectoryWatcher: A directory notification for 'C:/Users/Jacob/Documents/Lionfish/Lionfish/Content/' was aborted.
[2017.04.28-21.32.20:550][  2]LogExit: Editor shut down
[2017.04.28-21.32.20:552][  2]LogExit: Transaction tracking system shut down
[2017.04.28-21.32.20:888][  2]LogObj: Freed 0b from 0 cluster array pools.
[2017.04.28-21.32.20:888][  2]LogExit: Object subsystem successfully closed.
[2017.04.28-21.32.20:959][  2]LogD3D11RHI: Shutdown
[2017.04.28-21.32.20:959][  2]LogD3D11RHI: CleanupD3DDevice
[2017.04.28-21.32.21:036][  2]LogD3D11RHI: ~FD3D11DynamicRHI
[2017.04.28-21.32.21:358][  2]LogModuleManager: Shutting down and abandoning module HierarchicalLODOutliner (498)
[2017.04.28-21.32.21:358][  2]LogModuleManager: Shutting down and abandoning module CrashTracker (496)
[2017.04.28-21.32.21:358][  2]LogModuleManager: Shutting down and abandoning module SceneOutliner (494)
[2017.04.28-21.32.21:358][  2]LogModuleManager: Shutting down and abandoning module AddContentDialog (492)
[2017.04.28-21.32.21:358][  2]LogDirectoryWatcher: A directory notification for 'C:/Program Files/Epic Games/UE_4.15/FeaturePacks/' was aborted.
[2017.04.28-21.32.21:364][  2]LogModuleManager: Shutting down and abandoning module WidgetCarousel (491)
[2017.04.28-21.32.21:364][  2]LogModuleManager: Shutting down and abandoning module EditorWidgets (488)
[2017.04.28-21.32.21:364][  2]LogModuleManager: Shutting down and abandoning module CollectionManager (486)
[2017.04.28-21.32.21:365][  2]LogDirectoryWatcher: A directory notification for 'C:/Users/Jacob/Documents/Lionfish/Lionfish/Content/Collections/' was aborted.
[2017.04.28-21.32.21:365][  2]LogDirectoryWatcher: A directory notification for 'C:/Users/Jacob/Documents/Lionfish/Lionfish/Content/Developers/Jacob/Collections/' was aborted.
[2017.04.28-21.32.21:365][  2]LogDirectoryWatcher: A directory notification for 'C:/Users/Jacob/Documents/Lionfish/Lionfish/Saved/Collections/' was aborted.
[2017.04.28-21.32.21:366][  2]LogModuleManager: Shutting down and abandoning module StatsViewer (484)
[2017.04.28-21.32.21:366][  2]LogModuleManager: Shutting down and abandoning module FoliageEdit (482)
[2017.04.28-21.32.21:366][  2]LogModuleManager: Shutting down and abandoning module LandscapeEditor (480)
[2017.04.28-21.32.21:366][  2]LogModuleManager: Shutting down and abandoning module SceneDepthPickerMode (478)
[2017.04.28-21.32.21:366][  2]LogModuleManager: Shutting down and abandoning module ActorPickerMode (476)
[2017.04.28-21.32.21:366][  2]LogModuleManager: Shutting down and abandoning module GeometryMode (474)
[2017.04.28-21.32.21:366][  2]LogModuleManager: Shutting down and abandoning module TextureAlignMode (472)
[2017.04.28-21.32.21:366][  2]LogModuleManager: Shutting down and abandoning module BspMode (470)
[2017.04.28-21.32.21:366][  2]LogModuleManager: Shutting down and abandoning module HardwareSurvey (468)
[2017.04.28-21.32.21:366][  2]LogModuleManager: Shutting down and abandoning module SequenceRecorderSections (466)
[2017.04.28-21.32.21:366][  2]LogModuleManager: Shutting down and abandoning module AutomationWorker (464)
[2017.04.28-21.32.21:367][  2]LogModuleManager: Shutting down and abandoning module MatineeToLevelSequence (462)
[2017.04.28-21.32.21:367][  2]LogModuleManager: Shutting down and abandoning module LevelSequenceEditor (460)
[2017.04.28-21.32.21:367][  2]LogModuleManager: Shutting down and abandoning module PlacementMode (459)
[2017.04.28-21.32.21:367][  2]LogModuleManager: Shutting down and abandoning module WmfMediaFactory (456)
[2017.04.28-21.32.21:367][  2]LogModuleManager: Shutting down and abandoning module WmfMediaEditor (454)
[2017.04.28-21.32.21:367][  2]LogModuleManager: Shutting down and abandoning module MfMediaFactory (452)
[2017.04.28-21.32.21:367][  2]LogModuleManager: Shutting down and abandoning module MfMediaEditor (450)
[2017.04.28-21.32.21:367][  2]LogModuleManager: Shutting down and abandoning module AvfMediaFactory (448)
[2017.04.28-21.32.21:367][  2]LogModuleManager: Shutting down and abandoning module AvfMediaEditor (446)
[2017.04.28-21.32.21:367][  2]LogModuleManager: Shutting down and abandoning module AndroidMediaFactory (444)
[2017.04.28-21.32.21:367][  2]LogModuleManager: Shutting down and abandoning module Media (443)
[2017.04.28-21.32.21:367][  2]LogModuleManager: Shutting down and abandoning module AndroidMediaEditor (440)
[2017.04.28-21.32.21:367][  2]LogModuleManager: Shutting down and abandoning module CharacterAI (438)
[2017.04.28-21.32.21:367][  2]LogModuleManager: Shutting down and abandoning module AudioCapture (436)
[2017.04.28-21.32.21:367][  2]LogModuleManager: Shutting down and abandoning module SequenceRecorder (435)
[2017.04.28-21.32.21:368][  2]LogModuleManager: Shutting down and abandoning module SmartSnapping (432)
[2017.04.28-21.32.21:368][  2]LogModuleManager: Shutting down and abandoning module SessionServices (430)
[2017.04.28-21.32.21:368][  2]LogModuleManager: Shutting down and abandoning module ViewportSnapping (428)
[2017.04.28-21.32.21:368][  2]LogModuleManager: Shutting down and abandoning module ViewportInteraction (426)
[2017.04.28-21.32.21:368][  2]LogModuleManager: Shutting down and abandoning module LogVisualizer (424)
[2017.04.28-21.32.21:368][  2]LogModuleManager: Shutting down and abandoning module IntroTutorials (422)
[2017.04.28-21.32.21:368][  2]LogModuleManager: Shutting down and abandoning module GameProjectGeneration (421)
[2017.04.28-21.32.21:368][  2]LogModuleManager: Shutting down and abandoning module EditorLiveStreaming (418)
[2017.04.28-21.32.21:368][  2]LogModuleManager: Shutting down and abandoning module IOSPlatformEditor (416)
[2017.04.28-21.32.21:368][  2]LogModuleManager: Shutting down and abandoning module HTML5PlatformEditor (414)
[2017.04.28-21.32.21:368][  2]LogModuleManager: Shutting down and abandoning module AndroidPlatformEditor (412)
[2017.04.28-21.32.21:369][  2]LogModuleManager: Shutting down and abandoning module AndroidDeviceDetection (411)
[2017.04.28-21.32.22:213][  2]LogModuleManager: Shutting down and abandoning module IOSRuntimeSettings (408)
[2017.04.28-21.32.22:213][  2]LogModuleManager: Shutting down and abandoning module AndroidRuntimeSettings (406)
[2017.04.28-21.32.22:214][  2]LogModuleManager: Shutting down and abandoning module InputBindingEditor (404)
[2017.04.28-21.32.22:214][  2]LogModuleManager: Shutting down and abandoning module NiagaraEditor (402)
[2017.04.28-21.32.22:214][  2]LogModuleManager: Shutting down and abandoning module MergeActors (400)
[2017.04.28-21.32.22:214][  2]LogModuleManager: Shutting down and abandoning module SizeMap (398)
[2017.04.28-21.32.22:214][  2]LogModuleManager: Shutting down and abandoning module TreeMap (396)
[2017.04.28-21.32.22:214][  2]LogModuleManager: Shutting down and abandoning module ReferenceViewer (394)
[2017.04.28-21.32.22:214][  2]LogModuleManager: Shutting down and abandoning module LocalizationDashboard (392)
[2017.04.28-21.32.22:214][  2]LogModuleManager: Shutting down and abandoning module LocalizationService (391)
[2017.04.28-21.32.22:214][  2]LogModuleManager: Shutting down and abandoning module HardwareTargeting (388)
[2017.04.28-21.32.22:214][  2]LogModuleManager: Shutting down and abandoning module DeviceProfileEditor (386)
[2017.04.28-21.32.22:214][  2]LogModuleManager: Shutting down and abandoning module UndoHistory (384)
[2017.04.28-21.32.22:214][  2]LogModuleManager: Shutting down and abandoning module UserFeedback (382)
[2017.04.28-21.32.22:214][  2]LogModuleManager: Shutting down and abandoning module XmlParser (380)
[2017.04.28-21.32.22:214][  2]LogModuleManager: Shutting down and abandoning module Blutility (378)
[2017.04.28-21.32.22:215][  2]LogModuleManager: Shutting down and abandoning module ProjectSettingsViewer (376)
[2017.04.28-21.32.22:215][  2]LogModuleManager: Shutting down and abandoning module ProjectTargetPlatformEditor (375)
[2017.04.28-21.32.22:215][  2]LogModuleManager: Shutting down and abandoning module EditorSettingsViewer (372)
[2017.04.28-21.32.22:215][  2]LogModuleManager: Shutting down and abandoning module SettingsEditor (370)
[2017.04.28-21.32.22:216][  2]LogModuleManager: Shutting down and abandoning module ProjectLauncher (368)
[2017.04.28-21.32.22:216][  2]LogModuleManager: Shutting down and abandoning module SessionFrontend (366)
[2017.04.28-21.32.22:216][  2]LogModuleManager: Shutting down and abandoning module ProfilerClient (364)
[2017.04.28-21.32.22:216][  2]LogModuleManager: Shutting down and abandoning module DeviceManager (362)
[2017.04.28-21.32.22:216][  2]LogModuleManager: Shutting down and abandoning module TargetDeviceServices (361)
[2017.04.28-21.32.22:258][  2]LogModuleManager: Shutting down and abandoning module AutomationController (358)
[2017.04.28-21.32.22:258][  2]LogModuleManager: Shutting down and abandoning module AutomationWindow (356)
[2017.04.28-21.32.22:258][  2]LogModuleManager: Shutting down and abandoning module Layers (354)
[2017.04.28-21.32.22:258][  2]LogModuleManager: Shutting down and abandoning module ComponentVisualizers (352)
[2017.04.28-21.32.22:259][  2]LogModuleManager: Shutting down and abandoning module DetailCustomizations (350)
[2017.04.28-21.32.22:259][  2]LogModuleManager: Shutting down and abandoning module PackagesDialog (348)
[2017.04.28-21.32.22:259][  2]LogModuleManager: Shutting down and abandoning module Persona (346)
[2017.04.28-21.32.22:259][  2]LogModuleManager: Shutting down and abandoning module AnimGraph (345)
[2017.04.28-21.32.22:259][  2]LogModuleManager: Shutting down and abandoning module Kismet (342)
[2017.04.28-21.32.22:269][  2]LogModuleManager: Shutting down and abandoning module GraphEditor (340)
[2017.04.28-21.32.22:269][  2]LogModuleManager: Shutting down and abandoning module ClassViewer (338)
[2017.04.28-21.32.22:269][  2]LogModuleManager: Shutting down and abandoning module Toolbox (336)
[2017.04.28-21.32.22:269][  2]LogModuleManager: Shutting down and abandoning module ModuleUI (334)
[2017.04.28-21.32.22:269][  2]LogModuleManager: Shutting down and abandoning module MovieSceneTools (332)
[2017.04.28-21.32.22:270][  2]LogModuleManager: Shutting down and abandoning module OutputLog (330)
[2017.04.28-21.32.22:270][  2]LogModuleManager: Shutting down and abandoning module GammaUI (328)
[2017.04.28-21.32.22:270][  2]LogModuleManager: Shutting down and abandoning module Documentation (326)
[2017.04.28-21.32.22:270][  2]LogModuleManager: Shutting down and abandoning module Niagara (324)
[2017.04.28-21.32.22:270][  2]LogModuleManager: Shutting down and abandoning module StreamingPauseRendering (322)
[2017.04.28-21.32.22:270][  2]LogModuleManager: Shutting down and abandoning module AnalyticsET (320)
[2017.04.28-21.32.22:270][  2]LogModuleManager: Shutting down and abandoning module PortalServices (318)
[2017.04.28-21.32.22:270][  2]LogModuleManager: Shutting down and abandoning module PortalRpc (316)
[2017.04.28-21.32.22:270][  2]LogModuleManager: Shutting down and abandoning module MessagingRpc (314)
[2017.04.28-21.32.22:270][  2]LogModuleManager: Shutting down and abandoning module AIModule (312)
[2017.04.28-21.32.22:270][  2]LogModuleManager: Shutting down and abandoning module GameplayDebugger (311)
[2017.04.28-21.32.22:271][  2]LogModuleManager: Shutting down and abandoning module AITestSuite (309)
[2017.04.28-21.32.22:272][  2]LogModuleManager: Shutting down and abandoning module ProfilerService (306)
[2017.04.28-21.32.22:500][  2]LogModuleManager: Shutting down and abandoning module TaskGraph (304)
[2017.04.28-21.32.22:501][  2]LogModuleManager: Shutting down and abandoning module SteamVRController (302)
[2017.04.28-21.32.22:501][  2]LogModuleManager: Shutting down and abandoning module SteamVR (300)
[2017.04.28-21.32.22:501][  2]LogModuleManager: Shutting down and abandoning module ProceduralMeshComponentEditor (298)
[2017.04.28-21.32.22:501][  2]LogModuleManager: Shutting down and abandoning module ProceduralMeshComponent (296)
[2017.04.28-21.32.22:501][  2]LogModuleManager: Shutting down and abandoning module OculusLibrary (294)
[2017.04.28-21.32.22:501][  2]LogModuleManager: Shutting down and abandoning module OculusInput (292)
[2017.04.28-21.32.22:501][  2]LogModuleManager: Shutting down and abandoning module MobilePatchingUtils (290)
[2017.04.28-21.32.22:501][  2]LogModuleManager: Shutting down and abandoning module CustomMeshComponent (288)
[2017.04.28-21.32.22:501][  2]LogModuleManager: Shutting down and abandoning module CableComponent (286)
[2017.04.28-21.32.22:501][  2]LogModuleManager: Shutting down and abandoning module ArchVisCharacter (284)
[2017.04.28-21.32.22:502][  2]LogModuleManager: Shutting down and abandoning module MediaPlayerEditor (280)
[2017.04.28-21.32.22:502][  2]LogModuleManager: Shutting down and abandoning module HTML5Networking (278)
[2017.04.28-21.32.22:502][  2]LogModuleManager: Shutting down and abandoning module AlembicImporter (276)
[2017.04.28-21.32.22:502][  2]LogModuleManager: Shutting down and abandoning module AlembicLibrary (275)
[2017.04.28-21.32.22:502][  2]LogModuleManager: Shutting down and abandoning module GeometryCache (274)
[2017.04.28-21.32.22:502][  2]LogModuleManager: Shutting down and abandoning module GeometryCacheEd (273)
[2017.04.28-21.32.22:502][  2]LogModuleManager: Shutting down and abandoning module SuperSearchEditor (268)
[2017.04.28-21.32.22:502][  2]LogModuleManager: Shutting down and abandoning module SuperSearch (267)
[2017.04.28-21.32.22:502][  2]LogModuleManager: Shutting down and abandoning module SpeedTreeImporter (264)
[2017.04.28-21.32.22:502][  2]LogModuleManager: Shutting down and abandoning module PluginBrowser (262)
[2017.04.28-21.32.22:502][  2]LogModuleManager: Shutting down and abandoning module MobileLauncherProfileWizard (260)
[2017.04.28-21.32.22:502][  2]LogModuleManager: Shutting down and abandoning module EpicSurvey (258)
[2017.04.28-21.32.22:503][  2]LogModuleManager: Shutting down and abandoning module VisualStudioSourceCodeAccess (256)
[2017.04.28-21.32.22:503][  2]LogModuleManager: Shutting down and abandoning module DesktopPlatform (255)
[2017.04.28-21.32.22:503][  2]LogModuleManager: Shutting down and abandoning module UObjectPlugin (252)
[2017.04.28-21.32.22:503][  2]LogModuleManager: Shutting down and abandoning module SubversionSourceControl (250)
[2017.04.28-21.32.22:503][  2]LogModuleManager: Shutting down and abandoning module PerforceSourceControl (248)
[2017.04.28-21.32.22:503][  2]LogModuleManager: Shutting down and abandoning module GitSourceControl (246)
[2017.04.28-21.32.22:503][  2]LogModuleManager: Shutting down and abandoning module SourceControl (245)
[2017.04.28-21.32.22:503][  2]LogModuleManager: Shutting down and abandoning module LightPropagationVolumeEditor (242)
[2017.04.28-21.32.22:503][  2]LogModuleManager: Shutting down and abandoning module PaperTiledImporter (240)
[2017.04.28-21.32.22:503][  2]LogModuleManager: Shutting down and abandoning module PaperSpriteSheetImporter (238)
[2017.04.28-21.32.22:503][  2]LogModuleManager: Shutting down and abandoning module Paper2DEditor (236)
[2017.04.28-21.32.22:503][  2]LogModuleManager: Shutting down and abandoning module MeshPaint (235)
[2017.04.28-21.32.22:503][  2]LogModuleManager: Shutting down and abandoning module LevelEditor (233)
[2017.04.28-21.32.22:506][  2]LogModuleManager: Shutting down and abandoning module PixelInspectorModule (232)
[2017.04.28-21.32.22:506][  2]LogModuleManager: Shutting down and abandoning module MainFrame (230)
[2017.04.28-21.32.22:506][  2]LogModuleManager: Shutting down and abandoning module HotReload (229)
[2017.04.28-21.32.22:508][  2]LogModuleManager: Shutting down and abandoning module ContentBrowser (225)
[2017.04.28-21.32.22:512][  2]LogModuleManager: Shutting down and abandoning module PhysXVehiclesEditor (222)
[2017.04.28-21.32.22:512][  2]LogModuleManager: Shutting down and abandoning module PhysXVehicles (220)
[2017.04.28-21.32.22:512][  2]LogModuleManager: Shutting down and abandoning module LocationServicesBPLibrary (218)
[2017.04.28-21.32.22:512][  2]LogModuleManager: Shutting down and abandoning module UdpMessaging (216)
[2017.04.28-21.32.22:613][  2]LogModuleManager: Shutting down and abandoning module TcpMessaging (214)
[2017.04.28-21.32.22:713][  2]LogModuleManager: Shutting down and abandoning module GameplayTagsEditor (212)
[2017.04.28-21.32.22:713][  2]LogModuleManager: Shutting down and abandoning module FacialAnimationEditor (210)
[2017.04.28-21.32.22:713][  2]LogModuleManager: Shutting down and abandoning module FacialAnimation (208)
[2017.04.28-21.32.22:713][  2]LogModuleManager: Shutting down and abandoning module LightPropagationVolumeRuntime (206)
[2017.04.28-21.32.22:713][  2]LogModuleManager: Shutting down and abandoning module Paper2D (204)
[2017.04.28-21.32.22:714][  2]LogModuleManager: Shutting down and abandoning module WindowsMoviePlayer (202)
[2017.04.28-21.32.22:714][  2]LogModuleManager: Shutting down and abandoning module WmfMedia (200)
[2017.04.28-21.32.22:714][  2]LogModuleManager: Shutting down and abandoning module MfMedia (198)
[2017.04.28-21.32.22:714][  2]LogModuleManager: Shutting down and abandoning module MediaAssets (196)
[2017.04.28-21.32.22:714][  2]LogModuleManager: Shutting down and abandoning module GameLiveStreaming (194)
[2017.04.28-21.32.22:714][  2]LogModuleManager: Shutting down and abandoning module VREditor (192)
[2017.04.28-21.32.22:714][  2]LogModuleManager: Shutting down and abandoning module GameplayTasksEditor (190)
[2017.04.28-21.32.22:714][  2]LogModuleManager: Shutting down and abandoning module BehaviorTreeEditor (188)
[2017.04.28-21.32.22:715][  2]LogModuleManager: Shutting down and abandoning module FunctionalTesting (186)
[2017.04.28-21.32.22:715][  2]LogModuleManager: Shutting down and abandoning module CollisionAnalyzer (184)
[2017.04.28-21.32.22:715][  2]LogModuleManager: Shutting down and abandoning module UMG (182)
[2017.04.28-21.32.22:715][  2]LogModuleManager: Shutting down and abandoning module UMGEditor (181)
[2017.04.28-21.32.22:715][  2]LogModuleManager: Shutting down and abandoning module Sequencer (180)
[2017.04.28-21.32.22:715][  2]LogModuleManager: Shutting down and abandoning module AssetTools (178)
[2017.04.28-21.32.22:716][  2]LogModuleManager: Shutting down and abandoning module MessageLog (177)
[2017.04.28-21.32.22:716][  2]LogModuleManager: Shutting down and abandoning module WorkspaceMenuStructure (176)
[2017.04.28-21.32.22:716][  2]LogModuleManager: Shutting down and abandoning module SlateReflector (170)
[2017.04.28-21.32.22:716][  2]LogModuleManager: Shutting down and abandoning module Slate (168)
[2017.04.28-21.32.22:716][  2]LogModuleManager: Shutting down and abandoning module EditorStyle (166)
[2017.04.28-21.32.22:729][  2]LogModuleManager: Shutting down and abandoning module SourceCodeAccess (164)
[2017.04.28-21.32.22:729][  2]LogModuleManager: Shutting down and abandoning module HeadMountedDisplay (162)
[2017.04.28-21.32.22:729][  2]LogModuleManager: Shutting down and abandoning module XAudio2 (160)
[2017.04.28-21.32.22:729][  2]LogModuleManager: Shutting down and abandoning module Networking (158)
[2017.04.28-21.32.22:729][  2]LogModuleManager: Shutting down and abandoning module Core (154)
[2017.04.28-21.32.22:729][  2]LogModuleManager: Shutting down and abandoning module AssetRegistry (152)
[2017.04.28-21.32.22:956][  2]LogDirectoryWatcher: A directory notification for '../../../Engine/Content/' was aborted.
[2017.04.28-21.32.22:956][  2]LogDirectoryWatcher: A directory notification for '../../../../../../Users/Jacob/Documents/Lionfish/Lionfish/Content/' was aborted.
[2017.04.28-21.32.22:956][  2]LogDirectoryWatcher: A directory notification for '../../../Engine/Plugins/2D/Paper2D/Content/' was aborted.
[2017.04.28-21.32.22:963][  2]LogModuleManager: Shutting down and abandoning module DirectoryWatcher (151)
[2017.04.28-21.32.22:967][  2]LogModuleManager: Shutting down and abandoning module KismetCompiler (148)
[2017.04.28-21.32.22:967][  2]LogModuleManager: Shutting down and abandoning module PhysXFormats (146)
[2017.04.28-21.32.22:967][  2]LogModuleManager: Shutting down and abandoning module MeshUtilities (144)
[2017.04.28-21.32.22:967][  2]LogModuleManager: Shutting down and abandoning module SimplygonSwarm (143)
[2017.04.28-21.32.22:967][  2]LogModuleManager: Shutting down and abandoning module SimplygonMeshReduction (141)
[2017.04.28-21.32.22:967][  2]LogModuleManager: Shutting down and abandoning module QuadricMeshReduction (139)
[2017.04.28-21.32.22:967][  2]LogModuleManager: Shutting down and abandoning module PropertyEditor (137)
[2017.04.28-21.32.22:968][  2]LogModuleManager: Shutting down and abandoning module DerivedDataCache (134)
[2017.04.28-21.32.23:019][  2]LogDerivedDataCache: Shutdown
[2017.04.28-21.32.23:020][  2]LogModuleManager: Shutting down and abandoning module TargetPlatform (132)
[2017.04.28-21.32.23:020][  2]LogModuleManager: Shutting down and abandoning module VulkanShaderFormat (131)
[2017.04.28-21.32.23:020][  2]LogModuleManager: Shutting down and abandoning module ShaderFormatOpenGL (129)
[2017.04.28-21.32.23:022][  2]LogModuleManager: Shutting down and abandoning module ShaderFormatD3D (127)
[2017.04.28-21.32.23:022][  2]LogModuleManager: Shutting down and abandoning module MetalShaderFormat (125)
[2017.04.28-21.32.23:022][  2]LogModuleManager: Shutting down and abandoning module TextureFormatUncompressed (123)
[2017.04.28-21.32.23:022][  2]LogModuleManager: Shutting down and abandoning module TextureFormatPVR (121)
[2017.04.28-21.32.23:022][  2]LogModuleManager: Shutting down and abandoning module TextureFormatDXT (119)
[2017.04.28-21.32.23:022][  2]LogModuleManager: Shutting down and abandoning module TextureFormatIntelISPCTexComp (117)
[2017.04.28-21.32.23:023][  2]LogModuleManager: Shutting down and abandoning module TextureFormatASTC (115)
[2017.04.28-21.32.23:023][  2]LogModuleManager: Shutting down and abandoning module ImageWrapper (114)
[2017.04.28-21.32.23:023][  2]LogModuleManager: Shutting down and abandoning module TextureFormatAndroid (111)
[2017.04.28-21.32.23:023][  2]LogModuleManager: Shutting down and abandoning module AudioFormatOpus (109)
[2017.04.28-21.32.23:023][  2]LogModuleManager: Shutting down and abandoning module AudioFormatOgg (107)
[2017.04.28-21.32.23:023][  2]LogModuleManager: Shutting down and abandoning module AudioFormatADPCM (105)
[2017.04.28-21.32.23:023][  2]LogModuleManager: Shutting down and abandoning module LinuxTargetPlatform (103)
[2017.04.28-21.32.23:023][  2]LogModuleManager: Shutting down and abandoning module LinuxServerTargetPlatform (101)
[2017.04.28-21.32.23:023][  2]LogModuleManager: Shutting down and abandoning module LinuxNoEditorTargetPlatform (99)
[2017.04.28-21.32.23:023][  2]LogModuleManager: Shutting down and abandoning module LinuxClientTargetPlatform (97)
[2017.04.28-21.32.23:023][  2]LogModuleManager: Shutting down and abandoning module TVOSTargetPlatform (95)
[2017.04.28-21.32.23:023][  2]LogModuleManager: Shutting down and abandoning module Messaging (93)
[2017.04.28-21.32.23:024][  2]LogModuleManager: Shutting down and abandoning module IOSTargetPlatform (91)
[2017.04.28-21.32.23:024][  2]LogModuleManager: Shutting down and abandoning module HTML5TargetPlatform (89)
[2017.04.28-21.32.23:024][  2]LogModuleManager: Shutting down and abandoning module Android_PVRTCTargetPlatform (87)
[2017.04.28-21.32.23:024][  2]LogModuleManager: Shutting down and abandoning module Android_MultiTargetPlatform (85)
[2017.04.28-21.32.23:024][  2]LogModuleManager: Shutting down and abandoning module Android_ETC2TargetPlatform (83)
[2017.04.28-21.32.23:024][  2]LogModuleManager: Shutting down and abandoning module Android_ETC1TargetPlatform (81)
[2017.04.28-21.32.23:024][  2]LogModuleManager: Shutting down and abandoning module Android_DXTTargetPlatform (79)
[2017.04.28-21.32.23:024][  2]LogModuleManager: Shutting down and abandoning module Android_ATCTargetPlatform (77)
[2017.04.28-21.32.23:024][  2]LogModuleManager: Shutting down and abandoning module Android_ASTCTargetPlatform (75)
[2017.04.28-21.32.23:024][  2]LogModuleManager: Shutting down and abandoning module AndroidTargetPlatform (73)
[2017.04.28-21.32.23:024][  2]LogModuleManager: Shutting down and abandoning module WindowsTargetPlatform (71)
[2017.04.28-21.32.23:024][  2]LogModuleManager: Shutting down and abandoning module WindowsServerTargetPlatform (69)
[2017.04.28-21.32.23:024][  2]LogModuleManager: Shutting down and abandoning module WindowsNoEditorTargetPlatform (67)
[2017.04.28-21.32.23:024][  2]LogModuleManager: Shutting down and abandoning module WindowsClientTargetPlatform (65)
[2017.04.28-21.32.23:024][  2]LogModuleManager: Shutting down and abandoning module MacTargetPlatform (63)
[2017.04.28-21.32.23:024][  2]LogModuleManager: Shutting down and abandoning module MacServerTargetPlatform (61)
[2017.04.28-21.32.23:024][  2]LogModuleManager: Shutting down and abandoning module MacNoEditorTargetPlatform (59)
[2017.04.28-21.32.23:024][  2]LogModuleManager: Shutting down and abandoning module MacClientTargetPlatform (57)
[2017.04.28-21.32.23:024][  2]LogModuleManager: Shutting down and abandoning module AllDesktopTargetPlatform (55)
[2017.04.28-21.32.23:024][  2]LogModuleManager: Shutting down and abandoning module InputCore (52)
[2017.04.28-21.32.23:024][  2]LogModuleManager: Shutting down and abandoning module Settings (50)
[2017.04.28-21.32.23:025][  2]LogModuleManager: Shutting down and abandoning module OculusRift (48)
[2017.04.28-21.32.23:025][  2]LogModuleManager: Shutting down and abandoning module GearVR (46)
[2017.04.28-21.32.23:025][  2]LogModuleManager: Shutting down and abandoning module ExampleDeviceProfileSelector (44)
[2017.04.28-21.32.23:025][  2]LogModuleManager: Shutting down and abandoning module OnlineBlueprintSupport (42)
[2017.04.28-21.32.23:025][  2]LogModuleManager: Shutting down and abandoning module OnlineSubsystem (38)
[2017.04.28-21.32.23:025][  2]LogOnline:Display: Unloading online subsystem: NULL
[2017.04.28-21.32.23:025][  2]LogModuleManager: Shutting down and abandoning module XMPP (37)
[2017.04.28-21.32.23:025][  2]LogModuleManager: Shutting down and abandoning module HTTP (35)
[2017.04.28-21.32.23:025][  2]LogHttp:Display: Http module shutting down, but needs to wait on 2 outstanding Http requests:
[2017.04.28-21.32.23:025][  2]LogHttp:Display: 	verb=[GET] url=[http://cdn.unrealengine.com/surveys/index.json] status=Processing
[2017.04.28-21.32.23:025][  2]LogHttp:Display: 	verb=[POST] url=[https://datarouter.ol.epicgames.com/datarouter/api/v1/public/data?SessionID=%7B8623C64D-4B01-4276-015D-B8B95953B3D4%7D&AppID=UEEditor.Rocket.Release&AppVersion=4.15.1-3348071%2B%2B%2BUE4%2BRelease-4.15&UserID=412ef9ee49b0ac877a662fbaada6f67d%7Ceb844d0ac70f4dca97008bb30e785949%7Ccf9e1c0a-479e-4f2a-9f93-cf13636606b2&AppEnvironment=datacollector-binary&UploadType=eteventstream] status=Processing
[2017.04.28-21.32.23:056][  2]LogModuleManager: Shutting down and abandoning module SSL (34)
[2017.04.28-21.32.23:062][  2]LogModuleManager: Shutting down and abandoning module AudioEditor (30)
[2017.04.28-21.32.23:062][  2]LogModuleManager: Shutting down and abandoning module TextureCompressor (28)
[2017.04.28-21.32.23:062][  2]LogModuleManager: Shutting down and abandoning module ShaderCore (26)
[2017.04.28-21.32.23:062][  2]LogModuleManager: Shutting down and abandoning module Landscape (24)
[2017.04.28-21.32.23:062][  2]LogModuleManager: Shutting down and abandoning module SlateRHIRenderer (22)
[2017.04.28-21.32.23:068][  2]LogModuleManager: Shutting down and abandoning module OpenGLDrv (20)
[2017.04.28-21.32.23:068][  2]LogModuleManager: Shutting down and abandoning module D3D11RHI (18)
[2017.04.28-21.32.23:068][  2]LogModuleManager: Shutting down and abandoning module AnimGraphRuntime (16)
[2017.04.28-21.32.23:070][  2]LogModuleManager: Shutting down and abandoning module Renderer (14)
[2017.04.28-21.32.23:070][  2]LogModuleManager: Shutting down and abandoning module Engine (12)
[2017.04.28-21.32.23:070][  2]LogModuleManager: Shutting down and abandoning module CoreUObject (10)
[2017.04.28-21.32.23:070][  2]LogModuleManager: Shutting down and abandoning module NetworkFile (8)
[2017.04.28-21.32.23:070][  2]LogModuleManager: Shutting down and abandoning module StreamingFile (6)
[2017.04.28-21.32.23:070][  2]LogModuleManager: Shutting down and abandoning module SandboxFile (4)
[2017.04.28-21.32.23:070][  2]LogModuleManager: Shutting down and abandoning module PakFile (2)
[2017.04.28-21.32.23:077][  2]LogExit: Exiting.
[2017.04.28-21.32.23:083][  2]Log file closed, 04/28/17 17:32:23
