Log file open, 04/28/17 12:16:01
LogInit:Display: Running engine for game: Lionfish
LogPlatformFile: Not using cached read wrapper
LogInit:Display: RandInit(1607096348) SRandInit(1607096348).
LogTaskGraph: Started task graph with 5 named threads and 8 total threads with 1 sets of task threads.
LogStats: Stats thread started at 0.084841
LogInit: Using libcurl 7.47.1
LogInit:  - built for x86_64-pc-win32
LogInit:  - supports SSL with OpenSSL/1.0.2g
LogInit:  - supports HTTP deflate (compression) using libz 1.2.8
LogInit:  - other features:
LogInit:      CURL_VERSION_SSL
LogInit:      CURL_VERSION_LIBZ
LogInit:      CURL_VERSION_IPV6
LogInit:      CURL_VERSION_ASYNCHDNS
LogInit:      CURL_VERSION_LARGEFILE
LogInit:      CURL_VERSION_IDN
LogInit:  CurlRequestOptions (configurable via config and command line):
LogInit:  - bVerifyPeer = false  - Libcurl will NOT verify peer certificate
LogInit:  - bUseHttpProxy = false  - Libcurl will NOT use HTTP proxy
LogInit:  - bDontReuseConnections = false  - Libcurl will reuse connections
LogInit:  - CertBundlePath = nullptr  - Libcurl will use whatever was configured at build time.
LogInit: Build: ++UE4+Release-4.15-CL-3348071
LogInit: Engine Version: 4.15.1-3348071+++UE4+Release-4.15
LogInit: Compatible Engine Version: 4.15.0-3299760+++UE4+Release-4.15
LogInit: Net CL: 3299760
LogDevObjectVersion: Number of dev versions registered: 14
LogDevObjectVersion:   Dev-Blueprints (B0D832E4-1F89-4F0D-ACCF-7EB736FD4AA2): 8
LogDevObjectVersion:   Dev-Build (E1C64328-A22C-4D53-A36C-8E866417BD8C): 0
LogDevObjectVersion:   Dev-Core (375EC13C-06E4-48FB-B500-84F0262A717E): 2
LogDevObjectVersion:   Dev-Editor (E4B068ED-F494-42E9-A231-DA0B2E46BB41): 14
LogDevObjectVersion:   Dev-Framework (CFFC743F-43B0-4480-9391-14DF171D2073): 22
LogDevObjectVersion:   Dev-Mobile (B02B49B5-BB20-44E9-A304-32B752E40360): 0
LogDevObjectVersion:   Dev-Networking (A4E4105C-59A1-49B5-A7C5-40C4547EDFEE): 0
LogDevObjectVersion:   Dev-Online (39C831C9-5AE6-47DC-9A44-9C173E1C8E7C): 0
LogDevObjectVersion:   Dev-Physics (78F01B33-EBEA-4F98-B9B4-84EACCB95AA2): 0
LogDevObjectVersion:   Dev-Platform (6631380F-2D4D-43E0-8009-CF276956A95A): 0
LogDevObjectVersion:   Dev-Rendering (12F88B9F-8875-4AFC-A67C-D90C383ABD29): 12
LogDevObjectVersion:   Dev-Sequencer (7B5AE74C-D270-4C10-A958-57980B212A5A): 3
LogDevObjectVersion:   Dev-VR (D7296918-1DD6-4BDD-9DE2-64A83CC13884): 0
LogDevObjectVersion:   Dev-LoadTimes (C2A15278-BFE7-4AFE-6C17-90FF531DF755): 1
LogInit: Compiled (64-bit): Mar 15 2017 16:52:47
LogInit: Compiled with Visual C++: 19.00.23026.00
LogInit: Build Configuration: Development
LogInit: Branch Name: ++UE4+Release-4.15
LogInit: Command line: -EpicPortal 
LogInit: Base directory: C:/Program Files/Epic Games/UE_4.15/Engine/Binaries/Win64/
LogInit: Installed Engine Build: 1
LogInit: Presizing for max 8388607 objects, including 0 objects not considered by GC, pre-allocating 0 bytes for permanent pool.
LogInit: Object subsystem initialized
[2017.04.28-16.16.02:666][  0]LogInit: Selected Device Profile: [Windows]
[2017.04.28-16.16.02:666][  0]LogInit: Applying CVar settings loaded from the selected device profile: [Windows]
[2017.04.28-16.16.02:674][  0]LogInit: Computer: TOMLAPTOP-PC
[2017.04.28-16.16.02:674][  0]LogInit: User: Tom
[2017.04.28-16.16.02:674][  0]LogInit: CPU Page size=65536, Cores=4
[2017.04.28-16.16.02:674][  0]LogInit: High frequency timer resolution =2.531250 MHz
[2017.04.28-16.16.02:674][  0]LogMemory: Memory total: Physical=15.9GB (16GB approx)
[2017.04.28-16.16.02:674][  0]LogMemory: Platform Memory Stats for Windows
[2017.04.28-16.16.02:674][  0]LogMemory: Process Physical Memory: 264.53 MB used, 264.53 MB peak
[2017.04.28-16.16.02:674][  0]LogMemory: Process Virtual Memory: 262.76 MB used, 262.76 MB peak
[2017.04.28-16.16.02:674][  0]LogMemory: Physical Memory: 5098.41 MB used,  11149.34 MB free, 16247.75 MB total
[2017.04.28-16.16.02:674][  0]LogMemory: Virtual Memory: 645.11 MB used,  11149.34 MB free, 134217728.00 MB total
[2017.04.28-16.16.02:764][  0]LogTextLocalizationManager: No specific translations for ('en-US') exist, so ('en') translations will be used.
[2017.04.28-16.16.03:395][  0]LogD3D11RHI: D3D11 adapters:
[2017.04.28-16.16.03:987][  0]LogD3D11RHI:    0. 'NVIDIA GeForce GTX 970M' (Feature Level 11_0)
[2017.04.28-16.16.03:987][  0]LogD3D11RHI:       6108/0/8123 MB DedicatedVideo/DedicatedSystem/SharedSystem, Outputs:1, VendorId:0x10de
[2017.04.28-16.16.03:998][  0]LogD3D11RHI:    1. 'Intel(R) HD Graphics 530' (Feature Level 11_0)
[2017.04.28-16.16.03:998][  0]LogD3D11RHI:       128/0/8123 MB DedicatedVideo/DedicatedSystem/SharedSystem, Outputs:0, VendorId:0x8086
[2017.04.28-16.16.03:999][  0]LogD3D11RHI:    2. 'Microsoft Basic Render Driver' (Feature Level 11_0)
[2017.04.28-16.16.03:999][  0]LogD3D11RHI:       0/0/8123 MB DedicatedVideo/DedicatedSystem/SharedSystem, Outputs:0, VendorId:0x1414
[2017.04.28-16.16.03:999][  0]LogD3D11RHI: Chosen D3D11 Adapter: 0
[2017.04.28-16.16.04:004][  0]LogD3D11RHI: Creating new Direct3DDevice
[2017.04.28-16.16.04:004][  0]LogD3D11RHI:     GPU DeviceId: 0x13d8 (for the marketing name, search the web for "GPU Device Id")
[2017.04.28-16.16.04:004][  0]LogWindows: EnumDisplayDevices:
[2017.04.28-16.16.04:004][  0]LogWindows:    0. 'Intel(R) HD Graphics 530' (P:1 D:1)
[2017.04.28-16.16.04:005][  0]LogWindows:    1. 'Intel(R) HD Graphics 530' (P:0 D:0)
[2017.04.28-16.16.04:005][  0]LogWindows:    2. 'Intel(R) HD Graphics 530' (P:0 D:0)
[2017.04.28-16.16.04:005][  0]LogWindows: DebugString: PrimaryIsNotTheChoosenAdapter PrimaryIsNotTheChoosenAdapter PrimaryIsNotTheChoosenAdapter FoundDriverCount:0 
[2017.04.28-16.16.04:005][  0]LogD3D11RHI:     Adapter Name: NVIDIA GeForce GTX 970M
[2017.04.28-16.16.04:005][  0]LogD3D11RHI:   Driver Version: Unknown (internal:Unknown, unified:Unknown)
[2017.04.28-16.16.04:005][  0]LogD3D11RHI:      Driver Date: Unknown
[2017.04.28-16.16.04:005][  0]LogRHI: Texture pool is 1361 MB (70% of 1945 MB)
[2017.04.28-16.16.04:560][  0]LogD3D11RHI: Async texture creation enabled
[2017.04.28-16.16.04:601][  0]LogD3D11RHI: GPU Timing Frequency: 1000.000000 (Debug: 2 1)
[2017.04.28-16.16.04:602][  0]LogShaderCompilers: Guid format shader working directory is 14 characters bigger than the processId version (D:/Repo/CISC374_Team4/Lionfish/Intermediate/Shaders/WorkingDirectory/9232/).
[2017.04.28-16.16.04:602][  0]LogShaderCompilers: Cleaned the shader compiler working directory 'C:/Users/Tom/AppData/Local/Temp/UnrealShaderWorkingDir/74AC3C714EA7D58F9931D3A97358BF0E/'.
[2017.04.28-16.16.04:602][  0]LogShaderCompilers:Display: Using Local Shader Compiler.
[2017.04.28-16.16.05:660][  0]LogTemp:Display: Loaded TP AllDesktopTargetPlatform
[2017.04.28-16.16.05:717][  0]LogTemp:Display: Loaded TP MacClientTargetPlatform
[2017.04.28-16.16.05:771][  0]LogTemp:Display: Loaded TP MacNoEditorTargetPlatform
[2017.04.28-16.16.05:827][  0]LogTemp:Display: Loaded TP MacServerTargetPlatform
[2017.04.28-16.16.05:883][  0]LogTemp:Display: Loaded TP MacTargetPlatform
[2017.04.28-16.16.05:939][  0]LogTemp:Display: Loaded TP WindowsClientTargetPlatform
[2017.04.28-16.16.05:992][  0]LogTemp:Display: Loaded TP WindowsNoEditorTargetPlatform
[2017.04.28-16.16.06:047][  0]LogTemp:Display: Loaded TP WindowsServerTargetPlatform
[2017.04.28-16.16.06:092][  0]LogTemp:Display: Loaded TP WindowsTargetPlatform
[2017.04.28-16.16.06:144][  0]LogTemp:Display: Loaded TP AndroidTargetPlatform
[2017.04.28-16.16.06:198][  0]LogTemp:Display: Loaded TP Android_ASTCTargetPlatform
[2017.04.28-16.16.06:250][  0]LogTemp:Display: Loaded TP Android_ATCTargetPlatform
[2017.04.28-16.16.06:303][  0]LogTemp:Display: Loaded TP Android_DXTTargetPlatform
[2017.04.28-16.16.06:356][  0]LogTemp:Display: Loaded TP Android_ETC1TargetPlatform
[2017.04.28-16.16.06:410][  0]LogTemp:Display: Loaded TP Android_ETC2TargetPlatform
[2017.04.28-16.16.06:515][  0]LogTemp:Display: Loaded TP Android_MultiTargetPlatform
[2017.04.28-16.16.06:515][  0]LogTemp:Display: Loaded TP Android_PVRTCTargetPlatform
[2017.04.28-16.16.06:554][  0]LogTemp:Display: Loaded TP HTML5TargetPlatform
[2017.04.28-16.16.06:650][  0]LogTemp:Display: Loaded TP IOSTargetPlatform
[2017.04.28-16.16.06:686][  0]LogTemp:Display: Loaded TP TVOSTargetPlatform
[2017.04.28-16.16.06:741][  0]LogTemp:Display: Loaded TP LinuxClientTargetPlatform
[2017.04.28-16.16.06:794][  0]LogTemp:Display: Loaded TP LinuxNoEditorTargetPlatform
[2017.04.28-16.16.06:848][  0]LogTemp:Display: Loaded TP LinuxServerTargetPlatform
[2017.04.28-16.16.06:903][  0]LogTemp:Display: Loaded TP LinuxTargetPlatform
[2017.04.28-16.16.06:903][  0]LogTargetPlatformManager:Display: Building Assets For Windows
[2017.04.28-16.16.07:351][  0]LogDerivedDataCache:Display: Max Cache Size: 512 MB
[2017.04.28-16.16.07:400][  0]LogDerivedDataCache: Loaded boot cache 0.05s 50MB C:/Users/Tom/AppData/Local/UnrealEngine/4.15/DerivedDataCache/Boot.ddc.
[2017.04.28-16.16.07:401][  0]LogDerivedDataCache:Display: Loaded Boot cache: C:/Users/Tom/AppData/Local/UnrealEngine/4.15/DerivedDataCache/Boot.ddc
[2017.04.28-16.16.07:401][  0]LogDerivedDataCache: FDerivedDataBackendGraph:  Pak pak cache file D:/Repo/CISC374_Team4/Lionfish/DerivedDataCache/DDC.ddp not found, will not use a pak cache.
[2017.04.28-16.16.07:401][  0]LogDerivedDataCache: Unable to find inner node Pak for hierarchical cache Hierarchy.
[2017.04.28-16.16.07:401][  0]LogDerivedDataCache: FDerivedDataBackendGraph:  CompressedPak pak cache file D:/Repo/CISC374_Team4/Lionfish/DerivedDataCache/Compressed.ddp not found, will not use a pak cache.
[2017.04.28-16.16.07:401][  0]LogDerivedDataCache: Unable to find inner node CompressedPak for hierarchical cache Hierarchy.
[2017.04.28-16.16.07:419][  0]LogDerivedDataCache:Display: Pak cache opened for reading ../../../Engine/DerivedDataCache/Compressed.ddp.
[2017.04.28-16.16.07:432][  0]LogDerivedDataCache: Using Local data cache path C:/Users/Tom/AppData/Local/UnrealEngine/Common/DerivedDataCache: Writable
[2017.04.28-16.16.07:441][  0]LogSlate: Using Freetype 2.6.0
[2017.04.28-16.16.07:442][  0]LogSlate: SlateFontCache - WITH_FREETYPE: 1, WITH_HARFBUZZ: 1
[2017.04.28-16.16.07:442][  0]LogSlate: SlateFontCache - WITH_FREETYPE: 1, WITH_HARFBUZZ: 1
[2017.04.28-16.16.07:722][  0]LogInit: Selected Device Profile: [Windows]
[2017.04.28-16.16.07:725][  0]LogContentStreaming: Texture pool size is 0.00 MB
[2017.04.28-16.16.07:932][  0]LogMeshUtilities: Using QuadricMeshReduction for automatic static mesh reduction
[2017.04.28-16.16.07:975][  0]LogSimplygon: Simplygon DLL not present - disabling.
[2017.04.28-16.16.08:022][  0]LogMeshUtilities: Using SimplygonSwarm for distributed automatic mesh merging
[2017.04.28-16.16.08:022][  0]LogMeshUtilities: No automatic skeletal mesh reduction module available
[2017.04.28-16.16.08:022][  0]LogMeshUtilities: No automatic mesh merging module available
[2017.04.28-16.16.08:550][  0]LogNetVersion: GetLocalNetworkVersion: CL: 3299760, ProjectName: lionfish, ProjectVersion: , EngineNetworkVersion: 2, GameNetworkVersion: 0, NetworkChecksum: 3667421609
[2017.04.28-16.16.08:597][  0]LogAssetRegistry: FAssetRegistry took 0.0221 seconds to start up
[2017.04.28-16.16.08:642][  0]LogPackageLocalizationCache: Processed 3 localized package path(s) for 2 prioritized culture(s) in 0.021357 seconds
[2017.04.28-16.16.08:649][  0]LogUObjectArray: 32493 objects as part of root set at end of initial load.
[2017.04.28-16.16.08:649][  0]LogUObjectAllocator: 7077024 out of 0 bytes used by permanent object pool.
[2017.04.28-16.16.08:649][  0]LogUObjectArray: CloseDisregardForGC: 0/0 objects in disregard for GC pool
[2017.04.28-16.16.08:713][  0]LogInit: WinSock: version 1.1 (2.2), MaxSocks=32767, MaxUdp=65467
[2017.04.28-16.16.10:294][  0]LogTcpMessaging: Initializing TcpMessaging bridge
[2017.04.28-16.16.10:335][  0]LogUdpMessaging: Initializing bridge on interface 0.0.0.0:0 to multicast group 230.0.0.1:6666.
[2017.04.28-16.16.10:788][  0]LogMaterial: Uniform references updated for custom material expression Custom.
[2017.04.28-16.16.11:169][  0]SourceControl: Info Source control is disabled
[2017.04.28-16.16.13:211][  0]LogEngine: Initializing Engine...
[2017.04.28-16.16.13:211][  0]LogHMD: Failed to initialize OpenVR with code 110
[2017.04.28-16.16.13:439][  0]LogAIModule: Creating AISystem for world Untitled
[2017.04.28-16.16.13:448][  0]LogInit: XAudio2 using 'Speakers (Realtek High Definition Audio)' : 2 channels at 48 kHz using 32 bits per sample (channel mask 0x3)
[2017.04.28-16.16.13:515][  0]LogInit: FAudioDevice initialized.
[2017.04.28-16.16.13:540][  0]LogDerivedDataCache: Saved boot cache 0.03s 50MB C:/Users/Tom/AppData/Local/UnrealEngine/4.15/DerivedDataCache/Boot.ddc.
[2017.04.28-16.16.13:547][  0]LogInit: Texture streaming: Enabled
[2017.04.28-16.16.13:645][  0]LogEngineSessionManager: EngineSessionManager initialized
[2017.04.28-16.16.13:735][  0]LogInit: Transaction tracking system initialized
[2017.04.28-16.16.14:085][  0]BlueprintLog: New page: Editor Load
[2017.04.28-16.16.14:970][  0]LocalizationService: Info Localization service is disabled
[2017.04.28-16.16.15:636][  0]LogConsoleResponse:Display: 
[2017.04.28-16.16.15:767][  0]LogCook:Display: Max memory allowance for cook 16384mb min free memory 0mb
[2017.04.28-16.16.15:767][  0]LogCook:Display: Mobile HDR setting 1
[2017.04.28-16.16.16:781][  0]LogFileCache: Scanning file cache for directory 'D:/Repo/CISC374_Team4/Lionfish/Content/' took 0.01s
[2017.04.28-16.16.17:046][  0]Cmd: MAP LOAD FILE="D:/Repo/CISC374_Team4/Lionfish/Content/TopDownBP/Maps/TopDownExampleMap.umap" TEMPLATE=0 SHOWPROGRESS=1 FEATURELEVEL=3
[2017.04.28-16.16.17:047][  0]LightingResults: New page: Lighting Build
[2017.04.28-16.16.17:085][  0]MapCheck: New page: Map Check
[2017.04.28-16.16.17:085][  0]LightingResults: New page: Lighting Build
[2017.04.28-16.16.17:530][  0]LogLinker:Warning: Asset 'D:/Repo/CISC374_Team4/Lionfish/Content/Meshes/Water_04/Water/Textures/water.uasset' has been saved with empty engine version. The asset will be loaded but may be incompatible.
[2017.04.28-16.16.17:837][  0]LogAIModule: Creating AISystem for world TopDownExampleMap
[2017.04.28-16.16.17:867][  0]LogEditorServer: Finished looking for orphan Actors (0.000 secs)
[2017.04.28-16.16.17:868][  0]Cmd: MAP CHECKDEP NOCLEARLOG
[2017.04.28-16.16.17:912][  0]MapCheck: Info Map check complete: 0 Error(s), 0 Warning(s), took 43.733ms to complete.
[2017.04.28-16.16.17:912][  0]LogFileHelpers: Loading map 'TopDownExampleMap' took 0.866
[2017.04.28-16.16.17:971][  0]LogWindowsTextInputMethodSystem:Display: IME system now deactivated.
[2017.04.28-16.16.18:095][  0]LogCollectionManager: Loaded 0 collections in 0.001777 seconds
[2017.04.28-16.16.18:183][  0]LogFileCache: Scanning file cache for directory 'D:/Repo/CISC374_Team4/Lionfish/Saved/Collections/' took 0.01s
[2017.04.28-16.16.18:183][  0]LogFileCache: Scanning file cache for directory 'D:/Repo/CISC374_Team4/Lionfish/Content/Developers/Tom/Collections/' took 0.01s
[2017.04.28-16.16.18:183][  0]LogFileCache: Scanning file cache for directory 'D:/Repo/CISC374_Team4/Lionfish/Content/Collections/' took 0.01s
[2017.04.28-16.16.18:183][  0]LogCollectionManager: Rebuilt the GUID cache for 0 collections in 0.000002 seconds
[2017.04.28-16.16.18:192][  0]LogContentBrowser: Native class hierarchy populated in 0.0091 seconds. Added 2245 classes and 453 folders.
[2017.04.28-16.16.18:195][  0]LogStats: UGameplayTagsManager::ConstructGameplayTagTree: Construct from data asset -  0.000 s
[2017.04.28-16.16.18:195][  0]LogStats: UGameplayTagsManager::ConstructGameplayTagTree: GameplayTagTreeChangedEvent.Broadcast -  0.000 s
[2017.04.28-16.16.18:265][  0]LogContentBrowser: Native class hierarchy updated for 'WidgetCarousel' in 0.0005 seconds. Added 0 classes and 0 folders.
[2017.04.28-16.16.18:306][  0]LogContentBrowser: Native class hierarchy updated for 'AddContentDialog' in 0.0006 seconds. Added 0 classes and 0 folders.
[2017.04.28-16.16.18:350][  0]LogContentBrowser: Native class hierarchy updated for 'SceneOutliner' in 0.0005 seconds. Added 1 classes and 2 folders.
[2017.04.28-16.16.18:399][  0]LogCrashTracker: Crashtracker disabled due to settings.
[2017.04.28-16.16.18:409][  0]LogUObjectGlobals:Warning: Failed to find object 'Class None.'
[2017.04.28-16.16.18:476][  0]LogContentBrowser: Native class hierarchy updated for 'HierarchicalLODOutliner' in 0.0005 seconds. Added 1 classes and 2 folders.
[2017.04.28-16.16.18:476][  0]LogLoad: (Engine Initialization) Total time: 17.86 seconds
[2017.04.28-16.16.18:476][  0]LogLoad: (Engine Initialization) Total Blueprint compile time: 0.27 seconds
[2017.04.28-16.16.18:476][  0]LogExternalProfiler: Found external profiler: VSPerf
[2017.04.28-16.16.18:476][  0]LogExternalProfiler: Using external profiler: VSPerf
[2017.04.28-16.16.18:487][  0]LogOcInput: OculusInput pre-init called
[2017.04.28-16.16.18:520][  0]SourceControl: Info On branch master
[2017.04.28-16.16.18:520][  0]SourceControl: Info Your branch is up-to-date with 'origin/master'.
[2017.04.28-16.16.18:520][  0]SourceControl: Info Changes not staged for commit:
[2017.04.28-16.16.18:520][  0]SourceControl: Info   (use "git add/rm <file>..." to update what will be committed)
[2017.04.28-16.16.18:520][  0]SourceControl: Info   (use "git checkout -- <file>..." to discard changes in working directory)
[2017.04.28-16.16.18:520][  0]SourceControl: Info 	modified:   Lionfish/Content/TopDownBP/Blueprints/HUD.uasset
[2017.04.28-16.16.18:520][  0]SourceControl: Info 	modified:   Lionfish/Content/TopDownBP/Maps/TopDownExampleMap.umap
[2017.04.28-16.16.18:520][  0]SourceControl: Info 	modified:   Lionfish/Content/TopDownBP/Maps/TopDownExampleMap_BuiltData.uasset
[2017.04.28-16.16.18:520][  0]SourceControl: Info 	modified:   Lionfish/Intermediate/CachedAssetRegistry.bin
[2017.04.28-16.16.18:520][  0]SourceControl: Info 	modified:   Lionfish/Saved/AutoScreenshot.png
[2017.04.28-16.16.18:520][  0]SourceControl: Info 	modified:   Lionfish/Saved/Autosaves/Game/TopDownBP/Blueprints/HUD_Auto1.uasset
[2017.04.28-16.16.18:520][  0]SourceControl: Info 	modified:   Lionfish/Saved/Autosaves/Game/TopDownBP/Maps/UEDPCTopDownExampleMap.umap
[2017.04.28-16.16.18:520][  0]SourceControl: Info 	deleted:    Lionfish/Saved/Backup/HUD_2017-04-27-23-31-47.uasset
[2017.04.28-16.16.18:520][  0]SourceControl: Info 	deleted:    Lionfish/Saved/Backup/HUD_2017-04-28-11-26-09.uasset
[2017.04.28-16.16.18:520][  0]SourceControl: Info 	deleted:    Lionfish/Saved/Backup/HUD_2017-04-28-11-37-10.uasset
[2017.04.28-16.16.18:520][  0]SourceControl: Info 	deleted:    Lionfish/Saved/Backup/Lionfish_2017-04-27-23-27-10.uasset
[2017.04.28-16.16.18:520][  0]SourceControl: Info 	deleted:    Lionfish/Saved/Backup/Lionfish_Player_2017-04-28-11-24-46.uasset
[2017.04.28-16.16.18:520][  0]SourceControl: Info 	deleted:    Lionfish/Saved/Backup/TopDownExampleMap_2017-04-27-23-32-12.umap
[2017.04.28-16.16.18:520][  0]SourceControl: Info 	deleted:    Lionfish/Saved/Backup/TopDownExampleMap_2017-04-28-11-39-07.umap
[2017.04.28-16.16.18:520][  0]SourceControl: Info 	deleted:    Lionfish/Saved/Backup/TopDownExampleMap_BuiltData_2017-04-27-18-35-10.uasset
[2017.04.28-16.16.18:520][  0]SourceControl: Info 	deleted:    Lionfish/Saved/Backup/TopDownExampleMap_BuiltData_2017-04-27-19-07-43.uasset
[2017.04.28-16.16.18:520][  0]SourceControl: Info 	deleted:    Lionfish/Saved/Backup/TopDownExampleMap_BuiltData_2017-04-27-19-21-28.uasset
[2017.04.28-16.16.18:520][  0]SourceControl: Info 	deleted:    Lionfish/Saved/Backup/TopDownExampleMap_BuiltData_2017-04-27-19-30-43.uasset
[2017.04.28-16.16.18:520][  0]SourceControl: Info 	deleted:    Lionfish/Saved/Backup/VariableDatabase_2017-04-28-11-28-25.uasset
[2017.04.28-16.16.18:520][  0]SourceControl: Info 	deleted:    Lionfish/Saved/Backup/Water_Normal2_2017-04-27-19-04-40.uasset
[2017.04.28-16.16.18:520][  0]SourceControl: Info 	modified:   Lionfish/Saved/Config/Windows/Editor.ini
[2017.04.28-16.16.18:520][  0]SourceControl: Info 	modified:   Lionfish/Saved/Config/Windows/EditorPerProjectUserSettings.ini
[2017.04.28-16.16.18:520][  0]SourceControl: Info 	modified:   Lionfish/Saved/Config/Windows/Engine.ini
[2017.04.28-16.16.18:520][  0]SourceControl: Info 	deleted:    Lionfish/Saved/Logs/Lionfish-backup-2017.04.25-12.57.48.log
[2017.04.28-16.16.18:520][  0]SourceControl: Info 	deleted:    Lionfish/Saved/Logs/Lionfish-backup-2017.04.25-13.05.54.log
[2017.04.28-16.16.18:520][  0]SourceControl: Info 	deleted:    Lionfish/Saved/Logs/Lionfish-backup-2017.04.25-16.11.32.log
[2017.04.28-16.16.18:520][  0]SourceControl: Info 	deleted:    Lionfish/Saved/Logs/Lionfish-backup-2017.04.25-23.47.59.log
[2017.04.28-16.16.18:520][  0]SourceControl: Info 	deleted:    Lionfish/Saved/Logs/Lionfish-backup-2017.04.26-09.23.01.log
[2017.04.28-16.16.18:520][  0]SourceControl: Info 	deleted:    Lionfish/Saved/Logs/Lionfish-backup-2017.04.27-18.53.08.log
[2017.04.28-16.16.18:520][  0]SourceControl: Info 	modified:   Lionfish/Saved/Logs/Lionfish.log
[2017.04.28-16.16.18:520][  0]SourceControl: Info 	modified:   Lionfish/Saved/Logs/Lionfish_2.log
[2017.04.28-16.16.18:520][  0]SourceControl: Info Untracked files:
[2017.04.28-16.16.18:520][  0]SourceControl: Info   (use "git add <file>..." to include in what will be committed)
[2017.04.28-16.16.18:520][  0]SourceControl: Info 	Lionfish/Saved/Autosaves/Game/TopDownBP/Blueprints/HUD_Auto2.uasset
[2017.04.28-16.16.18:520][  0]SourceControl: Info 	Lionfish/Saved/Backup/HUD_2017-04-28-11-45-16.uasset
[2017.04.28-16.16.18:520][  0]SourceControl: Info 	Lionfish/Saved/Backup/HUD_2017-04-28-11-53-06.uasset
[2017.04.28-16.16.18:520][  0]SourceControl: Info 	Lionfish/Saved/Backup/HUD_2017-04-28-12-03-28.uasset
[2017.04.28-16.16.18:520][  0]SourceControl: Info 	Lionfish/Saved/Backup/HUD_2017-04-28-12-12-05.uasset
[2017.04.28-16.16.18:520][  0]SourceControl: Info 	Lionfish/Saved/Backup/TopDownExampleMap_2017-04-28-11-48-46.umap
[2017.04.28-16.16.18:520][  0]SourceControl: Info 	Lionfish/Saved/Backup/TopDownExampleMap_2017-04-28-11-55-45.umap
[2017.04.28-16.16.18:520][  0]SourceControl: Info 	Lionfish/Saved/Backup/TopDownExampleMap_2017-04-28-12-03-33.umap
[2017.04.28-16.16.18:520][  0]SourceControl: Info 	Lionfish/Saved/Backup/TopDownExampleMap_2017-04-28-12-14-25.umap
[2017.04.28-16.16.18:520][  0]SourceControl: Info 	Lionfish/Saved/Backup/TopDownExampleMap_BuiltData_2017-04-28-11-48-46.uasset
[2017.04.28-16.16.18:520][  0]SourceControl: Info 	Lionfish/Saved/Backup/TopDownExampleMap_BuiltData_2017-04-28-11-55-45.uasset
[2017.04.28-16.16.18:520][  0]SourceControl: Info 	Lionfish/Saved/Backup/TopDownExampleMap_BuiltData_2017-04-28-12-03-33.uasset
[2017.04.28-16.16.18:520][  0]SourceControl: Info 	Lionfish/Saved/Backup/TopDownExampleMap_BuiltData_2017-04-28-12-14-25.uasset
[2017.04.28-16.16.18:520][  0]SourceControl: Info 	Lionfish/Saved/Logs/Lionfish-backup-2017.04.28-11.44.18.log
[2017.04.28-16.16.18:520][  0]SourceControl: Info 	Lionfish/Saved/Logs/Lionfish-backup-2017.04.28-12.16.01.log
[2017.04.28-16.16.18:520][  0]SourceControl: Info 	Lionfish/Saved/Logs/Lionfish_2-backup-2017.04.28-11.48.49.log
[2017.04.28-16.16.18:520][  0]SourceControl: Info 	Lionfish/Saved/Logs/Lionfish_2-backup-2017.04.28-11.55.47.log
[2017.04.28-16.16.18:520][  0]SourceControl: Info 	Lionfish/Saved/Logs/Lionfish_2-backup-2017.04.28-12.03.36.log
[2017.04.28-16.16.18:520][  0]SourceControl: Info 	Lionfish/Saved/Logs/Lionfish_2-backup-2017.04.28-12.14.27.log
[2017.04.28-16.16.18:520][  0]SourceControl: Info 	Lionfish/Saved/Logs/UE4CC-Windows-9F71976F4FCD6B08D28EA3A1578386E0/
[2017.04.28-16.16.18:520][  0]SourceControl: Info 	Lionfish/Saved/Logs/UE4CC-Windows-9F71976F4FCD6B08D28EA3A1578386E0_0000/
[2017.04.28-16.16.18:520][  0]SourceControl: Info 	Lionfish/Saved/Logs/UE4CC-Windows-BCEC9F8942F58B7673DB6EBBD557031C/
[2017.04.28-16.16.18:520][  0]SourceControl: Info no changes added to commit (use "git add" and/or "git commit -a")
[2017.04.28-16.16.18:521][  0]LogContentStreaming: Texture pool size now 1000 MB
[2017.04.28-16.16.18:522][  0]LogSlate: Took 0.000324 seconds to synchronously load lazily loaded font '../../../Engine/Content/Slate/Fonts/Roboto-Regular.ttf' (155K)
[2017.04.28-16.16.18:526][  0]LogSlate: Took 0.000201 seconds to synchronously load lazily loaded font '../../../Engine/Content/Slate/Fonts/Roboto-Bold.ttf' (160K)
[2017.04.28-16.16.18:532][  0]LogSlate: Took 0.000358 seconds to synchronously load lazily loaded font '../../../Engine/Content/Editor/Slate/Fonts/FontAwesome.ttf' (139K)
[2017.04.28-16.16.18:655][  0]LogSlate: Took 0.000175 seconds to synchronously load lazily loaded font '../../../Engine/Content/Slate/Fonts/Roboto-Light.ttf' (159K)
[2017.04.28-16.16.18:705][  0]LogRenderer: Reallocating scene render targets to support 964x436 NumSamples 1 (Frame:2).
[2017.04.28-16.16.18:781][  1]LogFileCache: Retrieving MD5 hashes for directory 'D:/Repo/CISC374_Team4/Lionfish/Content/' took 0.28s
[2017.04.28-16.16.18:798][  1]LogAssetRegistry: Asset discovery search completed in 10.2231 seconds
[2017.04.28-16.16.18:798][  1]LogCollectionManager: Rebuilt the object cache for 0 collections in 0.000005 seconds (found 0 objects)
[2017.04.28-16.16.18:798][  1]LogCollectionManager: Fixed up redirectors for 0 collections in 0.000019 seconds (updated 0 objects)
[2017.04.28-16.23.21:297][238]LogBlueprintUserMessages: Early PlayInEditor Detection: Level '/Game/TopDownBP/Maps/TopDownExampleMap.TopDownExampleMap:PersistentLevel' has LevelScriptBlueprint '/Game/TopDownBP/Maps/TopDownExampleMap.TopDownExampleMap:PersistentLevel.TopDownExampleMap' with GeneratedClass '/Game/TopDownBP/Maps/TopDownExampleMap.TopDownExampleMap_C' with ClassGeneratedBy '/Game/TopDownBP/Maps/TopDownExampleMap.TopDownExampleMap:PersistentLevel.TopDownExampleMap'
[2017.04.28-16.23.21:297][238]LogPlayLevel: PlayLevel: No blueprints needed recompiling
[2017.04.28-16.23.21:297][238]PIE: New page: PIE session: TopDownExampleMap (Apr 28, 2017, 8:23:21 AM)
[2017.04.28-16.23.21:298][238]LogPlayLevel: Creating play world package: /Game/TopDownBP/Maps/UEDPIE_0_TopDownExampleMap
[2017.04.28-16.23.21:333][238]LogPlayLevel: PIE: StaticDuplicateObject took: (0.034927s)
[2017.04.28-16.23.21:334][238]LogAIModule: Creating AISystem for world TopDownExampleMap
[2017.04.28-16.23.21:335][238]LogPlayLevel: PIE: World Init took: (0.001963s)
[2017.04.28-16.23.21:335][238]LogPlayLevel: PIE: Created PIE world by copying editor world from /Game/TopDownBP/Maps/TopDownExampleMap.TopDownExampleMap to /Game/TopDownBP/Maps/UEDPIE_0_TopDownExampleMap.TopDownExampleMap (0.037382s)
[2017.04.28-16.23.21:362][238]LogInit: XAudio2 using 'Speakers (Realtek High Definition Audio)' : 2 channels at 48 kHz using 32 bits per sample (channel mask 0x3)
[2017.04.28-16.23.21:373][238]LogInit: FAudioDevice initialized.
[2017.04.28-16.23.21:422][238]LogLoad: Game class is 'TopDownGameMode_C'
[2017.04.28-16.23.21:427][238]LogWorld: Bringing World /Game/TopDownBP/Maps/UEDPIE_0_TopDownExampleMap.TopDownExampleMap up for play (max tick rate 0) at 2017.04.28-12.23.21
[2017.04.28-16.23.21:428][238]LogWorld: Bringing up level for play took: 0.003515
[2017.04.28-16.23.21:468][238]LogContentBrowser: Native class hierarchy updated for 'MovieSceneCapture' in 0.0005 seconds. Added 11 classes and 0 folders.
[2017.04.28-16.23.21:470][238]PIE: Info Play in editor start time for /Game/TopDownBP/Maps/UEDPIE_0_TopDownExampleMap -0.381
[2017.04.28-16.23.21:471][238]LogBlueprintUserMessages: Late PlayInEditor Detection: Level '/Game/TopDownBP/Maps/TopDownExampleMap.TopDownExampleMap:PersistentLevel' has LevelScriptBlueprint '/Game/TopDownBP/Maps/TopDownExampleMap.TopDownExampleMap:PersistentLevel.TopDownExampleMap' with GeneratedClass '/Game/TopDownBP/Maps/TopDownExampleMap.TopDownExampleMap_C' with ClassGeneratedBy '/Game/TopDownBP/Maps/TopDownExampleMap.TopDownExampleMap:PersistentLevel.TopDownExampleMap'
[2017.04.28-16.23.55:799][340]LogBlueprintUserMessages: Early EndPlayMap Detection: Level '/Game/TopDownBP/Maps/TopDownExampleMap.TopDownExampleMap:PersistentLevel' has LevelScriptBlueprint '/Game/TopDownBP/Maps/TopDownExampleMap.TopDownExampleMap:PersistentLevel.TopDownExampleMap' with GeneratedClass '/Game/TopDownBP/Maps/TopDownExampleMap.TopDownExampleMap_C' with ClassGeneratedBy '/Game/TopDownBP/Maps/TopDownExampleMap.TopDownExampleMap:PersistentLevel.TopDownExampleMap'
[2017.04.28-16.23.55:838][340]LogBlueprintUserMessages: Late EndPlayMap Detection: Level '/Game/TopDownBP/Maps/TopDownExampleMap.TopDownExampleMap:PersistentLevel' has LevelScriptBlueprint '/Game/TopDownBP/Maps/TopDownExampleMap.TopDownExampleMap:PersistentLevel.TopDownExampleMap' with GeneratedClass '/Game/TopDownBP/Maps/TopDownExampleMap.TopDownExampleMap_C' with ClassGeneratedBy '/Game/TopDownBP/Maps/TopDownExampleMap.TopDownExampleMap:PersistentLevel.TopDownExampleMap'
[2017.04.28-16.23.57:631][502]LogSlate: Took 0.000106 seconds to synchronously load lazily loaded font '../../../Engine/Content/Slate/Fonts/Roboto-Light.ttf' (159K)
[2017.04.28-16.23.58:115][502]LogContentBrowser: Native class hierarchy updated for 'BlueprintGraph' in 0.0009 seconds. Added 112 classes and 0 folders.
[2017.04.28-16.23.58:832][502]LogSlate: Took 0.000164 seconds to synchronously load lazily loaded font '../../../Engine/Content/Slate/Fonts/Roboto-Light.ttf' (159K)
[2017.04.28-16.23.58:833][502]LogSlate: Took 0.000166 seconds to synchronously load lazily loaded font '../../../Engine/Content/Editor/Slate/Fonts/Roboto-BoldCondensed.ttf' (158K)
[2017.04.28-16.25.20:844][587]LogSlate: Took 0.002456 seconds to synchronously load lazily loaded font '../../../Engine/Content/Slate/Fonts/DroidSansFallback.ttf' (3848K)
[2017.04.28-16.25.53:758][261]Cmd: OBJ SAVEPACKAGE PACKAGE="/Game/TopDownBP/Blueprints/HUD" FILE="D:/Repo/CISC374_Team4/Lionfish/Content/TopDownBP/Blueprints/HUD.uasset" SILENT=true
[2017.04.28-16.25.53:798][261]LogSavePackage: Save=38.01ms
[2017.04.28-16.25.53:799][261]LogSavePackage: Moving 'D:/Repo/CISC374_Team4/Lionfish/Saved/HUD7774D8414626B9992B8CBDB352CF7EC8.tmp' to 'D:/Repo/CISC374_Team4/Lionfish/Content/TopDownBP/Blueprints/HUD.uasset'
[2017.04.28-16.25.53:800][261]LogSavePackage:Display: Finished SavePackage D:/Repo/CISC374_Team4/Lionfish/Content/TopDownBP/Blueprints/HUD.uasset
[2017.04.28-16.25.54:789][316]BlueprintLog: New page: Compile HUD
[2017.04.28-16.25.58:629][596]LogTemp: Repeting last play command: Selected Viewport
[2017.04.28-16.25.58:643][596]LogBlueprintUserMessages: Early PlayInEditor Detection: Level '/Game/TopDownBP/Maps/TopDownExampleMap.TopDownExampleMap:PersistentLevel' has LevelScriptBlueprint '/Game/TopDownBP/Maps/TopDownExampleMap.TopDownExampleMap:PersistentLevel.TopDownExampleMap' with GeneratedClass '/Game/TopDownBP/Maps/TopDownExampleMap.TopDownExampleMap_C' with ClassGeneratedBy '/Game/TopDownBP/Maps/TopDownExampleMap.TopDownExampleMap:PersistentLevel.TopDownExampleMap'
[2017.04.28-16.25.58:643][596]LogPlayLevel: PlayLevel: No blueprints needed recompiling
[2017.04.28-16.25.58:643][596]PIE: New page: PIE session: TopDownExampleMap (Apr 28, 2017, 8:25:58 AM)
[2017.04.28-16.25.58:643][596]LogPlayLevel: Creating play world package: /Game/TopDownBP/Maps/UEDPIE_0_TopDownExampleMap
[2017.04.28-16.25.58:669][596]LogPlayLevel: PIE: StaticDuplicateObject took: (0.025762s)
[2017.04.28-16.25.58:670][596]LogAIModule: Creating AISystem for world TopDownExampleMap
[2017.04.28-16.25.58:670][596]LogPlayLevel: PIE: World Init took: (0.000942s)
[2017.04.28-16.25.58:670][596]LogPlayLevel: PIE: Created PIE world by copying editor world from /Game/TopDownBP/Maps/TopDownExampleMap.TopDownExampleMap to /Game/TopDownBP/Maps/UEDPIE_0_TopDownExampleMap.TopDownExampleMap (0.026989s)
[2017.04.28-16.25.58:691][596]LogInit: XAudio2 using 'Speakers (Realtek High Definition Audio)' : 2 channels at 48 kHz using 32 bits per sample (channel mask 0x3)
[2017.04.28-16.25.58:699][596]LogInit: FAudioDevice initialized.
[2017.04.28-16.25.58:733][596]LogLoad: Game class is 'TopDownGameMode_C'
[2017.04.28-16.25.58:737][596]LogWorld: Bringing World /Game/TopDownBP/Maps/UEDPIE_0_TopDownExampleMap.TopDownExampleMap up for play (max tick rate 0) at 2017.04.28-12.25.58
[2017.04.28-16.25.58:737][596]LogWorld: Bringing up level for play took: 0.002872
[2017.04.28-16.25.58:739][596]PIE: Info Play in editor start time for /Game/TopDownBP/Maps/UEDPIE_0_TopDownExampleMap 0.888
[2017.04.28-16.25.58:739][596]LogBlueprintUserMessages: Late PlayInEditor Detection: Level '/Game/TopDownBP/Maps/TopDownExampleMap.TopDownExampleMap:PersistentLevel' has LevelScriptBlueprint '/Game/TopDownBP/Maps/TopDownExampleMap.TopDownExampleMap:PersistentLevel.TopDownExampleMap' with GeneratedClass '/Game/TopDownBP/Maps/TopDownExampleMap.TopDownExampleMap_C' with ClassGeneratedBy '/Game/TopDownBP/Maps/TopDownExampleMap.TopDownExampleMap:PersistentLevel.TopDownExampleMap'
[2017.04.28-16.26.06:106][466]LogWindowsTextInputMethodSystem:Display: IME system now deactivated.
[2017.04.28-16.26.06:170][466]LogBlueprintUserMessages: Early EndPlayMap Detection: Level '/Game/TopDownBP/Maps/TopDownExampleMap.TopDownExampleMap:PersistentLevel' has LevelScriptBlueprint '/Game/TopDownBP/Maps/TopDownExampleMap.TopDownExampleMap:PersistentLevel.TopDownExampleMap' with GeneratedClass '/Game/TopDownBP/Maps/TopDownExampleMap.TopDownExampleMap_C' with ClassGeneratedBy '/Game/TopDownBP/Maps/TopDownExampleMap.TopDownExampleMap:PersistentLevel.TopDownExampleMap'
[2017.04.28-16.26.06:207][466]LogBlueprintUserMessages: Late EndPlayMap Detection: Level '/Game/TopDownBP/Maps/TopDownExampleMap.TopDownExampleMap:PersistentLevel' has LevelScriptBlueprint '/Game/TopDownBP/Maps/TopDownExampleMap.TopDownExampleMap:PersistentLevel.TopDownExampleMap' with GeneratedClass '/Game/TopDownBP/Maps/TopDownExampleMap.TopDownExampleMap_C' with ClassGeneratedBy '/Game/TopDownBP/Maps/TopDownExampleMap.TopDownExampleMap:PersistentLevel.TopDownExampleMap'
[2017.04.28-16.26.06:351][467]Cmd: QUIT_EDITOR
[2017.04.28-16.26.06:604][467]LogExit: Preparing to exit.
[2017.04.28-16.26.07:704][467]LogExit: Editor shut down
[2017.04.28-16.26.07:705][467]LogExit: Transaction tracking system shut down
[2017.04.28-16.26.07:789][467]LogObj: Freed 0b from 0 cluster array pools.
[2017.04.28-16.26.07:789][467]LogExit: Object subsystem successfully closed.
[2017.04.28-16.26.07:801][467]LogD3D11RHI: Shutdown
[2017.04.28-16.26.07:801][467]LogD3D11RHI: CleanupD3DDevice
[2017.04.28-16.26.07:897][467]LogD3D11RHI: ~FD3D11DynamicRHI
[2017.04.28-16.26.07:915][467]LogModuleManager: Shutting down and abandoning module SequencerWidgets (506)
[2017.04.28-16.26.07:915][467]LogModuleManager: Shutting down and abandoning module BlueprintGraph (504)
[2017.04.28-16.26.07:915][467]LogModuleManager: Shutting down and abandoning module BlueprintProfiler (502)
[2017.04.28-16.26.07:915][467]LogModuleManager: Shutting down and abandoning module MovieSceneCapture (500)
[2017.04.28-16.26.07:915][467]LogModuleManager: Shutting down and abandoning module HierarchicalLODOutliner (498)
[2017.04.28-16.26.07:915][467]LogModuleManager: Shutting down and abandoning module CrashTracker (496)
[2017.04.28-16.26.07:915][467]LogModuleManager: Shutting down and abandoning module SceneOutliner (494)
[2017.04.28-16.26.07:915][467]LogModuleManager: Shutting down and abandoning module AddContentDialog (492)
[2017.04.28-16.26.07:915][467]LogDirectoryWatcher: A directory notification for 'C:/Program Files/Epic Games/UE_4.15/FeaturePacks/' was aborted.
[2017.04.28-16.26.07:918][467]LogModuleManager: Shutting down and abandoning module WidgetCarousel (491)
[2017.04.28-16.26.07:918][467]LogModuleManager: Shutting down and abandoning module EditorWidgets (488)
[2017.04.28-16.26.07:918][467]LogModuleManager: Shutting down and abandoning module CollectionManager (486)
[2017.04.28-16.26.07:918][467]LogDirectoryWatcher: A directory notification for 'D:/Repo/CISC374_Team4/Lionfish/Content/Collections/' was aborted.
[2017.04.28-16.26.07:918][467]LogDirectoryWatcher: A directory notification for 'D:/Repo/CISC374_Team4/Lionfish/Content/Developers/Tom/Collections/' was aborted.
[2017.04.28-16.26.07:918][467]LogDirectoryWatcher: A directory notification for 'D:/Repo/CISC374_Team4/Lionfish/Saved/Collections/' was aborted.
[2017.04.28-16.26.07:918][467]LogModuleManager: Shutting down and abandoning module StatsViewer (484)
[2017.04.28-16.26.07:918][467]LogModuleManager: Shutting down and abandoning module FoliageEdit (482)
[2017.04.28-16.26.07:918][467]LogModuleManager: Shutting down and abandoning module LandscapeEditor (480)
[2017.04.28-16.26.07:918][467]LogModuleManager: Shutting down and abandoning module SceneDepthPickerMode (478)
[2017.04.28-16.26.07:918][467]LogModuleManager: Shutting down and abandoning module ActorPickerMode (476)
[2017.04.28-16.26.07:918][467]LogModuleManager: Shutting down and abandoning module GeometryMode (474)
[2017.04.28-16.26.07:918][467]LogModuleManager: Shutting down and abandoning module TextureAlignMode (472)
[2017.04.28-16.26.07:918][467]LogModuleManager: Shutting down and abandoning module BspMode (470)
[2017.04.28-16.26.07:918][467]LogModuleManager: Shutting down and abandoning module HardwareSurvey (468)
[2017.04.28-16.26.07:918][467]LogModuleManager: Shutting down and abandoning module SequenceRecorderSections (466)
[2017.04.28-16.26.07:918][467]LogModuleManager: Shutting down and abandoning module AutomationWorker (464)
[2017.04.28-16.26.07:918][467]LogModuleManager: Shutting down and abandoning module MatineeToLevelSequence (462)
[2017.04.28-16.26.07:918][467]LogModuleManager: Shutting down and abandoning module LevelSequenceEditor (460)
[2017.04.28-16.26.07:918][467]LogModuleManager: Shutting down and abandoning module PlacementMode (459)
[2017.04.28-16.26.07:918][467]LogModuleManager: Shutting down and abandoning module WmfMediaFactory (456)
[2017.04.28-16.26.07:918][467]LogModuleManager: Shutting down and abandoning module WmfMediaEditor (454)
[2017.04.28-16.26.07:918][467]LogModuleManager: Shutting down and abandoning module MfMediaFactory (452)
[2017.04.28-16.26.07:918][467]LogModuleManager: Shutting down and abandoning module MfMediaEditor (450)
[2017.04.28-16.26.07:918][467]LogModuleManager: Shutting down and abandoning module AvfMediaFactory (448)
[2017.04.28-16.26.07:918][467]LogModuleManager: Shutting down and abandoning module AvfMediaEditor (446)
[2017.04.28-16.26.07:918][467]LogModuleManager: Shutting down and abandoning module AndroidMediaFactory (444)
[2017.04.28-16.26.07:918][467]LogModuleManager: Shutting down and abandoning module Media (443)
[2017.04.28-16.26.07:918][467]LogModuleManager: Shutting down and abandoning module AndroidMediaEditor (440)
[2017.04.28-16.26.07:918][467]LogModuleManager: Shutting down and abandoning module CharacterAI (438)
[2017.04.28-16.26.07:918][467]LogModuleManager: Shutting down and abandoning module AudioCapture (436)
[2017.04.28-16.26.07:918][467]LogModuleManager: Shutting down and abandoning module SequenceRecorder (435)
[2017.04.28-16.26.07:918][467]LogModuleManager: Shutting down and abandoning module SmartSnapping (432)
[2017.04.28-16.26.07:918][467]LogModuleManager: Shutting down and abandoning module SessionServices (430)
[2017.04.28-16.26.07:918][467]LogModuleManager: Shutting down and abandoning module ViewportSnapping (428)
[2017.04.28-16.26.07:918][467]LogModuleManager: Shutting down and abandoning module ViewportInteraction (426)
[2017.04.28-16.26.07:918][467]LogModuleManager: Shutting down and abandoning module LogVisualizer (424)
[2017.04.28-16.26.07:918][467]LogModuleManager: Shutting down and abandoning module IntroTutorials (422)
[2017.04.28-16.26.07:918][467]LogModuleManager: Shutting down and abandoning module GameProjectGeneration (421)
[2017.04.28-16.26.07:918][467]LogModuleManager: Shutting down and abandoning module EditorLiveStreaming (418)
[2017.04.28-16.26.07:919][467]LogModuleManager: Shutting down and abandoning module IOSPlatformEditor (416)
[2017.04.28-16.26.07:919][467]LogModuleManager: Shutting down and abandoning module HTML5PlatformEditor (414)
[2017.04.28-16.26.07:919][467]LogModuleManager: Shutting down and abandoning module AndroidPlatformEditor (412)
[2017.04.28-16.26.07:919][467]LogModuleManager: Shutting down and abandoning module AndroidDeviceDetection (411)
[2017.04.28-16.26.08:570][467]LogModuleManager: Shutting down and abandoning module IOSRuntimeSettings (408)
[2017.04.28-16.26.08:570][467]LogModuleManager: Shutting down and abandoning module AndroidRuntimeSettings (406)
[2017.04.28-16.26.08:570][467]LogModuleManager: Shutting down and abandoning module InputBindingEditor (404)
[2017.04.28-16.26.08:570][467]LogModuleManager: Shutting down and abandoning module NiagaraEditor (402)
[2017.04.28-16.26.08:570][467]LogModuleManager: Shutting down and abandoning module MergeActors (400)
[2017.04.28-16.26.08:570][467]LogModuleManager: Shutting down and abandoning module SizeMap (398)
[2017.04.28-16.26.08:570][467]LogModuleManager: Shutting down and abandoning module TreeMap (396)
[2017.04.28-16.26.08:570][467]LogModuleManager: Shutting down and abandoning module ReferenceViewer (394)
[2017.04.28-16.26.08:570][467]LogModuleManager: Shutting down and abandoning module LocalizationDashboard (392)
[2017.04.28-16.26.08:570][467]LogModuleManager: Shutting down and abandoning module LocalizationService (391)
[2017.04.28-16.26.08:570][467]LogModuleManager: Shutting down and abandoning module HardwareTargeting (388)
[2017.04.28-16.26.08:570][467]LogModuleManager: Shutting down and abandoning module DeviceProfileEditor (386)
[2017.04.28-16.26.08:570][467]LogModuleManager: Shutting down and abandoning module UndoHistory (384)
[2017.04.28-16.26.08:570][467]LogModuleManager: Shutting down and abandoning module UserFeedback (382)
[2017.04.28-16.26.08:570][467]LogModuleManager: Shutting down and abandoning module XmlParser (380)
[2017.04.28-16.26.08:570][467]LogModuleManager: Shutting down and abandoning module Blutility (378)
[2017.04.28-16.26.08:570][467]LogModuleManager: Shutting down and abandoning module ProjectSettingsViewer (376)
[2017.04.28-16.26.08:570][467]LogModuleManager: Shutting down and abandoning module ProjectTargetPlatformEditor (375)
[2017.04.28-16.26.08:570][467]LogModuleManager: Shutting down and abandoning module EditorSettingsViewer (372)
[2017.04.28-16.26.08:570][467]LogModuleManager: Shutting down and abandoning module SettingsEditor (370)
[2017.04.28-16.26.08:570][467]LogModuleManager: Shutting down and abandoning module ProjectLauncher (368)
[2017.04.28-16.26.08:570][467]LogModuleManager: Shutting down and abandoning module SessionFrontend (366)
[2017.04.28-16.26.08:570][467]LogModuleManager: Shutting down and abandoning module ProfilerClient (364)
[2017.04.28-16.26.08:570][467]LogModuleManager: Shutting down and abandoning module DeviceManager (362)
[2017.04.28-16.26.08:570][467]LogModuleManager: Shutting down and abandoning module TargetDeviceServices (361)
[2017.04.28-16.26.08:623][467]LogModuleManager: Shutting down and abandoning module AutomationController (358)
[2017.04.28-16.26.08:623][467]LogModuleManager: Shutting down and abandoning module AutomationWindow (356)
[2017.04.28-16.26.08:623][467]LogModuleManager: Shutting down and abandoning module Layers (354)
[2017.04.28-16.26.08:623][467]LogModuleManager: Shutting down and abandoning module ComponentVisualizers (352)
[2017.04.28-16.26.08:623][467]LogModuleManager: Shutting down and abandoning module DetailCustomizations (350)
[2017.04.28-16.26.08:623][467]LogModuleManager: Shutting down and abandoning module PackagesDialog (348)
[2017.04.28-16.26.08:623][467]LogModuleManager: Shutting down and abandoning module Persona (346)
[2017.04.28-16.26.08:623][467]LogModuleManager: Shutting down and abandoning module AnimGraph (345)
[2017.04.28-16.26.08:623][467]LogModuleManager: Shutting down and abandoning module Kismet (342)
[2017.04.28-16.26.08:630][467]LogModuleManager: Shutting down and abandoning module GraphEditor (340)
[2017.04.28-16.26.08:630][467]LogModuleManager: Shutting down and abandoning module ClassViewer (338)
[2017.04.28-16.26.08:630][467]LogModuleManager: Shutting down and abandoning module Toolbox (336)
[2017.04.28-16.26.08:630][467]LogModuleManager: Shutting down and abandoning module ModuleUI (334)
[2017.04.28-16.26.08:630][467]LogModuleManager: Shutting down and abandoning module MovieSceneTools (332)
[2017.04.28-16.26.08:630][467]LogModuleManager: Shutting down and abandoning module OutputLog (330)
[2017.04.28-16.26.08:630][467]LogModuleManager: Shutting down and abandoning module GammaUI (328)
[2017.04.28-16.26.08:630][467]LogModuleManager: Shutting down and abandoning module Documentation (326)
[2017.04.28-16.26.08:630][467]LogModuleManager: Shutting down and abandoning module Niagara (324)
[2017.04.28-16.26.08:630][467]LogModuleManager: Shutting down and abandoning module StreamingPauseRendering (322)
[2017.04.28-16.26.08:630][467]LogModuleManager: Shutting down and abandoning module AnalyticsET (320)
[2017.04.28-16.26.08:630][467]LogModuleManager: Shutting down and abandoning module PortalServices (318)
[2017.04.28-16.26.08:630][467]LogModuleManager: Shutting down and abandoning module PortalRpc (316)
[2017.04.28-16.26.08:630][467]LogModuleManager: Shutting down and abandoning module MessagingRpc (314)
[2017.04.28-16.26.08:630][467]LogModuleManager: Shutting down and abandoning module AIModule (312)
[2017.04.28-16.26.08:630][467]LogModuleManager: Shutting down and abandoning module GameplayDebugger (311)
[2017.04.28-16.26.08:630][467]LogModuleManager: Shutting down and abandoning module AITestSuite (309)
[2017.04.28-16.26.08:630][467]LogModuleManager: Shutting down and abandoning module ProfilerService (306)
[2017.04.28-16.26.08:795][467]LogModuleManager: Shutting down and abandoning module TaskGraph (304)
[2017.04.28-16.26.08:796][467]LogModuleManager: Shutting down and abandoning module SteamVRController (302)
[2017.04.28-16.26.08:796][467]LogModuleManager: Shutting down and abandoning module SteamVR (300)
[2017.04.28-16.26.08:796][467]LogModuleManager: Shutting down and abandoning module ProceduralMeshComponentEditor (298)
[2017.04.28-16.26.08:796][467]LogModuleManager: Shutting down and abandoning module ProceduralMeshComponent (296)
[2017.04.28-16.26.08:796][467]LogModuleManager: Shutting down and abandoning module OculusLibrary (294)
[2017.04.28-16.26.08:796][467]LogModuleManager: Shutting down and abandoning module OculusInput (292)
[2017.04.28-16.26.08:796][467]LogModuleManager: Shutting down and abandoning module MobilePatchingUtils (290)
[2017.04.28-16.26.08:796][467]LogModuleManager: Shutting down and abandoning module CustomMeshComponent (288)
[2017.04.28-16.26.08:796][467]LogModuleManager: Shutting down and abandoning module CableComponent (286)
[2017.04.28-16.26.08:796][467]LogModuleManager: Shutting down and abandoning module ArchVisCharacter (284)
[2017.04.28-16.26.08:796][467]LogModuleManager: Shutting down and abandoning module MediaPlayerEditor (280)
[2017.04.28-16.26.08:796][467]LogModuleManager: Shutting down and abandoning module HTML5Networking (278)
[2017.04.28-16.26.08:796][467]LogModuleManager: Shutting down and abandoning module AlembicImporter (276)
[2017.04.28-16.26.08:796][467]LogModuleManager: Shutting down and abandoning module AlembicLibrary (275)
[2017.04.28-16.26.08:796][467]LogModuleManager: Shutting down and abandoning module GeometryCache (274)
[2017.04.28-16.26.08:796][467]LogModuleManager: Shutting down and abandoning module GeometryCacheEd (273)
[2017.04.28-16.26.08:796][467]LogModuleManager: Shutting down and abandoning module SuperSearchEditor (268)
[2017.04.28-16.26.08:796][467]LogModuleManager: Shutting down and abandoning module SuperSearch (267)
[2017.04.28-16.26.08:796][467]LogModuleManager: Shutting down and abandoning module SpeedTreeImporter (264)
[2017.04.28-16.26.08:796][467]LogModuleManager: Shutting down and abandoning module PluginBrowser (262)
[2017.04.28-16.26.08:796][467]LogModuleManager: Shutting down and abandoning module MobileLauncherProfileWizard (260)
[2017.04.28-16.26.08:796][467]LogModuleManager: Shutting down and abandoning module EpicSurvey (258)
[2017.04.28-16.26.08:796][467]LogModuleManager: Shutting down and abandoning module VisualStudioSourceCodeAccess (256)
[2017.04.28-16.26.08:796][467]LogModuleManager: Shutting down and abandoning module DesktopPlatform (255)
[2017.04.28-16.26.08:796][467]LogModuleManager: Shutting down and abandoning module UObjectPlugin (252)
[2017.04.28-16.26.08:796][467]LogModuleManager: Shutting down and abandoning module SubversionSourceControl (250)
[2017.04.28-16.26.08:796][467]LogModuleManager: Shutting down and abandoning module PerforceSourceControl (248)
[2017.04.28-16.26.08:796][467]LogModuleManager: Shutting down and abandoning module GitSourceControl (246)
[2017.04.28-16.26.08:796][467]LogModuleManager: Shutting down and abandoning module SourceControl (245)
[2017.04.28-16.26.08:796][467]LogModuleManager: Shutting down and abandoning module LightPropagationVolumeEditor (242)
[2017.04.28-16.26.08:796][467]LogModuleManager: Shutting down and abandoning module PaperTiledImporter (240)
[2017.04.28-16.26.08:796][467]LogModuleManager: Shutting down and abandoning module PaperSpriteSheetImporter (238)
[2017.04.28-16.26.08:796][467]LogModuleManager: Shutting down and abandoning module Paper2DEditor (236)
[2017.04.28-16.26.08:796][467]LogModuleManager: Shutting down and abandoning module MeshPaint (235)
[2017.04.28-16.26.08:796][467]LogModuleManager: Shutting down and abandoning module LevelEditor (233)
[2017.04.28-16.26.08:797][467]LogModuleManager: Shutting down and abandoning module PixelInspectorModule (232)
[2017.04.28-16.26.08:797][467]LogModuleManager: Shutting down and abandoning module MainFrame (230)
[2017.04.28-16.26.08:797][467]LogModuleManager: Shutting down and abandoning module HotReload (229)
[2017.04.28-16.26.08:798][467]LogModuleManager: Shutting down and abandoning module ContentBrowser (225)
[2017.04.28-16.26.08:799][467]LogModuleManager: Shutting down and abandoning module PhysXVehiclesEditor (222)
[2017.04.28-16.26.08:799][467]LogModuleManager: Shutting down and abandoning module PhysXVehicles (220)
[2017.04.28-16.26.08:799][467]LogModuleManager: Shutting down and abandoning module LocationServicesBPLibrary (218)
[2017.04.28-16.26.08:799][467]LogModuleManager: Shutting down and abandoning module UdpMessaging (216)
[2017.04.28-16.26.08:900][467]LogModuleManager: Shutting down and abandoning module TcpMessaging (214)
[2017.04.28-16.26.09:001][467]LogModuleManager: Shutting down and abandoning module GameplayTagsEditor (212)
[2017.04.28-16.26.09:001][467]LogModuleManager: Shutting down and abandoning module FacialAnimationEditor (210)
[2017.04.28-16.26.09:001][467]LogModuleManager: Shutting down and abandoning module FacialAnimation (208)
[2017.04.28-16.26.09:001][467]LogModuleManager: Shutting down and abandoning module LightPropagationVolumeRuntime (206)
[2017.04.28-16.26.09:001][467]LogModuleManager: Shutting down and abandoning module Paper2D (204)
[2017.04.28-16.26.09:001][467]LogModuleManager: Shutting down and abandoning module WindowsMoviePlayer (202)
[2017.04.28-16.26.09:001][467]LogModuleManager: Shutting down and abandoning module WmfMedia (200)
[2017.04.28-16.26.09:001][467]LogModuleManager: Shutting down and abandoning module MfMedia (198)
[2017.04.28-16.26.09:001][467]LogModuleManager: Shutting down and abandoning module MediaAssets (196)
[2017.04.28-16.26.09:001][467]LogModuleManager: Shutting down and abandoning module GameLiveStreaming (194)
[2017.04.28-16.26.09:001][467]LogModuleManager: Shutting down and abandoning module VREditor (192)
[2017.04.28-16.26.09:001][467]LogModuleManager: Shutting down and abandoning module GameplayTasksEditor (190)
[2017.04.28-16.26.09:001][467]LogModuleManager: Shutting down and abandoning module BehaviorTreeEditor (188)
[2017.04.28-16.26.09:001][467]LogModuleManager: Shutting down and abandoning module FunctionalTesting (186)
[2017.04.28-16.26.09:001][467]LogModuleManager: Shutting down and abandoning module CollisionAnalyzer (184)
[2017.04.28-16.26.09:001][467]LogModuleManager: Shutting down and abandoning module UMG (182)
[2017.04.28-16.26.09:001][467]LogModuleManager: Shutting down and abandoning module UMGEditor (181)
[2017.04.28-16.26.09:001][467]LogModuleManager: Shutting down and abandoning module Sequencer (180)
[2017.04.28-16.26.09:001][467]LogModuleManager: Shutting down and abandoning module AssetTools (178)
[2017.04.28-16.26.09:001][467]LogModuleManager: Shutting down and abandoning module MessageLog (177)
[2017.04.28-16.26.09:001][467]LogModuleManager: Shutting down and abandoning module WorkspaceMenuStructure (176)
[2017.04.28-16.26.09:001][467]LogModuleManager: Shutting down and abandoning module SlateReflector (170)
[2017.04.28-16.26.09:001][467]LogModuleManager: Shutting down and abandoning module Slate (168)
[2017.04.28-16.26.09:001][467]LogModuleManager: Shutting down and abandoning module EditorStyle (166)
[2017.04.28-16.26.09:004][467]LogModuleManager: Shutting down and abandoning module SourceCodeAccess (164)
[2017.04.28-16.26.09:004][467]LogModuleManager: Shutting down and abandoning module HeadMountedDisplay (162)
[2017.04.28-16.26.09:004][467]LogModuleManager: Shutting down and abandoning module XAudio2 (160)
[2017.04.28-16.26.09:004][467]LogModuleManager: Shutting down and abandoning module Networking (158)
[2017.04.28-16.26.09:004][467]LogModuleManager: Shutting down and abandoning module Core (154)
[2017.04.28-16.26.09:004][467]LogModuleManager: Shutting down and abandoning module AssetRegistry (152)
[2017.04.28-16.26.09:050][467]LogDirectoryWatcher: A directory notification for '../../../Engine/Content/' was aborted.
[2017.04.28-16.26.09:050][467]LogDirectoryWatcher: A directory notification for 'D:/Repo/CISC374_Team4/Lionfish/Content/' was aborted.
[2017.04.28-16.26.09:050][467]LogDirectoryWatcher: A directory notification for '../../../Engine/Plugins/2D/Paper2D/Content/' was aborted.
[2017.04.28-16.26.09:051][467]LogModuleManager: Shutting down and abandoning module DirectoryWatcher (151)
[2017.04.28-16.26.09:051][467]LogModuleManager: Shutting down and abandoning module KismetCompiler (148)
[2017.04.28-16.26.09:051][467]LogModuleManager: Shutting down and abandoning module PhysXFormats (146)
[2017.04.28-16.26.09:051][467]LogModuleManager: Shutting down and abandoning module MeshUtilities (144)
[2017.04.28-16.26.09:051][467]LogModuleManager: Shutting down and abandoning module SimplygonSwarm (143)
[2017.04.28-16.26.09:051][467]LogModuleManager: Shutting down and abandoning module SimplygonMeshReduction (141)
[2017.04.28-16.26.09:051][467]LogModuleManager: Shutting down and abandoning module QuadricMeshReduction (139)
[2017.04.28-16.26.09:051][467]LogModuleManager: Shutting down and abandoning module PropertyEditor (137)
[2017.04.28-16.26.09:051][467]LogModuleManager: Shutting down and abandoning module DerivedDataCache (134)
[2017.04.28-16.26.09:056][467]LogDerivedDataCache: Shutdown
[2017.04.28-16.26.09:056][467]LogModuleManager: Shutting down and abandoning module TargetPlatform (132)
[2017.04.28-16.26.09:056][467]LogModuleManager: Shutting down and abandoning module VulkanShaderFormat (131)
[2017.04.28-16.26.09:056][467]LogModuleManager: Shutting down and abandoning module ShaderFormatOpenGL (129)
[2017.04.28-16.26.09:056][467]LogModuleManager: Shutting down and abandoning module ShaderFormatD3D (127)
[2017.04.28-16.26.09:056][467]LogModuleManager: Shutting down and abandoning module MetalShaderFormat (125)
[2017.04.28-16.26.09:056][467]LogModuleManager: Shutting down and abandoning module TextureFormatUncompressed (123)
[2017.04.28-16.26.09:056][467]LogModuleManager: Shutting down and abandoning module TextureFormatPVR (121)
[2017.04.28-16.26.09:056][467]LogModuleManager: Shutting down and abandoning module TextureFormatDXT (119)
[2017.04.28-16.26.09:056][467]LogModuleManager: Shutting down and abandoning module TextureFormatIntelISPCTexComp (117)
[2017.04.28-16.26.09:056][467]LogModuleManager: Shutting down and abandoning module TextureFormatASTC (115)
[2017.04.28-16.26.09:056][467]LogModuleManager: Shutting down and abandoning module ImageWrapper (114)
[2017.04.28-16.26.09:056][467]LogModuleManager: Shutting down and abandoning module TextureFormatAndroid (111)
[2017.04.28-16.26.09:056][467]LogModuleManager: Shutting down and abandoning module AudioFormatOpus (109)
[2017.04.28-16.26.09:056][467]LogModuleManager: Shutting down and abandoning module AudioFormatOgg (107)
[2017.04.28-16.26.09:056][467]LogModuleManager: Shutting down and abandoning module AudioFormatADPCM (105)
[2017.04.28-16.26.09:056][467]LogModuleManager: Shutting down and abandoning module LinuxTargetPlatform (103)
[2017.04.28-16.26.09:056][467]LogModuleManager: Shutting down and abandoning module LinuxServerTargetPlatform (101)
[2017.04.28-16.26.09:056][467]LogModuleManager: Shutting down and abandoning module LinuxNoEditorTargetPlatform (99)
[2017.04.28-16.26.09:056][467]LogModuleManager: Shutting down and abandoning module LinuxClientTargetPlatform (97)
[2017.04.28-16.26.09:056][467]LogModuleManager: Shutting down and abandoning module TVOSTargetPlatform (95)
[2017.04.28-16.26.09:056][467]LogModuleManager: Shutting down and abandoning module Messaging (93)
[2017.04.28-16.26.09:056][467]LogModuleManager: Shutting down and abandoning module IOSTargetPlatform (91)
[2017.04.28-16.26.09:056][467]LogModuleManager: Shutting down and abandoning module HTML5TargetPlatform (89)
[2017.04.28-16.26.09:056][467]LogModuleManager: Shutting down and abandoning module Android_PVRTCTargetPlatform (87)
[2017.04.28-16.26.09:056][467]LogModuleManager: Shutting down and abandoning module Android_MultiTargetPlatform (85)
[2017.04.28-16.26.09:056][467]LogModuleManager: Shutting down and abandoning module Android_ETC2TargetPlatform (83)
[2017.04.28-16.26.09:056][467]LogModuleManager: Shutting down and abandoning module Android_ETC1TargetPlatform (81)
[2017.04.28-16.26.09:056][467]LogModuleManager: Shutting down and abandoning module Android_DXTTargetPlatform (79)
[2017.04.28-16.26.09:056][467]LogModuleManager: Shutting down and abandoning module Android_ATCTargetPlatform (77)
[2017.04.28-16.26.09:057][467]LogModuleManager: Shutting down and abandoning module Android_ASTCTargetPlatform (75)
[2017.04.28-16.26.09:057][467]LogModuleManager: Shutting down and abandoning module AndroidTargetPlatform (73)
[2017.04.28-16.26.09:057][467]LogModuleManager: Shutting down and abandoning module WindowsTargetPlatform (71)
[2017.04.28-16.26.09:057][467]LogModuleManager: Shutting down and abandoning module WindowsServerTargetPlatform (69)
[2017.04.28-16.26.09:057][467]LogModuleManager: Shutting down and abandoning module WindowsNoEditorTargetPlatform (67)
[2017.04.28-16.26.09:057][467]LogModuleManager: Shutting down and abandoning module WindowsClientTargetPlatform (65)
[2017.04.28-16.26.09:057][467]LogModuleManager: Shutting down and abandoning module MacTargetPlatform (63)
[2017.04.28-16.26.09:057][467]LogModuleManager: Shutting down and abandoning module MacServerTargetPlatform (61)
[2017.04.28-16.26.09:057][467]LogModuleManager: Shutting down and abandoning module MacNoEditorTargetPlatform (59)
[2017.04.28-16.26.09:057][467]LogModuleManager: Shutting down and abandoning module MacClientTargetPlatform (57)
[2017.04.28-16.26.09:057][467]LogModuleManager: Shutting down and abandoning module AllDesktopTargetPlatform (55)
[2017.04.28-16.26.09:057][467]LogModuleManager: Shutting down and abandoning module InputCore (52)
[2017.04.28-16.26.09:057][467]LogModuleManager: Shutting down and abandoning module Settings (50)
[2017.04.28-16.26.09:057][467]LogModuleManager: Shutting down and abandoning module OculusRift (48)
[2017.04.28-16.26.09:057][467]LogModuleManager: Shutting down and abandoning module GearVR (46)
[2017.04.28-16.26.09:057][467]LogModuleManager: Shutting down and abandoning module ExampleDeviceProfileSelector (44)
[2017.04.28-16.26.09:057][467]LogModuleManager: Shutting down and abandoning module OnlineBlueprintSupport (42)
[2017.04.28-16.26.09:057][467]LogModuleManager: Shutting down and abandoning module OnlineSubsystem (38)
[2017.04.28-16.26.09:057][467]LogOnline:Display: Unloading online subsystem: NULL
[2017.04.28-16.26.09:057][467]LogModuleManager: Shutting down and abandoning module XMPP (37)
[2017.04.28-16.26.09:057][467]LogModuleManager: Shutting down and abandoning module HTTP (35)
[2017.04.28-16.26.09:057][467]LogHttp:Display: Http module shutting down, but needs to wait on 1 outstanding Http requests:
[2017.04.28-16.26.09:057][467]LogHttp:Display: 	verb=[POST] url=[https://datarouter.ol.epicgames.com/datarouter/api/v1/public/data?SessionID=%7B03207C76-4C3D-E922-255D-8EB6437A81E1%7D&AppID=UEEditor.Rocket.Release&AppVersion=4.15.1-3348071%2B%2B%2BUE4%2BRelease-4.15&UserID=2e4b76604f3e80f4e272859a0e162e72%7C212a96a9574248b593db3b191e548d61%7Ce22d35a3-1943-4c03-9feb-ebbff7a15010&AppEnvironment=datacollector-binary&UploadType=eteventstream] status=Processing
[2017.04.28-16.26.09:087][467]LogModuleManager: Shutting down and abandoning module SSL (34)
[2017.04.28-16.26.09:088][467]LogModuleManager: Shutting down and abandoning module AudioEditor (30)
[2017.04.28-16.26.09:088][467]LogModuleManager: Shutting down and abandoning module TextureCompressor (28)
[2017.04.28-16.26.09:088][467]LogModuleManager: Shutting down and abandoning module ShaderCore (26)
[2017.04.28-16.26.09:088][467]LogModuleManager: Shutting down and abandoning module Landscape (24)
[2017.04.28-16.26.09:088][467]LogModuleManager: Shutting down and abandoning module SlateRHIRenderer (22)
[2017.04.28-16.26.09:090][467]LogModuleManager: Shutting down and abandoning module OpenGLDrv (20)
[2017.04.28-16.26.09:090][467]LogModuleManager: Shutting down and abandoning module D3D11RHI (18)
[2017.04.28-16.26.09:090][467]LogModuleManager: Shutting down and abandoning module AnimGraphRuntime (16)
[2017.04.28-16.26.09:090][467]LogModuleManager: Shutting down and abandoning module Renderer (14)
[2017.04.28-16.26.09:090][467]LogModuleManager: Shutting down and abandoning module Engine (12)
[2017.04.28-16.26.09:090][467]LogModuleManager: Shutting down and abandoning module CoreUObject (10)
[2017.04.28-16.26.09:090][467]LogModuleManager: Shutting down and abandoning module NetworkFile (8)
[2017.04.28-16.26.09:090][467]LogModuleManager: Shutting down and abandoning module StreamingFile (6)
[2017.04.28-16.26.09:090][467]LogModuleManager: Shutting down and abandoning module SandboxFile (4)
[2017.04.28-16.26.09:090][467]LogModuleManager: Shutting down and abandoning module PakFile (2)
[2017.04.28-16.26.09:092][467]LogExit: Exiting.
[2017.04.28-16.26.09:094][467]Log file closed, 04/28/17 12:26:09
