Log file open, 05/04/17 08:41:41
LogInit:Display: Running engine for game: Lionfish
LogPlatformFile: Not using cached read wrapper
LogInit:Display: RandInit(1903443844) SRandInit(1903443844).
LogTaskGraph: Started task graph with 5 named threads and 8 total threads with 1 sets of task threads.
LogStats: Stats thread started at 0.090318
LogInit: Using libcurl 7.47.1
LogInit:  - built for x86_64-pc-win32
LogInit:  - supports SSL with OpenSSL/1.0.2g
LogInit:  - supports HTTP deflate (compression) using libz 1.2.8
LogInit:  - other features:
LogInit:      CURL_VERSION_SSL
LogInit:      CURL_VERSION_LIBZ
LogInit:      CURL_VERSION_IPV6
LogInit:      CURL_VERSION_ASYNCHDNS
LogInit:      CURL_VERSION_LARGEFILE
LogInit:      CURL_VERSION_IDN
LogInit:  CurlRequestOptions (configurable via config and command line):
LogInit:  - bVerifyPeer = false  - Libcurl will NOT verify peer certificate
LogInit:  - bUseHttpProxy = false  - Libcurl will NOT use HTTP proxy
LogInit:  - bDontReuseConnections = false  - Libcurl will reuse connections
LogInit:  - CertBundlePath = nullptr  - Libcurl will use whatever was configured at build time.
LogInit: Build: ++UE4+Release-4.15-CL-3416026
LogInit: Engine Version: 4.15.2-3416026+++UE4+Release-4.15
LogInit: Compatible Engine Version: 4.15.0-3299760+++UE4+Release-4.15
LogInit: Net CL: 3299760
LogDevObjectVersion: Number of dev versions registered: 14
LogDevObjectVersion:   Dev-Blueprints (B0D832E4-1F89-4F0D-ACCF-7EB736FD4AA2): 8
LogDevObjectVersion:   Dev-Build (E1C64328-A22C-4D53-A36C-8E866417BD8C): 0
LogDevObjectVersion:   Dev-Core (375EC13C-06E4-48FB-B500-84F0262A717E): 2
LogDevObjectVersion:   Dev-Editor (E4B068ED-F494-42E9-A231-DA0B2E46BB41): 14
LogDevObjectVersion:   Dev-Framework (CFFC743F-43B0-4480-9391-14DF171D2073): 22
LogDevObjectVersion:   Dev-Mobile (B02B49B5-BB20-44E9-A304-32B752E40360): 0
LogDevObjectVersion:   Dev-Networking (A4E4105C-59A1-49B5-A7C5-40C4547EDFEE): 0
LogDevObjectVersion:   Dev-Online (39C831C9-5AE6-47DC-9A44-9C173E1C8E7C): 0
LogDevObjectVersion:   Dev-Physics (78F01B33-EBEA-4F98-B9B4-84EACCB95AA2): 0
LogDevObjectVersion:   Dev-Platform (6631380F-2D4D-43E0-8009-CF276956A95A): 0
LogDevObjectVersion:   Dev-Rendering (12F88B9F-8875-4AFC-A67C-D90C383ABD29): 12
LogDevObjectVersion:   Dev-Sequencer (7B5AE74C-D270-4C10-A958-57980B212A5A): 3
LogDevObjectVersion:   Dev-VR (D7296918-1DD6-4BDD-9DE2-64A83CC13884): 0
LogDevObjectVersion:   Dev-LoadTimes (C2A15278-BFE7-4AFE-6C17-90FF531DF755): 1
LogInit: Compiled (64-bit): May  1 2017 13:11:28
LogInit: Compiled with Visual C++: 19.00.23026.00
LogInit: Build Configuration: Development
LogInit: Branch Name: ++UE4+Release-4.15
LogInit: Command line: -EpicPortal 
LogInit: Base directory: C:/Program Files/Epic Games/UE_4.15/Engine/Binaries/Win64/
LogInit: Installed Engine Build: 1
LogInit: Presizing for max 8388607 objects, including 0 objects not considered by GC, pre-allocating 0 bytes for permanent pool.
LogInit: Object subsystem initialized
[2017.05.04-12.41.42:213][  0]LogInit: Selected Device Profile: [Windows]
[2017.05.04-12.41.42:213][  0]LogInit: Applying CVar settings loaded from the selected device profile: [Windows]
[2017.05.04-12.41.42:228][  0]LogInit: Computer: TOMLAPTOP-PC
[2017.05.04-12.41.42:228][  0]LogInit: User: Tom
[2017.05.04-12.41.42:228][  0]LogInit: CPU Page size=65536, Cores=4
[2017.05.04-12.41.42:228][  0]LogInit: High frequency timer resolution =2.531254 MHz
[2017.05.04-12.41.42:228][  0]LogMemory: Memory total: Physical=15.9GB (16GB approx)
[2017.05.04-12.41.42:228][  0]LogMemory: Platform Memory Stats for Windows
[2017.05.04-12.41.42:228][  0]LogMemory: Process Physical Memory: 265.38 MB used, 265.38 MB peak
[2017.05.04-12.41.42:228][  0]LogMemory: Process Virtual Memory: 263.28 MB used, 263.28 MB peak
[2017.05.04-12.41.42:228][  0]LogMemory: Physical Memory: 4253.89 MB used,  11993.86 MB free, 16247.75 MB total
[2017.05.04-12.41.42:228][  0]LogMemory: Virtual Memory: 645.86 MB used,  11993.86 MB free, 134217728.00 MB total
[2017.05.04-12.41.42:421][  0]LogTextLocalizationManager: No specific translations for ('en-US') exist, so ('en') translations will be used.
[2017.05.04-12.41.43:004][  0]LogD3D11RHI: D3D11 adapters:
[2017.05.04-12.41.43:574][  0]LogD3D11RHI:    0. 'NVIDIA GeForce GTX 970M' (Feature Level 11_0)
[2017.05.04-12.41.43:574][  0]LogD3D11RHI:       6108/0/8123 MB DedicatedVideo/DedicatedSystem/SharedSystem, Outputs:1, VendorId:0x10de
[2017.05.04-12.41.43:582][  0]LogD3D11RHI:    1. 'Intel(R) HD Graphics 530' (Feature Level 11_0)
[2017.05.04-12.41.43:582][  0]LogD3D11RHI:       128/0/8123 MB DedicatedVideo/DedicatedSystem/SharedSystem, Outputs:0, VendorId:0x8086
[2017.05.04-12.41.43:584][  0]LogD3D11RHI:    2. 'Microsoft Basic Render Driver' (Feature Level 11_0)
[2017.05.04-12.41.43:584][  0]LogD3D11RHI:       0/0/8123 MB DedicatedVideo/DedicatedSystem/SharedSystem, Outputs:0, VendorId:0x1414
[2017.05.04-12.41.43:584][  0]LogD3D11RHI: Chosen D3D11 Adapter: 0
[2017.05.04-12.41.43:589][  0]LogD3D11RHI: Creating new Direct3DDevice
[2017.05.04-12.41.43:589][  0]LogD3D11RHI:     GPU DeviceId: 0x13d8 (for the marketing name, search the web for "GPU Device Id")
[2017.05.04-12.41.43:589][  0]LogWindows: EnumDisplayDevices:
[2017.05.04-12.41.43:589][  0]LogWindows:    0. 'Intel(R) HD Graphics 530' (P:1 D:1)
[2017.05.04-12.41.43:590][  0]LogWindows:    1. 'Intel(R) HD Graphics 530' (P:0 D:0)
[2017.05.04-12.41.43:590][  0]LogWindows:    2. 'Intel(R) HD Graphics 530' (P:0 D:0)
[2017.05.04-12.41.43:590][  0]LogWindows: DebugString: PrimaryIsNotTheChoosenAdapter PrimaryIsNotTheChoosenAdapter PrimaryIsNotTheChoosenAdapter FoundDriverCount:0 
[2017.05.04-12.41.43:590][  0]LogD3D11RHI:     Adapter Name: NVIDIA GeForce GTX 970M
[2017.05.04-12.41.43:590][  0]LogD3D11RHI:   Driver Version: Unknown (internal:Unknown, unified:Unknown)
[2017.05.04-12.41.43:590][  0]LogD3D11RHI:      Driver Date: Unknown
[2017.05.04-12.41.43:590][  0]LogRHI: Texture pool is 1361 MB (70% of 1945 MB)
[2017.05.04-12.41.44:133][  0]LogD3D11RHI: [Aftermath] Aftermath enabled and primed
[2017.05.04-12.41.44:133][  0]LogD3D11RHI: Async texture creation enabled
[2017.05.04-12.41.44:175][  0]LogD3D11RHI: GPU Timing Frequency: 1000.000000 (Debug: 2 1)
[2017.05.04-12.41.44:176][  0]LogShaderCompilers: Guid format shader working directory is 13 characters bigger than the processId version (D:/Repo/CISC374_Team4/Lionfish/Intermediate/Shaders/WorkingDirectory/14612/).
[2017.05.04-12.41.44:176][  0]LogShaderCompilers: Cleaned the shader compiler working directory 'C:/Users/Tom/AppData/Local/Temp/UnrealShaderWorkingDir/1D5AFA154C9E74617742988281A6652F/'.
[2017.05.04-12.41.44:176][  0]LogShaderCompilers:Display: Using Local Shader Compiler.
[2017.05.04-12.41.45:210][  0]LogTemp:Display: Loaded TP AllDesktopTargetPlatform
[2017.05.04-12.41.45:263][  0]LogTemp:Display: Loaded TP MacClientTargetPlatform
[2017.05.04-12.41.45:315][  0]LogTemp:Display: Loaded TP MacNoEditorTargetPlatform
[2017.05.04-12.41.45:372][  0]LogTemp:Display: Loaded TP MacServerTargetPlatform
[2017.05.04-12.41.45:426][  0]LogTemp:Display: Loaded TP MacTargetPlatform
[2017.05.04-12.41.45:480][  0]LogTemp:Display: Loaded TP WindowsClientTargetPlatform
[2017.05.04-12.41.45:535][  0]LogTemp:Display: Loaded TP WindowsNoEditorTargetPlatform
[2017.05.04-12.41.45:588][  0]LogTemp:Display: Loaded TP WindowsServerTargetPlatform
[2017.05.04-12.41.45:632][  0]LogTemp:Display: Loaded TP WindowsTargetPlatform
[2017.05.04-12.41.45:683][  0]LogTemp:Display: Loaded TP AndroidTargetPlatform
[2017.05.04-12.41.45:736][  0]LogTemp:Display: Loaded TP Android_ASTCTargetPlatform
[2017.05.04-12.41.45:791][  0]LogTemp:Display: Loaded TP Android_ATCTargetPlatform
[2017.05.04-12.41.45:843][  0]LogTemp:Display: Loaded TP Android_DXTTargetPlatform
[2017.05.04-12.41.45:894][  0]LogTemp:Display: Loaded TP Android_ETC1TargetPlatform
[2017.05.04-12.41.45:945][  0]LogTemp:Display: Loaded TP Android_ETC2TargetPlatform
[2017.05.04-12.41.46:049][  0]LogTemp:Display: Loaded TP Android_MultiTargetPlatform
[2017.05.04-12.41.46:049][  0]LogTemp:Display: Loaded TP Android_PVRTCTargetPlatform
[2017.05.04-12.41.46:087][  0]LogTemp:Display: Loaded TP HTML5TargetPlatform
[2017.05.04-12.41.46:183][  0]LogTemp:Display: Loaded TP IOSTargetPlatform
[2017.05.04-12.41.46:219][  0]LogTemp:Display: Loaded TP TVOSTargetPlatform
[2017.05.04-12.41.46:270][  0]LogTemp:Display: Loaded TP LinuxClientTargetPlatform
[2017.05.04-12.41.46:322][  0]LogTemp:Display: Loaded TP LinuxNoEditorTargetPlatform
[2017.05.04-12.41.46:374][  0]LogTemp:Display: Loaded TP LinuxServerTargetPlatform
[2017.05.04-12.41.46:425][  0]LogTemp:Display: Loaded TP LinuxTargetPlatform
[2017.05.04-12.41.46:425][  0]LogTargetPlatformManager:Display: Building Assets For Windows
[2017.05.04-12.41.46:873][  0]LogDerivedDataCache:Display: Max Cache Size: 512 MB
[2017.05.04-12.41.46:921][  0]LogDerivedDataCache: Loaded boot cache 0.05s 52MB C:/Users/Tom/AppData/Local/UnrealEngine/4.15/DerivedDataCache/Boot.ddc.
[2017.05.04-12.41.46:921][  0]LogDerivedDataCache:Display: Loaded Boot cache: C:/Users/Tom/AppData/Local/UnrealEngine/4.15/DerivedDataCache/Boot.ddc
[2017.05.04-12.41.46:921][  0]LogDerivedDataCache: FDerivedDataBackendGraph:  Pak pak cache file D:/Repo/CISC374_Team4/Lionfish/DerivedDataCache/DDC.ddp not found, will not use a pak cache.
[2017.05.04-12.41.46:921][  0]LogDerivedDataCache: Unable to find inner node Pak for hierarchical cache Hierarchy.
[2017.05.04-12.41.46:921][  0]LogDerivedDataCache: FDerivedDataBackendGraph:  CompressedPak pak cache file D:/Repo/CISC374_Team4/Lionfish/DerivedDataCache/Compressed.ddp not found, will not use a pak cache.
[2017.05.04-12.41.46:921][  0]LogDerivedDataCache: Unable to find inner node CompressedPak for hierarchical cache Hierarchy.
[2017.05.04-12.41.46:939][  0]LogDerivedDataCache:Display: Pak cache opened for reading ../../../Engine/DerivedDataCache/Compressed.ddp.
[2017.05.04-12.41.46:952][  0]LogDerivedDataCache: Using Local data cache path C:/Users/Tom/AppData/Local/UnrealEngine/Common/DerivedDataCache: Writable
[2017.05.04-12.41.46:961][  0]LogSlate: Using Freetype 2.6.0
[2017.05.04-12.41.46:962][  0]LogSlate: SlateFontCache - WITH_FREETYPE: 1, WITH_HARFBUZZ: 1
[2017.05.04-12.41.46:962][  0]LogSlate: SlateFontCache - WITH_FREETYPE: 1, WITH_HARFBUZZ: 1
[2017.05.04-12.41.47:253][  0]LogInit: Selected Device Profile: [Windows]
[2017.05.04-12.41.47:256][  0]LogContentStreaming: Texture pool size is 0.00 MB
[2017.05.04-12.41.47:470][  0]LogMeshUtilities: Using QuadricMeshReduction for automatic static mesh reduction
[2017.05.04-12.41.47:512][  0]LogSimplygon: Simplygon DLL not present - disabling.
[2017.05.04-12.41.47:561][  0]LogMeshUtilities: Using SimplygonSwarm for distributed automatic mesh merging
[2017.05.04-12.41.47:561][  0]LogMeshUtilities: No automatic skeletal mesh reduction module available
[2017.05.04-12.41.47:561][  0]LogMeshUtilities: No automatic mesh merging module available
[2017.05.04-12.41.48:095][  0]LogNetVersion: GetLocalNetworkVersion: CL: 3299760, ProjectName: lionfish, ProjectVersion: , EngineNetworkVersion: 2, GameNetworkVersion: 0, NetworkChecksum: 3667421609
[2017.05.04-12.41.48:143][  0]LogAssetRegistry: FAssetRegistry took 0.0216 seconds to start up
[2017.05.04-12.41.48:233][  0]LogPackageLocalizationCache: Processed 3 localized package path(s) for 2 prioritized culture(s) in 0.065240 seconds
[2017.05.04-12.41.48:238][  0]LogUObjectArray: 32493 objects as part of root set at end of initial load.
[2017.05.04-12.41.48:238][  0]LogUObjectAllocator: 7077032 out of 0 bytes used by permanent object pool.
[2017.05.04-12.41.48:238][  0]LogUObjectArray: CloseDisregardForGC: 0/0 objects in disregard for GC pool
[2017.05.04-12.41.48:309][  0]LogInit: WinSock: version 1.1 (2.2), MaxSocks=32767, MaxUdp=65467
[2017.05.04-12.41.50:059][  0]LogTcpMessaging: Initializing TcpMessaging bridge
[2017.05.04-12.41.50:102][  0]LogUdpMessaging: Initializing bridge on interface 0.0.0.0:0 to multicast group 230.0.0.1:6666.
[2017.05.04-12.41.50:572][  0]LogMaterial: Uniform references updated for custom material expression Custom.
[2017.05.04-12.41.50:961][  0]SourceControl: Info Source control is disabled
[2017.05.04-12.41.53:077][  0]LogEngine: Initializing Engine...
[2017.05.04-12.41.53:078][  0]LogHMD: Failed to initialize OpenVR with code 110
[2017.05.04-12.41.53:187][  0]LogStats: UGameplayTagsManager::ConstructGameplayTagTree: Construct from data asset -  0.000 s
[2017.05.04-12.41.53:187][  0]LogStats: UGameplayTagsManager::ConstructGameplayTagTree: GameplayTagTreeChangedEvent.Broadcast -  0.000 s
[2017.05.04-12.41.53:307][  0]LogAIModule: Creating AISystem for world Untitled
[2017.05.04-12.41.53:317][  0]LogInit: XAudio2 using 'Speakers (Realtek High Definition Audio)' : 2 channels at 48 kHz using 32 bits per sample (channel mask 0x3)
[2017.05.04-12.41.53:386][  0]LogInit: FAudioDevice initialized.
[2017.05.04-12.41.53:411][  0]LogDerivedDataCache: Saved boot cache 0.02s 50MB C:/Users/Tom/AppData/Local/UnrealEngine/4.15/DerivedDataCache/Boot.ddc.
[2017.05.04-12.41.53:414][  0]LogInit: Texture streaming: Enabled
[2017.05.04-12.41.53:512][  0]LogEngineSessionManager: EngineSessionManager initialized
[2017.05.04-12.41.53:608][  0]LogInit: Transaction tracking system initialized
[2017.05.04-12.41.53:981][  0]BlueprintLog: New page: Editor Load
[2017.05.04-12.41.54:882][  0]LocalizationService: Info Localization service is disabled
[2017.05.04-12.41.55:570][  0]LogConsoleResponse:Display: 
[2017.05.04-12.41.55:756][  0]LogCook:Display: Max memory allowance for cook 16384mb min free memory 0mb
[2017.05.04-12.41.55:756][  0]LogCook:Display: Mobile HDR setting 1
[2017.05.04-12.41.56:773][  0]LogFileCache: Scanning file cache for directory 'D:/Repo/CISC374_Team4/Lionfish/Content/' took 0.08s
[2017.05.04-12.41.57:051][  0]Cmd: MAP LOAD FILE="D:/Repo/CISC374_Team4/Lionfish/Content/TopDownBP/Maps/TopDownExampleMap.umap" TEMPLATE=0 SHOWPROGRESS=1 FEATURELEVEL=3
[2017.05.04-12.41.57:052][  0]LightingResults: New page: Lighting Build
[2017.05.04-12.41.57:091][  0]MapCheck: New page: Map Check
[2017.05.04-12.41.57:091][  0]LightingResults: New page: Lighting Build
[2017.05.04-12.41.58:317][  0]LogLinker:Warning: Asset 'D:/Repo/CISC374_Team4/Lionfish/Content/Meshes/Water_04/Water/Textures/water.uasset' has been saved with empty engine version. The asset will be loaded but may be incompatible.
[2017.05.04-12.41.59:104][  0]LogAIModule: Creating AISystem for world TopDownExampleMap
[2017.05.04-12.41.59:138][  0]LogEditorServer: Finished looking for orphan Actors (0.000 secs)
[2017.05.04-12.41.59:140][  0]Cmd: MAP CHECKDEP NOCLEARLOG
[2017.05.04-12.41.59:185][  0]MapCheck: Info Map check complete: 0 Error(s), 0 Warning(s), took 45.568ms to complete.
[2017.05.04-12.41.59:185][  0]LogFileHelpers: Loading map 'TopDownExampleMap' took 2.134
[2017.05.04-12.41.59:253][  0]LogWindowsTextInputMethodSystem:Display: IME system now deactivated.
[2017.05.04-12.41.59:411][  0]LogCollectionManager: Loaded 0 collections in 0.001803 seconds
[2017.05.04-12.41.59:505][  0]LogFileCache: Scanning file cache for directory 'D:/Repo/CISC374_Team4/Lionfish/Saved/Collections/' took 0.01s
[2017.05.04-12.41.59:505][  0]LogFileCache: Scanning file cache for directory 'D:/Repo/CISC374_Team4/Lionfish/Content/Developers/Tom/Collections/' took 0.01s
[2017.05.04-12.41.59:505][  0]LogFileCache: Scanning file cache for directory 'D:/Repo/CISC374_Team4/Lionfish/Content/Collections/' took 0.01s
[2017.05.04-12.41.59:505][  0]LogCollectionManager: Rebuilt the GUID cache for 0 collections in 0.000002 seconds
[2017.05.04-12.41.59:518][  0]LogContentBrowser: Native class hierarchy populated in 0.0106 seconds. Added 2245 classes and 453 folders.
[2017.05.04-12.41.59:589][  0]LogContentBrowser: Native class hierarchy updated for 'WidgetCarousel' in 0.0005 seconds. Added 0 classes and 0 folders.
[2017.05.04-12.41.59:693][  0]LogContentBrowser: Native class hierarchy updated for 'AddContentDialog' in 0.0005 seconds. Added 0 classes and 0 folders.
[2017.05.04-12.41.59:742][  0]LogContentBrowser: Native class hierarchy updated for 'SceneOutliner' in 0.0005 seconds. Added 1 classes and 2 folders.
[2017.05.04-12.41.59:819][  0]LogCrashTracker: Crashtracker disabled due to settings.
[2017.05.04-12.41.59:831][  0]LogUObjectGlobals:Warning: Failed to find object 'Class None.'
[2017.05.04-12.41.59:897][  0]LogContentBrowser: Native class hierarchy updated for 'HierarchicalLODOutliner' in 0.0007 seconds. Added 1 classes and 2 folders.
[2017.05.04-12.41.59:897][  0]LogLoad: (Engine Initialization) Total time: 20.24 seconds
[2017.05.04-12.41.59:897][  0]LogLoad: (Engine Initialization) Total Blueprint compile time: 0.37 seconds
[2017.05.04-12.41.59:897][  0]LogExternalProfiler: Found external profiler: VSPerf
[2017.05.04-12.41.59:897][  0]LogExternalProfiler: Using external profiler: VSPerf
[2017.05.04-12.41.59:915][  0]LogOcInput: OculusInput pre-init called
[2017.05.04-12.41.59:945][  0]SourceControl: Info On branch master
[2017.05.04-12.41.59:945][  0]SourceControl: Info Your branch is up-to-date with 'origin/master'.
[2017.05.04-12.41.59:945][  0]SourceControl: Info Changes not staged for commit:
[2017.05.04-12.41.59:945][  0]SourceControl: Info   (use "git add/rm <file>..." to update what will be committed)
[2017.05.04-12.41.59:945][  0]SourceControl: Info   (use "git checkout -- <file>..." to discard changes in working directory)
[2017.05.04-12.41.59:945][  0]SourceControl: Info 	modified:   Lionfish/Intermediate/CachedAssetRegistry.bin
[2017.05.04-12.41.59:945][  0]SourceControl: Info 	modified:   Lionfish/Intermediate/Config/CoalescedSourceConfigs/Engine.ini
[2017.05.04-12.41.59:945][  0]SourceControl: Info 	modified:   Lionfish/Saved/Config/Windows/Editor.ini
[2017.05.04-12.41.59:945][  0]SourceControl: Info 	deleted:    Lionfish/Saved/Logs/Lionfish-backup-2017.05.02-00.35.39.log
[2017.05.04-12.41.59:945][  0]SourceControl: Info 	deleted:    Lionfish/Saved/Logs/Lionfish-backup-2017.05.02-01.55.47.log
[2017.05.04-12.41.59:945][  0]SourceControl: Info 	modified:   Lionfish/Saved/Logs/Lionfish.log
[2017.05.04-12.41.59:945][  0]SourceControl: Info 	deleted:    Lionfish/Saved/Logs/Lionfish_2-backup-2017.04.29-15.56.40.log
[2017.05.04-12.41.59:945][  0]SourceControl: Info Untracked files:
[2017.05.04-12.41.59:945][  0]SourceControl: Info   (use "git add <file>..." to include in what will be committed)
[2017.05.04-12.41.59:945][  0]SourceControl: Info 	Lionfish/Saved/Backup/TopDownExampleMap_2017-05-02-12-43-09.umap
[2017.05.04-12.41.59:945][  0]SourceControl: Info 	Lionfish/Saved/Backup/TopDownExampleMap_BuiltData_2017-05-02-12-43-10.uasset
[2017.05.04-12.41.59:945][  0]SourceControl: Info 	Lionfish/Saved/Logs/Lionfish-backup-2017.05.02-23.56.57.log
[2017.05.04-12.41.59:945][  0]SourceControl: Info 	Lionfish/Saved/Logs/Lionfish-backup-2017.05.04-08.41.40.log
[2017.05.04-12.41.59:945][  0]SourceControl: Info 	Lionfish/Saved/Logs/Lionfish_2-backup-2017.05.02-12.43.13.log
[2017.05.04-12.41.59:945][  0]SourceControl: Info 	Lionfish/Saved/Logs/UE4CC-Windows-5F54B7AB421F1387B38E67AE9B14AB1C/
[2017.05.04-12.41.59:945][  0]SourceControl: Info 	Lionfish/Saved/Logs/UE4CC-Windows-6E87E856410132EB2A1F9896BCC52C79/
[2017.05.04-12.41.59:946][  0]SourceControl: Info 	Lionfish/Saved/Logs/UE4CC-Windows-81C9D36E4FE8284FABC8C68F2F9691F1/
[2017.05.04-12.41.59:946][  0]SourceControl: Info 	Lionfish/Saved/Logs/UE4CC-Windows-DBB8D1DA4C177DADF01701833CA7788E/
[2017.05.04-12.41.59:946][  0]SourceControl: Info no changes added to commit (use "git add" and/or "git commit -a")
[2017.05.04-12.41.59:946][  0]LogContentStreaming: Texture pool size now 1000 MB
[2017.05.04-12.41.59:947][  0]LogSlate: Took 0.000415 seconds to synchronously load lazily loaded font '../../../Engine/Content/Slate/Fonts/Roboto-Regular.ttf' (155K)
[2017.05.04-12.41.59:951][  0]LogSlate: Took 0.000196 seconds to synchronously load lazily loaded font '../../../Engine/Content/Slate/Fonts/Roboto-Bold.ttf' (160K)
[2017.05.04-12.41.59:959][  0]LogSlate: Took 0.001154 seconds to synchronously load lazily loaded font '../../../Engine/Content/Editor/Slate/Fonts/FontAwesome.ttf' (139K)
[2017.05.04-12.42.00:097][  0]LogRenderer: Reallocating scene render targets to support 964x436 NumSamples 1 (Frame:2).
[2017.05.04-12.42.00:194][  0]LogSlate: Took 0.002051 seconds to synchronously load lazily loaded font '../../../Engine/Content/Slate/Fonts/Roboto-Light.ttf' (159K)
[2017.05.04-12.42.00:276][  1]LogAssetRegistry: Asset discovery search completed in 12.1545 seconds
[2017.05.04-12.42.00:276][  1]LogCollectionManager: Rebuilt the object cache for 0 collections in 0.000005 seconds (found 0 objects)
[2017.05.04-12.42.00:276][  1]LogCollectionManager: Fixed up redirectors for 0 collections in 0.000017 seconds (updated 0 objects)
[2017.05.04-12.42.00:971][ 20]LogSlate: Took 0.000201 seconds to synchronously load lazily loaded font '../../../Engine/Content/Slate/Fonts/Roboto-Light.ttf' (159K)
[2017.05.04-12.42.04:393][ 70]LogTemp: Repeting last play command: Selected Viewport
[2017.05.04-12.42.04:406][ 70]LogBlueprintUserMessages: Early PlayInEditor Detection: Level '/Game/TopDownBP/Maps/TopDownExampleMap.TopDownExampleMap:PersistentLevel' has LevelScriptBlueprint '/Game/TopDownBP/Maps/TopDownExampleMap.TopDownExampleMap:PersistentLevel.TopDownExampleMap' with GeneratedClass '/Game/TopDownBP/Maps/TopDownExampleMap.TopDownExampleMap_C' with ClassGeneratedBy '/Game/TopDownBP/Maps/TopDownExampleMap.TopDownExampleMap:PersistentLevel.TopDownExampleMap'
[2017.05.04-12.42.04:406][ 70]LogPlayLevel: PlayLevel: No blueprints needed recompiling
[2017.05.04-12.42.04:409][ 70]PIE: New page: PIE session: TopDownExampleMap (May 4, 2017, 4:42:04 AM)
[2017.05.04-12.42.04:494][ 70]LogPlayLevel: Creating play world package: /Game/TopDownBP/Maps/UEDPIE_0_TopDownExampleMap
[2017.05.04-12.42.04:530][ 70]LogPlayLevel: PIE: StaticDuplicateObject took: (0.035876s)
[2017.05.04-12.42.04:532][ 70]LogAIModule: Creating AISystem for world TopDownExampleMap
[2017.05.04-12.42.04:532][ 70]LogPlayLevel: PIE: World Init took: (0.001844s)
[2017.05.04-12.42.04:533][ 70]LogPlayLevel: PIE: Created PIE world by copying editor world from /Game/TopDownBP/Maps/TopDownExampleMap.TopDownExampleMap to /Game/TopDownBP/Maps/UEDPIE_0_TopDownExampleMap.TopDownExampleMap (0.039896s)
[2017.05.04-12.42.04:560][ 70]LogInit: XAudio2 using 'Speakers (Realtek High Definition Audio)' : 2 channels at 48 kHz using 32 bits per sample (channel mask 0x3)
[2017.05.04-12.42.04:568][ 70]LogInit: FAudioDevice initialized.
[2017.05.04-12.42.04:620][ 70]LogLoad: Game class is 'TopDownGameMode_C'
[2017.05.04-12.42.04:626][ 70]LogWorld: Bringing World /Game/TopDownBP/Maps/UEDPIE_0_TopDownExampleMap.TopDownExampleMap up for play (max tick rate 60) at 2017.05.04-08.42.04
[2017.05.04-12.42.04:630][ 70]LogWorld: Bringing up level for play took: 0.006049
[2017.05.04-12.42.04:674][ 70]LogContentBrowser: Native class hierarchy updated for 'MovieSceneCapture' in 0.0005 seconds. Added 11 classes and 0 folders.
[2017.05.04-12.42.04:679][ 70]PIE: Info Play in editor start time for /Game/TopDownBP/Maps/UEDPIE_0_TopDownExampleMap 0.644
[2017.05.04-12.42.04:680][ 70]LogBlueprintUserMessages: Late PlayInEditor Detection: Level '/Game/TopDownBP/Maps/TopDownExampleMap.TopDownExampleMap:PersistentLevel' has LevelScriptBlueprint '/Game/TopDownBP/Maps/TopDownExampleMap.TopDownExampleMap:PersistentLevel.TopDownExampleMap' with GeneratedClass '/Game/TopDownBP/Maps/TopDownExampleMap.TopDownExampleMap_C' with ClassGeneratedBy '/Game/TopDownBP/Maps/TopDownExampleMap.TopDownExampleMap:PersistentLevel.TopDownExampleMap'
[2017.05.04-12.42.05:307][ 80]LogFileCache: Retrieving MD5 hashes for directory 'D:/Repo/CISC374_Team4/Lionfish/Content/' took 5.38s
[2017.05.04-12.42.23:483][490]LogBlueprintUserMessages: Early EndPlayMap Detection: Level '/Game/TopDownBP/Maps/TopDownExampleMap.TopDownExampleMap:PersistentLevel' has LevelScriptBlueprint '/Game/TopDownBP/Maps/TopDownExampleMap.TopDownExampleMap:PersistentLevel.TopDownExampleMap' with GeneratedClass '/Game/TopDownBP/Maps/TopDownExampleMap.TopDownExampleMap_C' with ClassGeneratedBy '/Game/TopDownBP/Maps/TopDownExampleMap.TopDownExampleMap:PersistentLevel.TopDownExampleMap'
[2017.05.04-12.42.23:587][490]LogBlueprintUserMessages: Late EndPlayMap Detection: Level '/Game/TopDownBP/Maps/TopDownExampleMap.TopDownExampleMap:PersistentLevel' has LevelScriptBlueprint '/Game/TopDownBP/Maps/TopDownExampleMap.TopDownExampleMap:PersistentLevel.TopDownExampleMap' with GeneratedClass '/Game/TopDownBP/Maps/TopDownExampleMap.TopDownExampleMap_C' with ClassGeneratedBy '/Game/TopDownBP/Maps/TopDownExampleMap.TopDownExampleMap:PersistentLevel.TopDownExampleMap'
[2017.05.04-12.43.00:675][391]LogSlate: Took 0.000141 seconds to synchronously load lazily loaded font '../../../Engine/Content/Slate/Fonts/Roboto-Light.ttf' (159K)
[2017.05.04-12.43.01:251][391]LogSlate: Took 0.000109 seconds to synchronously load lazily loaded font '../../../Engine/Content/Slate/Fonts/Roboto-Regular.ttf' (155K)
[2017.05.04-12.43.01:457][391]LogContentBrowser: Native class hierarchy updated for 'BlueprintGraph' in 0.0010 seconds. Added 112 classes and 0 folders.
[2017.05.04-12.43.02:238][391]LogSlate: Took 0.001516 seconds to synchronously load lazily loaded font '../../../Engine/Content/Editor/Slate/Fonts/Roboto-BoldCondensed.ttf' (158K)
[2017.05.04-12.43.02:410][392]LogSlate: Took 0.001269 seconds to synchronously load lazily loaded font '../../../Engine/Content/Editor/Slate/Fonts/Roboto-Italic.ttf' (157K)
[2017.05.04-12.45.03:773][222]LogEditorTransaction: Undo Add New Event Dispatcher
[2017.05.04-12.55.12:234][742]LogSavePackage: Save=197.22ms
[2017.05.04-12.55.12:234][742]LogSavePackage: Moving 'D:/Repo/CISC374_Team4/Lionfish/Saved/TopDownExampleMap_Auto141C383C4438798F84C0E8886825CBE56.tmp' to 'D:/Repo/CISC374_Team4/Lionfish/Saved/Autosaves/Game/TopDownBP/Maps/TopDownExampleMap_Auto1.umap'
[2017.05.04-12.55.12:234][742]LogSavePackage:Display: Finished SavePackage D:/Repo/CISC374_Team4/Lionfish/Saved/Autosaves/Game/TopDownBP/Maps/TopDownExampleMap_Auto1.umap
[2017.05.04-12.55.12:236][742]LogFileHelpers: Editor autosave (incl. sublevels) for '/Game/TopDownBP/Maps/TopDownExampleMap' took 0.469
[2017.05.04-12.55.12:236][742]LogFileHelpers: Editor autosave (incl. sublevels) for all levels took 0.469
[2017.05.04-12.55.12:246][742]OBJ SavePackage: Generating thumbnails for [1] asset(s) in package [/Game/TopDownBP/Blueprints/TopDownCharacter] ([1] browsable assets)...
[2017.05.04-12.55.12:390][742]OBJ SavePackage:     Rendered thumbnail for [Blueprint /Game/TopDownBP/Blueprints/TopDownCharacter.TopDownCharacter]
[2017.05.04-12.55.12:390][742]OBJ SavePackage: Finished generating thumbnails for package [/Game/TopDownBP/Blueprints/TopDownCharacter]
[2017.05.04-12.55.12:493][742]LogSavePackage: Save=96.65ms
[2017.05.04-12.55.12:493][742]LogSavePackage: Moving 'D:/Repo/CISC374_Team4/Lionfish/Saved/TopDownCharacter_Auto14234723540A7FF896B91C3B906606E8D.tmp' to 'D:/Repo/CISC374_Team4/Lionfish/Saved/Autosaves/Game/TopDownBP/Blueprints/TopDownCharacter_Auto1.uasset'
[2017.05.04-12.55.12:494][742]LogSavePackage:Display: Finished SavePackage D:/Repo/CISC374_Team4/Lionfish/Saved/Autosaves/Game/TopDownBP/Blueprints/TopDownCharacter_Auto1.uasset
[2017.05.04-12.55.12:495][742]OBJ SavePackage: Generating thumbnails for [0] asset(s) in package [/Game/TopDownBP/Blueprints/TopDownController] ([1] browsable assets)...
[2017.05.04-12.55.12:495][742]OBJ SavePackage: Finished generating thumbnails for package [/Game/TopDownBP/Blueprints/TopDownController]
[2017.05.04-12.55.12:526][742]LogSavePackage: Save=27.63ms
[2017.05.04-12.55.12:526][742]LogSavePackage: Moving 'D:/Repo/CISC374_Team4/Lionfish/Saved/TopDownController_Auto19709605940ACDA7BBBB15C862124F497.tmp' to 'D:/Repo/CISC374_Team4/Lionfish/Saved/Autosaves/Game/TopDownBP/Blueprints/TopDownController_Auto1.uasset'
[2017.05.04-12.55.12:527][742]LogSavePackage:Display: Finished SavePackage D:/Repo/CISC374_Team4/Lionfish/Saved/Autosaves/Game/TopDownBP/Blueprints/TopDownController_Auto1.uasset
[2017.05.04-12.55.12:527][742]LogFileHelpers: Auto-saving content packages took 0.281
[2017.05.04-12.55.18:549][815]LogRenderer: Reallocating scene render targets to support 964x524 NumSamples 1 (Frame:2299).
[2017.05.04-12.56.37:602][724]BlueprintLog: New page: Compile TopDownController
[2017.05.04-12.59.26:242][405]Cmd: OBJ SAVEPACKAGE PACKAGE="/Game/TopDownBP/Blueprints/TopDownController" FILE="D:/Repo/CISC374_Team4/Lionfish/Content/TopDownBP/Blueprints/TopDownController.uasset" SILENT=true
[2017.05.04-12.59.26:272][405]LogSavePackage: Save=28.46ms
[2017.05.04-12.59.26:272][405]LogSavePackage: Moving 'D:/Repo/CISC374_Team4/Lionfish/Saved/TopDownControllerE893B9B94F0CB7677E9571BDFD45A54D.tmp' to 'D:/Repo/CISC374_Team4/Lionfish/Content/TopDownBP/Blueprints/TopDownController.uasset'
[2017.05.04-12.59.26:555][405]LogSavePackage:Display: Finished SavePackage D:/Repo/CISC374_Team4/Lionfish/Content/TopDownBP/Blueprints/TopDownController.uasset
[2017.05.04-12.59.28:951][455]LogTemp: Repeting last play command: Selected Viewport
[2017.05.04-12.59.28:971][455]LogBlueprintUserMessages: Early PlayInEditor Detection: Level '/Game/TopDownBP/Maps/TopDownExampleMap.TopDownExampleMap:PersistentLevel' has LevelScriptBlueprint '/Game/TopDownBP/Maps/TopDownExampleMap.TopDownExampleMap:PersistentLevel.TopDownExampleMap' with GeneratedClass '/Game/TopDownBP/Maps/TopDownExampleMap.TopDownExampleMap_C' with ClassGeneratedBy '/Game/TopDownBP/Maps/TopDownExampleMap.TopDownExampleMap:PersistentLevel.TopDownExampleMap'
[2017.05.04-12.59.28:971][455]BlueprintLog: New page: Pre-Play auto-recompile
[2017.05.04-12.59.28:971][455]LogPlayLevel: [PlayLevel] Compiling TopDownCharacter before play...
[2017.05.04-12.59.29:140][455]LogPlayLevel: PlayLevel: Blueprint regeneration took 168 ms (1 blueprints)
[2017.05.04-12.59.29:140][455]PIE: New page: PIE session: TopDownExampleMap (May 4, 2017, 4:59:29 AM)
[2017.05.04-12.59.29:140][455]LogPlayLevel: Creating play world package: /Game/TopDownBP/Maps/UEDPIE_0_TopDownExampleMap
[2017.05.04-12.59.29:169][455]LogPlayLevel: PIE: StaticDuplicateObject took: (0.029084s)
[2017.05.04-12.59.29:170][455]LogAIModule: Creating AISystem for world TopDownExampleMap
[2017.05.04-12.59.29:171][455]LogPlayLevel: PIE: World Init took: (0.001093s)
[2017.05.04-12.59.29:171][455]LogPlayLevel: PIE: Created PIE world by copying editor world from /Game/TopDownBP/Maps/TopDownExampleMap.TopDownExampleMap to /Game/TopDownBP/Maps/UEDPIE_0_TopDownExampleMap.TopDownExampleMap (0.030494s)
[2017.05.04-12.59.29:196][455]LogInit: XAudio2 using 'Speakers (Realtek High Definition Audio)' : 2 channels at 48 kHz using 32 bits per sample (channel mask 0x3)
[2017.05.04-12.59.29:207][455]LogInit: FAudioDevice initialized.
[2017.05.04-12.59.29:236][455]LogLoad: Game class is 'TopDownGameMode_C'
[2017.05.04-12.59.29:240][455]LogWorld: Bringing World /Game/TopDownBP/Maps/UEDPIE_0_TopDownExampleMap.TopDownExampleMap up for play (max tick rate 0) at 2017.05.04-08.59.29
[2017.05.04-12.59.29:241][455]LogWorld: Bringing up level for play took: 0.003177
[2017.05.04-12.59.29:243][455]PIE: Info Play in editor start time for /Game/TopDownBP/Maps/UEDPIE_0_TopDownExampleMap 1.208
[2017.05.04-12.59.29:244][455]LogBlueprintUserMessages: Late PlayInEditor Detection: Level '/Game/TopDownBP/Maps/TopDownExampleMap.TopDownExampleMap:PersistentLevel' has LevelScriptBlueprint '/Game/TopDownBP/Maps/TopDownExampleMap.TopDownExampleMap:PersistentLevel.TopDownExampleMap' with GeneratedClass '/Game/TopDownBP/Maps/TopDownExampleMap.TopDownExampleMap_C' with ClassGeneratedBy '/Game/TopDownBP/Maps/TopDownExampleMap.TopDownExampleMap:PersistentLevel.TopDownExampleMap'
[2017.05.04-13.00.34:447][413]LogBlueprintUserMessages: Early EndPlayMap Detection: Level '/Game/TopDownBP/Maps/TopDownExampleMap.TopDownExampleMap:PersistentLevel' has LevelScriptBlueprint '/Game/TopDownBP/Maps/TopDownExampleMap.TopDownExampleMap:PersistentLevel.TopDownExampleMap' with GeneratedClass '/Game/TopDownBP/Maps/TopDownExampleMap.TopDownExampleMap_C' with ClassGeneratedBy '/Game/TopDownBP/Maps/TopDownExampleMap.TopDownExampleMap:PersistentLevel.TopDownExampleMap'
[2017.05.04-13.00.34:512][413]LogBlueprintUserMessages: Late EndPlayMap Detection: Level '/Game/TopDownBP/Maps/TopDownExampleMap.TopDownExampleMap:PersistentLevel' has LevelScriptBlueprint '/Game/TopDownBP/Maps/TopDownExampleMap.TopDownExampleMap:PersistentLevel.TopDownExampleMap' with GeneratedClass '/Game/TopDownBP/Maps/TopDownExampleMap.TopDownExampleMap_C' with ClassGeneratedBy '/Game/TopDownBP/Maps/TopDownExampleMap.TopDownExampleMap:PersistentLevel.TopDownExampleMap'
[2017.05.04-13.00.53:290][668]LogSlate: Only BGRA pngs, bmps or icos are supported in by External Image Picker
[2017.05.04-13.00.53:348][669]LogTemp:Display: Executing iPhonePackager certificates Engine -bundlename com.YourCompany.Lionfish

[2017.05.04-13.00.53:348][669]LogTemp:Display: CWD: C:\Program Files\Epic Games\UE_4.15\Engine\Binaries\DotNET\IOS

[2017.05.04-13.00.53:348][669]LogTemp:Display: Initial Dir: C:\Program Files\Epic Games\UE_4.15

[2017.05.04-13.00.53:348][669]LogTemp:Display: Env CWD: C:\Program Files\Epic Games\UE_4.15\Engine\Binaries\DotNET\IOS

[2017.05.04-13.00.53:369][670]LogTemp:Display: BranchPath = TOMLAPTOP-PC/C/Program Files/Epic Games/UE_4.15/Engine/Binaries --- GameBranchPath = TOMLAPTOP-PC/C/Program Files/Epic Games/UE_4.15/Engine/Binaries

[2017.05.04-13.00.53:394][671]LogTemp:Display: IPP ERROR: Application exception: System.IO.DirectoryNotFoundException: Could not find a part of the path 'C:\Users\Tom\AppData\Local\Apple Computer\MobileDevice\Provisioning Profiles'.

[2017.05.04-13.00.53:394][671]LogTemp:Display:    at System.IO.__Error.WinIOError(Int32 errorCode, String maybeFullPath)

[2017.05.04-13.00.53:394][671]LogTemp:Display:    at System.IO.FileSystemEnumerableIterator`1.CommonInit()

[2017.05.04-13.00.53:394][671]LogTemp:Display:    at System.IO.Directory.EnumerateFiles(String path, String searchPattern)

[2017.05.04-13.00.53:394][671]LogTemp:Display:    at iPhonePackager.CodeSignatureBuilder.FindProvisions(String CFBundleIdentifier)

[2017.05.04-13.00.53:394][671]LogTemp:Display:    at iPhonePackager.Program.Main(String[] args)

[2017.05.04-13.02.33:456][898]Cmd: OBJ SAVEPACKAGE PACKAGE="/Game/TopDownBP/Maps/TopDownExampleMap" FILE="D:/Repo/CISC374_Team4/Lionfish/Content/TopDownBP/Maps/TopDownExampleMap.umap" SILENT=true AUTOSAVING=false KEEPDIRTY=false
[2017.05.04-13.02.33:662][898]LogSavePackage: Save=182.92ms
[2017.05.04-13.02.33:662][898]LogSavePackage: Moving 'D:/Repo/CISC374_Team4/Lionfish/Saved/TopDownExampleMapACC2F926474CFB7D2F3C09A2AC59A629.tmp' to 'D:/Repo/CISC374_Team4/Lionfish/Content/TopDownBP/Maps/TopDownExampleMap.umap'
[2017.05.04-13.02.33:664][898]LogSavePackage:Display: Finished SavePackage D:/Repo/CISC374_Team4/Lionfish/Content/TopDownBP/Maps/TopDownExampleMap.umap
[2017.05.04-13.02.33:826][898]Cmd: OBJ SAVEPACKAGE PACKAGE="/Game/TopDownBP/Maps/TopDownExampleMap_BuiltData" FILE="D:/Repo/CISC374_Team4/Lionfish/Content/TopDownBP/Maps/TopDownExampleMap_BuiltData.uasset" SILENT=true
[2017.05.04-13.02.35:975][898]LogSavePackage: Save=1799.35ms
[2017.05.04-13.02.35:975][898]LogSavePackage: Moving 'D:/Repo/CISC374_Team4/Lionfish/Saved/TopDownExampleMap_BuiltData88B18CE545B4BAC3125DA387B5313D7F.tmp' to 'D:/Repo/CISC374_Team4/Lionfish/Content/TopDownBP/Maps/TopDownExampleMap_BuiltData.uasset'
[2017.05.04-13.02.35:979][898]LogSavePackage:Display: Finished SavePackage D:/Repo/CISC374_Team4/Lionfish/Content/TopDownBP/Maps/TopDownExampleMap_BuiltData.uasset
[2017.05.04-13.02.39:379][960]LogTemp: Repeting last play command: Selected Viewport
[2017.05.04-13.02.39:397][960]LogBlueprintUserMessages: Early PlayInEditor Detection: Level '/Game/TopDownBP/Maps/TopDownExampleMap.TopDownExampleMap:PersistentLevel' has LevelScriptBlueprint '/Game/TopDownBP/Maps/TopDownExampleMap.TopDownExampleMap:PersistentLevel.TopDownExampleMap' with GeneratedClass '/Game/TopDownBP/Maps/TopDownExampleMap.TopDownExampleMap_C' with ClassGeneratedBy '/Game/TopDownBP/Maps/TopDownExampleMap.TopDownExampleMap:PersistentLevel.TopDownExampleMap'
[2017.05.04-13.02.39:397][960]LogPlayLevel: PlayLevel: No blueprints needed recompiling
[2017.05.04-13.02.39:397][960]PIE: New page: PIE session: TopDownExampleMap (May 4, 2017, 5:02:39 AM)
[2017.05.04-13.02.39:447][960]LogPlayLevel: Creating play world package: /Game/TopDownBP/Maps/UEDPIE_0_TopDownExampleMap
[2017.05.04-13.02.39:472][960]LogPlayLevel: PIE: StaticDuplicateObject took: (0.025103s)
[2017.05.04-13.02.39:472][960]LogAIModule: Creating AISystem for world TopDownExampleMap
[2017.05.04-13.02.39:473][960]LogPlayLevel: PIE: World Init took: (0.000823s)
[2017.05.04-13.02.39:473][960]LogPlayLevel: PIE: Created PIE world by copying editor world from /Game/TopDownBP/Maps/TopDownExampleMap.TopDownExampleMap to /Game/TopDownBP/Maps/UEDPIE_0_TopDownExampleMap.TopDownExampleMap (0.026330s)
[2017.05.04-13.02.39:500][960]LogInit: XAudio2 using 'Speakers (Realtek High Definition Audio)' : 2 channels at 48 kHz using 32 bits per sample (channel mask 0x3)
[2017.05.04-13.02.39:511][960]LogInit: FAudioDevice initialized.
[2017.05.04-13.02.39:546][960]LogLoad: Game class is 'TopDownGameMode_C'
[2017.05.04-13.02.39:550][960]LogWorld: Bringing World /Game/TopDownBP/Maps/UEDPIE_0_TopDownExampleMap.TopDownExampleMap up for play (max tick rate 0) at 2017.05.04-09.02.39
[2017.05.04-13.02.39:550][960]LogWorld: Bringing up level for play took: 0.002486
[2017.05.04-13.02.39:552][960]PIE: Info Play in editor start time for /Game/TopDownBP/Maps/UEDPIE_0_TopDownExampleMap -0.483
[2017.05.04-13.02.39:553][960]LogBlueprintUserMessages: Late PlayInEditor Detection: Level '/Game/TopDownBP/Maps/TopDownExampleMap.TopDownExampleMap:PersistentLevel' has LevelScriptBlueprint '/Game/TopDownBP/Maps/TopDownExampleMap.TopDownExampleMap:PersistentLevel.TopDownExampleMap' with GeneratedClass '/Game/TopDownBP/Maps/TopDownExampleMap.TopDownExampleMap_C' with ClassGeneratedBy '/Game/TopDownBP/Maps/TopDownExampleMap.TopDownExampleMap:PersistentLevel.TopDownExampleMap'
[2017.05.04-13.03.47:807][923]LogNet: Browse: /Game/TopDownBP/Maps/TopDownExampleMap
[2017.05.04-13.03.47:807][923]LogLoad: LoadMap: /Game/TopDownBP/Maps/TopDownExampleMap
[2017.05.04-13.03.47:860][923]Cmd: MEM
[2017.05.04-13.03.47:881][923]LogMemory: Platform Memory Stats for Windows
[2017.05.04-13.03.47:881][923]LogMemory: Process Physical Memory: 2027.27 MB used, 2056.50 MB peak
[2017.05.04-13.03.47:881][923]LogMemory: Process Virtual Memory: 2593.73 MB used, 2720.25 MB peak
[2017.05.04-13.03.47:881][923]LogMemory: Physical Memory: 6896.88 MB used,  9350.87 MB free, 16247.75 MB total
[2017.05.04-13.03.47:881][923]LogMemory: Virtual Memory: 3463.29 MB used,  9350.87 MB free, 134217728.00 MB total
[2017.05.04-13.03.47:881][923]LogMemory: 
[2017.05.04-13.03.47:881][923]Allocator Stats for TBB: (not implemented)
[2017.05.04-13.03.47:881][923]LogPlayLevel: Creating play world package: /Game/TopDownBP/Maps/UEDPIE_0_TopDownExampleMap
[2017.05.04-13.03.47:908][923]LogPlayLevel: PIE: StaticDuplicateObject took: (0.027194s)
[2017.05.04-13.03.47:909][923]LogAIModule: Creating AISystem for world TopDownExampleMap
[2017.05.04-13.03.47:909][923]LogPlayLevel: PIE: World Init took: (0.001056s)
[2017.05.04-13.03.47:910][923]LogPlayLevel: PIE: Created PIE world by copying editor world from /Game/TopDownBP/Maps/TopDownExampleMap.TopDownExampleMap to /Game/TopDownBP/Maps/UEDPIE_0_TopDownExampleMap.TopDownExampleMap (0.028503s)
[2017.05.04-13.03.47:910][923]LogLoad: Game class is 'TopDownGameMode_C'
[2017.05.04-13.03.47:925][923]LogWorld: Bringing World /Game/TopDownBP/Maps/UEDPIE_0_TopDownExampleMap.TopDownExampleMap up for play (max tick rate 0) at 2017.05.04-09.03.47
[2017.05.04-13.03.47:926][923]LogWorld: Bringing up level for play took: 0.014193
[2017.05.04-13.03.47:929][923]LogLoad: Took 0.121919 seconds to LoadMap(/Game/TopDownBP/Maps/UEDPIE_0_TopDownExampleMap)
[2017.05.04-13.04.53:070][880]LogNet: Browse: /Game/TopDownBP/Maps/TopDownExampleMap
[2017.05.04-13.04.53:070][880]LogLoad: LoadMap: /Game/TopDownBP/Maps/TopDownExampleMap
[2017.05.04-13.04.53:124][880]Cmd: MEM
[2017.05.04-13.04.53:140][880]LogMemory: Platform Memory Stats for Windows
[2017.05.04-13.04.53:140][880]LogMemory: Process Physical Memory: 1986.85 MB used, 2066.14 MB peak
[2017.05.04-13.04.53:140][880]LogMemory: Process Virtual Memory: 2442.55 MB used, 2720.25 MB peak
[2017.05.04-13.04.53:140][880]LogMemory: Physical Memory: 6849.39 MB used,  9398.36 MB free, 16247.75 MB total
[2017.05.04-13.04.53:140][880]LogMemory: Virtual Memory: 3401.22 MB used,  9398.36 MB free, 134217728.00 MB total
[2017.05.04-13.04.53:140][880]LogMemory: 
[2017.05.04-13.04.53:140][880]Allocator Stats for TBB: (not implemented)
[2017.05.04-13.04.53:140][880]LogPlayLevel: Creating play world package: /Game/TopDownBP/Maps/UEDPIE_0_TopDownExampleMap
[2017.05.04-13.04.53:165][880]LogPlayLevel: PIE: StaticDuplicateObject took: (0.024748s)
[2017.05.04-13.04.53:166][880]LogAIModule: Creating AISystem for world TopDownExampleMap
[2017.05.04-13.04.53:166][880]LogPlayLevel: PIE: World Init took: (0.001177s)
[2017.05.04-13.04.53:166][880]LogPlayLevel: PIE: Created PIE world by copying editor world from /Game/TopDownBP/Maps/TopDownExampleMap.TopDownExampleMap to /Game/TopDownBP/Maps/UEDPIE_0_TopDownExampleMap.TopDownExampleMap (0.026328s)
[2017.05.04-13.04.53:166][880]LogLoad: Game class is 'TopDownGameMode_C'
[2017.05.04-13.04.53:180][880]LogWorld: Bringing World /Game/TopDownBP/Maps/UEDPIE_0_TopDownExampleMap.TopDownExampleMap up for play (max tick rate 0) at 2017.05.04-09.04.53
[2017.05.04-13.04.53:181][880]LogWorld: Bringing up level for play took: 0.012700
[2017.05.04-13.04.53:183][880]LogLoad: Took 0.113239 seconds to LoadMap(/Game/TopDownBP/Maps/UEDPIE_0_TopDownExampleMap)
[2017.05.04-13.06.00:127][890]LogBlueprintUserMessages: Early EndPlayMap Detection: Level '/Game/TopDownBP/Maps/TopDownExampleMap.TopDownExampleMap:PersistentLevel' has LevelScriptBlueprint '/Game/TopDownBP/Maps/TopDownExampleMap.TopDownExampleMap:PersistentLevel.TopDownExampleMap' with GeneratedClass '/Game/TopDownBP/Maps/TopDownExampleMap.TopDownExampleMap_C' with ClassGeneratedBy '/Game/TopDownBP/Maps/TopDownExampleMap.TopDownExampleMap:PersistentLevel.TopDownExampleMap'
[2017.05.04-13.06.00:187][890]LogBlueprintUserMessages: Late EndPlayMap Detection: Level '/Game/TopDownBP/Maps/TopDownExampleMap.TopDownExampleMap:PersistentLevel' has LevelScriptBlueprint '/Game/TopDownBP/Maps/TopDownExampleMap.TopDownExampleMap:PersistentLevel.TopDownExampleMap' with GeneratedClass '/Game/TopDownBP/Maps/TopDownExampleMap.TopDownExampleMap_C' with ClassGeneratedBy '/Game/TopDownBP/Maps/TopDownExampleMap.TopDownExampleMap:PersistentLevel.TopDownExampleMap'
[2017.05.04-13.06.02:538][951]Cmd: OBJ SAVEPACKAGE PACKAGE="/Game/TopDownBP/Maps/TopDownExampleMap" FILE="D:/Repo/CISC374_Team4/Lionfish/Content/TopDownBP/Maps/TopDownExampleMap.umap" SILENT=true AUTOSAVING=false KEEPDIRTY=false
[2017.05.04-13.06.02:736][951]LogSavePackage: Save=179.12ms
[2017.05.04-13.06.02:736][951]LogSavePackage: Moving 'D:/Repo/CISC374_Team4/Lionfish/Saved/TopDownExampleMap62B2449B41D532B0DEDE61B161657CB0.tmp' to 'D:/Repo/CISC374_Team4/Lionfish/Content/TopDownBP/Maps/TopDownExampleMap.umap'
[2017.05.04-13.06.02:737][951]LogSavePackage:Display: Finished SavePackage D:/Repo/CISC374_Team4/Lionfish/Content/TopDownBP/Maps/TopDownExampleMap.umap
[2017.05.04-13.06.03:108][951]Cmd: OBJ SAVEPACKAGE PACKAGE="/Game/TopDownBP/Maps/TopDownExampleMap_BuiltData" FILE="D:/Repo/CISC374_Team4/Lionfish/Content/TopDownBP/Maps/TopDownExampleMap_BuiltData.uasset" SILENT=true
[2017.05.04-13.06.04:456][951]LogSavePackage: Save=1346.89ms
[2017.05.04-13.06.04:456][951]LogSavePackage: Moving 'D:/Repo/CISC374_Team4/Lionfish/Saved/TopDownExampleMap_BuiltData073736E34DC34DB39629519A60D69E06.tmp' to 'D:/Repo/CISC374_Team4/Lionfish/Content/TopDownBP/Maps/TopDownExampleMap_BuiltData.uasset'
[2017.05.04-13.06.04:468][951]LogSavePackage:Display: Finished SavePackage D:/Repo/CISC374_Team4/Lionfish/Content/TopDownBP/Maps/TopDownExampleMap_BuiltData.uasset
[2017.05.04-13.06.10:036][  4]Cmd: OBJ SAVEPACKAGE PACKAGE="/Game/TopDownBP/Blueprints/TopDownCharacter" FILE="D:/Repo/CISC374_Team4/Lionfish/Content/TopDownBP/Blueprints/TopDownCharacter.uasset" SILENT=true
[2017.05.04-13.06.10:105][  4]LogSavePackage: Save=65.45ms
[2017.05.04-13.06.10:105][  4]LogSavePackage: Moving 'D:/Repo/CISC374_Team4/Lionfish/Saved/TopDownCharacter0E454BCD4491995055B540B8D8007468.tmp' to 'D:/Repo/CISC374_Team4/Lionfish/Content/TopDownBP/Blueprints/TopDownCharacter.uasset'
[2017.05.04-13.06.10:124][  4]LogSavePackage:Display: Finished SavePackage D:/Repo/CISC374_Team4/Lionfish/Content/TopDownBP/Blueprints/TopDownCharacter.uasset
[2017.05.04-13.06.10:198][  4]LogWindowsTextInputMethodSystem:Display: IME system now deactivated.
[2017.05.04-13.06.10:393][  5]Cmd: QUIT_EDITOR
[2017.05.04-13.06.10:920][  5]LogExit: Preparing to exit.
[2017.05.04-13.06.11:820][  5]LogExit: Editor shut down
[2017.05.04-13.06.11:820][  5]LogExit: Transaction tracking system shut down
[2017.05.04-13.06.11:922][  5]LogObj: Freed 0b from 0 cluster array pools.
[2017.05.04-13.06.11:922][  5]LogExit: Object subsystem successfully closed.
[2017.05.04-13.06.11:939][  5]LogD3D11RHI: Shutdown
[2017.05.04-13.06.11:939][  5]LogD3D11RHI: CleanupD3DDevice
[2017.05.04-13.06.12:064][  5]LogD3D11RHI: ~FD3D11DynamicRHI
[2017.05.04-13.06.12:087][  5]LogModuleManager: Shutting down and abandoning module ExternalImagePicker (506)
[2017.05.04-13.06.12:087][  5]LogModuleManager: Shutting down and abandoning module BlueprintGraph (504)
[2017.05.04-13.06.12:087][  5]LogModuleManager: Shutting down and abandoning module BlueprintProfiler (502)
[2017.05.04-13.06.12:088][  5]LogModuleManager: Shutting down and abandoning module MovieSceneCapture (500)
[2017.05.04-13.06.12:088][  5]LogModuleManager: Shutting down and abandoning module HierarchicalLODOutliner (498)
[2017.05.04-13.06.12:088][  5]LogModuleManager: Shutting down and abandoning module CrashTracker (496)
[2017.05.04-13.06.12:088][  5]LogModuleManager: Shutting down and abandoning module SceneOutliner (494)
[2017.05.04-13.06.12:088][  5]LogModuleManager: Shutting down and abandoning module AddContentDialog (492)
[2017.05.04-13.06.12:088][  5]LogDirectoryWatcher: A directory notification for 'C:/Program Files/Epic Games/UE_4.15/FeaturePacks/' was aborted.
[2017.05.04-13.06.12:090][  5]LogModuleManager: Shutting down and abandoning module WidgetCarousel (491)
[2017.05.04-13.06.12:090][  5]LogModuleManager: Shutting down and abandoning module EditorWidgets (488)
[2017.05.04-13.06.12:090][  5]LogModuleManager: Shutting down and abandoning module CollectionManager (486)
[2017.05.04-13.06.12:090][  5]LogDirectoryWatcher: A directory notification for 'D:/Repo/CISC374_Team4/Lionfish/Content/Collections/' was aborted.
[2017.05.04-13.06.12:090][  5]LogDirectoryWatcher: A directory notification for 'D:/Repo/CISC374_Team4/Lionfish/Content/Developers/Tom/Collections/' was aborted.
[2017.05.04-13.06.12:090][  5]LogDirectoryWatcher: A directory notification for 'D:/Repo/CISC374_Team4/Lionfish/Saved/Collections/' was aborted.
[2017.05.04-13.06.12:090][  5]LogModuleManager: Shutting down and abandoning module StatsViewer (484)
[2017.05.04-13.06.12:090][  5]LogModuleManager: Shutting down and abandoning module FoliageEdit (482)
[2017.05.04-13.06.12:090][  5]LogModuleManager: Shutting down and abandoning module LandscapeEditor (480)
[2017.05.04-13.06.12:090][  5]LogModuleManager: Shutting down and abandoning module SceneDepthPickerMode (478)
[2017.05.04-13.06.12:090][  5]LogModuleManager: Shutting down and abandoning module ActorPickerMode (476)
[2017.05.04-13.06.12:090][  5]LogModuleManager: Shutting down and abandoning module GeometryMode (474)
[2017.05.04-13.06.12:090][  5]LogModuleManager: Shutting down and abandoning module TextureAlignMode (472)
[2017.05.04-13.06.12:090][  5]LogModuleManager: Shutting down and abandoning module BspMode (470)
[2017.05.04-13.06.12:090][  5]LogModuleManager: Shutting down and abandoning module HardwareSurvey (468)
[2017.05.04-13.06.12:090][  5]LogModuleManager: Shutting down and abandoning module SequenceRecorderSections (466)
[2017.05.04-13.06.12:090][  5]LogModuleManager: Shutting down and abandoning module AutomationWorker (464)
[2017.05.04-13.06.12:090][  5]LogModuleManager: Shutting down and abandoning module MatineeToLevelSequence (462)
[2017.05.04-13.06.12:090][  5]LogModuleManager: Shutting down and abandoning module LevelSequenceEditor (460)
[2017.05.04-13.06.12:090][  5]LogModuleManager: Shutting down and abandoning module PlacementMode (459)
[2017.05.04-13.06.12:090][  5]LogModuleManager: Shutting down and abandoning module WmfMediaFactory (456)
[2017.05.04-13.06.12:090][  5]LogModuleManager: Shutting down and abandoning module WmfMediaEditor (454)
[2017.05.04-13.06.12:090][  5]LogModuleManager: Shutting down and abandoning module MfMediaFactory (452)
[2017.05.04-13.06.12:091][  5]LogModuleManager: Shutting down and abandoning module MfMediaEditor (450)
[2017.05.04-13.06.12:091][  5]LogModuleManager: Shutting down and abandoning module AvfMediaFactory (448)
[2017.05.04-13.06.12:091][  5]LogModuleManager: Shutting down and abandoning module AvfMediaEditor (446)
[2017.05.04-13.06.12:091][  5]LogModuleManager: Shutting down and abandoning module AndroidMediaFactory (444)
[2017.05.04-13.06.12:091][  5]LogModuleManager: Shutting down and abandoning module Media (443)
[2017.05.04-13.06.12:091][  5]LogModuleManager: Shutting down and abandoning module AndroidMediaEditor (440)
[2017.05.04-13.06.12:091][  5]LogModuleManager: Shutting down and abandoning module CharacterAI (438)
[2017.05.04-13.06.12:091][  5]LogModuleManager: Shutting down and abandoning module AudioCapture (436)
[2017.05.04-13.06.12:091][  5]LogModuleManager: Shutting down and abandoning module SequenceRecorder (435)
[2017.05.04-13.06.12:091][  5]LogModuleManager: Shutting down and abandoning module SmartSnapping (432)
[2017.05.04-13.06.12:091][  5]LogModuleManager: Shutting down and abandoning module SessionServices (430)
[2017.05.04-13.06.12:091][  5]LogModuleManager: Shutting down and abandoning module ViewportSnapping (428)
[2017.05.04-13.06.12:091][  5]LogModuleManager: Shutting down and abandoning module ViewportInteraction (426)
[2017.05.04-13.06.12:091][  5]LogModuleManager: Shutting down and abandoning module LogVisualizer (424)
[2017.05.04-13.06.12:091][  5]LogModuleManager: Shutting down and abandoning module IntroTutorials (422)
[2017.05.04-13.06.12:091][  5]LogModuleManager: Shutting down and abandoning module GameProjectGeneration (421)
[2017.05.04-13.06.12:091][  5]LogModuleManager: Shutting down and abandoning module EditorLiveStreaming (418)
[2017.05.04-13.06.12:091][  5]LogModuleManager: Shutting down and abandoning module IOSPlatformEditor (416)
[2017.05.04-13.06.12:091][  5]LogModuleManager: Shutting down and abandoning module HTML5PlatformEditor (414)
[2017.05.04-13.06.12:091][  5]LogModuleManager: Shutting down and abandoning module AndroidPlatformEditor (412)
[2017.05.04-13.06.12:091][  5]LogModuleManager: Shutting down and abandoning module AndroidDeviceDetection (411)
[2017.05.04-13.06.12:876][  5]LogModuleManager: Shutting down and abandoning module IOSRuntimeSettings (408)
[2017.05.04-13.06.12:876][  5]LogModuleManager: Shutting down and abandoning module AndroidRuntimeSettings (406)
[2017.05.04-13.06.12:876][  5]LogModuleManager: Shutting down and abandoning module InputBindingEditor (404)
[2017.05.04-13.06.12:876][  5]LogModuleManager: Shutting down and abandoning module NiagaraEditor (402)
[2017.05.04-13.06.12:876][  5]LogModuleManager: Shutting down and abandoning module MergeActors (400)
[2017.05.04-13.06.12:876][  5]LogModuleManager: Shutting down and abandoning module SizeMap (398)
[2017.05.04-13.06.12:876][  5]LogModuleManager: Shutting down and abandoning module TreeMap (396)
[2017.05.04-13.06.12:876][  5]LogModuleManager: Shutting down and abandoning module ReferenceViewer (394)
[2017.05.04-13.06.12:876][  5]LogModuleManager: Shutting down and abandoning module LocalizationDashboard (392)
[2017.05.04-13.06.12:876][  5]LogModuleManager: Shutting down and abandoning module LocalizationService (391)
[2017.05.04-13.06.12:876][  5]LogModuleManager: Shutting down and abandoning module HardwareTargeting (388)
[2017.05.04-13.06.12:876][  5]LogModuleManager: Shutting down and abandoning module DeviceProfileEditor (386)
[2017.05.04-13.06.12:876][  5]LogModuleManager: Shutting down and abandoning module UndoHistory (384)
[2017.05.04-13.06.12:876][  5]LogModuleManager: Shutting down and abandoning module UserFeedback (382)
[2017.05.04-13.06.12:876][  5]LogModuleManager: Shutting down and abandoning module XmlParser (380)
[2017.05.04-13.06.12:876][  5]LogModuleManager: Shutting down and abandoning module Blutility (378)
[2017.05.04-13.06.12:876][  5]LogModuleManager: Shutting down and abandoning module ProjectSettingsViewer (376)
[2017.05.04-13.06.12:876][  5]LogModuleManager: Shutting down and abandoning module ProjectTargetPlatformEditor (375)
[2017.05.04-13.06.12:876][  5]LogModuleManager: Shutting down and abandoning module EditorSettingsViewer (372)
[2017.05.04-13.06.12:877][  5]LogModuleManager: Shutting down and abandoning module SettingsEditor (370)
[2017.05.04-13.06.12:877][  5]LogModuleManager: Shutting down and abandoning module ProjectLauncher (368)
[2017.05.04-13.06.12:877][  5]LogModuleManager: Shutting down and abandoning module SessionFrontend (366)
[2017.05.04-13.06.12:877][  5]LogModuleManager: Shutting down and abandoning module ProfilerClient (364)
[2017.05.04-13.06.12:877][  5]LogModuleManager: Shutting down and abandoning module DeviceManager (362)
[2017.05.04-13.06.12:877][  5]LogModuleManager: Shutting down and abandoning module TargetDeviceServices (361)
[2017.05.04-13.06.12:930][  5]LogModuleManager: Shutting down and abandoning module AutomationController (358)
[2017.05.04-13.06.12:930][  5]LogModuleManager: Shutting down and abandoning module AutomationWindow (356)
[2017.05.04-13.06.12:930][  5]LogModuleManager: Shutting down and abandoning module Layers (354)
[2017.05.04-13.06.12:930][  5]LogModuleManager: Shutting down and abandoning module ComponentVisualizers (352)
[2017.05.04-13.06.12:930][  5]LogModuleManager: Shutting down and abandoning module DetailCustomizations (350)
[2017.05.04-13.06.12:930][  5]LogModuleManager: Shutting down and abandoning module PackagesDialog (348)
[2017.05.04-13.06.12:930][  5]LogModuleManager: Shutting down and abandoning module Persona (346)
[2017.05.04-13.06.12:930][  5]LogModuleManager: Shutting down and abandoning module AnimGraph (345)
[2017.05.04-13.06.12:930][  5]LogModuleManager: Shutting down and abandoning module Kismet (342)
[2017.05.04-13.06.12:937][  5]LogModuleManager: Shutting down and abandoning module GraphEditor (340)
[2017.05.04-13.06.12:937][  5]LogModuleManager: Shutting down and abandoning module ClassViewer (338)
[2017.05.04-13.06.12:937][  5]LogModuleManager: Shutting down and abandoning module Toolbox (336)
[2017.05.04-13.06.12:937][  5]LogModuleManager: Shutting down and abandoning module ModuleUI (334)
[2017.05.04-13.06.12:937][  5]LogModuleManager: Shutting down and abandoning module MovieSceneTools (332)
[2017.05.04-13.06.12:937][  5]LogModuleManager: Shutting down and abandoning module OutputLog (330)
[2017.05.04-13.06.12:937][  5]LogModuleManager: Shutting down and abandoning module GammaUI (328)
[2017.05.04-13.06.12:937][  5]LogModuleManager: Shutting down and abandoning module Documentation (326)
[2017.05.04-13.06.12:937][  5]LogModuleManager: Shutting down and abandoning module Niagara (324)
[2017.05.04-13.06.12:937][  5]LogModuleManager: Shutting down and abandoning module StreamingPauseRendering (322)
[2017.05.04-13.06.12:937][  5]LogModuleManager: Shutting down and abandoning module AnalyticsET (320)
[2017.05.04-13.06.12:937][  5]LogModuleManager: Shutting down and abandoning module PortalServices (318)
[2017.05.04-13.06.12:937][  5]LogModuleManager: Shutting down and abandoning module PortalRpc (316)
[2017.05.04-13.06.12:937][  5]LogModuleManager: Shutting down and abandoning module MessagingRpc (314)
[2017.05.04-13.06.12:937][  5]LogModuleManager: Shutting down and abandoning module AIModule (312)
[2017.05.04-13.06.12:937][  5]LogModuleManager: Shutting down and abandoning module GameplayDebugger (311)
[2017.05.04-13.06.12:937][  5]LogModuleManager: Shutting down and abandoning module AITestSuite (309)
[2017.05.04-13.06.12:937][  5]LogModuleManager: Shutting down and abandoning module ProfilerService (306)
[2017.05.04-13.06.13:132][  5]LogModuleManager: Shutting down and abandoning module TaskGraph (304)
[2017.05.04-13.06.13:132][  5]LogModuleManager: Shutting down and abandoning module SteamVRController (302)
[2017.05.04-13.06.13:132][  5]LogModuleManager: Shutting down and abandoning module SteamVR (300)
[2017.05.04-13.06.13:132][  5]LogModuleManager: Shutting down and abandoning module ProceduralMeshComponentEditor (298)
[2017.05.04-13.06.13:132][  5]LogModuleManager: Shutting down and abandoning module ProceduralMeshComponent (296)
[2017.05.04-13.06.13:132][  5]LogModuleManager: Shutting down and abandoning module OculusLibrary (294)
[2017.05.04-13.06.13:132][  5]LogModuleManager: Shutting down and abandoning module OculusInput (292)
[2017.05.04-13.06.13:132][  5]LogModuleManager: Shutting down and abandoning module MobilePatchingUtils (290)
[2017.05.04-13.06.13:132][  5]LogModuleManager: Shutting down and abandoning module CustomMeshComponent (288)
[2017.05.04-13.06.13:132][  5]LogModuleManager: Shutting down and abandoning module CableComponent (286)
[2017.05.04-13.06.13:132][  5]LogModuleManager: Shutting down and abandoning module ArchVisCharacter (284)
[2017.05.04-13.06.13:132][  5]LogModuleManager: Shutting down and abandoning module MediaPlayerEditor (280)
[2017.05.04-13.06.13:133][  5]LogModuleManager: Shutting down and abandoning module HTML5Networking (278)
[2017.05.04-13.06.13:133][  5]LogModuleManager: Shutting down and abandoning module AlembicImporter (276)
[2017.05.04-13.06.13:133][  5]LogModuleManager: Shutting down and abandoning module AlembicLibrary (275)
[2017.05.04-13.06.13:133][  5]LogModuleManager: Shutting down and abandoning module GeometryCache (274)
[2017.05.04-13.06.13:133][  5]LogModuleManager: Shutting down and abandoning module GeometryCacheEd (273)
[2017.05.04-13.06.13:133][  5]LogModuleManager: Shutting down and abandoning module SuperSearchEditor (268)
[2017.05.04-13.06.13:133][  5]LogModuleManager: Shutting down and abandoning module SuperSearch (267)
[2017.05.04-13.06.13:133][  5]LogModuleManager: Shutting down and abandoning module SpeedTreeImporter (264)
[2017.05.04-13.06.13:133][  5]LogModuleManager: Shutting down and abandoning module PluginBrowser (262)
[2017.05.04-13.06.13:133][  5]LogModuleManager: Shutting down and abandoning module MobileLauncherProfileWizard (260)
[2017.05.04-13.06.13:133][  5]LogModuleManager: Shutting down and abandoning module EpicSurvey (258)
[2017.05.04-13.06.13:133][  5]LogModuleManager: Shutting down and abandoning module VisualStudioSourceCodeAccess (256)
[2017.05.04-13.06.13:133][  5]LogModuleManager: Shutting down and abandoning module DesktopPlatform (255)
[2017.05.04-13.06.13:133][  5]LogModuleManager: Shutting down and abandoning module UObjectPlugin (252)
[2017.05.04-13.06.13:133][  5]LogModuleManager: Shutting down and abandoning module SubversionSourceControl (250)
[2017.05.04-13.06.13:133][  5]LogModuleManager: Shutting down and abandoning module PerforceSourceControl (248)
[2017.05.04-13.06.13:133][  5]LogModuleManager: Shutting down and abandoning module GitSourceControl (246)
[2017.05.04-13.06.13:133][  5]LogModuleManager: Shutting down and abandoning module SourceControl (245)
[2017.05.04-13.06.13:133][  5]LogModuleManager: Shutting down and abandoning module LightPropagationVolumeEditor (242)
[2017.05.04-13.06.13:133][  5]LogModuleManager: Shutting down and abandoning module PaperTiledImporter (240)
[2017.05.04-13.06.13:133][  5]LogModuleManager: Shutting down and abandoning module PaperSpriteSheetImporter (238)
[2017.05.04-13.06.13:133][  5]LogModuleManager: Shutting down and abandoning module Paper2DEditor (236)
[2017.05.04-13.06.13:133][  5]LogModuleManager: Shutting down and abandoning module MeshPaint (235)
[2017.05.04-13.06.13:133][  5]LogModuleManager: Shutting down and abandoning module LevelEditor (233)
[2017.05.04-13.06.13:134][  5]LogModuleManager: Shutting down and abandoning module PixelInspectorModule (232)
[2017.05.04-13.06.13:134][  5]LogModuleManager: Shutting down and abandoning module MainFrame (230)
[2017.05.04-13.06.13:134][  5]LogModuleManager: Shutting down and abandoning module HotReload (229)
[2017.05.04-13.06.13:134][  5]LogModuleManager: Shutting down and abandoning module ContentBrowser (225)
[2017.05.04-13.06.13:135][  5]LogModuleManager: Shutting down and abandoning module PhysXVehiclesEditor (222)
[2017.05.04-13.06.13:135][  5]LogModuleManager: Shutting down and abandoning module PhysXVehicles (220)
[2017.05.04-13.06.13:135][  5]LogModuleManager: Shutting down and abandoning module LocationServicesBPLibrary (218)
[2017.05.04-13.06.13:135][  5]LogModuleManager: Shutting down and abandoning module UdpMessaging (216)
[2017.05.04-13.06.13:236][  5]LogModuleManager: Shutting down and abandoning module TcpMessaging (214)
[2017.05.04-13.06.13:336][  5]LogModuleManager: Shutting down and abandoning module GameplayTagsEditor (212)
[2017.05.04-13.06.13:336][  5]LogModuleManager: Shutting down and abandoning module FacialAnimationEditor (210)
[2017.05.04-13.06.13:336][  5]LogModuleManager: Shutting down and abandoning module FacialAnimation (208)
[2017.05.04-13.06.13:336][  5]LogModuleManager: Shutting down and abandoning module LightPropagationVolumeRuntime (206)
[2017.05.04-13.06.13:336][  5]LogModuleManager: Shutting down and abandoning module Paper2D (204)
[2017.05.04-13.06.13:336][  5]LogModuleManager: Shutting down and abandoning module WindowsMoviePlayer (202)
[2017.05.04-13.06.13:336][  5]LogModuleManager: Shutting down and abandoning module WmfMedia (200)
[2017.05.04-13.06.13:336][  5]LogModuleManager: Shutting down and abandoning module MfMedia (198)
[2017.05.04-13.06.13:336][  5]LogModuleManager: Shutting down and abandoning module MediaAssets (196)
[2017.05.04-13.06.13:336][  5]LogModuleManager: Shutting down and abandoning module GameLiveStreaming (194)
[2017.05.04-13.06.13:336][  5]LogModuleManager: Shutting down and abandoning module VREditor (192)
[2017.05.04-13.06.13:336][  5]LogModuleManager: Shutting down and abandoning module GameplayTasksEditor (190)
[2017.05.04-13.06.13:336][  5]LogModuleManager: Shutting down and abandoning module BehaviorTreeEditor (188)
[2017.05.04-13.06.13:336][  5]LogModuleManager: Shutting down and abandoning module FunctionalTesting (186)
[2017.05.04-13.06.13:336][  5]LogModuleManager: Shutting down and abandoning module CollisionAnalyzer (184)
[2017.05.04-13.06.13:336][  5]LogModuleManager: Shutting down and abandoning module UMG (182)
[2017.05.04-13.06.13:336][  5]LogModuleManager: Shutting down and abandoning module UMGEditor (181)
[2017.05.04-13.06.13:336][  5]LogModuleManager: Shutting down and abandoning module Sequencer (180)
[2017.05.04-13.06.13:336][  5]LogModuleManager: Shutting down and abandoning module AssetTools (178)
[2017.05.04-13.06.13:336][  5]LogModuleManager: Shutting down and abandoning module MessageLog (177)
[2017.05.04-13.06.13:336][  5]LogModuleManager: Shutting down and abandoning module WorkspaceMenuStructure (176)
[2017.05.04-13.06.13:336][  5]LogModuleManager: Shutting down and abandoning module SlateReflector (170)
[2017.05.04-13.06.13:336][  5]LogModuleManager: Shutting down and abandoning module Slate (168)
[2017.05.04-13.06.13:336][  5]LogModuleManager: Shutting down and abandoning module EditorStyle (166)
[2017.05.04-13.06.13:339][  5]LogModuleManager: Shutting down and abandoning module SourceCodeAccess (164)
[2017.05.04-13.06.13:339][  5]LogModuleManager: Shutting down and abandoning module HeadMountedDisplay (162)
[2017.05.04-13.06.13:339][  5]LogModuleManager: Shutting down and abandoning module XAudio2 (160)
[2017.05.04-13.06.13:339][  5]LogModuleManager: Shutting down and abandoning module Networking (158)
[2017.05.04-13.06.13:339][  5]LogModuleManager: Shutting down and abandoning module Core (154)
[2017.05.04-13.06.13:339][  5]LogModuleManager: Shutting down and abandoning module AssetRegistry (152)
[2017.05.04-13.06.13:915][  5]LogDirectoryWatcher: A directory notification for '../../../Engine/Content/' was aborted.
[2017.05.04-13.06.13:915][  5]LogDirectoryWatcher: A directory notification for 'D:/Repo/CISC374_Team4/Lionfish/Content/' was aborted.
[2017.05.04-13.06.13:915][  5]LogDirectoryWatcher: A directory notification for '../../../Engine/Plugins/2D/Paper2D/Content/' was aborted.
[2017.05.04-13.06.13:915][  5]LogModuleManager: Shutting down and abandoning module DirectoryWatcher (151)
[2017.05.04-13.06.13:916][  5]LogModuleManager: Shutting down and abandoning module KismetCompiler (148)
[2017.05.04-13.06.13:916][  5]LogModuleManager: Shutting down and abandoning module PhysXFormats (146)
[2017.05.04-13.06.13:916][  5]LogModuleManager: Shutting down and abandoning module MeshUtilities (144)
[2017.05.04-13.06.13:916][  5]LogModuleManager: Shutting down and abandoning module SimplygonSwarm (143)
[2017.05.04-13.06.13:916][  5]LogModuleManager: Shutting down and abandoning module SimplygonMeshReduction (141)
[2017.05.04-13.06.13:916][  5]LogModuleManager: Shutting down and abandoning module QuadricMeshReduction (139)
[2017.05.04-13.06.13:916][  5]LogModuleManager: Shutting down and abandoning module PropertyEditor (137)
[2017.05.04-13.06.13:916][  5]LogModuleManager: Shutting down and abandoning module DerivedDataCache (134)
[2017.05.04-13.06.13:995][  5]LogDerivedDataCache: Shutdown
[2017.05.04-13.06.13:995][  5]LogModuleManager: Shutting down and abandoning module TargetPlatform (132)
[2017.05.04-13.06.13:995][  5]LogModuleManager: Shutting down and abandoning module VulkanShaderFormat (131)
[2017.05.04-13.06.13:995][  5]LogModuleManager: Shutting down and abandoning module ShaderFormatOpenGL (129)
[2017.05.04-13.06.13:995][  5]LogModuleManager: Shutting down and abandoning module ShaderFormatD3D (127)
[2017.05.04-13.06.13:995][  5]LogModuleManager: Shutting down and abandoning module MetalShaderFormat (125)
[2017.05.04-13.06.13:995][  5]LogModuleManager: Shutting down and abandoning module TextureFormatUncompressed (123)
[2017.05.04-13.06.13:995][  5]LogModuleManager: Shutting down and abandoning module TextureFormatPVR (121)
[2017.05.04-13.06.13:995][  5]LogModuleManager: Shutting down and abandoning module TextureFormatDXT (119)
[2017.05.04-13.06.13:995][  5]LogModuleManager: Shutting down and abandoning module TextureFormatIntelISPCTexComp (117)
[2017.05.04-13.06.13:995][  5]LogModuleManager: Shutting down and abandoning module TextureFormatASTC (115)
[2017.05.04-13.06.13:995][  5]LogModuleManager: Shutting down and abandoning module ImageWrapper (114)
[2017.05.04-13.06.13:995][  5]LogModuleManager: Shutting down and abandoning module TextureFormatAndroid (111)
[2017.05.04-13.06.13:995][  5]LogModuleManager: Shutting down and abandoning module AudioFormatOpus (109)
[2017.05.04-13.06.13:995][  5]LogModuleManager: Shutting down and abandoning module AudioFormatOgg (107)
[2017.05.04-13.06.13:995][  5]LogModuleManager: Shutting down and abandoning module AudioFormatADPCM (105)
[2017.05.04-13.06.13:995][  5]LogModuleManager: Shutting down and abandoning module LinuxTargetPlatform (103)
[2017.05.04-13.06.13:996][  5]LogModuleManager: Shutting down and abandoning module LinuxServerTargetPlatform (101)
[2017.05.04-13.06.13:996][  5]LogModuleManager: Shutting down and abandoning module LinuxNoEditorTargetPlatform (99)
[2017.05.04-13.06.13:996][  5]LogModuleManager: Shutting down and abandoning module LinuxClientTargetPlatform (97)
[2017.05.04-13.06.13:996][  5]LogModuleManager: Shutting down and abandoning module TVOSTargetPlatform (95)
[2017.05.04-13.06.13:996][  5]LogModuleManager: Shutting down and abandoning module Messaging (93)
[2017.05.04-13.06.13:996][  5]LogModuleManager: Shutting down and abandoning module IOSTargetPlatform (91)
[2017.05.04-13.06.13:996][  5]LogModuleManager: Shutting down and abandoning module HTML5TargetPlatform (89)
[2017.05.04-13.06.13:996][  5]LogModuleManager: Shutting down and abandoning module Android_PVRTCTargetPlatform (87)
[2017.05.04-13.06.13:996][  5]LogModuleManager: Shutting down and abandoning module Android_MultiTargetPlatform (85)
[2017.05.04-13.06.13:996][  5]LogModuleManager: Shutting down and abandoning module Android_ETC2TargetPlatform (83)
[2017.05.04-13.06.13:996][  5]LogModuleManager: Shutting down and abandoning module Android_ETC1TargetPlatform (81)
[2017.05.04-13.06.13:996][  5]LogModuleManager: Shutting down and abandoning module Android_DXTTargetPlatform (79)
[2017.05.04-13.06.13:996][  5]LogModuleManager: Shutting down and abandoning module Android_ATCTargetPlatform (77)
[2017.05.04-13.06.13:996][  5]LogModuleManager: Shutting down and abandoning module Android_ASTCTargetPlatform (75)
[2017.05.04-13.06.13:996][  5]LogModuleManager: Shutting down and abandoning module AndroidTargetPlatform (73)
[2017.05.04-13.06.13:996][  5]LogModuleManager: Shutting down and abandoning module WindowsTargetPlatform (71)
[2017.05.04-13.06.13:996][  5]LogModuleManager: Shutting down and abandoning module WindowsServerTargetPlatform (69)
[2017.05.04-13.06.13:996][  5]LogModuleManager: Shutting down and abandoning module WindowsNoEditorTargetPlatform (67)
[2017.05.04-13.06.13:996][  5]LogModuleManager: Shutting down and abandoning module WindowsClientTargetPlatform (65)
[2017.05.04-13.06.13:996][  5]LogModuleManager: Shutting down and abandoning module MacTargetPlatform (63)
[2017.05.04-13.06.13:996][  5]LogModuleManager: Shutting down and abandoning module MacServerTargetPlatform (61)
[2017.05.04-13.06.13:996][  5]LogModuleManager: Shutting down and abandoning module MacNoEditorTargetPlatform (59)
[2017.05.04-13.06.13:996][  5]LogModuleManager: Shutting down and abandoning module MacClientTargetPlatform (57)
[2017.05.04-13.06.13:996][  5]LogModuleManager: Shutting down and abandoning module AllDesktopTargetPlatform (55)
[2017.05.04-13.06.13:996][  5]LogModuleManager: Shutting down and abandoning module InputCore (52)
[2017.05.04-13.06.13:996][  5]LogModuleManager: Shutting down and abandoning module Settings (50)
[2017.05.04-13.06.13:996][  5]LogModuleManager: Shutting down and abandoning module OculusRift (48)
[2017.05.04-13.06.13:996][  5]LogModuleManager: Shutting down and abandoning module GearVR (46)
[2017.05.04-13.06.13:996][  5]LogModuleManager: Shutting down and abandoning module ExampleDeviceProfileSelector (44)
[2017.05.04-13.06.13:996][  5]LogModuleManager: Shutting down and abandoning module OnlineBlueprintSupport (42)
[2017.05.04-13.06.13:996][  5]LogModuleManager: Shutting down and abandoning module OnlineSubsystem (38)
[2017.05.04-13.06.13:996][  5]LogOnline:Display: Unloading online subsystem: NULL
[2017.05.04-13.06.13:996][  5]LogModuleManager: Shutting down and abandoning module XMPP (37)
[2017.05.04-13.06.13:996][  5]LogModuleManager: Shutting down and abandoning module HTTP (35)
[2017.05.04-13.06.13:996][  5]LogHttp:Display: Http module shutting down, but needs to wait on 1 outstanding Http requests:
[2017.05.04-13.06.13:996][  5]LogHttp:Display: 	verb=[POST] url=[https://datarouter.ol.epicgames.com/datarouter/api/v1/public/data?SessionID=%7B0D44C7F9-495B-7D5D-36BD-5F9187F5D03E%7D&AppID=UEEditor.Rocket.Release&AppVersion=4.15.2-3416026%2B%2B%2BUE4%2BRelease-4.15&UserID=2e4b76604f3e80f4e272859a0e162e72%7C212a96a9574248b593db3b191e548d61%7Ce22d35a3-1943-4c03-9feb-ebbff7a15010&AppEnvironment=datacollector-binary&UploadType=eteventstream] status=Processing
[2017.05.04-13.06.14:016][  5]LogModuleManager: Shutting down and abandoning module SSL (34)
[2017.05.04-13.06.14:017][  5]LogModuleManager: Shutting down and abandoning module AudioEditor (30)
[2017.05.04-13.06.14:017][  5]LogModuleManager: Shutting down and abandoning module TextureCompressor (28)
[2017.05.04-13.06.14:017][  5]LogModuleManager: Shutting down and abandoning module ShaderCore (26)
[2017.05.04-13.06.14:017][  5]LogModuleManager: Shutting down and abandoning module Landscape (24)
[2017.05.04-13.06.14:017][  5]LogModuleManager: Shutting down and abandoning module SlateRHIRenderer (22)
[2017.05.04-13.06.14:020][  5]LogModuleManager: Shutting down and abandoning module OpenGLDrv (20)
[2017.05.04-13.06.14:020][  5]LogModuleManager: Shutting down and abandoning module D3D11RHI (18)
[2017.05.04-13.06.14:020][  5]LogModuleManager: Shutting down and abandoning module AnimGraphRuntime (16)
[2017.05.04-13.06.14:020][  5]LogModuleManager: Shutting down and abandoning module Renderer (14)
[2017.05.04-13.06.14:020][  5]LogModuleManager: Shutting down and abandoning module Engine (12)
[2017.05.04-13.06.14:020][  5]LogModuleManager: Shutting down and abandoning module CoreUObject (10)
[2017.05.04-13.06.14:020][  5]LogModuleManager: Shutting down and abandoning module NetworkFile (8)
[2017.05.04-13.06.14:020][  5]LogModuleManager: Shutting down and abandoning module StreamingFile (6)
[2017.05.04-13.06.14:020][  5]LogModuleManager: Shutting down and abandoning module SandboxFile (4)
[2017.05.04-13.06.14:020][  5]LogModuleManager: Shutting down and abandoning module PakFile (2)
[2017.05.04-13.06.14:023][  5]LogExit: Exiting.
[2017.05.04-13.06.14:035][  5]Log file closed, 05/04/17 09:06:14
