Log file open, 05/02/17 13:01:51
LogInit:Display: Running engine for game: Lionfish
LogPlatformFile: Not using cached read wrapper
LogInit:Display: RandInit(-707167424) SRandInit(-707167423).
LogTaskGraph: Started task graph with 5 named threads and 8 total threads with 1 sets of task threads.
LogStats: Stats thread started at 0.296107
LogInit: Using libcurl 7.47.1
LogInit:  - built for x86_64-pc-win32
LogInit:  - supports SSL with OpenSSL/1.0.2g
LogInit:  - supports HTTP deflate (compression) using libz 1.2.8
LogInit:  - other features:
LogInit:      CURL_VERSION_SSL
LogInit:      CURL_VERSION_LIBZ
LogInit:      CURL_VERSION_IPV6
LogInit:      CURL_VERSION_ASYNCHDNS
LogInit:      CURL_VERSION_LARGEFILE
LogInit:      CURL_VERSION_IDN
LogInit:  CurlRequestOptions (configurable via config and command line):
LogInit:  - bVerifyPeer = false  - Libcurl will NOT verify peer certificate
LogInit:  - bUseHttpProxy = false  - Libcurl will NOT use HTTP proxy
LogInit:  - bDontReuseConnections = false  - Libcurl will reuse connections
LogInit:  - CertBundlePath = nullptr  - Libcurl will use whatever was configured at build time.
LogInit: Build: ++UE4+Release-4.15-CL-3348071
LogInit: Engine Version: 4.15.1-3348071+++UE4+Release-4.15
LogInit: Compatible Engine Version: 4.15.0-3299760+++UE4+Release-4.15
LogInit: Net CL: 3299760
LogDevObjectVersion: Number of dev versions registered: 14
LogDevObjectVersion:   Dev-Blueprints (B0D832E4-1F89-4F0D-ACCF-7EB736FD4AA2): 8
LogDevObjectVersion:   Dev-Build (E1C64328-A22C-4D53-A36C-8E866417BD8C): 0
LogDevObjectVersion:   Dev-Core (375EC13C-06E4-48FB-B500-84F0262A717E): 2
LogDevObjectVersion:   Dev-Editor (E4B068ED-F494-42E9-A231-DA0B2E46BB41): 14
LogDevObjectVersion:   Dev-Framework (CFFC743F-43B0-4480-9391-14DF171D2073): 22
LogDevObjectVersion:   Dev-Mobile (B02B49B5-BB20-44E9-A304-32B752E40360): 0
LogDevObjectVersion:   Dev-Networking (A4E4105C-59A1-49B5-A7C5-40C4547EDFEE): 0
LogDevObjectVersion:   Dev-Online (39C831C9-5AE6-47DC-9A44-9C173E1C8E7C): 0
LogDevObjectVersion:   Dev-Physics (78F01B33-EBEA-4F98-B9B4-84EACCB95AA2): 0
LogDevObjectVersion:   Dev-Platform (6631380F-2D4D-43E0-8009-CF276956A95A): 0
LogDevObjectVersion:   Dev-Rendering (12F88B9F-8875-4AFC-A67C-D90C383ABD29): 12
LogDevObjectVersion:   Dev-Sequencer (7B5AE74C-D270-4C10-A958-57980B212A5A): 3
LogDevObjectVersion:   Dev-VR (D7296918-1DD6-4BDD-9DE2-64A83CC13884): 0
LogDevObjectVersion:   Dev-LoadTimes (C2A15278-BFE7-4AFE-6C17-90FF531DF755): 1
LogInit: Compiled (64-bit): Mar 15 2017 16:52:47
LogInit: Compiled with Visual C++: 19.00.23026.00
LogInit: Build Configuration: Development
LogInit: Branch Name: ++UE4+Release-4.15
LogInit: Command line:  
LogInit: Base directory: C:/Program Files/Epic Games/UE_4.15/Engine/Binaries/Win64/
LogInit: Installed Engine Build: 1
LogInit: Presizing for max 8388607 objects, including 0 objects not considered by GC, pre-allocating 0 bytes for permanent pool.
LogInit: Object subsystem initialized
[2017.05.02-17.01.55:042][  0]LogInit: Selected Device Profile: [Windows]
[2017.05.02-17.01.55:042][  0]LogInit: Applying CVar settings loaded from the selected device profile: [Windows]
[2017.05.02-17.01.55:106][  0]LogInit: Computer: BILLSORGLAPTOP
[2017.05.02-17.01.55:106][  0]LogInit: User: billy000
[2017.05.02-17.01.55:107][  0]LogInit: CPU Page size=65536, Cores=4
[2017.05.02-17.01.55:107][  0]LogInit: High frequency timer resolution =1.462102 MHz
[2017.05.02-17.01.55:108][  0]LogMemory: Memory total: Physical=7.5GB (8GB approx)
[2017.05.02-17.01.55:108][  0]LogMemory: Platform Memory Stats for Windows
[2017.05.02-17.01.55:108][  0]LogMemory: Process Physical Memory: 262.57 MB used, 262.57 MB peak
[2017.05.02-17.01.55:108][  0]LogMemory: Process Virtual Memory: 262.15 MB used, 262.15 MB peak
[2017.05.02-17.01.55:108][  0]LogMemory: Physical Memory: 2636.46 MB used,  5005.80 MB free, 7642.26 MB total
[2017.05.02-17.01.55:108][  0]LogMemory: Virtual Memory: 629.66 MB used,  5005.80 MB free, 134217728.00 MB total
[2017.05.02-17.01.55:770][  0]LogTextLocalizationManager: No specific translations for ('en-US') exist, so ('en') translations will be used.
[2017.05.02-17.02.00:119][  0]LogD3D11RHI: D3D11 adapters:
[2017.05.02-17.02.00:188][  0]LogD3D11RHI:    0. 'AMD Radeon HD 8330' (Feature Level 11_0)
[2017.05.02-17.02.00:188][  0]LogD3D11RHI:       495/0/3821 MB DedicatedVideo/DedicatedSystem/SharedSystem, Outputs:1, VendorId:0x1002
[2017.05.02-17.02.00:196][  0]LogD3D11RHI:    1. 'Microsoft Basic Render Driver' (Feature Level 11_0)
[2017.05.02-17.02.00:196][  0]LogD3D11RHI:       0/0/3821 MB DedicatedVideo/DedicatedSystem/SharedSystem, Outputs:0, VendorId:0x1414
[2017.05.02-17.02.00:196][  0]LogD3D11RHI: Chosen D3D11 Adapter: 0
[2017.05.02-17.02.00:220][  0]LogD3D11RHI: Creating new Direct3DDevice
[2017.05.02-17.02.00:220][  0]LogD3D11RHI:     GPU DeviceId: 0x9832 (for the marketing name, search the web for "GPU Device Id")
[2017.05.02-17.02.00:220][  0]LogWindows: EnumDisplayDevices:
[2017.05.02-17.02.00:221][  0]LogWindows:    0. 'AMD Radeon HD 8330' (P:1 D:1)
[2017.05.02-17.02.00:224][  0]LogWindows:    1. 'AMD Radeon HD 8330' (P:0 D:0)
[2017.05.02-17.02.00:226][  0]LogWindows: DebugString: FoundDriverCount:2 
[2017.05.02-17.02.00:226][  0]LogD3D11RHI:     Adapter Name: AMD Radeon HD 8330
[2017.05.02-17.02.00:226][  0]LogD3D11RHI:   Driver Version: Crimson 16.6 (internal:21.19.137.514, unified:21.19.137.514)
[2017.05.02-17.02.00:226][  0]LogD3D11RHI:      Driver Date: 11-21-2016
[2017.05.02-17.02.00:226][  0]LogRHI: Texture pool is 346 MB (70% of 495 MB)
[2017.05.02-17.02.00:403][  0]LogD3D11RHI: Async texture creation enabled
[2017.05.02-17.02.00:436][  0]LogD3D11RHI: GPU Timing Frequency: 100.000000 (Debug: 2 1)
[2017.05.02-17.02.00:439][  0]LogShaderCompilers: Guid format shader working directory is -12 characters bigger than the processId version (../../../../../../Users/billy_000/team4/CISC374_Team4/Lionfish/Intermediate/Shaders/WorkingDirectory/5292/).
[2017.05.02-17.02.00:440][  0]LogShaderCompilers: Cleaned the shader compiler working directory 'C:/Users/billy_000/AppData/Local/Temp/UnrealShaderWorkingDir/0043B59747B8A5FEF5311DB5A43BD868/'.
[2017.05.02-17.02.00:440][  0]LogShaderCompilers:Display: Using Local Shader Compiler.
[2017.05.02-17.02.10:238][  0]LogTemp:Display: Loaded TP AllDesktopTargetPlatform
[2017.05.02-17.02.10:864][  0]LogTemp:Display: Loaded TP MacClientTargetPlatform
[2017.05.02-17.02.11:499][  0]LogTemp:Display: Loaded TP MacNoEditorTargetPlatform
[2017.05.02-17.02.12:132][  0]LogTemp:Display: Loaded TP MacServerTargetPlatform
[2017.05.02-17.02.12:759][  0]LogTemp:Display: Loaded TP MacTargetPlatform
[2017.05.02-17.02.13:372][  0]LogTemp:Display: Loaded TP WindowsClientTargetPlatform
[2017.05.02-17.02.13:975][  0]LogTemp:Display: Loaded TP WindowsNoEditorTargetPlatform
[2017.05.02-17.02.14:612][  0]LogTemp:Display: Loaded TP WindowsServerTargetPlatform
[2017.05.02-17.02.15:140][  0]LogTemp:Display: Loaded TP WindowsTargetPlatform
[2017.05.02-17.02.15:767][  0]LogTemp:Display: Loaded TP AndroidTargetPlatform
[2017.05.02-17.02.16:384][  0]LogTemp:Display: Loaded TP Android_ASTCTargetPlatform
[2017.05.02-17.02.17:010][  0]LogTemp:Display: Loaded TP Android_ATCTargetPlatform
[2017.05.02-17.02.17:636][  0]LogTemp:Display: Loaded TP Android_DXTTargetPlatform
[2017.05.02-17.02.18:260][  0]LogTemp:Display: Loaded TP Android_ETC1TargetPlatform
[2017.05.02-17.02.18:870][  0]LogTemp:Display: Loaded TP Android_ETC2TargetPlatform
[2017.05.02-17.02.20:122][  0]LogTemp:Display: Loaded TP Android_MultiTargetPlatform
[2017.05.02-17.02.20:122][  0]LogTemp:Display: Loaded TP Android_PVRTCTargetPlatform
[2017.05.02-17.02.20:591][  0]LogTemp:Display: Loaded TP HTML5TargetPlatform
[2017.05.02-17.02.21:494][  0]LogTemp:Display: Loaded TP IOSTargetPlatform
[2017.05.02-17.02.21:869][  0]LogTemp:Display: Loaded TP TVOSTargetPlatform
[2017.05.02-17.02.22:501][  0]LogTemp:Display: Loaded TP LinuxClientTargetPlatform
[2017.05.02-17.02.23:121][  0]LogTemp:Display: Loaded TP LinuxNoEditorTargetPlatform
[2017.05.02-17.02.23:745][  0]LogTemp:Display: Loaded TP LinuxServerTargetPlatform
[2017.05.02-17.02.24:363][  0]LogTemp:Display: Loaded TP LinuxTargetPlatform
[2017.05.02-17.02.24:363][  0]LogTargetPlatformManager:Display: Building Assets For Windows
[2017.05.02-17.02.29:439][  0]LogDerivedDataCache:Display: Max Cache Size: 512 MB
[2017.05.02-17.02.29:765][  0]LogDerivedDataCache: Loaded boot cache 0.32s 50MB C:/Users/billy_000/AppData/Local/UnrealEngine/4.15/DerivedDataCache/Boot.ddc.
[2017.05.02-17.02.29:765][  0]LogDerivedDataCache:Display: Loaded Boot cache: C:/Users/billy_000/AppData/Local/UnrealEngine/4.15/DerivedDataCache/Boot.ddc
[2017.05.02-17.02.29:766][  0]LogDerivedDataCache: FDerivedDataBackendGraph:  Pak pak cache file ../../../../../../Users/billy_000/team4/CISC374_Team4/Lionfish/DerivedDataCache/DDC.ddp not found, will not use a pak cache.
[2017.05.02-17.02.29:766][  0]LogDerivedDataCache: Unable to find inner node Pak for hierarchical cache Hierarchy.
[2017.05.02-17.02.29:766][  0]LogDerivedDataCache: FDerivedDataBackendGraph:  CompressedPak pak cache file ../../../../../../Users/billy_000/team4/CISC374_Team4/Lionfish/DerivedDataCache/Compressed.ddp not found, will not use a pak cache.
[2017.05.02-17.02.29:766][  0]LogDerivedDataCache: Unable to find inner node CompressedPak for hierarchical cache Hierarchy.
[2017.05.02-17.02.29:914][  0]LogDerivedDataCache:Display: Pak cache opened for reading ../../../Engine/DerivedDataCache/Compressed.ddp.
[2017.05.02-17.02.29:935][  0]LogDerivedDataCache: Using Local data cache path C:/Users/billy_000/AppData/Local/UnrealEngine/Common/DerivedDataCache: Writable
[2017.05.02-17.02.30:009][  0]LogSlate: Using Freetype 2.6.0
[2017.05.02-17.02.30:015][  0]LogSlate: SlateFontCache - WITH_FREETYPE: 1, WITH_HARFBUZZ: 1
[2017.05.02-17.02.30:015][  0]LogSlate: SlateFontCache - WITH_FREETYPE: 1, WITH_HARFBUZZ: 1
[2017.05.02-17.02.32:078][  0]LogInit: Selected Device Profile: [Windows]
[2017.05.02-17.02.32:091][  0]LogContentStreaming: Texture pool size is 0.00 MB
[2017.05.02-17.02.34:129][  0]LogMeshUtilities: Using QuadricMeshReduction for automatic static mesh reduction
[2017.05.02-17.02.34:657][  0]LogSimplygon: Simplygon DLL not present - disabling.
[2017.05.02-17.02.35:227][  0]LogMeshUtilities: Using SimplygonSwarm for distributed automatic mesh merging
[2017.05.02-17.02.35:227][  0]LogMeshUtilities: No automatic skeletal mesh reduction module available
[2017.05.02-17.02.35:227][  0]LogMeshUtilities: No automatic mesh merging module available
[2017.05.02-17.02.40:119][  0]LogNetVersion: GetLocalNetworkVersion: CL: 3299760, ProjectName: lionfish, ProjectVersion: , EngineNetworkVersion: 2, GameNetworkVersion: 0, NetworkChecksum: 3667421609
[2017.05.02-17.02.40:427][  0]LogAssetRegistry: FAssetRegistry took 0.0303 seconds to start up
[2017.05.02-17.02.40:953][  0]LogPackageLocalizationCache: Processed 3 localized package path(s) for 2 prioritized culture(s) in 0.272383 seconds
[2017.05.02-17.02.40:996][  0]LogUObjectArray: 32493 objects as part of root set at end of initial load.
[2017.05.02-17.02.40:996][  0]LogUObjectAllocator: 7077032 out of 0 bytes used by permanent object pool.
[2017.05.02-17.02.40:996][  0]LogUObjectArray: CloseDisregardForGC: 0/0 objects in disregard for GC pool
[2017.05.02-17.02.41:722][  0]LogInit: WinSock: version 1.1 (2.2), MaxSocks=32767, MaxUdp=65467
[2017.05.02-17.03.44:098][  0]LogTcpMessaging: Initializing TcpMessaging bridge
[2017.05.02-17.03.44:450][  0]LogUdpMessaging: Initializing bridge on interface 0.0.0.0:0 to multicast group 230.0.0.1:6666.
[2017.05.02-17.03.49:622][  0]LogMaterial: Uniform references updated for custom material expression Custom.
[2017.05.02-17.03.54:074][  0]SourceControl: Info Source control is disabled
[2017.05.02-17.04.16:612][  0]LogEngine: Initializing Engine...
[2017.05.02-17.04.16:619][  0]LogHMD: Failed to initialize OpenVR with code 110
[2017.05.02-17.04.19:078][  0]LogAIModule: Creating AISystem for world Untitled
[2017.05.02-17.04.19:158][  0]LogInit: XAudio2 using 'Speaker/HP (Realtek High Definition Audio)' : 2 channels at 48 kHz using 32 bits per sample (channel mask 0x3)
[2017.05.02-17.04.20:587][  0]LogInit: FAudioDevice initialized.
[2017.05.02-17.04.20:743][  0]LogDerivedDataCache: Saved boot cache 0.16s 50MB C:/Users/billy_000/AppData/Local/UnrealEngine/4.15/DerivedDataCache/Boot.ddc.
[2017.05.02-17.04.20:774][  0]LogInit: Texture streaming: Enabled
[2017.05.02-17.04.22:059][  0]LogEngineSessionManager: EngineSessionManager initialized
[2017.05.02-17.04.23:164][  0]LogInit: Transaction tracking system initialized
[2017.05.02-17.04.27:708][  0]BlueprintLog: New page: Editor Load
[2017.05.02-17.04.38:833][  0]LocalizationService: Info Localization service is disabled
[2017.05.02-17.04.48:563][  0]LogConsoleResponse:Display: 
[2017.05.02-17.04.50:055][  0]LogCook:Display: Max memory allowance for cook 16384mb min free memory 0mb
[2017.05.02-17.04.50:055][  0]LogCook:Display: Mobile HDR setting 1
[2017.05.02-17.04.50:780][  0]LogFileCache: Scanning file cache for directory 'C:/Users/billy_000/team4/CISC374_Team4/Lionfish/Content/' took 0.08s
[2017.05.02-17.05.05:410][  0]Cmd: MAP LOAD FILE="../../../../../../Users/billy_000/team4/CISC374_Team4/Lionfish/Content/TopDownBP/Maps/TopDownExampleMap.umap" TEMPLATE=0 SHOWPROGRESS=1 FEATURELEVEL=3
[2017.05.02-17.05.05:414][  0]LightingResults: New page: Lighting Build
[2017.05.02-17.05.05:808][  0]MapCheck: New page: Map Check
[2017.05.02-17.05.05:808][  0]LightingResults: New page: Lighting Build
[2017.05.02-17.05.11:182][  0]LogLinker:Warning: Asset '../../../../../../Users/billy_000/team4/CISC374_Team4/Lionfish/Content/Meshes/Water_04/Water/Textures/water.uasset' has been saved with empty engine version. The asset will be loaded but may be incompatible.
[2017.05.02-17.05.14:263][  0]LogTexture:Display: Building textures: HQ_Lightmap1_1 (AutoDXT, 2048X2048) - 57 MB total VRAM
[2017.05.02-17.05.38:434][  0]LogTexture:Display: Building textures: HQ_Lightmap1_2 (AutoDXT, 1024X1024) - 57 MB total VRAM
[2017.05.02-17.05.44:597][  0]LogTexture:Display: Building textures: HQ_Lightmap1_3 (AutoDXT, 1024X1024) - 57 MB total VRAM
[2017.05.02-17.05.45:585][  0]LogTexture:Display: Building textures: HQ_Lightmap1_4 (AutoDXT, 64X64) - 57 MB total VRAM
[2017.05.02-17.05.46:043][  0]LogTexture:Display: Building textures: LQ_Lightmap_1_1 (DXT1, 2048X2048) - 57 MB total VRAM
[2017.05.02-17.05.57:405][  0]LogTexture:Display: Building textures: LQ_Lightmap_1_2 (DXT1, 1024X1024) - 57 MB total VRAM
[2017.05.02-17.05.59:275][  0]LogTexture:Display: Building textures: LQ_Lightmap_1_3 (DXT1, 1024X1024) - 57 MB total VRAM
[2017.05.02-17.05.59:845][  0]LogTexture:Display: Building textures: LQ_Lightmap_1_4 (DXT1, 64X64) - 57 MB total VRAM
[2017.05.02-17.06.00:148][  0]LogTexture:Display: Building textures: SkyOcclusion1_1 (AutoDXT, 2048X1024) - 57 MB total VRAM
[2017.05.02-17.06.10:637][  0]LogTexture:Display: Building textures: SkyOcclusion1_2 (AutoDXT, 1024X512) - 57 MB total VRAM
[2017.05.02-17.06.12:947][  0]LogTexture:Display: Building textures: SkyOcclusion1_3 (AutoDXT, 1024X512) - 57 MB total VRAM
[2017.05.02-17.06.13:428][  0]LogTexture:Display: Building textures: SkyOcclusion1_4 (AutoDXT, 64X32) - 57 MB total VRAM
[2017.05.02-17.06.13:538][  0]LogTexture:Display: Building textures: ShadowMapTexture2D_10 (BGRA8, 1024X1024) - 57 MB total VRAM
[2017.05.02-17.06.13:795][  0]LogTexture:Display: Building textures: ShadowMapTexture2D_11 (BGRA8, 32X32) - 57 MB total VRAM
[2017.05.02-17.06.13:952][  0]LogTexture:Display: Building textures: ShadowMapTexture2D_8 (BGRA8, 1024X1024) - 57 MB total VRAM
[2017.05.02-17.06.14:333][  0]LogTexture:Display: Building textures: ShadowMapTexture2D_9 (BGRA8, 1024X1024) - 57 MB total VRAM
[2017.05.02-17.06.16:308][  0]LogAIModule: Creating AISystem for world TopDownExampleMap
[2017.05.02-17.06.16:521][  0]LogEditorServer: Finished looking for orphan Actors (0.000 secs)
[2017.05.02-17.06.16:525][  0]Cmd: MAP CHECKDEP NOCLEARLOG
[2017.05.02-17.06.17:371][  0]MapCheck: Info Map check complete: 0 Error(s), 0 Warning(s), took 844.774ms to complete.
[2017.05.02-17.06.17:372][  0]LogFileHelpers: Loading map 'TopDownExampleMap' took 71.962
[2017.05.02-17.06.17:486][  0]LogWindowsTextInputMethodSystem:Display: IME system now deactivated.
[2017.05.02-17.06.17:487][  0]LogWindowsTextInputMethodSystem:Display: IME system now deactivated.
[2017.05.02-17.06.18:527][  0]LogCollectionManager: Loaded 0 collections in 0.011085 seconds
[2017.05.02-17.06.19:011][  0]LogFileCache: Scanning file cache for directory 'C:/Users/billy_000/team4/CISC374_Team4/Lionfish/Saved/Collections/' took 0.01s
[2017.05.02-17.06.19:011][  0]LogFileCache: Scanning file cache for directory 'C:/Users/billy_000/team4/CISC374_Team4/Lionfish/Content/Developers/billy000/Collections/' took 0.01s
[2017.05.02-17.06.19:011][  0]LogFileCache: Scanning file cache for directory 'C:/Users/billy_000/team4/CISC374_Team4/Lionfish/Content/Collections/' took 0.01s
[2017.05.02-17.06.19:011][  0]LogCollectionManager: Rebuilt the GUID cache for 0 collections in 0.000007 seconds
[2017.05.02-17.06.19:072][  0]LogContentBrowser: Native class hierarchy populated in 0.0594 seconds. Added 2245 classes and 453 folders.
[2017.05.02-17.06.19:088][  0]LogStats: UGameplayTagsManager::ConstructGameplayTagTree: Construct from data asset -  0.000 s
[2017.05.02-17.06.19:089][  0]LogStats: UGameplayTagsManager::ConstructGameplayTagTree: GameplayTagTreeChangedEvent.Broadcast -  0.000 s
[2017.05.02-17.06.19:626][  0]LogContentBrowser: Native class hierarchy updated for 'WidgetCarousel' in 0.0025 seconds. Added 0 classes and 0 folders.
[2017.05.02-17.06.21:543][  0]LogContentBrowser: Native class hierarchy updated for 'AddContentDialog' in 0.0036 seconds. Added 0 classes and 0 folders.
[2017.05.02-17.06.22:092][  0]LogContentBrowser: Native class hierarchy updated for 'SceneOutliner' in 0.0036 seconds. Added 1 classes and 2 folders.
[2017.05.02-17.06.22:583][  0]LogCrashTracker: Crashtracker disabled due to settings.
[2017.05.02-17.06.22:621][  0]LogUObjectGlobals:Warning: Failed to find object 'Class None.'
[2017.05.02-17.06.23:213][  0]LogContentBrowser: Native class hierarchy updated for 'HierarchicalLODOutliner' in 0.0044 seconds. Added 1 classes and 2 folders.
[2017.05.02-17.06.23:215][  0]LogLoad: (Engine Initialization) Total time: 279.39 seconds
[2017.05.02-17.06.23:215][  0]LogLoad: (Engine Initialization) Total Blueprint compile time: 3.51 seconds
[2017.05.02-17.06.23:215][  0]LogExternalProfiler: No external profilers were discovered.  External profiling features will not be available.
[2017.05.02-17.06.23:243][  0]LogOcInput: OculusInput pre-init called
[2017.05.02-17.06.23:316][  0]SourceControl: Info On branch master
[2017.05.02-17.06.23:317][  0]SourceControl: Info Your branch is up-to-date with 'origin/master'.
[2017.05.02-17.06.23:317][  0]SourceControl: Info Changes not staged for commit:
[2017.05.02-17.06.23:317][  0]SourceControl: Info   (use "git add/rm <file>..." to update what will be committed)
[2017.05.02-17.06.23:317][  0]SourceControl: Info   (use "git checkout -- <file>..." to discard changes in working directory)
[2017.05.02-17.06.23:317][  0]SourceControl: Info 	modified:   Lionfish/Intermediate/CachedAssetRegistry.bin
[2017.05.02-17.06.23:317][  0]SourceControl: Info 	modified:   Lionfish/Intermediate/Config/CoalescedSourceConfigs/EditorSettings.ini
[2017.05.02-17.06.23:317][  0]SourceControl: Info 	modified:   Lionfish/Saved/Config/Windows/Editor.ini
[2017.05.02-17.06.23:317][  0]SourceControl: Info 	modified:   Lionfish/Saved/Config/Windows/Engine.ini
[2017.05.02-17.06.23:317][  0]SourceControl: Info 	modified:   Lionfish/Saved/Logs/Lionfish.log
[2017.05.02-17.06.23:318][  0]SourceControl: Info 	deleted:    Lionfish/Saved/Logs/Lionfish_2-backup-2017.05.01-22.20.15.log
[2017.05.02-17.06.23:318][  0]SourceControl: Info Untracked files:
[2017.05.02-17.06.23:318][  0]SourceControl: Info   (use "git add <file>..." to include in what will be committed)
[2017.05.02-17.06.23:318][  0]SourceControl: Info 	Lionfish/Saved/Logs/Lionfish-backup-2017.05.02-13.01.51.log
[2017.05.02-17.06.23:318][  0]SourceControl: Info 	Lionfish/Saved/Logs/UE4CC-Windows-0B702D7F46153D5F6FC850943D076E84/
[2017.05.02-17.06.23:318][  0]SourceControl: Info no changes added to commit (use "git add" and/or "git commit -a")
[2017.05.02-17.06.23:320][  0]LogContentStreaming: Texture pool size now 400 MB
[2017.05.02-17.06.23:345][  0]LogSlate: Took 0.018355 seconds to synchronously load lazily loaded font '../../../Engine/Content/Slate/Fonts/Roboto-Regular.ttf' (155K)
[2017.05.02-17.06.23:376][  0]LogSlate: Took 0.012107 seconds to synchronously load lazily loaded font '../../../Engine/Content/Slate/Fonts/Roboto-Bold.ttf' (160K)
[2017.05.02-17.06.23:434][  0]LogSlate: Took 0.021141 seconds to synchronously load lazily loaded font '../../../Engine/Content/Editor/Slate/Fonts/FontAwesome.ttf' (139K)
[2017.05.02-17.06.24:312][  0]LogRenderer: Reallocating scene render targets to support 748x448 NumSamples 1 (Frame:2).
[2017.05.02-17.06.24:605][  0]LogSlate: Took 0.013984 seconds to synchronously load lazily loaded font '../../../Engine/Content/Slate/Fonts/Roboto-Light.ttf' (159K)
[2017.05.02-17.06.24:863][  1]LogFileCache: Retrieving MD5 hashes for directory 'C:/Users/billy_000/team4/CISC374_Team4/Lionfish/Content/' took 1.60s
[2017.05.02-17.06.26:046][ 10]LogAssetRegistry: Asset discovery search completed in 225.6491 seconds
[2017.05.02-17.06.26:046][ 10]LogCollectionManager: Rebuilt the object cache for 0 collections in 0.000034 seconds (found 0 objects)
[2017.05.02-17.06.26:046][ 10]LogCollectionManager: Fixed up redirectors for 0 collections in 0.000098 seconds (updated 0 objects)
[2017.05.02-17.06.34:518][260]LogTemp: Repeting last play command: Selected Viewport
[2017.05.02-17.06.34:635][260]LogBlueprintUserMessages: Early PlayInEditor Detection: Level '/Game/TopDownBP/Maps/TopDownExampleMap.TopDownExampleMap:PersistentLevel' has LevelScriptBlueprint '/Game/TopDownBP/Maps/TopDownExampleMap.TopDownExampleMap:PersistentLevel.TopDownExampleMap' with GeneratedClass '/Game/TopDownBP/Maps/TopDownExampleMap.TopDownExampleMap_C' with ClassGeneratedBy '/Game/TopDownBP/Maps/TopDownExampleMap.TopDownExampleMap:PersistentLevel.TopDownExampleMap'
[2017.05.02-17.06.34:635][260]LogPlayLevel: PlayLevel: No blueprints needed recompiling
[2017.05.02-17.06.34:637][260]PIE: New page: PIE session: TopDownExampleMap (May 2, 2017, 9:06:34 AM)
[2017.05.02-17.06.34:641][260]LogPlayLevel: Creating play world package: /Game/TopDownBP/Maps/UEDPIE_0_TopDownExampleMap
[2017.05.02-17.06.34:843][260]LogPlayLevel: PIE: StaticDuplicateObject took: (0.201480s)
[2017.05.02-17.06.34:849][260]LogAIModule: Creating AISystem for world TopDownExampleMap
[2017.05.02-17.06.34:851][260]LogPlayLevel: PIE: World Init took: (0.008296s)
[2017.05.02-17.06.34:853][260]LogPlayLevel: PIE: Created PIE world by copying editor world from /Game/TopDownBP/Maps/TopDownExampleMap.TopDownExampleMap to /Game/TopDownBP/Maps/UEDPIE_0_TopDownExampleMap.TopDownExampleMap (0.211803s)
[2017.05.02-17.06.35:017][260]LogInit: XAudio2 using 'Speaker/HP (Realtek High Definition Audio)' : 2 channels at 48 kHz using 32 bits per sample (channel mask 0x3)
[2017.05.02-17.06.35:107][260]LogInit: FAudioDevice initialized.
[2017.05.02-17.06.35:253][260]LogLoad: Game class is 'TopDownGameMode_C'
[2017.05.02-17.06.35:275][260]LogWorld: Bringing World /Game/TopDownBP/Maps/UEDPIE_0_TopDownExampleMap.TopDownExampleMap up for play (max tick rate 0) at 2017.05.02-13.06.35
[2017.05.02-17.06.35:280][260]LogWorld: Bringing up level for play took: 0.019904
[2017.05.02-17.06.35:777][260]LogContentBrowser: Native class hierarchy updated for 'MovieSceneCapture' in 0.0039 seconds. Added 11 classes and 0 folders.
[2017.05.02-17.06.35:846][260]PIE: Info Play in editor start time for /Game/TopDownBP/Maps/UEDPIE_0_TopDownExampleMap 1.049
[2017.05.02-17.06.35:847][260]LogBlueprintUserMessages: Late PlayInEditor Detection: Level '/Game/TopDownBP/Maps/TopDownExampleMap.TopDownExampleMap:PersistentLevel' has LevelScriptBlueprint '/Game/TopDownBP/Maps/TopDownExampleMap.TopDownExampleMap:PersistentLevel.TopDownExampleMap' with GeneratedClass '/Game/TopDownBP/Maps/TopDownExampleMap.TopDownExampleMap_C' with ClassGeneratedBy '/Game/TopDownBP/Maps/TopDownExampleMap.TopDownExampleMap:PersistentLevel.TopDownExampleMap'
[2017.05.02-17.06.44:452][391]LogSpawn:Warning: SpawnActor failed because of collision at the spawn location [X=-1264.962 Y=-40.589 Z=154.833] for [Prey_Fish_C]
[2017.05.02-17.06.58:289][606]LogWindowsTextInputMethodSystem:Display: IME system now deactivated.
[2017.05.02-17.06.58:290][606]LogWindowsTextInputMethodSystem:Display: IME system now deactivated.
[2017.05.02-17.06.58:301][606]LogWindowsTextInputMethodSystem:Display: IME system now deactivated.
[2017.05.02-17.06.58:302][606]LogWindowsTextInputMethodSystem:Display: IME system now deactivated.
[2017.05.02-17.06.58:735][606]LogBlueprintUserMessages: Early EndPlayMap Detection: Level '/Game/TopDownBP/Maps/TopDownExampleMap.TopDownExampleMap:PersistentLevel' has LevelScriptBlueprint '/Game/TopDownBP/Maps/TopDownExampleMap.TopDownExampleMap:PersistentLevel.TopDownExampleMap' with GeneratedClass '/Game/TopDownBP/Maps/TopDownExampleMap.TopDownExampleMap_C' with ClassGeneratedBy '/Game/TopDownBP/Maps/TopDownExampleMap.TopDownExampleMap:PersistentLevel.TopDownExampleMap'
[2017.05.02-17.06.58:850][606]LogBlueprintUserMessages: Late EndPlayMap Detection: Level '/Game/TopDownBP/Maps/TopDownExampleMap.TopDownExampleMap:PersistentLevel' has LevelScriptBlueprint '/Game/TopDownBP/Maps/TopDownExampleMap.TopDownExampleMap:PersistentLevel.TopDownExampleMap' with GeneratedClass '/Game/TopDownBP/Maps/TopDownExampleMap.TopDownExampleMap_C' with ClassGeneratedBy '/Game/TopDownBP/Maps/TopDownExampleMap.TopDownExampleMap:PersistentLevel.TopDownExampleMap'
[2017.05.02-17.06.59:227][607]Cmd: QUIT_EDITOR
[2017.05.02-17.07.00:315][607]LogExit: Preparing to exit.
[2017.05.02-17.07.01:835][607]LogDirectoryWatcher: A directory notification for 'C:/Users/billy_000/team4/CISC374_Team4/Lionfish/Content/' was aborted.
[2017.05.02-17.07.01:988][607]LogExit: Editor shut down
[2017.05.02-17.07.01:990][607]LogExit: Transaction tracking system shut down
[2017.05.02-17.07.02:484][607]LogObj: Freed 0b from 0 cluster array pools.
[2017.05.02-17.07.02:485][607]LogExit: Object subsystem successfully closed.
[2017.05.02-17.07.02:542][607]LogD3D11RHI: Shutdown
[2017.05.02-17.07.02:542][607]LogD3D11RHI: CleanupD3DDevice
[2017.05.02-17.07.02:859][607]LogD3D11RHI: ~FD3D11DynamicRHI
[2017.05.02-17.07.03:075][607]LogModuleManager: Shutting down and abandoning module MovieSceneCapture (500)
[2017.05.02-17.07.03:075][607]LogModuleManager: Shutting down and abandoning module HierarchicalLODOutliner (498)
[2017.05.02-17.07.03:075][607]LogModuleManager: Shutting down and abandoning module CrashTracker (496)
[2017.05.02-17.07.03:076][607]LogModuleManager: Shutting down and abandoning module SceneOutliner (494)
[2017.05.02-17.07.03:076][607]LogModuleManager: Shutting down and abandoning module AddContentDialog (492)
[2017.05.02-17.07.03:086][607]LogDirectoryWatcher: A directory notification for 'C:/Program Files/Epic Games/UE_4.15/FeaturePacks/' was aborted.
[2017.05.02-17.07.03:091][607]LogModuleManager: Shutting down and abandoning module WidgetCarousel (491)
[2017.05.02-17.07.03:092][607]LogModuleManager: Shutting down and abandoning module EditorWidgets (488)
[2017.05.02-17.07.03:092][607]LogModuleManager: Shutting down and abandoning module CollectionManager (486)
[2017.05.02-17.07.03:092][607]LogDirectoryWatcher: A directory notification for 'C:/Users/billy_000/team4/CISC374_Team4/Lionfish/Content/Collections/' was aborted.
[2017.05.02-17.07.03:092][607]LogDirectoryWatcher: A directory notification for 'C:/Users/billy_000/team4/CISC374_Team4/Lionfish/Content/Developers/billy000/Collections/' was aborted.
[2017.05.02-17.07.03:093][607]LogDirectoryWatcher: A directory notification for 'C:/Users/billy_000/team4/CISC374_Team4/Lionfish/Saved/Collections/' was aborted.
[2017.05.02-17.07.03:093][607]LogModuleManager: Shutting down and abandoning module StatsViewer (484)
[2017.05.02-17.07.03:093][607]LogModuleManager: Shutting down and abandoning module FoliageEdit (482)
[2017.05.02-17.07.03:093][607]LogModuleManager: Shutting down and abandoning module LandscapeEditor (480)
[2017.05.02-17.07.03:094][607]LogModuleManager: Shutting down and abandoning module SceneDepthPickerMode (478)
[2017.05.02-17.07.03:094][607]LogModuleManager: Shutting down and abandoning module ActorPickerMode (476)
[2017.05.02-17.07.03:094][607]LogModuleManager: Shutting down and abandoning module GeometryMode (474)
[2017.05.02-17.07.03:094][607]LogModuleManager: Shutting down and abandoning module TextureAlignMode (472)
[2017.05.02-17.07.03:094][607]LogModuleManager: Shutting down and abandoning module BspMode (470)
[2017.05.02-17.07.03:094][607]LogModuleManager: Shutting down and abandoning module HardwareSurvey (468)
[2017.05.02-17.07.03:094][607]LogModuleManager: Shutting down and abandoning module SequenceRecorderSections (466)
[2017.05.02-17.07.03:094][607]LogModuleManager: Shutting down and abandoning module AutomationWorker (464)
[2017.05.02-17.07.03:094][607]LogModuleManager: Shutting down and abandoning module MatineeToLevelSequence (462)
[2017.05.02-17.07.03:095][607]LogModuleManager: Shutting down and abandoning module LevelSequenceEditor (460)
[2017.05.02-17.07.03:095][607]LogModuleManager: Shutting down and abandoning module PlacementMode (459)
[2017.05.02-17.07.03:095][607]LogModuleManager: Shutting down and abandoning module WmfMediaFactory (456)
[2017.05.02-17.07.03:095][607]LogModuleManager: Shutting down and abandoning module WmfMediaEditor (454)
[2017.05.02-17.07.03:095][607]LogModuleManager: Shutting down and abandoning module MfMediaFactory (452)
[2017.05.02-17.07.03:095][607]LogModuleManager: Shutting down and abandoning module MfMediaEditor (450)
[2017.05.02-17.07.03:095][607]LogModuleManager: Shutting down and abandoning module AvfMediaFactory (448)
[2017.05.02-17.07.03:096][607]LogModuleManager: Shutting down and abandoning module AvfMediaEditor (446)
[2017.05.02-17.07.03:096][607]LogModuleManager: Shutting down and abandoning module AndroidMediaFactory (444)
[2017.05.02-17.07.03:096][607]LogModuleManager: Shutting down and abandoning module Media (443)
[2017.05.02-17.07.03:096][607]LogModuleManager: Shutting down and abandoning module AndroidMediaEditor (440)
[2017.05.02-17.07.03:096][607]LogModuleManager: Shutting down and abandoning module CharacterAI (438)
[2017.05.02-17.07.03:096][607]LogModuleManager: Shutting down and abandoning module AudioCapture (436)
[2017.05.02-17.07.03:096][607]LogModuleManager: Shutting down and abandoning module SequenceRecorder (435)
[2017.05.02-17.07.03:096][607]LogModuleManager: Shutting down and abandoning module SmartSnapping (432)
[2017.05.02-17.07.03:096][607]LogModuleManager: Shutting down and abandoning module SessionServices (430)
[2017.05.02-17.07.03:096][607]LogModuleManager: Shutting down and abandoning module ViewportSnapping (428)
[2017.05.02-17.07.03:096][607]LogModuleManager: Shutting down and abandoning module ViewportInteraction (426)
[2017.05.02-17.07.03:096][607]LogModuleManager: Shutting down and abandoning module LogVisualizer (424)
[2017.05.02-17.07.03:097][607]LogModuleManager: Shutting down and abandoning module IntroTutorials (422)
[2017.05.02-17.07.03:097][607]LogModuleManager: Shutting down and abandoning module GameProjectGeneration (421)
[2017.05.02-17.07.03:097][607]LogModuleManager: Shutting down and abandoning module EditorLiveStreaming (418)
[2017.05.02-17.07.03:097][607]LogModuleManager: Shutting down and abandoning module IOSPlatformEditor (416)
[2017.05.02-17.07.03:097][607]LogModuleManager: Shutting down and abandoning module HTML5PlatformEditor (414)
[2017.05.02-17.07.03:097][607]LogModuleManager: Shutting down and abandoning module AndroidPlatformEditor (412)
[2017.05.02-17.07.03:097][607]LogModuleManager: Shutting down and abandoning module AndroidDeviceDetection (411)
[2017.05.02-17.07.03:497][607]LogModuleManager: Shutting down and abandoning module IOSRuntimeSettings (408)
[2017.05.02-17.07.03:497][607]LogModuleManager: Shutting down and abandoning module AndroidRuntimeSettings (406)
[2017.05.02-17.07.03:497][607]LogModuleManager: Shutting down and abandoning module InputBindingEditor (404)
[2017.05.02-17.07.03:497][607]LogModuleManager: Shutting down and abandoning module NiagaraEditor (402)
[2017.05.02-17.07.03:497][607]LogModuleManager: Shutting down and abandoning module MergeActors (400)
[2017.05.02-17.07.03:497][607]LogModuleManager: Shutting down and abandoning module SizeMap (398)
[2017.05.02-17.07.03:497][607]LogModuleManager: Shutting down and abandoning module TreeMap (396)
[2017.05.02-17.07.03:497][607]LogModuleManager: Shutting down and abandoning module ReferenceViewer (394)
[2017.05.02-17.07.03:497][607]LogModuleManager: Shutting down and abandoning module LocalizationDashboard (392)
[2017.05.02-17.07.03:498][607]LogModuleManager: Shutting down and abandoning module LocalizationService (391)
[2017.05.02-17.07.03:498][607]LogModuleManager: Shutting down and abandoning module HardwareTargeting (388)
[2017.05.02-17.07.03:498][607]LogModuleManager: Shutting down and abandoning module DeviceProfileEditor (386)
[2017.05.02-17.07.03:498][607]LogModuleManager: Shutting down and abandoning module UndoHistory (384)
[2017.05.02-17.07.03:498][607]LogModuleManager: Shutting down and abandoning module UserFeedback (382)
[2017.05.02-17.07.03:498][607]LogModuleManager: Shutting down and abandoning module XmlParser (380)
[2017.05.02-17.07.03:498][607]LogModuleManager: Shutting down and abandoning module Blutility (378)
[2017.05.02-17.07.03:498][607]LogModuleManager: Shutting down and abandoning module ProjectSettingsViewer (376)
[2017.05.02-17.07.03:498][607]LogModuleManager: Shutting down and abandoning module ProjectTargetPlatformEditor (375)
[2017.05.02-17.07.03:499][607]LogModuleManager: Shutting down and abandoning module EditorSettingsViewer (372)
[2017.05.02-17.07.03:499][607]LogModuleManager: Shutting down and abandoning module SettingsEditor (370)
[2017.05.02-17.07.03:499][607]LogModuleManager: Shutting down and abandoning module ProjectLauncher (368)
[2017.05.02-17.07.03:499][607]LogModuleManager: Shutting down and abandoning module SessionFrontend (366)
[2017.05.02-17.07.03:499][607]LogModuleManager: Shutting down and abandoning module ProfilerClient (364)
[2017.05.02-17.07.03:499][607]LogModuleManager: Shutting down and abandoning module DeviceManager (362)
[2017.05.02-17.07.03:500][607]LogModuleManager: Shutting down and abandoning module TargetDeviceServices (361)
[2017.05.02-17.07.03:544][607]LogModuleManager: Shutting down and abandoning module AutomationController (358)
[2017.05.02-17.07.03:544][607]LogModuleManager: Shutting down and abandoning module AutomationWindow (356)
[2017.05.02-17.07.03:544][607]LogModuleManager: Shutting down and abandoning module Layers (354)
[2017.05.02-17.07.03:544][607]LogModuleManager: Shutting down and abandoning module ComponentVisualizers (352)
[2017.05.02-17.07.03:544][607]LogModuleManager: Shutting down and abandoning module DetailCustomizations (350)
[2017.05.02-17.07.03:544][607]LogModuleManager: Shutting down and abandoning module PackagesDialog (348)
[2017.05.02-17.07.03:544][607]LogModuleManager: Shutting down and abandoning module Persona (346)
[2017.05.02-17.07.03:545][607]LogModuleManager: Shutting down and abandoning module AnimGraph (345)
[2017.05.02-17.07.03:545][607]LogModuleManager: Shutting down and abandoning module Kismet (342)
[2017.05.02-17.07.03:549][607]LogModuleManager: Shutting down and abandoning module GraphEditor (340)
[2017.05.02-17.07.03:549][607]LogModuleManager: Shutting down and abandoning module ClassViewer (338)
[2017.05.02-17.07.03:550][607]LogModuleManager: Shutting down and abandoning module Toolbox (336)
[2017.05.02-17.07.03:550][607]LogModuleManager: Shutting down and abandoning module ModuleUI (334)
[2017.05.02-17.07.03:550][607]LogModuleManager: Shutting down and abandoning module MovieSceneTools (332)
[2017.05.02-17.07.03:550][607]LogModuleManager: Shutting down and abandoning module OutputLog (330)
[2017.05.02-17.07.03:550][607]LogModuleManager: Shutting down and abandoning module GammaUI (328)
[2017.05.02-17.07.03:550][607]LogModuleManager: Shutting down and abandoning module Documentation (326)
[2017.05.02-17.07.03:550][607]LogModuleManager: Shutting down and abandoning module Niagara (324)
[2017.05.02-17.07.03:550][607]LogModuleManager: Shutting down and abandoning module StreamingPauseRendering (322)
[2017.05.02-17.07.03:551][607]LogModuleManager: Shutting down and abandoning module AnalyticsET (320)
[2017.05.02-17.07.03:551][607]LogModuleManager: Shutting down and abandoning module PortalServices (318)
[2017.05.02-17.07.03:551][607]LogModuleManager: Shutting down and abandoning module PortalRpc (316)
[2017.05.02-17.07.03:551][607]LogModuleManager: Shutting down and abandoning module MessagingRpc (314)
[2017.05.02-17.07.03:551][607]LogModuleManager: Shutting down and abandoning module AIModule (312)
[2017.05.02-17.07.03:551][607]LogModuleManager: Shutting down and abandoning module GameplayDebugger (311)
[2017.05.02-17.07.03:551][607]LogModuleManager: Shutting down and abandoning module AITestSuite (309)
[2017.05.02-17.07.03:551][607]LogModuleManager: Shutting down and abandoning module ProfilerService (306)
[2017.05.02-17.07.03:593][607]LogModuleManager: Shutting down and abandoning module TaskGraph (304)
[2017.05.02-17.07.03:593][607]LogModuleManager: Shutting down and abandoning module SteamVRController (302)
[2017.05.02-17.07.03:593][607]LogModuleManager: Shutting down and abandoning module SteamVR (300)
[2017.05.02-17.07.03:593][607]LogModuleManager: Shutting down and abandoning module ProceduralMeshComponentEditor (298)
[2017.05.02-17.07.03:593][607]LogModuleManager: Shutting down and abandoning module ProceduralMeshComponent (296)
[2017.05.02-17.07.03:593][607]LogModuleManager: Shutting down and abandoning module OculusLibrary (294)
[2017.05.02-17.07.03:593][607]LogModuleManager: Shutting down and abandoning module OculusInput (292)
[2017.05.02-17.07.03:593][607]LogModuleManager: Shutting down and abandoning module MobilePatchingUtils (290)
[2017.05.02-17.07.03:593][607]LogModuleManager: Shutting down and abandoning module CustomMeshComponent (288)
[2017.05.02-17.07.03:593][607]LogModuleManager: Shutting down and abandoning module CableComponent (286)
[2017.05.02-17.07.03:594][607]LogModuleManager: Shutting down and abandoning module ArchVisCharacter (284)
[2017.05.02-17.07.03:594][607]LogModuleManager: Shutting down and abandoning module MediaPlayerEditor (280)
[2017.05.02-17.07.03:594][607]LogModuleManager: Shutting down and abandoning module HTML5Networking (278)
[2017.05.02-17.07.03:594][607]LogModuleManager: Shutting down and abandoning module AlembicImporter (276)
[2017.05.02-17.07.03:594][607]LogModuleManager: Shutting down and abandoning module AlembicLibrary (275)
[2017.05.02-17.07.03:594][607]LogModuleManager: Shutting down and abandoning module GeometryCache (274)
[2017.05.02-17.07.03:594][607]LogModuleManager: Shutting down and abandoning module GeometryCacheEd (273)
[2017.05.02-17.07.03:594][607]LogModuleManager: Shutting down and abandoning module SuperSearchEditor (268)
[2017.05.02-17.07.03:594][607]LogModuleManager: Shutting down and abandoning module SuperSearch (267)
[2017.05.02-17.07.03:594][607]LogModuleManager: Shutting down and abandoning module SpeedTreeImporter (264)
[2017.05.02-17.07.03:594][607]LogModuleManager: Shutting down and abandoning module PluginBrowser (262)
[2017.05.02-17.07.03:594][607]LogModuleManager: Shutting down and abandoning module MobileLauncherProfileWizard (260)
[2017.05.02-17.07.03:595][607]LogModuleManager: Shutting down and abandoning module EpicSurvey (258)
[2017.05.02-17.07.03:595][607]LogModuleManager: Shutting down and abandoning module VisualStudioSourceCodeAccess (256)
[2017.05.02-17.07.03:595][607]LogModuleManager: Shutting down and abandoning module DesktopPlatform (255)
[2017.05.02-17.07.03:595][607]LogModuleManager: Shutting down and abandoning module UObjectPlugin (252)
[2017.05.02-17.07.03:595][607]LogModuleManager: Shutting down and abandoning module SubversionSourceControl (250)
[2017.05.02-17.07.03:595][607]LogModuleManager: Shutting down and abandoning module PerforceSourceControl (248)
[2017.05.02-17.07.03:595][607]LogModuleManager: Shutting down and abandoning module GitSourceControl (246)
[2017.05.02-17.07.03:595][607]LogModuleManager: Shutting down and abandoning module SourceControl (245)
[2017.05.02-17.07.03:595][607]LogModuleManager: Shutting down and abandoning module LightPropagationVolumeEditor (242)
[2017.05.02-17.07.03:595][607]LogModuleManager: Shutting down and abandoning module PaperTiledImporter (240)
[2017.05.02-17.07.03:595][607]LogModuleManager: Shutting down and abandoning module PaperSpriteSheetImporter (238)
[2017.05.02-17.07.03:595][607]LogModuleManager: Shutting down and abandoning module Paper2DEditor (236)
[2017.05.02-17.07.03:596][607]LogModuleManager: Shutting down and abandoning module MeshPaint (235)
[2017.05.02-17.07.03:596][607]LogModuleManager: Shutting down and abandoning module LevelEditor (233)
[2017.05.02-17.07.03:599][607]LogModuleManager: Shutting down and abandoning module PixelInspectorModule (232)
[2017.05.02-17.07.03:599][607]LogModuleManager: Shutting down and abandoning module MainFrame (230)
[2017.05.02-17.07.03:599][607]LogModuleManager: Shutting down and abandoning module HotReload (229)
[2017.05.02-17.07.03:602][607]LogModuleManager: Shutting down and abandoning module ContentBrowser (225)
[2017.05.02-17.07.03:605][607]LogModuleManager: Shutting down and abandoning module PhysXVehiclesEditor (222)
[2017.05.02-17.07.03:606][607]LogModuleManager: Shutting down and abandoning module PhysXVehicles (220)
[2017.05.02-17.07.03:606][607]LogModuleManager: Shutting down and abandoning module LocationServicesBPLibrary (218)
[2017.05.02-17.07.03:606][607]LogModuleManager: Shutting down and abandoning module UdpMessaging (216)
[2017.05.02-17.07.03:707][607]LogModuleManager: Shutting down and abandoning module TcpMessaging (214)
[2017.05.02-17.07.03:807][607]LogModuleManager: Shutting down and abandoning module GameplayTagsEditor (212)
[2017.05.02-17.07.03:807][607]LogModuleManager: Shutting down and abandoning module FacialAnimationEditor (210)
[2017.05.02-17.07.03:807][607]LogModuleManager: Shutting down and abandoning module FacialAnimation (208)
[2017.05.02-17.07.03:807][607]LogModuleManager: Shutting down and abandoning module LightPropagationVolumeRuntime (206)
[2017.05.02-17.07.03:807][607]LogModuleManager: Shutting down and abandoning module Paper2D (204)
[2017.05.02-17.07.03:807][607]LogModuleManager: Shutting down and abandoning module WindowsMoviePlayer (202)
[2017.05.02-17.07.03:807][607]LogModuleManager: Shutting down and abandoning module WmfMedia (200)
[2017.05.02-17.07.03:808][607]LogModuleManager: Shutting down and abandoning module MfMedia (198)
[2017.05.02-17.07.03:808][607]LogModuleManager: Shutting down and abandoning module MediaAssets (196)
[2017.05.02-17.07.03:808][607]LogModuleManager: Shutting down and abandoning module GameLiveStreaming (194)
[2017.05.02-17.07.03:808][607]LogModuleManager: Shutting down and abandoning module VREditor (192)
[2017.05.02-17.07.03:808][607]LogModuleManager: Shutting down and abandoning module GameplayTasksEditor (190)
[2017.05.02-17.07.03:808][607]LogModuleManager: Shutting down and abandoning module BehaviorTreeEditor (188)
[2017.05.02-17.07.03:809][607]LogModuleManager: Shutting down and abandoning module FunctionalTesting (186)
[2017.05.02-17.07.03:809][607]LogModuleManager: Shutting down and abandoning module CollisionAnalyzer (184)
[2017.05.02-17.07.03:809][607]LogModuleManager: Shutting down and abandoning module UMG (182)
[2017.05.02-17.07.03:809][607]LogModuleManager: Shutting down and abandoning module UMGEditor (181)
[2017.05.02-17.07.03:809][607]LogModuleManager: Shutting down and abandoning module Sequencer (180)
[2017.05.02-17.07.03:809][607]LogModuleManager: Shutting down and abandoning module AssetTools (178)
[2017.05.02-17.07.03:809][607]LogModuleManager: Shutting down and abandoning module MessageLog (177)
[2017.05.02-17.07.03:810][607]LogModuleManager: Shutting down and abandoning module WorkspaceMenuStructure (176)
[2017.05.02-17.07.03:810][607]LogModuleManager: Shutting down and abandoning module SlateReflector (170)
[2017.05.02-17.07.03:810][607]LogModuleManager: Shutting down and abandoning module Slate (168)
[2017.05.02-17.07.03:810][607]LogModuleManager: Shutting down and abandoning module EditorStyle (166)
[2017.05.02-17.07.03:828][607]LogModuleManager: Shutting down and abandoning module SourceCodeAccess (164)
[2017.05.02-17.07.03:869][607]LogModuleManager: Shutting down and abandoning module HeadMountedDisplay (162)
[2017.05.02-17.07.03:869][607]LogModuleManager: Shutting down and abandoning module XAudio2 (160)
[2017.05.02-17.07.03:869][607]LogModuleManager: Shutting down and abandoning module Networking (158)
[2017.05.02-17.07.03:869][607]LogModuleManager: Shutting down and abandoning module Core (154)
[2017.05.02-17.07.03:869][607]LogModuleManager: Shutting down and abandoning module AssetRegistry (152)
[2017.05.02-17.07.04:275][607]LogDirectoryWatcher: A directory notification for '../../../Engine/Content/' was aborted.
[2017.05.02-17.07.04:276][607]LogDirectoryWatcher: A directory notification for '../../../../../../Users/billy_000/team4/CISC374_Team4/Lionfish/Content/' was aborted.
[2017.05.02-17.07.04:276][607]LogDirectoryWatcher: A directory notification for '../../../Engine/Plugins/2D/Paper2D/Content/' was aborted.
[2017.05.02-17.07.04:277][607]LogModuleManager: Shutting down and abandoning module DirectoryWatcher (151)
[2017.05.02-17.07.04:280][607]LogModuleManager: Shutting down and abandoning module KismetCompiler (148)
[2017.05.02-17.07.04:280][607]LogModuleManager: Shutting down and abandoning module PhysXFormats (146)
[2017.05.02-17.07.04:280][607]LogModuleManager: Shutting down and abandoning module MeshUtilities (144)
[2017.05.02-17.07.04:280][607]LogModuleManager: Shutting down and abandoning module SimplygonSwarm (143)
[2017.05.02-17.07.04:280][607]LogModuleManager: Shutting down and abandoning module SimplygonMeshReduction (141)
[2017.05.02-17.07.04:280][607]LogModuleManager: Shutting down and abandoning module QuadricMeshReduction (139)
[2017.05.02-17.07.04:281][607]LogModuleManager: Shutting down and abandoning module PropertyEditor (137)
[2017.05.02-17.07.04:281][607]LogModuleManager: Shutting down and abandoning module DerivedDataCache (134)
[2017.05.02-17.07.04:369][607]LogDerivedDataCache: Shutdown
[2017.05.02-17.07.04:369][607]LogModuleManager: Shutting down and abandoning module TargetPlatform (132)
[2017.05.02-17.07.04:369][607]LogModuleManager: Shutting down and abandoning module VulkanShaderFormat (131)
[2017.05.02-17.07.04:369][607]LogModuleManager: Shutting down and abandoning module ShaderFormatOpenGL (129)
[2017.05.02-17.07.04:369][607]LogModuleManager: Shutting down and abandoning module ShaderFormatD3D (127)
[2017.05.02-17.07.04:369][607]LogModuleManager: Shutting down and abandoning module MetalShaderFormat (125)
[2017.05.02-17.07.04:370][607]LogModuleManager: Shutting down and abandoning module TextureFormatUncompressed (123)
[2017.05.02-17.07.04:370][607]LogModuleManager: Shutting down and abandoning module TextureFormatPVR (121)
[2017.05.02-17.07.04:370][607]LogModuleManager: Shutting down and abandoning module TextureFormatDXT (119)
[2017.05.02-17.07.04:370][607]LogModuleManager: Shutting down and abandoning module TextureFormatIntelISPCTexComp (117)
[2017.05.02-17.07.04:371][607]LogModuleManager: Shutting down and abandoning module TextureFormatASTC (115)
[2017.05.02-17.07.04:371][607]LogModuleManager: Shutting down and abandoning module ImageWrapper (114)
[2017.05.02-17.07.04:371][607]LogModuleManager: Shutting down and abandoning module TextureFormatAndroid (111)
[2017.05.02-17.07.04:371][607]LogModuleManager: Shutting down and abandoning module AudioFormatOpus (109)
[2017.05.02-17.07.04:371][607]LogModuleManager: Shutting down and abandoning module AudioFormatOgg (107)
[2017.05.02-17.07.04:371][607]LogModuleManager: Shutting down and abandoning module AudioFormatADPCM (105)
[2017.05.02-17.07.04:371][607]LogModuleManager: Shutting down and abandoning module LinuxTargetPlatform (103)
[2017.05.02-17.07.04:371][607]LogModuleManager: Shutting down and abandoning module LinuxServerTargetPlatform (101)
[2017.05.02-17.07.04:371][607]LogModuleManager: Shutting down and abandoning module LinuxNoEditorTargetPlatform (99)
[2017.05.02-17.07.04:371][607]LogModuleManager: Shutting down and abandoning module LinuxClientTargetPlatform (97)
[2017.05.02-17.07.04:371][607]LogModuleManager: Shutting down and abandoning module TVOSTargetPlatform (95)
[2017.05.02-17.07.04:371][607]LogModuleManager: Shutting down and abandoning module Messaging (93)
[2017.05.02-17.07.04:371][607]LogModuleManager: Shutting down and abandoning module IOSTargetPlatform (91)
[2017.05.02-17.07.04:371][607]LogModuleManager: Shutting down and abandoning module HTML5TargetPlatform (89)
[2017.05.02-17.07.04:371][607]LogModuleManager: Shutting down and abandoning module Android_PVRTCTargetPlatform (87)
[2017.05.02-17.07.04:371][607]LogModuleManager: Shutting down and abandoning module Android_MultiTargetPlatform (85)
[2017.05.02-17.07.04:372][607]LogModuleManager: Shutting down and abandoning module Android_ETC2TargetPlatform (83)
[2017.05.02-17.07.04:372][607]LogModuleManager: Shutting down and abandoning module Android_ETC1TargetPlatform (81)
[2017.05.02-17.07.04:372][607]LogModuleManager: Shutting down and abandoning module Android_DXTTargetPlatform (79)
[2017.05.02-17.07.04:372][607]LogModuleManager: Shutting down and abandoning module Android_ATCTargetPlatform (77)
[2017.05.02-17.07.04:372][607]LogModuleManager: Shutting down and abandoning module Android_ASTCTargetPlatform (75)
[2017.05.02-17.07.04:372][607]LogModuleManager: Shutting down and abandoning module AndroidTargetPlatform (73)
[2017.05.02-17.07.04:372][607]LogModuleManager: Shutting down and abandoning module WindowsTargetPlatform (71)
[2017.05.02-17.07.04:372][607]LogModuleManager: Shutting down and abandoning module WindowsServerTargetPlatform (69)
[2017.05.02-17.07.04:372][607]LogModuleManager: Shutting down and abandoning module WindowsNoEditorTargetPlatform (67)
[2017.05.02-17.07.04:372][607]LogModuleManager: Shutting down and abandoning module WindowsClientTargetPlatform (65)
[2017.05.02-17.07.04:372][607]LogModuleManager: Shutting down and abandoning module MacTargetPlatform (63)
[2017.05.02-17.07.04:372][607]LogModuleManager: Shutting down and abandoning module MacServerTargetPlatform (61)
[2017.05.02-17.07.04:372][607]LogModuleManager: Shutting down and abandoning module MacNoEditorTargetPlatform (59)
[2017.05.02-17.07.04:372][607]LogModuleManager: Shutting down and abandoning module MacClientTargetPlatform (57)
[2017.05.02-17.07.04:372][607]LogModuleManager: Shutting down and abandoning module AllDesktopTargetPlatform (55)
[2017.05.02-17.07.04:372][607]LogModuleManager: Shutting down and abandoning module InputCore (52)
[2017.05.02-17.07.04:373][607]LogModuleManager: Shutting down and abandoning module Settings (50)
[2017.05.02-17.07.04:373][607]LogModuleManager: Shutting down and abandoning module OculusRift (48)
[2017.05.02-17.07.04:373][607]LogModuleManager: Shutting down and abandoning module GearVR (46)
[2017.05.02-17.07.04:373][607]LogModuleManager: Shutting down and abandoning module ExampleDeviceProfileSelector (44)
[2017.05.02-17.07.04:373][607]LogModuleManager: Shutting down and abandoning module OnlineBlueprintSupport (42)
[2017.05.02-17.07.04:373][607]LogModuleManager: Shutting down and abandoning module OnlineSubsystem (38)
[2017.05.02-17.07.04:373][607]LogOnline:Display: Unloading online subsystem: NULL
[2017.05.02-17.07.04:373][607]LogModuleManager: Shutting down and abandoning module XMPP (37)
[2017.05.02-17.07.04:373][607]LogModuleManager: Shutting down and abandoning module HTTP (35)
[2017.05.02-17.07.04:374][607]LogHttp:Display: Http module shutting down, but needs to wait on 1 outstanding Http requests:
[2017.05.02-17.07.04:374][607]LogHttp:Display: 	verb=[POST] url=[https://datarouter.ol.epicgames.com/datarouter/api/v1/public/data?SessionID=%7B5359D38B-4429-0CEF-4032-16A77B9557A1%7D&AppID=UEEditor.Rocket.Release&AppVersion=4.15.1-3348071%2B%2B%2BUE4%2BRelease-4.15&UserID=0be2561c49971668862a3583c92d439c%7C54c0f00f4a8d4618b0aa97816cea664e%7C8e1abb9e-f2be-4558-ac1e-686edc767256&AppEnvironment=datacollector-binary&UploadType=eteventstream] status=Processing
[2017.05.02-17.07.04:384][607]LogModuleManager: Shutting down and abandoning module SSL (34)
[2017.05.02-17.07.04:392][607]LogModuleManager: Shutting down and abandoning module AudioEditor (30)
[2017.05.02-17.07.04:393][607]LogModuleManager: Shutting down and abandoning module TextureCompressor (28)
[2017.05.02-17.07.04:393][607]LogModuleManager: Shutting down and abandoning module ShaderCore (26)
[2017.05.02-17.07.04:393][607]LogModuleManager: Shutting down and abandoning module Landscape (24)
[2017.05.02-17.07.04:393][607]LogModuleManager: Shutting down and abandoning module SlateRHIRenderer (22)
[2017.05.02-17.07.04:427][607]LogModuleManager: Shutting down and abandoning module OpenGLDrv (20)
[2017.05.02-17.07.04:427][607]LogModuleManager: Shutting down and abandoning module D3D11RHI (18)
[2017.05.02-17.07.04:427][607]LogModuleManager: Shutting down and abandoning module AnimGraphRuntime (16)
[2017.05.02-17.07.04:427][607]LogModuleManager: Shutting down and abandoning module Renderer (14)
[2017.05.02-17.07.04:427][607]LogModuleManager: Shutting down and abandoning module Engine (12)
[2017.05.02-17.07.04:427][607]LogModuleManager: Shutting down and abandoning module CoreUObject (10)
[2017.05.02-17.07.04:427][607]LogModuleManager: Shutting down and abandoning module NetworkFile (8)
[2017.05.02-17.07.04:427][607]LogModuleManager: Shutting down and abandoning module StreamingFile (6)
[2017.05.02-17.07.04:427][607]LogModuleManager: Shutting down and abandoning module SandboxFile (4)
[2017.05.02-17.07.04:427][607]LogModuleManager: Shutting down and abandoning module PakFile (2)
[2017.05.02-17.07.04:451][607]LogExit: Exiting.
[2017.05.02-17.07.04:562][607]Log file closed, 05/02/17 13:07:04
