Log file open, 05/11/17 09:20:09
LogInit:Display: Running engine for game: Lionfish
LogPlatformFile: Not using cached read wrapper
LogInit:Display: RandInit(1715539903) SRandInit(1715539904).
LogTaskGraph: Started task graph with 5 named threads and 8 total threads with 1 sets of task threads.
LogStats: Stats thread started at 3.164929
LogInit: Using libcurl 7.47.1
LogInit:  - built for x86_64-pc-win32
LogInit:  - supports SSL with OpenSSL/1.0.2g
LogInit:  - supports HTTP deflate (compression) using libz 1.2.8
LogInit:  - other features:
LogInit:      CURL_VERSION_SSL
LogInit:      CURL_VERSION_LIBZ
LogInit:      CURL_VERSION_IPV6
LogInit:      CURL_VERSION_ASYNCHDNS
LogInit:      CURL_VERSION_LARGEFILE
LogInit:      CURL_VERSION_IDN
LogInit:  CurlRequestOptions (configurable via config and command line):
LogInit:  - bVerifyPeer = false  - Libcurl will NOT verify peer certificate
LogInit:  - bUseHttpProxy = false  - Libcurl will NOT use HTTP proxy
LogInit:  - bDontReuseConnections = false  - Libcurl will reuse connections
LogInit:  - CertBundlePath = nullptr  - Libcurl will use whatever was configured at build time.
LogInit: Build: ++UE4+Release-4.15-CL-3348071
LogInit: Engine Version: 4.15.1-3348071+++UE4+Release-4.15
LogInit: Compatible Engine Version: 4.15.0-3299760+++UE4+Release-4.15
LogInit: Net CL: 3299760
LogDevObjectVersion: Number of dev versions registered: 14
LogDevObjectVersion:   Dev-Blueprints (B0D832E4-1F89-4F0D-ACCF-7EB736FD4AA2): 8
LogDevObjectVersion:   Dev-Build (E1C64328-A22C-4D53-A36C-8E866417BD8C): 0
LogDevObjectVersion:   Dev-Core (375EC13C-06E4-48FB-B500-84F0262A717E): 2
LogDevObjectVersion:   Dev-Editor (E4B068ED-F494-42E9-A231-DA0B2E46BB41): 14
LogDevObjectVersion:   Dev-Framework (CFFC743F-43B0-4480-9391-14DF171D2073): 22
LogDevObjectVersion:   Dev-Mobile (B02B49B5-BB20-44E9-A304-32B752E40360): 0
LogDevObjectVersion:   Dev-Networking (A4E4105C-59A1-49B5-A7C5-40C4547EDFEE): 0
LogDevObjectVersion:   Dev-Online (39C831C9-5AE6-47DC-9A44-9C173E1C8E7C): 0
LogDevObjectVersion:   Dev-Physics (78F01B33-EBEA-4F98-B9B4-84EACCB95AA2): 0
LogDevObjectVersion:   Dev-Platform (6631380F-2D4D-43E0-8009-CF276956A95A): 0
LogDevObjectVersion:   Dev-Rendering (12F88B9F-8875-4AFC-A67C-D90C383ABD29): 12
LogDevObjectVersion:   Dev-Sequencer (7B5AE74C-D270-4C10-A958-57980B212A5A): 3
LogDevObjectVersion:   Dev-VR (D7296918-1DD6-4BDD-9DE2-64A83CC13884): 0
LogDevObjectVersion:   Dev-LoadTimes (C2A15278-BFE7-4AFE-6C17-90FF531DF755): 1
LogInit: Compiled (64-bit): Mar 15 2017 16:52:47
LogInit: Compiled with Visual C++: 19.00.23026.00
LogInit: Build Configuration: Development
LogInit: Branch Name: ++UE4+Release-4.15
LogInit: Command line:  
LogInit: Base directory: C:/Program Files/Epic Games/UE_4.15/Engine/Binaries/Win64/
LogInit: Installed Engine Build: 1
LogInit: Presizing for max 8388607 objects, including 0 objects not considered by GC, pre-allocating 0 bytes for permanent pool.
LogInit: Object subsystem initialized
[2017.05.11-13.20.14:657][  0]LogInit: Selected Device Profile: [Windows]
[2017.05.11-13.20.14:658][  0]LogInit: Applying CVar settings loaded from the selected device profile: [Windows]
[2017.05.11-13.20.14:775][  0]LogInit: Computer: BILLSORGLAPTOP
[2017.05.11-13.20.14:775][  0]LogInit: User: billy000
[2017.05.11-13.20.14:775][  0]LogInit: CPU Page size=65536, Cores=4
[2017.05.11-13.20.14:775][  0]LogInit: High frequency timer resolution =1.462100 MHz
[2017.05.11-13.20.14:776][  0]LogMemory: Memory total: Physical=7.5GB (8GB approx)
[2017.05.11-13.20.14:777][  0]LogMemory: Platform Memory Stats for Windows
[2017.05.11-13.20.14:777][  0]LogMemory: Process Physical Memory: 263.25 MB used, 263.25 MB peak
[2017.05.11-13.20.14:777][  0]LogMemory: Process Virtual Memory: 262.11 MB used, 262.11 MB peak
[2017.05.11-13.20.14:777][  0]LogMemory: Physical Memory: 3673.87 MB used,  3968.39 MB free, 7642.26 MB total
[2017.05.11-13.20.14:777][  0]LogMemory: Virtual Memory: 629.65 MB used,  3968.39 MB free, 134217728.00 MB total
[2017.05.11-13.20.16:238][  0]LogTextLocalizationManager: No specific translations for ('en-US') exist, so ('en') translations will be used.
[2017.05.11-13.20.25:434][  0]LogD3D11RHI: D3D11 adapters:
[2017.05.11-13.20.25:549][  0]LogD3D11RHI:    0. 'AMD Radeon HD 8330' (Feature Level 11_0)
[2017.05.11-13.20.25:549][  0]LogD3D11RHI:       495/0/3821 MB DedicatedVideo/DedicatedSystem/SharedSystem, Outputs:1, VendorId:0x1002
[2017.05.11-13.20.25:558][  0]LogD3D11RHI:    1. 'Microsoft Basic Render Driver' (Feature Level 11_0)
[2017.05.11-13.20.25:558][  0]LogD3D11RHI:       0/0/3821 MB DedicatedVideo/DedicatedSystem/SharedSystem, Outputs:0, VendorId:0x1414
[2017.05.11-13.20.25:559][  0]LogD3D11RHI: Chosen D3D11 Adapter: 0
[2017.05.11-13.20.25:592][  0]LogD3D11RHI: Creating new Direct3DDevice
[2017.05.11-13.20.25:593][  0]LogD3D11RHI:     GPU DeviceId: 0x9832 (for the marketing name, search the web for "GPU Device Id")
[2017.05.11-13.20.25:593][  0]LogWindows: EnumDisplayDevices:
[2017.05.11-13.20.25:593][  0]LogWindows:    0. 'AMD Radeon HD 8330' (P:1 D:1)
[2017.05.11-13.20.25:597][  0]LogWindows:    1. 'AMD Radeon HD 8330' (P:0 D:0)
[2017.05.11-13.20.25:598][  0]LogWindows: DebugString: FoundDriverCount:2 
[2017.05.11-13.20.25:598][  0]LogD3D11RHI:     Adapter Name: AMD Radeon HD 8330
[2017.05.11-13.20.25:598][  0]LogD3D11RHI:   Driver Version: Crimson 16.6 (internal:21.19.137.514, unified:21.19.137.514)
[2017.05.11-13.20.25:598][  0]LogD3D11RHI:      Driver Date: 11-21-2016
[2017.05.11-13.20.25:598][  0]LogRHI: Texture pool is 346 MB (70% of 495 MB)
[2017.05.11-13.20.25:846][  0]LogD3D11RHI: Async texture creation enabled
[2017.05.11-13.20.26:106][  0]LogD3D11RHI: GPU Timing Frequency: 100.000000 (Debug: 2 1)
[2017.05.11-13.20.26:217][  0]LogShaderCompilers: Guid format shader working directory is -12 characters bigger than the processId version (../../../../../../Users/billy_000/team4/CISC374_Team4/Lionfish/Intermediate/Shaders/WorkingDirectory/3976/).
[2017.05.11-13.20.26:218][  0]LogShaderCompilers: Cleaned the shader compiler working directory 'C:/Users/billy_000/AppData/Local/Temp/UnrealShaderWorkingDir/1302A956412F67450C05429F919887EF/'.
[2017.05.11-13.20.26:218][  0]LogShaderCompilers:Display: Using Local Shader Compiler.
[2017.05.11-13.20.41:977][  0]LogTemp:Display: Loaded TP AllDesktopTargetPlatform
[2017.05.11-13.20.42:647][  0]LogTemp:Display: Loaded TP MacClientTargetPlatform
[2017.05.11-13.20.43:323][  0]LogTemp:Display: Loaded TP MacNoEditorTargetPlatform
[2017.05.11-13.20.43:994][  0]LogTemp:Display: Loaded TP MacServerTargetPlatform
[2017.05.11-13.20.44:720][  0]LogTemp:Display: Loaded TP MacTargetPlatform
[2017.05.11-13.20.45:394][  0]LogTemp:Display: Loaded TP WindowsClientTargetPlatform
[2017.05.11-13.20.46:069][  0]LogTemp:Display: Loaded TP WindowsNoEditorTargetPlatform
[2017.05.11-13.20.46:744][  0]LogTemp:Display: Loaded TP WindowsServerTargetPlatform
[2017.05.11-13.20.47:325][  0]LogTemp:Display: Loaded TP WindowsTargetPlatform
[2017.05.11-13.20.48:064][  0]LogTemp:Display: Loaded TP AndroidTargetPlatform
[2017.05.11-13.20.48:712][  0]LogTemp:Display: Loaded TP Android_ASTCTargetPlatform
[2017.05.11-13.20.49:339][  0]LogTemp:Display: Loaded TP Android_ATCTargetPlatform
[2017.05.11-13.20.50:024][  0]LogTemp:Display: Loaded TP Android_DXTTargetPlatform
[2017.05.11-13.20.50:687][  0]LogTemp:Display: Loaded TP Android_ETC1TargetPlatform
[2017.05.11-13.20.51:358][  0]LogTemp:Display: Loaded TP Android_ETC2TargetPlatform
[2017.05.11-13.20.52:696][  0]LogTemp:Display: Loaded TP Android_MultiTargetPlatform
[2017.05.11-13.20.52:697][  0]LogTemp:Display: Loaded TP Android_PVRTCTargetPlatform
[2017.05.11-13.20.53:225][  0]LogTemp:Display: Loaded TP HTML5TargetPlatform
[2017.05.11-13.20.54:443][  0]LogTemp:Display: Loaded TP IOSTargetPlatform
[2017.05.11-13.20.54:845][  0]LogTemp:Display: Loaded TP TVOSTargetPlatform
[2017.05.11-13.20.55:555][  0]LogTemp:Display: Loaded TP LinuxClientTargetPlatform
[2017.05.11-13.20.56:178][  0]LogTemp:Display: Loaded TP LinuxNoEditorTargetPlatform
[2017.05.11-13.20.56:712][  0]LogTemp:Display: Loaded TP LinuxServerTargetPlatform
[2017.05.11-13.20.57:278][  0]LogTemp:Display: Loaded TP LinuxTargetPlatform
[2017.05.11-13.20.57:278][  0]LogTargetPlatformManager:Display: Building Assets For Windows
[2017.05.11-13.21.03:269][  0]LogDerivedDataCache:Display: Max Cache Size: 512 MB
[2017.05.11-13.21.04:200][  0]LogDerivedDataCache: Loaded boot cache 0.89s 50MB C:/Users/billy_000/AppData/Local/UnrealEngine/4.15/DerivedDataCache/Boot.ddc.
[2017.05.11-13.21.04:200][  0]LogDerivedDataCache:Display: Loaded Boot cache: C:/Users/billy_000/AppData/Local/UnrealEngine/4.15/DerivedDataCache/Boot.ddc
[2017.05.11-13.21.04:200][  0]LogDerivedDataCache: FDerivedDataBackendGraph:  Pak pak cache file ../../../../../../Users/billy_000/team4/CISC374_Team4/Lionfish/DerivedDataCache/DDC.ddp not found, will not use a pak cache.
[2017.05.11-13.21.04:201][  0]LogDerivedDataCache: Unable to find inner node Pak for hierarchical cache Hierarchy.
[2017.05.11-13.21.04:201][  0]LogDerivedDataCache: FDerivedDataBackendGraph:  CompressedPak pak cache file ../../../../../../Users/billy_000/team4/CISC374_Team4/Lionfish/DerivedDataCache/Compressed.ddp not found, will not use a pak cache.
[2017.05.11-13.21.04:201][  0]LogDerivedDataCache: Unable to find inner node CompressedPak for hierarchical cache Hierarchy.
[2017.05.11-13.21.04:400][  0]LogDerivedDataCache:Display: Pak cache opened for reading ../../../Engine/DerivedDataCache/Compressed.ddp.
[2017.05.11-13.21.04:420][  0]LogDerivedDataCache: Using Local data cache path C:/Users/billy_000/AppData/Local/UnrealEngine/Common/DerivedDataCache: Writable
[2017.05.11-13.21.04:635][  0]LogSlate: Using Freetype 2.6.0
[2017.05.11-13.21.04:709][  0]LogSlate: SlateFontCache - WITH_FREETYPE: 1, WITH_HARFBUZZ: 1
[2017.05.11-13.21.04:709][  0]LogSlate: SlateFontCache - WITH_FREETYPE: 1, WITH_HARFBUZZ: 1
[2017.05.11-13.21.19:314][  0]LogInit: Selected Device Profile: [Windows]
[2017.05.11-13.21.19:436][  0]LogContentStreaming: Texture pool size is 0.00 MB
[2017.05.11-13.21.22:221][  0]LogMeshUtilities: Using QuadricMeshReduction for automatic static mesh reduction
[2017.05.11-13.21.22:803][  0]LogSimplygon: Simplygon DLL not present - disabling.
[2017.05.11-13.21.23:425][  0]LogMeshUtilities: Using SimplygonSwarm for distributed automatic mesh merging
[2017.05.11-13.21.23:425][  0]LogMeshUtilities: No automatic skeletal mesh reduction module available
[2017.05.11-13.21.23:425][  0]LogMeshUtilities: No automatic mesh merging module available
[2017.05.11-13.21.33:032][  0]LogNetVersion: GetLocalNetworkVersion: CL: 3299760, ProjectName: lionfish, ProjectVersion: , EngineNetworkVersion: 2, GameNetworkVersion: 0, NetworkChecksum: 3667421609
[2017.05.11-13.21.33:512][  0]LogAssetRegistry: FAssetRegistry took 0.0284 seconds to start up
[2017.05.11-13.21.34:395][  0]LogPackageLocalizationCache: Processed 3 localized package path(s) for 2 prioritized culture(s) in 0.610942 seconds
[2017.05.11-13.21.34:456][  0]LogUObjectArray: 32493 objects as part of root set at end of initial load.
[2017.05.11-13.21.34:456][  0]LogUObjectAllocator: 7077024 out of 0 bytes used by permanent object pool.
[2017.05.11-13.21.34:456][  0]LogUObjectArray: CloseDisregardForGC: 0/0 objects in disregard for GC pool
[2017.05.11-13.21.35:263][  0]LogInit: WinSock: version 1.1 (2.2), MaxSocks=32767, MaxUdp=65467
[2017.05.11-13.22.17:800][  0]LogTcpMessaging: Initializing TcpMessaging bridge
[2017.05.11-13.22.18:192][  0]LogUdpMessaging: Initializing bridge on interface 0.0.0.0:0 to multicast group 230.0.0.1:6666.
[2017.05.11-13.22.24:454][  0]LogMaterial: Uniform references updated for custom material expression Custom.
[2017.05.11-13.22.29:862][  0]SourceControl: Info Source control is disabled
[2017.05.11-13.22.52:338][  0]LogEngine: Initializing Engine...
[2017.05.11-13.22.52:343][  0]LogHMD: Failed to initialize OpenVR with code 110
[2017.05.11-13.22.55:615][  0]LogAIModule: Creating AISystem for world Untitled
[2017.05.11-13.22.55:738][  0]LogInit: XAudio2 using 'Speaker/HP (Realtek High Definition Audio)' : 2 channels at 48 kHz using 32 bits per sample (channel mask 0x3)
[2017.05.11-13.22.56:398][  0]LogInit: FAudioDevice initialized.
[2017.05.11-13.22.56:578][  0]LogDerivedDataCache: Saved boot cache 0.18s 50MB C:/Users/billy_000/AppData/Local/UnrealEngine/4.15/DerivedDataCache/Boot.ddc.
[2017.05.11-13.22.56:623][  0]LogInit: Texture streaming: Enabled
[2017.05.11-13.22.57:937][  0]LogEngineSessionManager: EngineSessionManager initialized
[2017.05.11-13.22.59:247][  0]LogInit: Transaction tracking system initialized
[2017.05.11-13.23.03:909][  0]BlueprintLog: New page: Editor Load
[2017.05.11-13.23.15:642][  0]LocalizationService: Info Localization service is disabled
[2017.05.11-13.23.26:584][  0]LogConsoleResponse:Display: 
[2017.05.11-13.23.29:712][  0]LogCook:Display: Max memory allowance for cook 16384mb min free memory 0mb
[2017.05.11-13.23.29:712][  0]LogCook:Display: Mobile HDR setting 1
[2017.05.11-13.23.30:129][  0]LogFileCache: Scanning file cache for directory 'C:/Users/billy_000/team4/CISC374_Team4/Lionfish/Content/' took 0.16s
[2017.05.11-13.23.43:918][  0]Cmd: MAP LOAD FILE="../../../../../../Users/billy_000/team4/CISC374_Team4/Lionfish/Content/TopDownBP/Maps/TopDownExampleMap.umap" TEMPLATE=0 SHOWPROGRESS=1 FEATURELEVEL=3
[2017.05.11-13.23.43:971][  0]LightingResults: New page: Lighting Build
[2017.05.11-13.23.44:481][  0]MapCheck: New page: Map Check
[2017.05.11-13.23.44:481][  0]LightingResults: New page: Lighting Build
[2017.05.11-13.23.54:368][  0]LogLinker:Warning: Asset '../../../../../../Users/billy_000/team4/CISC374_Team4/Lionfish/Content/Meshes/Water_04/Water/Textures/water.uasset' has been saved with empty engine version. The asset will be loaded but may be incompatible.
[2017.05.11-13.24.02:264][  0]LogAIModule: Creating AISystem for world TopDownExampleMap
[2017.05.11-13.24.03:528][  0]LogEditorServer: Finished looking for orphan Actors (0.001 secs)
[2017.05.11-13.24.03:568][  0]Cmd: MAP CHECKDEP NOCLEARLOG
[2017.05.11-13.24.04:756][  0]MapCheck: Info Map check complete: 0 Error(s), 0 Warning(s), took 1,187.218ms to complete.
[2017.05.11-13.24.04:757][  0]LogFileHelpers: Loading map 'TopDownExampleMap' took 20.846
[2017.05.11-13.24.04:959][  0]LogWindowsTextInputMethodSystem:Display: IME system now deactivated.
[2017.05.11-13.24.04:960][  0]LogWindowsTextInputMethodSystem:Display: IME system now deactivated.
[2017.05.11-13.24.06:888][  0]LogCollectionManager: Loaded 0 collections in 0.009903 seconds
[2017.05.11-13.24.07:676][  0]LogFileCache: Scanning file cache for directory 'C:/Users/billy_000/team4/CISC374_Team4/Lionfish/Saved/Collections/' took 0.01s
[2017.05.11-13.24.07:676][  0]LogFileCache: Scanning file cache for directory 'C:/Users/billy_000/team4/CISC374_Team4/Lionfish/Content/Developers/billy000/Collections/' took 0.01s
[2017.05.11-13.24.07:676][  0]LogFileCache: Scanning file cache for directory 'C:/Users/billy_000/team4/CISC374_Team4/Lionfish/Content/Collections/' took 0.01s
[2017.05.11-13.24.07:676][  0]LogCollectionManager: Rebuilt the GUID cache for 0 collections in 0.000014 seconds
[2017.05.11-13.24.07:766][  0]LogContentBrowser: Native class hierarchy populated in 0.0868 seconds. Added 2245 classes and 453 folders.
[2017.05.11-13.24.07:863][  0]LogStats: UGameplayTagsManager::ConstructGameplayTagTree: Construct from data asset -  0.000 s
[2017.05.11-13.24.07:871][  0]LogStats: UGameplayTagsManager::ConstructGameplayTagTree: GameplayTagTreeChangedEvent.Broadcast -  0.000 s
[2017.05.11-13.24.08:387][  0]LogContentBrowser: Native class hierarchy updated for 'WidgetCarousel' in 0.0021 seconds. Added 0 classes and 0 folders.
[2017.05.11-13.24.10:664][  0]LogContentBrowser: Native class hierarchy updated for 'AddContentDialog' in 0.0033 seconds. Added 0 classes and 0 folders.
[2017.05.11-13.24.11:278][  0]LogContentBrowser: Native class hierarchy updated for 'SceneOutliner' in 0.0035 seconds. Added 1 classes and 2 folders.
[2017.05.11-13.24.12:174][  0]LogCrashTracker: Crashtracker disabled due to settings.
[2017.05.11-13.24.12:272][  0]LogUObjectGlobals:Warning: Failed to find object 'Class None.'
[2017.05.11-13.24.12:876][  0]LogContentBrowser: Native class hierarchy updated for 'HierarchicalLODOutliner' in 0.0024 seconds. Added 1 classes and 2 folders.
[2017.05.11-13.24.12:878][  0]LogLoad: (Engine Initialization) Total time: 261.96 seconds
[2017.05.11-13.24.12:878][  0]LogLoad: (Engine Initialization) Total Blueprint compile time: 5.00 seconds
[2017.05.11-13.24.12:878][  0]LogExternalProfiler: No external profilers were discovered.  External profiling features will not be available.
[2017.05.11-13.24.12:936][  0]LogOcInput: OculusInput pre-init called
[2017.05.11-13.24.13:148][  0]SourceControl: Info On branch master
[2017.05.11-13.24.13:148][  0]SourceControl: Info Your branch is up-to-date with 'origin/master'.
[2017.05.11-13.24.13:148][  0]SourceControl: Info Changes to be committed:
[2017.05.11-13.24.13:148][  0]SourceControl: Info   (use "git reset HEAD <file>..." to unstage)
[2017.05.11-13.24.13:149][  0]SourceControl: Info 	new file:   Lionfish/Content/Tutorial_Cinematic_Blueprint.uasset
[2017.05.11-13.24.13:149][  0]SourceControl: Info Changes not staged for commit:
[2017.05.11-13.24.13:149][  0]SourceControl: Info   (use "git add/rm <file>..." to update what will be committed)
[2017.05.11-13.24.13:149][  0]SourceControl: Info   (use "git checkout -- <file>..." to discard changes in working directory)
[2017.05.11-13.24.13:149][  0]SourceControl: Info 	modified:   Lionfish/Content/TopDownBP/Blueprints/Global_Variables.uasset
[2017.05.11-13.24.13:149][  0]SourceControl: Info 	modified:   Lionfish/Content/TopDownBP/Blueprints/MainMenu.uasset
[2017.05.11-13.24.13:149][  0]SourceControl: Info 	modified:   Lionfish/Content/TopDownBP/Maps/TopDownExampleMap.umap
[2017.05.11-13.24.13:149][  0]SourceControl: Info 	modified:   Lionfish/Intermediate/CachedAssetRegistry.bin
[2017.05.11-13.24.13:149][  0]SourceControl: Info 	modified:   Lionfish/Saved/AutoScreenshot.png
[2017.05.11-13.24.13:149][  0]SourceControl: Info 	modified:   Lionfish/Saved/Autosaves/PackageRestoreData.json
[2017.05.11-13.24.13:149][  0]SourceControl: Info 	modified:   Lionfish/Saved/Config/Windows/Editor.ini
[2017.05.11-13.24.13:149][  0]SourceControl: Info 	modified:   Lionfish/Saved/Config/Windows/EditorPerProjectUserSettings.ini
[2017.05.11-13.24.13:149][  0]SourceControl: Info 	deleted:    Lionfish/Saved/Logs/Lionfish-backup-2017.05.02-23.56.57.log
[2017.05.11-13.24.13:149][  0]SourceControl: Info 	deleted:    Lionfish/Saved/Logs/Lionfish-backup-2017.05.04-16.22.04.log
[2017.05.11-13.24.13:149][  0]SourceControl: Info 	modified:   Lionfish/Saved/Logs/Lionfish.log
[2017.05.11-13.24.13:151][  0]SourceControl: Info 	deleted:    Lionfish/Saved/Logs/UE4CC-Windows-5F54B7AB421F1387B38E67AE9B14AB1C/CrashReportClient.ini
[2017.05.11-13.24.13:151][  0]SourceControl: Info 	deleted:    Lionfish/Saved/Logs/UE4CC-Windows-6E87E856410132EB2A1F9896BCC52C79/CrashReportClient.ini
[2017.05.11-13.24.13:151][  0]SourceControl: Info 	deleted:    Lionfish/Saved/Logs/UE4CC-Windows-81C9D36E4FE8284FABC8C68F2F9691F1/CrashReportClient.ini
[2017.05.11-13.24.13:151][  0]SourceControl: Info 	deleted:    Lionfish/Saved/Logs/UE4CC-Windows-DBB8D1DA4C177DADF01701833CA7788E/CrashReportClient.ini
[2017.05.11-13.24.13:151][  0]SourceControl: Info Untracked files:
[2017.05.11-13.24.13:151][  0]SourceControl: Info   (use "git add <file>..." to include in what will be committed)
[2017.05.11-13.24.13:152][  0]SourceControl: Info 	Lionfish/Saved/Autosaves/Game/TopDownBP/Blueprints/Global_Variables_Auto9.uasset
[2017.05.11-13.24.13:152][  0]SourceControl: Info 	Lionfish/Saved/Autosaves/Game/TopDownBP/Blueprints/MainMenu_Auto0.uasset
[2017.05.11-13.24.13:152][  0]SourceControl: Info 	Lionfish/Saved/Autosaves/Game/TopDownBP/Blueprints/MainMenu_Auto9.uasset
[2017.05.11-13.24.13:152][  0]SourceControl: Info 	Lionfish/Saved/Autosaves/Game/TopDownBP/Maps/TopDownExampleMap_Auto0.umap
[2017.05.11-13.24.13:152][  0]SourceControl: Info 	Lionfish/Saved/Autosaves/Game/Tutorial_Cinematic_Blueprint_Auto0.uasset
[2017.05.11-13.24.13:152][  0]SourceControl: Info 	Lionfish/Saved/Backup/Global_Variables_2017-05-08-22-36-14.uasset
[2017.05.11-13.24.13:152][  0]SourceControl: Info 	Lionfish/Saved/Backup/Global_Variables_2017-05-10-10-11-13.uasset
[2017.05.11-13.24.13:152][  0]SourceControl: Info 	Lionfish/Saved/Backup/MainMenu_2017-05-08-22-36-14.uasset
[2017.05.11-13.24.13:152][  0]SourceControl: Info 	Lionfish/Saved/Backup/MainMenu_2017-05-09-22-10-52.uasset
[2017.05.11-13.24.13:152][  0]SourceControl: Info 	Lionfish/Saved/Backup/MainMenu_2017-05-10-10-11-13.uasset
[2017.05.11-13.24.13:152][  0]SourceControl: Info 	Lionfish/Saved/Backup/TopDownExampleMap_2017-05-09-22-10-49.umap
[2017.05.11-13.24.13:152][  0]SourceControl: Info 	Lionfish/Saved/Backup/TopDownExampleMap_2017-05-10-10-11-28.umap
[2017.05.11-13.24.13:152][  0]SourceControl: Info 	Lionfish/Saved/Logs/Lionfish-backup-2017.05.10-21.49.22.log
[2017.05.11-13.24.13:152][  0]SourceControl: Info 	Lionfish/Saved/Logs/Lionfish-backup-2017.05.11-09.20.09.log
[2017.05.11-13.24.13:152][  0]SourceControl: Info 	Lionfish/Saved/Logs/UE4CC-Windows-724704184840CB35E1EDC3941F6DBCA4/
[2017.05.11-13.24.13:153][  0]SourceControl: Info 	Lionfish/Saved/Logs/UE4CC-Windows-CAAFF9EF49CF041013A821B2D53F7B66/
[2017.05.11-13.24.13:168][  0]LogContentStreaming: Texture pool size now 400 MB
[2017.05.11-13.24.13:570][  0]LogSlate: Took 0.130949 seconds to synchronously load lazily loaded font '../../../Engine/Content/Slate/Fonts/Roboto-Regular.ttf' (155K)
[2017.05.11-13.24.13:654][  0]LogSlate: Took 0.031832 seconds to synchronously load lazily loaded font '../../../Engine/Content/Slate/Fonts/Roboto-Bold.ttf' (160K)
[2017.05.11-13.24.13:690][  0]LogSlate: Took 0.015208 seconds to synchronously load lazily loaded font '../../../Engine/Content/Editor/Slate/Fonts/FontAwesome.ttf' (139K)
[2017.05.11-13.24.15:092][  0]LogRenderer: Reallocating scene render targets to support 840x364 NumSamples 1 (Frame:2).
[2017.05.11-13.24.16:296][  0]LogSlate: Took 0.032103 seconds to synchronously load lazily loaded font '../../../Engine/Content/Slate/Fonts/Roboto-Light.ttf' (159K)
[2017.05.11-13.24.18:824][ 11]LogAssetRegistry: Asset discovery search completed in 165.3373 seconds
[2017.05.11-13.24.18:824][ 11]LogCollectionManager: Rebuilt the object cache for 0 collections in 0.000020 seconds (found 0 objects)
[2017.05.11-13.24.18:833][ 11]LogCollectionManager: Fixed up redirectors for 0 collections in 0.000082 seconds (updated 0 objects)
[2017.05.11-13.24.21:837][113]LogFileCache: Retrieving MD5 hashes for directory 'C:/Users/billy_000/team4/CISC374_Team4/Lionfish/Content/' took 8.86s
[2017.05.11-13.25.16:256][782]LogEditorViewport: Clicking on Actor (LMB): StaticMeshActor (Water)
[2017.05.11-13.25.18:948][791]LogEditorViewport: Clicking on Actor (LMB): StaticMeshActor (Water)
[2017.05.11-13.27.19:819][102]LogRenderer: Reallocating scene render targets to support 840x368 NumSamples 1 (Frame:496).
[2017.05.11-13.27.19:980][103]LogRenderer: Reallocating scene render targets to support 840x440 NumSamples 1 (Frame:498).
[2017.05.11-13.27.20:242][104]LogRenderer: Reallocating scene render targets to support 840x524 NumSamples 1 (Frame:500).
[2017.05.11-13.27.20:606][105]LogRenderer: Reallocating scene render targets to support 840x588 NumSamples 1 (Frame:502).
[2017.05.11-13.31.08:232][226]LogEditorViewport: Clicking on Actor (LMB): InstancedFoliageActor (InstancedFoliageActor)
[2017.05.11-13.31.10:243][259]LogEditorViewport: Clicking on Actor (LMB): StaticMeshActor (Floor)
[2017.05.11-13.31.12:190][288]LogEditorViewport: Clicking on Actor (LMB): TopDownCharacter_C (TopDownCharacter)
[2017.05.11-13.31.29:096][506]LogEditorViewport: Clicking on Actor (LMB): TopDownCharacter_C (TopDownCharacter)
[2017.05.11-13.31.31:456][555]LogEditorViewport: Clicking on Actor (LMB): TopDownCharacter_C (TopDownCharacter)
[2017.05.11-13.31.36:808][653]LogEditorViewport: Clicking on Actor (LMB): BP_Sky_Sphere_C (SkySphereBlueprint)
[2017.05.11-13.31.44:415][789]LogEditorViewport: Clicking on Actor (LMB): Lionfish_C (Lionfish)
[2017.05.11-13.31.47:190][836]LogEditorViewport: Clicking on Actor (LMB): Lionfish_C (Lionfish)
[2017.05.11-13.32.37:044][285]LogEditorViewport: Clicking on Actor (LMB): BP_Sky_Sphere_C (SkySphereBlueprint)
[2017.05.11-13.34.13:241][695]LogSlate: Took 0.001572 seconds to synchronously load lazily loaded font '../../../Engine/Content/Slate/Fonts/Roboto-Light.ttf' (159K)
[2017.05.11-13.34.13:258][695]LogSlate: Took 0.001555 seconds to synchronously load lazily loaded font '../../../Engine/Content/Slate/Fonts/Roboto-Light.ttf' (159K)
[2017.05.11-13.34.15:799][695]LogSlate: Took 0.001645 seconds to synchronously load lazily loaded font '../../../Engine/Content/Slate/Fonts/Roboto-Regular.ttf' (155K)
[2017.05.11-13.34.16:128][695]LogSavePackage: Save=1917.40ms
[2017.05.11-13.34.16:128][695]LogSavePackage: Moving '../../../../../../Users/billy_000/team4/CISC374_Team4/Lionfish/Saved/TopDownExampleMap_Auto1CF2AF207451A5D5DB06EDFA55DC8FB0C.tmp' to '../../../../../../Users/billy_000/team4/CISC374_Team4/Lionfish/Saved/Autosaves/Game/TopDownBP/Maps/TopDownExampleMap_Auto1.umap'
[2017.05.11-13.34.16:169][695]LogSavePackage:Display: Finished SavePackage ../../../../../../Users/billy_000/team4/CISC374_Team4/Lionfish/Saved/Autosaves/Game/TopDownBP/Maps/TopDownExampleMap_Auto1.umap
[2017.05.11-13.34.16:192][695]LogFileHelpers: Editor autosave (incl. sublevels) for '/Game/TopDownBP/Maps/TopDownExampleMap' took 2.670
[2017.05.11-13.34.16:192][695]LogFileHelpers: Editor autosave (incl. sublevels) for all levels took 2.670
[2017.05.11-13.34.54:414][124]LogTemp: Repeting last play command: Selected Viewport
[2017.05.11-13.34.54:509][124]LogBlueprintUserMessages: Early PlayInEditor Detection: Level '/Game/TopDownBP/Maps/TopDownExampleMap.TopDownExampleMap:PersistentLevel' has LevelScriptBlueprint '/Game/TopDownBP/Maps/TopDownExampleMap.TopDownExampleMap:PersistentLevel.TopDownExampleMap' with GeneratedClass '/Game/TopDownBP/Maps/TopDownExampleMap.TopDownExampleMap_C' with ClassGeneratedBy '/Game/TopDownBP/Maps/TopDownExampleMap.TopDownExampleMap:PersistentLevel.TopDownExampleMap'
[2017.05.11-13.34.54:510][124]LogPlayLevel: PlayLevel: No blueprints needed recompiling
[2017.05.11-13.34.54:527][124]PIE: New page: PIE session: TopDownExampleMap (May 11, 2017, 5:34:54 AM)
[2017.05.11-13.34.54:565][124]LogPlayLevel: Creating play world package: /Game/TopDownBP/Maps/UEDPIE_0_TopDownExampleMap
[2017.05.11-13.34.54:775][124]LogPlayLevel: PIE: StaticDuplicateObject took: (0.209616s)
[2017.05.11-13.34.54:777][124]LogAIModule: Creating AISystem for world TopDownExampleMap
[2017.05.11-13.34.54:778][124]LogPlayLevel: PIE: World Init took: (0.003267s)
[2017.05.11-13.34.54:779][124]LogPlayLevel: PIE: Created PIE world by copying editor world from /Game/TopDownBP/Maps/TopDownExampleMap.TopDownExampleMap to /Game/TopDownBP/Maps/UEDPIE_0_TopDownExampleMap.TopDownExampleMap (0.226808s)
[2017.05.11-13.34.54:851][124]LogInit: XAudio2 using 'Speaker/HP (Realtek High Definition Audio)' : 2 channels at 48 kHz using 32 bits per sample (channel mask 0x3)
[2017.05.11-13.34.54:933][124]LogInit: FAudioDevice initialized.
[2017.05.11-13.34.55:182][124]LogLoad: Game class is 'TopDownGameMode_C'
[2017.05.11-13.34.55:213][124]LogWorld: Bringing World /Game/TopDownBP/Maps/UEDPIE_0_TopDownExampleMap.TopDownExampleMap up for play (max tick rate 0) at 2017.05.11-09.34.55
[2017.05.11-13.34.55:704][124]LogWorld: Bringing up level for play took: 0.513577
[2017.05.11-13.34.56:411][124]LogContentBrowser: Native class hierarchy updated for 'MovieSceneCapture' in 0.0043 seconds. Added 11 classes and 0 folders.
[2017.05.11-13.34.56:849][124]PIE: Info Play in editor start time for /Game/TopDownBP/Maps/UEDPIE_0_TopDownExampleMap 2.236
[2017.05.11-13.34.56:851][124]LogBlueprintUserMessages: Late PlayInEditor Detection: Level '/Game/TopDownBP/Maps/TopDownExampleMap.TopDownExampleMap:PersistentLevel' has LevelScriptBlueprint '/Game/TopDownBP/Maps/TopDownExampleMap.TopDownExampleMap:PersistentLevel.TopDownExampleMap' with GeneratedClass '/Game/TopDownBP/Maps/TopDownExampleMap.TopDownExampleMap_C' with ClassGeneratedBy '/Game/TopDownBP/Maps/TopDownExampleMap.TopDownExampleMap:PersistentLevel.TopDownExampleMap'
[2017.05.11-13.35.08:019][291]LogBlueprintUserMessages: Early EndPlayMap Detection: Level '/Game/TopDownBP/Maps/TopDownExampleMap.TopDownExampleMap:PersistentLevel' has LevelScriptBlueprint '/Game/TopDownBP/Maps/TopDownExampleMap.TopDownExampleMap:PersistentLevel.TopDownExampleMap' with GeneratedClass '/Game/TopDownBP/Maps/TopDownExampleMap.TopDownExampleMap_C' with ClassGeneratedBy '/Game/TopDownBP/Maps/TopDownExampleMap.TopDownExampleMap:PersistentLevel.TopDownExampleMap'
[2017.05.11-13.35.08:316][291]LogBlueprintUserMessages: Late EndPlayMap Detection: Level '/Game/TopDownBP/Maps/TopDownExampleMap.TopDownExampleMap:PersistentLevel' has LevelScriptBlueprint '/Game/TopDownBP/Maps/TopDownExampleMap.TopDownExampleMap:PersistentLevel.TopDownExampleMap' with GeneratedClass '/Game/TopDownBP/Maps/TopDownExampleMap.TopDownExampleMap_C' with ClassGeneratedBy '/Game/TopDownBP/Maps/TopDownExampleMap.TopDownExampleMap:PersistentLevel.TopDownExampleMap'
[2017.05.11-13.35.10:452][325]LogTemp: Repeting last play command: Selected Viewport
[2017.05.11-13.35.10:577][325]LogBlueprintUserMessages: Early PlayInEditor Detection: Level '/Game/TopDownBP/Maps/TopDownExampleMap.TopDownExampleMap:PersistentLevel' has LevelScriptBlueprint '/Game/TopDownBP/Maps/TopDownExampleMap.TopDownExampleMap:PersistentLevel.TopDownExampleMap' with GeneratedClass '/Game/TopDownBP/Maps/TopDownExampleMap.TopDownExampleMap_C' with ClassGeneratedBy '/Game/TopDownBP/Maps/TopDownExampleMap.TopDownExampleMap:PersistentLevel.TopDownExampleMap'
[2017.05.11-13.35.10:578][325]LogPlayLevel: PlayLevel: No blueprints needed recompiling
[2017.05.11-13.35.10:578][325]PIE: New page: PIE session: TopDownExampleMap (May 11, 2017, 5:35:10 AM)
[2017.05.11-13.35.10:582][325]LogPlayLevel: Creating play world package: /Game/TopDownBP/Maps/UEDPIE_0_TopDownExampleMap
[2017.05.11-13.35.10:730][325]LogPlayLevel: PIE: StaticDuplicateObject took: (0.147891s)
[2017.05.11-13.35.10:734][325]LogAIModule: Creating AISystem for world TopDownExampleMap
[2017.05.11-13.35.10:735][325]LogPlayLevel: PIE: World Init took: (0.005424s)
[2017.05.11-13.35.10:736][325]LogPlayLevel: PIE: Created PIE world by copying editor world from /Game/TopDownBP/Maps/TopDownExampleMap.TopDownExampleMap to /Game/TopDownBP/Maps/UEDPIE_0_TopDownExampleMap.TopDownExampleMap (0.154769s)
[2017.05.11-13.35.10:915][325]LogInit: XAudio2 using 'Speaker/HP (Realtek High Definition Audio)' : 2 channels at 48 kHz using 32 bits per sample (channel mask 0x3)
[2017.05.11-13.35.11:059][325]LogInit: FAudioDevice initialized.
[2017.05.11-13.35.11:119][325]LogLoad: Game class is 'TopDownGameMode_C'
[2017.05.11-13.35.11:138][325]LogWorld: Bringing World /Game/TopDownBP/Maps/UEDPIE_0_TopDownExampleMap.TopDownExampleMap up for play (max tick rate 0) at 2017.05.11-09.35.11
[2017.05.11-13.35.11:141][325]LogWorld: Bringing up level for play took: 0.017793
[2017.05.11-13.35.11:164][325]PIE: Info Play in editor start time for /Game/TopDownBP/Maps/UEDPIE_0_TopDownExampleMap 0.55
[2017.05.11-13.35.11:165][325]LogBlueprintUserMessages: Late PlayInEditor Detection: Level '/Game/TopDownBP/Maps/TopDownExampleMap.TopDownExampleMap:PersistentLevel' has LevelScriptBlueprint '/Game/TopDownBP/Maps/TopDownExampleMap.TopDownExampleMap:PersistentLevel.TopDownExampleMap' with GeneratedClass '/Game/TopDownBP/Maps/TopDownExampleMap.TopDownExampleMap_C' with ClassGeneratedBy '/Game/TopDownBP/Maps/TopDownExampleMap.TopDownExampleMap:PersistentLevel.TopDownExampleMap'
[2017.05.11-13.36.27:203][434]LogBlueprintUserMessages: Early EndPlayMap Detection: Level '/Game/TopDownBP/Maps/TopDownExampleMap.TopDownExampleMap:PersistentLevel' has LevelScriptBlueprint '/Game/TopDownBP/Maps/TopDownExampleMap.TopDownExampleMap:PersistentLevel.TopDownExampleMap' with GeneratedClass '/Game/TopDownBP/Maps/TopDownExampleMap.TopDownExampleMap_C' with ClassGeneratedBy '/Game/TopDownBP/Maps/TopDownExampleMap.TopDownExampleMap:PersistentLevel.TopDownExampleMap'
[2017.05.11-13.36.27:486][434]LogBlueprintUserMessages: Late EndPlayMap Detection: Level '/Game/TopDownBP/Maps/TopDownExampleMap.TopDownExampleMap:PersistentLevel' has LevelScriptBlueprint '/Game/TopDownBP/Maps/TopDownExampleMap.TopDownExampleMap:PersistentLevel.TopDownExampleMap' with GeneratedClass '/Game/TopDownBP/Maps/TopDownExampleMap.TopDownExampleMap_C' with ClassGeneratedBy '/Game/TopDownBP/Maps/TopDownExampleMap.TopDownExampleMap:PersistentLevel.TopDownExampleMap'
[2017.05.11-13.36.27:703][434]LogRenderer: Reallocating scene render targets to support 1100x588 NumSamples 1 (Frame:2707).
[2017.05.11-13.40.48:299][843]LogTemp: Repeting last play command: Selected Viewport
[2017.05.11-13.40.48:411][843]LogBlueprintUserMessages: Early PlayInEditor Detection: Level '/Game/TopDownBP/Maps/TopDownExampleMap.TopDownExampleMap:PersistentLevel' has LevelScriptBlueprint '/Game/TopDownBP/Maps/TopDownExampleMap.TopDownExampleMap:PersistentLevel.TopDownExampleMap' with GeneratedClass '/Game/TopDownBP/Maps/TopDownExampleMap.TopDownExampleMap_C' with ClassGeneratedBy '/Game/TopDownBP/Maps/TopDownExampleMap.TopDownExampleMap:PersistentLevel.TopDownExampleMap'
[2017.05.11-13.40.48:411][843]LogPlayLevel: PlayLevel: No blueprints needed recompiling
[2017.05.11-13.40.48:412][843]PIE: New page: PIE session: TopDownExampleMap (May 11, 2017, 5:40:48 AM)
[2017.05.11-13.40.48:415][843]LogPlayLevel: Creating play world package: /Game/TopDownBP/Maps/UEDPIE_0_TopDownExampleMap
[2017.05.11-13.40.48:574][843]LogPlayLevel: PIE: StaticDuplicateObject took: (0.158809s)
[2017.05.11-13.40.48:577][843]LogAIModule: Creating AISystem for world TopDownExampleMap
[2017.05.11-13.40.48:578][843]LogPlayLevel: PIE: World Init took: (0.003610s)
[2017.05.11-13.40.48:579][843]LogPlayLevel: PIE: Created PIE world by copying editor world from /Game/TopDownBP/Maps/TopDownExampleMap.TopDownExampleMap to /Game/TopDownBP/Maps/UEDPIE_0_TopDownExampleMap.TopDownExampleMap (0.163572s)
[2017.05.11-13.40.48:650][843]LogInit: XAudio2 using 'Speaker/HP (Realtek High Definition Audio)' : 2 channels at 48 kHz using 32 bits per sample (channel mask 0x3)
[2017.05.11-13.40.48:749][843]LogInit: FAudioDevice initialized.
[2017.05.11-13.40.48:804][843]LogLoad: Game class is 'TopDownGameMode_C'
[2017.05.11-13.40.48:823][843]LogWorld: Bringing World /Game/TopDownBP/Maps/UEDPIE_0_TopDownExampleMap.TopDownExampleMap up for play (max tick rate 60) at 2017.05.11-09.40.48
[2017.05.11-13.40.48:827][843]LogWorld: Bringing up level for play took: 0.018217
[2017.05.11-13.40.48:849][843]PIE: Info Play in editor start time for /Game/TopDownBP/Maps/UEDPIE_0_TopDownExampleMap 0.235
[2017.05.11-13.40.48:850][843]LogBlueprintUserMessages: Late PlayInEditor Detection: Level '/Game/TopDownBP/Maps/TopDownExampleMap.TopDownExampleMap:PersistentLevel' has LevelScriptBlueprint '/Game/TopDownBP/Maps/TopDownExampleMap.TopDownExampleMap:PersistentLevel.TopDownExampleMap' with GeneratedClass '/Game/TopDownBP/Maps/TopDownExampleMap.TopDownExampleMap_C' with ClassGeneratedBy '/Game/TopDownBP/Maps/TopDownExampleMap.TopDownExampleMap:PersistentLevel.TopDownExampleMap'
[2017.05.11-13.41.19:991][334]LogBlueprintUserMessages: Early EndPlayMap Detection: Level '/Game/TopDownBP/Maps/TopDownExampleMap.TopDownExampleMap:PersistentLevel' has LevelScriptBlueprint '/Game/TopDownBP/Maps/TopDownExampleMap.TopDownExampleMap:PersistentLevel.TopDownExampleMap' with GeneratedClass '/Game/TopDownBP/Maps/TopDownExampleMap.TopDownExampleMap_C' with ClassGeneratedBy '/Game/TopDownBP/Maps/TopDownExampleMap.TopDownExampleMap:PersistentLevel.TopDownExampleMap'
[2017.05.11-13.41.20:185][334]LogBlueprintUserMessages: Late EndPlayMap Detection: Level '/Game/TopDownBP/Maps/TopDownExampleMap.TopDownExampleMap:PersistentLevel' has LevelScriptBlueprint '/Game/TopDownBP/Maps/TopDownExampleMap.TopDownExampleMap:PersistentLevel.TopDownExampleMap' with GeneratedClass '/Game/TopDownBP/Maps/TopDownExampleMap.TopDownExampleMap_C' with ClassGeneratedBy '/Game/TopDownBP/Maps/TopDownExampleMap.TopDownExampleMap:PersistentLevel.TopDownExampleMap'
[2017.05.11-13.41.51:849][405]LogTemp: Repeting last play command: Selected Viewport
[2017.05.11-13.41.51:924][405]LogBlueprintUserMessages: Early PlayInEditor Detection: Level '/Game/TopDownBP/Maps/TopDownExampleMap.TopDownExampleMap:PersistentLevel' has LevelScriptBlueprint '/Game/TopDownBP/Maps/TopDownExampleMap.TopDownExampleMap:PersistentLevel.TopDownExampleMap' with GeneratedClass '/Game/TopDownBP/Maps/TopDownExampleMap.TopDownExampleMap_C' with ClassGeneratedBy '/Game/TopDownBP/Maps/TopDownExampleMap.TopDownExampleMap:PersistentLevel.TopDownExampleMap'
[2017.05.11-13.41.51:924][405]LogPlayLevel: PlayLevel: No blueprints needed recompiling
[2017.05.11-13.41.51:924][405]PIE: New page: PIE session: TopDownExampleMap (May 11, 2017, 5:41:51 AM)
[2017.05.11-13.41.51:928][405]LogPlayLevel: Creating play world package: /Game/TopDownBP/Maps/UEDPIE_0_TopDownExampleMap
[2017.05.11-13.41.52:036][405]LogPlayLevel: PIE: StaticDuplicateObject took: (0.108255s)
[2017.05.11-13.41.52:038][405]LogAIModule: Creating AISystem for world TopDownExampleMap
[2017.05.11-13.41.52:039][405]LogPlayLevel: PIE: World Init took: (0.002546s)
[2017.05.11-13.41.52:040][405]LogPlayLevel: PIE: Created PIE world by copying editor world from /Game/TopDownBP/Maps/TopDownExampleMap.TopDownExampleMap to /Game/TopDownBP/Maps/UEDPIE_0_TopDownExampleMap.TopDownExampleMap (0.112211s)
[2017.05.11-13.41.52:098][405]LogInit: XAudio2 using 'Speaker/HP (Realtek High Definition Audio)' : 2 channels at 48 kHz using 32 bits per sample (channel mask 0x3)
[2017.05.11-13.41.52:165][405]LogInit: FAudioDevice initialized.
[2017.05.11-13.41.52:217][405]LogLoad: Game class is 'TopDownGameMode_C'
[2017.05.11-13.41.52:232][405]LogWorld: Bringing World /Game/TopDownBP/Maps/UEDPIE_0_TopDownExampleMap.TopDownExampleMap up for play (max tick rate 60) at 2017.05.11-09.41.52
[2017.05.11-13.41.52:235][405]LogWorld: Bringing up level for play took: 0.014366
[2017.05.11-13.41.52:252][405]PIE: Info Play in editor start time for /Game/TopDownBP/Maps/UEDPIE_0_TopDownExampleMap -0.362
[2017.05.11-13.41.52:253][405]LogBlueprintUserMessages: Late PlayInEditor Detection: Level '/Game/TopDownBP/Maps/TopDownExampleMap.TopDownExampleMap:PersistentLevel' has LevelScriptBlueprint '/Game/TopDownBP/Maps/TopDownExampleMap.TopDownExampleMap:PersistentLevel.TopDownExampleMap' with GeneratedClass '/Game/TopDownBP/Maps/TopDownExampleMap.TopDownExampleMap_C' with ClassGeneratedBy '/Game/TopDownBP/Maps/TopDownExampleMap.TopDownExampleMap:PersistentLevel.TopDownExampleMap'
[2017.05.11-13.41.57:054][466]LogBlueprintUserMessages: Early EndPlayMap Detection: Level '/Game/TopDownBP/Maps/TopDownExampleMap.TopDownExampleMap:PersistentLevel' has LevelScriptBlueprint '/Game/TopDownBP/Maps/TopDownExampleMap.TopDownExampleMap:PersistentLevel.TopDownExampleMap' with GeneratedClass '/Game/TopDownBP/Maps/TopDownExampleMap.TopDownExampleMap_C' with ClassGeneratedBy '/Game/TopDownBP/Maps/TopDownExampleMap.TopDownExampleMap:PersistentLevel.TopDownExampleMap'
[2017.05.11-13.41.57:321][466]LogBlueprintUserMessages: Late EndPlayMap Detection: Level '/Game/TopDownBP/Maps/TopDownExampleMap.TopDownExampleMap:PersistentLevel' has LevelScriptBlueprint '/Game/TopDownBP/Maps/TopDownExampleMap.TopDownExampleMap:PersistentLevel.TopDownExampleMap' with GeneratedClass '/Game/TopDownBP/Maps/TopDownExampleMap.TopDownExampleMap_C' with ClassGeneratedBy '/Game/TopDownBP/Maps/TopDownExampleMap.TopDownExampleMap:PersistentLevel.TopDownExampleMap'
[2017.05.11-13.41.58:689][486]LogTemp: Repeting last play command: Selected Viewport
[2017.05.11-13.41.58:824][486]LogBlueprintUserMessages: Early PlayInEditor Detection: Level '/Game/TopDownBP/Maps/TopDownExampleMap.TopDownExampleMap:PersistentLevel' has LevelScriptBlueprint '/Game/TopDownBP/Maps/TopDownExampleMap.TopDownExampleMap:PersistentLevel.TopDownExampleMap' with GeneratedClass '/Game/TopDownBP/Maps/TopDownExampleMap.TopDownExampleMap_C' with ClassGeneratedBy '/Game/TopDownBP/Maps/TopDownExampleMap.TopDownExampleMap:PersistentLevel.TopDownExampleMap'
[2017.05.11-13.41.58:824][486]LogPlayLevel: PlayLevel: No blueprints needed recompiling
[2017.05.11-13.41.58:825][486]PIE: New page: PIE session: TopDownExampleMap (May 11, 2017, 5:41:58 AM)
[2017.05.11-13.41.58:828][486]LogPlayLevel: Creating play world package: /Game/TopDownBP/Maps/UEDPIE_0_TopDownExampleMap
[2017.05.11-13.41.58:995][486]LogPlayLevel: PIE: StaticDuplicateObject took: (0.166760s)
[2017.05.11-13.41.59:001][486]LogAIModule: Creating AISystem for world TopDownExampleMap
[2017.05.11-13.41.59:003][486]LogPlayLevel: PIE: World Init took: (0.007274s)
[2017.05.11-13.41.59:004][486]LogPlayLevel: PIE: Created PIE world by copying editor world from /Game/TopDownBP/Maps/TopDownExampleMap.TopDownExampleMap to /Game/TopDownBP/Maps/UEDPIE_0_TopDownExampleMap.TopDownExampleMap (0.175904s)
[2017.05.11-13.41.59:145][486]LogInit: XAudio2 using 'Speaker/HP (Realtek High Definition Audio)' : 2 channels at 48 kHz using 32 bits per sample (channel mask 0x3)
[2017.05.11-13.41.59:238][486]LogInit: FAudioDevice initialized.
[2017.05.11-13.41.59:296][486]LogLoad: Game class is 'TopDownGameMode_C'
[2017.05.11-13.41.59:317][486]LogWorld: Bringing World /Game/TopDownBP/Maps/UEDPIE_0_TopDownExampleMap.TopDownExampleMap up for play (max tick rate 60) at 2017.05.11-09.41.59
[2017.05.11-13.41.59:321][486]LogWorld: Bringing up level for play took: 0.020588
[2017.05.11-13.41.59:345][486]PIE: Info Play in editor start time for /Game/TopDownBP/Maps/UEDPIE_0_TopDownExampleMap 0.731
[2017.05.11-13.41.59:346][486]LogBlueprintUserMessages: Late PlayInEditor Detection: Level '/Game/TopDownBP/Maps/TopDownExampleMap.TopDownExampleMap:PersistentLevel' has LevelScriptBlueprint '/Game/TopDownBP/Maps/TopDownExampleMap.TopDownExampleMap:PersistentLevel.TopDownExampleMap' with GeneratedClass '/Game/TopDownBP/Maps/TopDownExampleMap.TopDownExampleMap_C' with ClassGeneratedBy '/Game/TopDownBP/Maps/TopDownExampleMap.TopDownExampleMap:PersistentLevel.TopDownExampleMap'
[2017.05.11-14.10.52:691][148]LogContentBrowser: Native class hierarchy updated for 'BlueprintGraph' in 0.0077 seconds. Added 112 classes and 0 folders.
[2017.05.11-14.10.59:934][148]LogSlate: Took 0.030027 seconds to synchronously load lazily loaded font '../../../Engine/Content/Editor/Slate/Fonts/Roboto-BoldCondensed.ttf' (158K)
[2017.05.11-14.11.07:168][204]LogBlueprintUserMessages: Early EndPlayMap Detection: Level '/Game/TopDownBP/Maps/TopDownExampleMap.TopDownExampleMap:PersistentLevel' has LevelScriptBlueprint '/Game/TopDownBP/Maps/TopDownExampleMap.TopDownExampleMap:PersistentLevel.TopDownExampleMap' with GeneratedClass '/Game/TopDownBP/Maps/TopDownExampleMap.TopDownExampleMap_C' with ClassGeneratedBy '/Game/TopDownBP/Maps/TopDownExampleMap.TopDownExampleMap:PersistentLevel.TopDownExampleMap'
[2017.05.11-14.11.07:417][204]LogBlueprintUserMessages: Late EndPlayMap Detection: Level '/Game/TopDownBP/Maps/TopDownExampleMap.TopDownExampleMap:PersistentLevel' has LevelScriptBlueprint '/Game/TopDownBP/Maps/TopDownExampleMap.TopDownExampleMap:PersistentLevel.TopDownExampleMap' with GeneratedClass '/Game/TopDownBP/Maps/TopDownExampleMap.TopDownExampleMap_C' with ClassGeneratedBy '/Game/TopDownBP/Maps/TopDownExampleMap.TopDownExampleMap:PersistentLevel.TopDownExampleMap'
[2017.05.11-14.11.17:660][258]LogSlate: Took 0.017525 seconds to synchronously load lazily loaded font '../../../Engine/Content/Editor/Slate/Fonts/Roboto-Italic.ttf' (157K)
[2017.05.11-14.16.00:371][859]LogFileHelpers: Editor autosave (incl. sublevels) for '/Game/TopDownBP/Maps/TopDownExampleMap' took 0.100
[2017.05.11-14.16.00:382][859]OBJ SavePackage: Generating thumbnails for [0] asset(s) in package [/Game/TopDownBP/Blueprints/MainMenu] ([1] browsable assets)...
[2017.05.11-14.16.00:382][859]OBJ SavePackage: Finished generating thumbnails for package [/Game/TopDownBP/Blueprints/MainMenu]
[2017.05.11-14.16.00:738][859]LogSavePackage: Save=286.42ms
[2017.05.11-14.16.00:738][859]LogSavePackage: Moving '../../../../../../Users/billy_000/team4/CISC374_Team4/Lionfish/Saved/MainMenu_Auto25B42B8B34C2A24F5186A8E8B10A56AAF.tmp' to '../../../../../../Users/billy_000/team4/CISC374_Team4/Lionfish/Saved/Autosaves/Game/TopDownBP/Blueprints/MainMenu_Auto2.uasset'
[2017.05.11-14.16.00:751][859]LogSavePackage:Display: Finished SavePackage ../../../../../../Users/billy_000/team4/CISC374_Team4/Lionfish/Saved/Autosaves/Game/TopDownBP/Blueprints/MainMenu_Auto2.uasset
[2017.05.11-14.16.00:751][859]LogFileHelpers: Auto-saving content packages took 0.376
[2017.05.11-14.17.53:040][329]LogFactory: FactoryCreateFile: Texture with ReimportTextureFactory (0 0 C:\Users\billy_000\Desktop\tutorial3.png)
[2017.05.11-14.17.53:287][329]LogTexture:Display: Building textures: tutorial3 (BGRA8, 970X531) - 115 MB total VRAM
[2017.05.11-14.17.54:730][329]LogFactory: FactoryCreateFile: Texture with ReimportTextureFactory (0 0 C:\Users\billy_000\Desktop\tutorial1.png)
[2017.05.11-14.17.54:833][329]LogTexture:Display: Building textures: tutorial1 (BGRA8, 837X516) - 117 MB total VRAM
[2017.05.11-14.17.56:026][329]LogFactory: FactoryCreateFile: Texture with ReimportTextureFactory (0 0 C:\Users\billy_000\Desktop\tutorial2.png)
[2017.05.11-14.17.56:141][329]LogTexture:Display: Building textures: tutorial2 (BGRA8, 842X525) - 119 MB total VRAM
[2017.05.11-14.26.01:496][464]LogFileHelpers: Editor autosave (incl. sublevels) for '/Game/TopDownBP/Maps/TopDownExampleMap' took 0.151
[2017.05.11-14.26.01:517][464]OBJ SavePackage: Generating thumbnails for [0] asset(s) in package [/Game/TopDownBP/Blueprints/MainMenu] ([1] browsable assets)...
[2017.05.11-14.26.01:517][464]OBJ SavePackage: Finished generating thumbnails for package [/Game/TopDownBP/Blueprints/MainMenu]
[2017.05.11-14.26.01:863][464]LogSavePackage: Save=274.33ms
[2017.05.11-14.26.01:864][464]LogSavePackage: Moving '../../../../../../Users/billy_000/team4/CISC374_Team4/Lionfish/Saved/MainMenu_Auto34AC7869147CF8535639D2A8997A1D32C.tmp' to '../../../../../../Users/billy_000/team4/CISC374_Team4/Lionfish/Saved/Autosaves/Game/TopDownBP/Blueprints/MainMenu_Auto3.uasset'
[2017.05.11-14.26.01:879][464]LogSavePackage:Display: Finished SavePackage ../../../../../../Users/billy_000/team4/CISC374_Team4/Lionfish/Saved/Autosaves/Game/TopDownBP/Blueprints/MainMenu_Auto3.uasset
[2017.05.11-14.26.01:884][464]OBJ SavePackage: Generating thumbnails for [1] asset(s) in package [/Game/tutorial3] ([1] browsable assets)...
[2017.05.11-14.26.01:964][464]OBJ SavePackage:     Rendered thumbnail for [Texture2D /Game/tutorial3.tutorial3]
[2017.05.11-14.26.01:964][464]OBJ SavePackage: Finished generating thumbnails for package [/Game/tutorial3]
[2017.05.11-14.26.01:964][464]Cmd: OBJ SAVEPACKAGE PACKAGE="/Game/tutorial3" FILE="../../../../../../Users/billy_000/team4/CISC374_Team4/Lionfish/Saved/Autosaves/Game/tutorial3_Auto3.uasset" SILENT=false AUTOSAVING=true
[2017.05.11-14.26.02:061][464]LogSavePackage: Save=88.60ms
[2017.05.11-14.26.02:061][464]LogSavePackage: Moving '../../../../../../Users/billy_000/team4/CISC374_Team4/Lionfish/Saved/tutorial3_Auto34CAF5A104125A56FCB9CE5AAC7C17CF8.tmp' to '../../../../../../Users/billy_000/team4/CISC374_Team4/Lionfish/Saved/Autosaves/Game/tutorial3_Auto3.uasset'
[2017.05.11-14.26.02:079][464]LogSavePackage:Display: Finished SavePackage ../../../../../../Users/billy_000/team4/CISC374_Team4/Lionfish/Saved/Autosaves/Game/tutorial3_Auto3.uasset
[2017.05.11-14.26.02:084][464]OBJ SavePackage: Generating thumbnails for [1] asset(s) in package [/Game/tutorial1] ([1] browsable assets)...
[2017.05.11-14.26.02:142][464]OBJ SavePackage:     Rendered thumbnail for [Texture2D /Game/tutorial1.tutorial1]
[2017.05.11-14.26.02:142][464]OBJ SavePackage: Finished generating thumbnails for package [/Game/tutorial1]
[2017.05.11-14.26.02:142][464]Cmd: OBJ SAVEPACKAGE PACKAGE="/Game/tutorial1" FILE="../../../../../../Users/billy_000/team4/CISC374_Team4/Lionfish/Saved/Autosaves/Game/tutorial1_Auto3.uasset" SILENT=false AUTOSAVING=true
[2017.05.11-14.26.02:201][464]LogSavePackage: Save=51.26ms
[2017.05.11-14.26.02:201][464]LogSavePackage: Moving '../../../../../../Users/billy_000/team4/CISC374_Team4/Lionfish/Saved/tutorial1_Auto31A8F70544000065547BFF39754932736.tmp' to '../../../../../../Users/billy_000/team4/CISC374_Team4/Lionfish/Saved/Autosaves/Game/tutorial1_Auto3.uasset'
[2017.05.11-14.26.02:214][464]LogSavePackage:Display: Finished SavePackage ../../../../../../Users/billy_000/team4/CISC374_Team4/Lionfish/Saved/Autosaves/Game/tutorial1_Auto3.uasset
[2017.05.11-14.26.02:218][464]OBJ SavePackage: Generating thumbnails for [1] asset(s) in package [/Game/tutorial2] ([1] browsable assets)...
[2017.05.11-14.26.02:274][464]OBJ SavePackage:     Rendered thumbnail for [Texture2D /Game/tutorial2.tutorial2]
[2017.05.11-14.26.02:274][464]OBJ SavePackage: Finished generating thumbnails for package [/Game/tutorial2]
[2017.05.11-14.26.02:275][464]Cmd: OBJ SAVEPACKAGE PACKAGE="/Game/tutorial2" FILE="../../../../../../Users/billy_000/team4/CISC374_Team4/Lionfish/Saved/Autosaves/Game/tutorial2_Auto3.uasset" SILENT=false AUTOSAVING=true
[2017.05.11-14.26.02:329][464]LogSavePackage: Save=46.42ms
[2017.05.11-14.26.02:329][464]LogSavePackage: Moving '../../../../../../Users/billy_000/team4/CISC374_Team4/Lionfish/Saved/tutorial2_Auto374ED758A4D32924B63B233A1AF8DECD8.tmp' to '../../../../../../Users/billy_000/team4/CISC374_Team4/Lionfish/Saved/Autosaves/Game/tutorial2_Auto3.uasset'
[2017.05.11-14.26.02:345][464]LogSavePackage:Display: Finished SavePackage ../../../../../../Users/billy_000/team4/CISC374_Team4/Lionfish/Saved/Autosaves/Game/tutorial2_Auto3.uasset
[2017.05.11-14.26.02:345][464]LogFileHelpers: Auto-saving content packages took 0.841
[2017.05.11-14.27.46:550][771]LogWindowsTextInputMethodSystem:Display: IME system now deactivated.
[2017.05.11-16.00.33:769][884]LogD3D11RHI: Timed out while waiting for GPU to catch up. (500 ms)
[2017.05.11-16.00.33:787][884]LogWindowsTextInputMethodSystem:Display: IME system now deactivated.
[2017.05.11-16.00.48:323][923]LogHttp:Warning: 0000025982570D00: request failed, libcurl error: 6 (Couldn't resolve host name)
[2017.05.11-16.00.48:323][923]LogHttp:Warning: 0000025982570D00: libcurl info message cache 0 (Found bundle for host datarouter.ol.epicgames.com: 0x259c9547fe8 [can pipeline])
[2017.05.11-16.00.48:323][923]LogHttp:Warning: 0000025982570D00: libcurl info message cache 1 (Re-using existing connection! (#25) with host datarouter.ol.epicgames.com)
[2017.05.11-16.00.48:323][923]LogHttp:Warning: 0000025982570D00: libcurl info message cache 2 (Connected to datarouter.ol.epicgames.com (34.198.55.107) port 443 (#25))
[2017.05.11-16.00.48:323][923]LogHttp:Warning: 0000025982570D00: libcurl info message cache 3 (SSL read: error:00000000:lib(0):func(0):reason(0), errno 10054)
[2017.05.11-16.00.48:323][923]LogHttp:Warning: 0000025982570D00: libcurl info message cache 4 (Connection died, retrying a fresh connect)
[2017.05.11-16.00.48:324][923]LogHttp:Warning: 0000025982570D00: libcurl info message cache 5 (Closing connection 25)
[2017.05.11-16.00.48:324][923]LogHttp:Warning: 0000025982570D00: libcurl info message cache 6 (Issue another request to this URL: 'https://datarouter.ol.epicgames.com/datarouter/api/v1/public/data?SessionID=%7B70F6082F-4E4C-AC0E-C681-429E18BBAA67%7D&AppID=UEEditor.Rocket.Release&AppVersion=4.15.1-3348071%2B%2B%2BUE4%2BRelease-4.15&UserID=0be2561c49971668862a3583c92d439c%7C54c0f00f4a8d4618b0aa97816cea664e%7C8e1abb9e-f2be-4558-ac1e-686edc767256&AppEnvironment=datacollector-binary&UploadType=eteventstream')
[2017.05.11-16.00.48:324][923]LogHttp:Warning: 0000025982570D00: libcurl info message cache 7 (Could not resolve host: datarouter.ol.epicgames.com)
[2017.05.11-16.00.48:324][923]LogHttp:Warning: 0000025982570D00: libcurl info message cache 8 (Closing connection 26)
[2017.05.11-21.35.14:169][924]LogD3D11RHI: Timed out while waiting for GPU to catch up. (500 ms)
[2017.05.11-21.35.16:633][926]LogHttp:Warning: 0000025982571600: request failed, libcurl error: 6 (Couldn't resolve host name)
[2017.05.11-21.35.16:635][926]LogHttp:Warning: 0000025982571600: libcurl info message cache 0 (Could not resolve host: datarouter.ol.epicgames.com)
[2017.05.11-21.35.16:635][926]LogHttp:Warning: 0000025982571600: libcurl info message cache 1 (Closing connection 27)
[2017.05.11-21.37.13:246][302]Cmd: OBJ SAVEPACKAGE PACKAGE="/Game/TopDownBP/Blueprints/MainMenu" FILE="../../../../../../Users/billy_000/team4/CISC374_Team4/Lionfish/Content/TopDownBP/Blueprints/MainMenu.uasset" SILENT=true
[2017.05.11-21.37.13:517][302]LogSavePackage: Save=226.71ms
[2017.05.11-21.37.13:518][302]LogSavePackage: Moving '../../../../../../Users/billy_000/team4/CISC374_Team4/Lionfish/Saved/MainMenu0575B504491A6BC46BF7F7A54EC0E0F3.tmp' to '../../../../../../Users/billy_000/team4/CISC374_Team4/Lionfish/Content/TopDownBP/Blueprints/MainMenu.uasset'
[2017.05.11-21.37.13:534][302]LogSavePackage:Display: Finished SavePackage ../../../../../../Users/billy_000/team4/CISC374_Team4/Lionfish/Content/TopDownBP/Blueprints/MainMenu.uasset
[2017.05.11-21.37.17:591][302]LogSavePackage: Save=1778.38ms
[2017.05.11-21.37.17:591][302]LogSavePackage: Moving '../../../../../../Users/billy_000/team4/CISC374_Team4/Lionfish/Saved/TopDownExampleMap50B9FEA5444755285096D495C425C12B.tmp' to '../../../../../../Users/billy_000/team4/CISC374_Team4/Lionfish/Content/TopDownBP/Maps/TopDownExampleMap.umap'
[2017.05.11-21.37.17:706][302]LogSavePackage:Display: Finished SavePackage ../../../../../../Users/billy_000/team4/CISC374_Team4/Lionfish/Content/TopDownBP/Maps/TopDownExampleMap.umap
[2017.05.11-21.37.17:866][302]LogFileHelpers: Saving map 'TopDownExampleMap' took 4.315
[2017.05.11-21.37.17:921][302]Cmd: OBJ SAVEPACKAGE PACKAGE="/Game/tutorial1" FILE="../../../../../../Users/billy_000/team4/CISC374_Team4/Lionfish/Content/tutorial1.uasset" SILENT=true
[2017.05.11-21.37.18:352][302]LogSavePackage: Save=355.72ms
[2017.05.11-21.37.18:352][302]LogSavePackage: Moving '../../../../../../Users/billy_000/team4/CISC374_Team4/Lionfish/Saved/tutorial106B686724FB0F28EAF8541AF753533DA.tmp' to '../../../../../../Users/billy_000/team4/CISC374_Team4/Lionfish/Content/tutorial1.uasset'
[2017.05.11-21.37.18:367][302]LogSavePackage:Display: Finished SavePackage ../../../../../../Users/billy_000/team4/CISC374_Team4/Lionfish/Content/tutorial1.uasset
[2017.05.11-21.37.19:567][302]Cmd: OBJ SAVEPACKAGE PACKAGE="/Game/tutorial2" FILE="../../../../../../Users/billy_000/team4/CISC374_Team4/Lionfish/Content/tutorial2.uasset" SILENT=true
[2017.05.11-21.37.19:885][302]LogSavePackage: Save=311.57ms
[2017.05.11-21.37.19:885][302]LogSavePackage: Moving '../../../../../../Users/billy_000/team4/CISC374_Team4/Lionfish/Saved/tutorial27C4063504ED71EA9EE844996AF741BF8.tmp' to '../../../../../../Users/billy_000/team4/CISC374_Team4/Lionfish/Content/tutorial2.uasset'
[2017.05.11-21.37.19:907][302]LogSavePackage:Display: Finished SavePackage ../../../../../../Users/billy_000/team4/CISC374_Team4/Lionfish/Content/tutorial2.uasset
[2017.05.11-21.37.21:769][302]Cmd: OBJ SAVEPACKAGE PACKAGE="/Game/tutorial3" FILE="../../../../../../Users/billy_000/team4/CISC374_Team4/Lionfish/Content/tutorial3.uasset" SILENT=true
[2017.05.11-21.37.22:141][302]LogSavePackage: Save=362.27ms
[2017.05.11-21.37.22:141][302]LogSavePackage: Moving '../../../../../../Users/billy_000/team4/CISC374_Team4/Lionfish/Saved/tutorial34B452FB5473FE29A4E0A47B31F15410A.tmp' to '../../../../../../Users/billy_000/team4/CISC374_Team4/Lionfish/Content/tutorial3.uasset'
[2017.05.11-21.37.22:161][302]LogSavePackage:Display: Finished SavePackage ../../../../../../Users/billy_000/team4/CISC374_Team4/Lionfish/Content/tutorial3.uasset
[2017.05.11-21.37.24:783][302]LogWindowsTextInputMethodSystem:Display: IME system now deactivated.
[2017.05.11-21.37.24:785][302]LogWindowsTextInputMethodSystem:Display: IME system now deactivated.
[2017.05.11-21.37.26:215][303]Cmd: QUIT_EDITOR
[2017.05.11-21.37.30:056][303]LogExit: Preparing to exit.
[2017.05.11-21.37.33:272][303]LogDirectoryWatcher: A directory notification for 'C:/Users/billy_000/team4/CISC374_Team4/Lionfish/Content/' was aborted.
[2017.05.11-21.37.34:321][303]LogExit: Editor shut down
[2017.05.11-21.37.34:326][303]LogExit: Transaction tracking system shut down
[2017.05.11-21.37.39:082][303]LogObj: Freed 0b from 0 cluster array pools.
[2017.05.11-21.37.39:083][303]LogExit: Object subsystem successfully closed.
[2017.05.11-21.37.40:238][303]LogD3D11RHI: Shutdown
[2017.05.11-21.37.40:238][303]LogD3D11RHI: CleanupD3DDevice
[2017.05.11-21.37.46:071][303]LogD3D11RHI: ~FD3D11DynamicRHI
[2017.05.11-21.37.49:256][303]LogModuleManager: Shutting down and abandoning module SequencerWidgets (506)
[2017.05.11-21.37.49:256][303]LogModuleManager: Shutting down and abandoning module BlueprintGraph (504)
[2017.05.11-21.37.49:256][303]LogModuleManager: Shutting down and abandoning module BlueprintProfiler (502)
[2017.05.11-21.37.49:282][303]LogModuleManager: Shutting down and abandoning module MovieSceneCapture (500)
[2017.05.11-21.37.49:282][303]LogModuleManager: Shutting down and abandoning module HierarchicalLODOutliner (498)
[2017.05.11-21.37.49:289][303]LogModuleManager: Shutting down and abandoning module CrashTracker (496)
[2017.05.11-21.37.49:289][303]LogModuleManager: Shutting down and abandoning module SceneOutliner (494)
[2017.05.11-21.37.49:289][303]LogModuleManager: Shutting down and abandoning module AddContentDialog (492)
[2017.05.11-21.37.49:301][303]LogDirectoryWatcher: A directory notification for 'C:/Program Files/Epic Games/UE_4.15/FeaturePacks/' was aborted.
[2017.05.11-21.37.49:346][303]LogModuleManager: Shutting down and abandoning module WidgetCarousel (491)
[2017.05.11-21.37.49:347][303]LogModuleManager: Shutting down and abandoning module EditorWidgets (488)
[2017.05.11-21.37.49:347][303]LogModuleManager: Shutting down and abandoning module CollectionManager (486)
[2017.05.11-21.37.49:366][303]LogDirectoryWatcher: A directory notification for 'C:/Users/billy_000/team4/CISC374_Team4/Lionfish/Content/Collections/' was aborted.
[2017.05.11-21.37.49:366][303]LogDirectoryWatcher: A directory notification for 'C:/Users/billy_000/team4/CISC374_Team4/Lionfish/Content/Developers/billy000/Collections/' was aborted.
[2017.05.11-21.37.49:367][303]LogDirectoryWatcher: A directory notification for 'C:/Users/billy_000/team4/CISC374_Team4/Lionfish/Saved/Collections/' was aborted.
[2017.05.11-21.37.49:368][303]LogModuleManager: Shutting down and abandoning module StatsViewer (484)
[2017.05.11-21.37.49:384][303]LogModuleManager: Shutting down and abandoning module FoliageEdit (482)
[2017.05.11-21.37.49:394][303]LogModuleManager: Shutting down and abandoning module LandscapeEditor (480)
[2017.05.11-21.37.49:407][303]LogModuleManager: Shutting down and abandoning module SceneDepthPickerMode (478)
[2017.05.11-21.37.49:407][303]LogModuleManager: Shutting down and abandoning module ActorPickerMode (476)
[2017.05.11-21.37.49:407][303]LogModuleManager: Shutting down and abandoning module GeometryMode (474)
[2017.05.11-21.37.49:408][303]LogModuleManager: Shutting down and abandoning module TextureAlignMode (472)
[2017.05.11-21.37.49:408][303]LogModuleManager: Shutting down and abandoning module BspMode (470)
[2017.05.11-21.37.49:419][303]LogModuleManager: Shutting down and abandoning module HardwareSurvey (468)
[2017.05.11-21.37.49:428][303]LogModuleManager: Shutting down and abandoning module SequenceRecorderSections (466)
[2017.05.11-21.37.49:439][303]LogModuleManager: Shutting down and abandoning module AutomationWorker (464)
[2017.05.11-21.37.49:452][303]LogModuleManager: Shutting down and abandoning module MatineeToLevelSequence (462)
[2017.05.11-21.37.49:468][303]LogModuleManager: Shutting down and abandoning module LevelSequenceEditor (460)
[2017.05.11-21.37.49:550][303]LogModuleManager: Shutting down and abandoning module PlacementMode (459)
[2017.05.11-21.37.49:551][303]LogModuleManager: Shutting down and abandoning module WmfMediaFactory (456)
[2017.05.11-21.37.49:551][303]LogModuleManager: Shutting down and abandoning module WmfMediaEditor (454)
[2017.05.11-21.37.49:551][303]LogModuleManager: Shutting down and abandoning module MfMediaFactory (452)
[2017.05.11-21.37.49:551][303]LogModuleManager: Shutting down and abandoning module MfMediaEditor (450)
[2017.05.11-21.37.49:551][303]LogModuleManager: Shutting down and abandoning module AvfMediaFactory (448)
[2017.05.11-21.37.49:551][303]LogModuleManager: Shutting down and abandoning module AvfMediaEditor (446)
[2017.05.11-21.37.49:551][303]LogModuleManager: Shutting down and abandoning module AndroidMediaFactory (444)
[2017.05.11-21.37.49:551][303]LogModuleManager: Shutting down and abandoning module Media (443)
[2017.05.11-21.37.49:552][303]LogModuleManager: Shutting down and abandoning module AndroidMediaEditor (440)
[2017.05.11-21.37.49:552][303]LogModuleManager: Shutting down and abandoning module CharacterAI (438)
[2017.05.11-21.37.49:552][303]LogModuleManager: Shutting down and abandoning module AudioCapture (436)
[2017.05.11-21.37.49:565][303]LogModuleManager: Shutting down and abandoning module SequenceRecorder (435)
[2017.05.11-21.37.49:597][303]LogModuleManager: Shutting down and abandoning module SmartSnapping (432)
[2017.05.11-21.37.49:597][303]LogModuleManager: Shutting down and abandoning module SessionServices (430)
[2017.05.11-21.37.49:597][303]LogModuleManager: Shutting down and abandoning module ViewportSnapping (428)
[2017.05.11-21.37.49:597][303]LogModuleManager: Shutting down and abandoning module ViewportInteraction (426)
[2017.05.11-21.37.49:597][303]LogModuleManager: Shutting down and abandoning module LogVisualizer (424)
[2017.05.11-21.37.49:622][303]LogModuleManager: Shutting down and abandoning module IntroTutorials (422)
[2017.05.11-21.37.49:638][303]LogModuleManager: Shutting down and abandoning module GameProjectGeneration (421)
[2017.05.11-21.37.49:656][303]LogModuleManager: Shutting down and abandoning module EditorLiveStreaming (418)
[2017.05.11-21.37.49:656][303]LogModuleManager: Shutting down and abandoning module IOSPlatformEditor (416)
[2017.05.11-21.37.49:656][303]LogModuleManager: Shutting down and abandoning module HTML5PlatformEditor (414)
[2017.05.11-21.37.49:656][303]LogModuleManager: Shutting down and abandoning module AndroidPlatformEditor (412)
[2017.05.11-21.37.49:667][303]LogModuleManager: Shutting down and abandoning module AndroidDeviceDetection (411)
[2017.05.11-21.37.49:809][303]LogModuleManager: Shutting down and abandoning module IOSRuntimeSettings (408)
[2017.05.11-21.37.49:820][303]LogModuleManager: Shutting down and abandoning module AndroidRuntimeSettings (406)
[2017.05.11-21.37.49:821][303]LogModuleManager: Shutting down and abandoning module InputBindingEditor (404)
[2017.05.11-21.37.49:848][303]LogModuleManager: Shutting down and abandoning module NiagaraEditor (402)
[2017.05.11-21.37.49:921][303]LogModuleManager: Shutting down and abandoning module MergeActors (400)
[2017.05.11-21.37.49:948][303]LogModuleManager: Shutting down and abandoning module SizeMap (398)
[2017.05.11-21.37.49:970][303]LogModuleManager: Shutting down and abandoning module TreeMap (396)
[2017.05.11-21.37.50:022][303]LogModuleManager: Shutting down and abandoning module ReferenceViewer (394)
[2017.05.11-21.37.50:022][303]LogModuleManager: Shutting down and abandoning module LocalizationDashboard (392)
[2017.05.11-21.37.50:062][303]LogModuleManager: Shutting down and abandoning module LocalizationService (391)
[2017.05.11-21.37.50:089][303]LogModuleManager: Shutting down and abandoning module HardwareTargeting (388)
[2017.05.11-21.37.50:104][303]LogModuleManager: Shutting down and abandoning module DeviceProfileEditor (386)
[2017.05.11-21.37.50:108][303]LogModuleManager: Shutting down and abandoning module UndoHistory (384)
[2017.05.11-21.37.50:116][303]LogModuleManager: Shutting down and abandoning module UserFeedback (382)
[2017.05.11-21.37.50:116][303]LogModuleManager: Shutting down and abandoning module XmlParser (380)
[2017.05.11-21.37.50:116][303]LogModuleManager: Shutting down and abandoning module Blutility (378)
[2017.05.11-21.37.50:127][303]LogModuleManager: Shutting down and abandoning module ProjectSettingsViewer (376)
[2017.05.11-21.37.50:127][303]LogModuleManager: Shutting down and abandoning module ProjectTargetPlatformEditor (375)
[2017.05.11-21.37.50:131][303]LogModuleManager: Shutting down and abandoning module EditorSettingsViewer (372)
[2017.05.11-21.37.50:131][303]LogModuleManager: Shutting down and abandoning module SettingsEditor (370)
[2017.05.11-21.37.50:140][303]LogModuleManager: Shutting down and abandoning module ProjectLauncher (368)
[2017.05.11-21.37.50:151][303]LogModuleManager: Shutting down and abandoning module SessionFrontend (366)
[2017.05.11-21.37.50:170][303]LogModuleManager: Shutting down and abandoning module ProfilerClient (364)
[2017.05.11-21.37.50:189][303]LogModuleManager: Shutting down and abandoning module DeviceManager (362)
[2017.05.11-21.37.50:222][303]LogModuleManager: Shutting down and abandoning module TargetDeviceServices (361)
[2017.05.11-21.37.50:271][303]LogModuleManager: Shutting down and abandoning module AutomationController (358)
[2017.05.11-21.37.50:285][303]LogModuleManager: Shutting down and abandoning module AutomationWindow (356)
[2017.05.11-21.37.50:302][303]LogModuleManager: Shutting down and abandoning module Layers (354)
[2017.05.11-21.37.50:317][303]LogModuleManager: Shutting down and abandoning module ComponentVisualizers (352)
[2017.05.11-21.37.50:317][303]LogModuleManager: Shutting down and abandoning module DetailCustomizations (350)
[2017.05.11-21.37.50:341][303]LogModuleManager: Shutting down and abandoning module PackagesDialog (348)
[2017.05.11-21.37.50:342][303]LogModuleManager: Shutting down and abandoning module Persona (346)
[2017.05.11-21.37.50:365][303]LogModuleManager: Shutting down and abandoning module AnimGraph (345)
[2017.05.11-21.37.50:365][303]LogModuleManager: Shutting down and abandoning module Kismet (342)
[2017.05.11-21.37.50:431][303]LogModuleManager: Shutting down and abandoning module GraphEditor (340)
[2017.05.11-21.37.50:432][303]LogModuleManager: Shutting down and abandoning module ClassViewer (338)
[2017.05.11-21.37.50:460][303]LogModuleManager: Shutting down and abandoning module Toolbox (336)
[2017.05.11-21.37.50:469][303]LogModuleManager: Shutting down and abandoning module ModuleUI (334)
[2017.05.11-21.37.50:482][303]LogModuleManager: Shutting down and abandoning module MovieSceneTools (332)
[2017.05.11-21.37.50:508][303]LogModuleManager: Shutting down and abandoning module OutputLog (330)
[2017.05.11-21.37.50:521][303]LogModuleManager: Shutting down and abandoning module GammaUI (328)
[2017.05.11-21.37.50:527][303]LogModuleManager: Shutting down and abandoning module Documentation (326)
[2017.05.11-21.37.50:527][303]LogModuleManager: Shutting down and abandoning module Niagara (324)
[2017.05.11-21.37.50:527][303]LogModuleManager: Shutting down and abandoning module StreamingPauseRendering (322)
[2017.05.11-21.37.50:527][303]LogModuleManager: Shutting down and abandoning module AnalyticsET (320)
[2017.05.11-21.37.50:527][303]LogModuleManager: Shutting down and abandoning module PortalServices (318)
[2017.05.11-21.37.50:527][303]LogModuleManager: Shutting down and abandoning module PortalRpc (316)
[2017.05.11-21.37.50:527][303]LogModuleManager: Shutting down and abandoning module MessagingRpc (314)
[2017.05.11-21.37.50:527][303]LogModuleManager: Shutting down and abandoning module AIModule (312)
[2017.05.11-21.37.50:542][303]LogModuleManager: Shutting down and abandoning module GameplayDebugger (311)
[2017.05.11-21.37.50:554][303]LogModuleManager: Shutting down and abandoning module AITestSuite (309)
[2017.05.11-21.37.50:555][303]LogModuleManager: Shutting down and abandoning module ProfilerService (306)
[2017.05.11-21.37.50:565][303]LogModuleManager: Shutting down and abandoning module TaskGraph (304)
[2017.05.11-21.37.50:577][303]LogModuleManager: Shutting down and abandoning module SteamVRController (302)
[2017.05.11-21.37.50:577][303]LogModuleManager: Shutting down and abandoning module SteamVR (300)
[2017.05.11-21.37.50:578][303]LogModuleManager: Shutting down and abandoning module ProceduralMeshComponentEditor (298)
[2017.05.11-21.37.50:578][303]LogModuleManager: Shutting down and abandoning module ProceduralMeshComponent (296)
[2017.05.11-21.37.50:588][303]LogModuleManager: Shutting down and abandoning module OculusLibrary (294)
[2017.05.11-21.37.50:588][303]LogModuleManager: Shutting down and abandoning module OculusInput (292)
[2017.05.11-21.37.50:588][303]LogModuleManager: Shutting down and abandoning module MobilePatchingUtils (290)
[2017.05.11-21.37.50:588][303]LogModuleManager: Shutting down and abandoning module CustomMeshComponent (288)
[2017.05.11-21.37.50:588][303]LogModuleManager: Shutting down and abandoning module CableComponent (286)
[2017.05.11-21.37.50:601][303]LogModuleManager: Shutting down and abandoning module ArchVisCharacter (284)
[2017.05.11-21.37.50:601][303]LogModuleManager: Shutting down and abandoning module MediaPlayerEditor (280)
[2017.05.11-21.37.50:620][303]LogModuleManager: Shutting down and abandoning module HTML5Networking (278)
[2017.05.11-21.37.50:620][303]LogModuleManager: Shutting down and abandoning module AlembicImporter (276)
[2017.05.11-21.37.50:633][303]LogModuleManager: Shutting down and abandoning module AlembicLibrary (275)
[2017.05.11-21.37.50:633][303]LogModuleManager: Shutting down and abandoning module GeometryCache (274)
[2017.05.11-21.37.50:645][303]LogModuleManager: Shutting down and abandoning module GeometryCacheEd (273)
[2017.05.11-21.37.50:645][303]LogModuleManager: Shutting down and abandoning module SuperSearchEditor (268)
[2017.05.11-21.37.50:645][303]LogModuleManager: Shutting down and abandoning module SuperSearch (267)
[2017.05.11-21.37.50:645][303]LogModuleManager: Shutting down and abandoning module SpeedTreeImporter (264)
[2017.05.11-21.37.50:645][303]LogModuleManager: Shutting down and abandoning module PluginBrowser (262)
[2017.05.11-21.37.50:665][303]LogModuleManager: Shutting down and abandoning module MobileLauncherProfileWizard (260)
[2017.05.11-21.37.50:672][303]LogModuleManager: Shutting down and abandoning module EpicSurvey (258)
[2017.05.11-21.37.50:673][303]LogModuleManager: Shutting down and abandoning module VisualStudioSourceCodeAccess (256)
[2017.05.11-21.37.50:679][303]LogModuleManager: Shutting down and abandoning module DesktopPlatform (255)
[2017.05.11-21.37.50:679][303]LogModuleManager: Shutting down and abandoning module UObjectPlugin (252)
[2017.05.11-21.37.50:680][303]LogModuleManager: Shutting down and abandoning module SubversionSourceControl (250)
[2017.05.11-21.37.50:685][303]LogModuleManager: Shutting down and abandoning module PerforceSourceControl (248)
[2017.05.11-21.37.50:691][303]LogModuleManager: Shutting down and abandoning module GitSourceControl (246)
[2017.05.11-21.37.50:700][303]LogModuleManager: Shutting down and abandoning module SourceControl (245)
[2017.05.11-21.37.50:700][303]LogModuleManager: Shutting down and abandoning module LightPropagationVolumeEditor (242)
[2017.05.11-21.37.50:701][303]LogModuleManager: Shutting down and abandoning module PaperTiledImporter (240)
[2017.05.11-21.37.50:701][303]LogModuleManager: Shutting down and abandoning module PaperSpriteSheetImporter (238)
[2017.05.11-21.37.50:701][303]LogModuleManager: Shutting down and abandoning module Paper2DEditor (236)
[2017.05.11-21.37.50:722][303]LogModuleManager: Shutting down and abandoning module MeshPaint (235)
[2017.05.11-21.37.50:733][303]LogModuleManager: Shutting down and abandoning module LevelEditor (233)
[2017.05.11-21.37.50:760][303]LogModuleManager: Shutting down and abandoning module PixelInspectorModule (232)
[2017.05.11-21.37.50:779][303]LogModuleManager: Shutting down and abandoning module MainFrame (230)
[2017.05.11-21.37.50:779][303]LogModuleManager: Shutting down and abandoning module HotReload (229)
[2017.05.11-21.37.50:825][303]LogModuleManager: Shutting down and abandoning module ContentBrowser (225)
[2017.05.11-21.37.50:835][303]LogModuleManager: Shutting down and abandoning module PhysXVehiclesEditor (222)
[2017.05.11-21.37.50:869][303]LogModuleManager: Shutting down and abandoning module PhysXVehicles (220)
[2017.05.11-21.37.50:869][303]LogModuleManager: Shutting down and abandoning module LocationServicesBPLibrary (218)
[2017.05.11-21.37.50:869][303]LogModuleManager: Shutting down and abandoning module UdpMessaging (216)
[2017.05.11-21.37.51:005][303]LogModuleManager: Shutting down and abandoning module TcpMessaging (214)
[2017.05.11-21.37.51:127][303]LogModuleManager: Shutting down and abandoning module GameplayTagsEditor (212)
[2017.05.11-21.37.51:151][303]LogModuleManager: Shutting down and abandoning module FacialAnimationEditor (210)
[2017.05.11-21.37.51:165][303]LogModuleManager: Shutting down and abandoning module FacialAnimation (208)
[2017.05.11-21.37.51:165][303]LogModuleManager: Shutting down and abandoning module LightPropagationVolumeRuntime (206)
[2017.05.11-21.37.51:165][303]LogModuleManager: Shutting down and abandoning module Paper2D (204)
[2017.05.11-21.37.51:180][303]LogModuleManager: Shutting down and abandoning module WindowsMoviePlayer (202)
[2017.05.11-21.37.51:193][303]LogModuleManager: Shutting down and abandoning module WmfMedia (200)
[2017.05.11-21.37.51:205][303]LogModuleManager: Shutting down and abandoning module MfMedia (198)
[2017.05.11-21.37.51:205][303]LogModuleManager: Shutting down and abandoning module MediaAssets (196)
[2017.05.11-21.37.51:205][303]LogModuleManager: Shutting down and abandoning module GameLiveStreaming (194)
[2017.05.11-21.37.51:215][303]LogModuleManager: Shutting down and abandoning module VREditor (192)
[2017.05.11-21.37.51:215][303]LogModuleManager: Shutting down and abandoning module GameplayTasksEditor (190)
[2017.05.11-21.37.51:215][303]LogModuleManager: Shutting down and abandoning module BehaviorTreeEditor (188)
[2017.05.11-21.37.51:246][303]LogModuleManager: Shutting down and abandoning module FunctionalTesting (186)
[2017.05.11-21.37.51:246][303]LogModuleManager: Shutting down and abandoning module CollisionAnalyzer (184)
[2017.05.11-21.37.51:257][303]LogModuleManager: Shutting down and abandoning module UMG (182)
[2017.05.11-21.37.51:257][303]LogModuleManager: Shutting down and abandoning module UMGEditor (181)
[2017.05.11-21.37.51:258][303]LogModuleManager: Shutting down and abandoning module Sequencer (180)
[2017.05.11-21.37.51:258][303]LogModuleManager: Shutting down and abandoning module AssetTools (178)
[2017.05.11-21.37.51:274][303]LogModuleManager: Shutting down and abandoning module MessageLog (177)
[2017.05.11-21.37.51:274][303]LogModuleManager: Shutting down and abandoning module WorkspaceMenuStructure (176)
[2017.05.11-21.37.51:274][303]LogModuleManager: Shutting down and abandoning module SlateReflector (170)
[2017.05.11-21.37.51:307][303]LogModuleManager: Shutting down and abandoning module Slate (168)
[2017.05.11-21.37.51:307][303]LogModuleManager: Shutting down and abandoning module EditorStyle (166)
[2017.05.11-21.37.51:351][303]LogModuleManager: Shutting down and abandoning module SourceCodeAccess (164)
[2017.05.11-21.37.51:356][303]LogModuleManager: Shutting down and abandoning module HeadMountedDisplay (162)
[2017.05.11-21.37.51:357][303]LogModuleManager: Shutting down and abandoning module XAudio2 (160)
[2017.05.11-21.37.51:357][303]LogModuleManager: Shutting down and abandoning module Networking (158)
[2017.05.11-21.37.51:357][303]LogModuleManager: Shutting down and abandoning module Core (154)
[2017.05.11-21.37.51:357][303]LogModuleManager: Shutting down and abandoning module AssetRegistry (152)
[2017.05.11-21.37.52:095][303]LogDirectoryWatcher: A directory notification for '../../../Engine/Content/' was aborted.
[2017.05.11-21.37.52:096][303]LogDirectoryWatcher: A directory notification for '../../../../../../Users/billy_000/team4/CISC374_Team4/Lionfish/Content/' was aborted.
[2017.05.11-21.37.52:097][303]LogDirectoryWatcher: A directory notification for '../../../Engine/Plugins/2D/Paper2D/Content/' was aborted.
[2017.05.11-21.37.52:108][303]LogModuleManager: Shutting down and abandoning module DirectoryWatcher (151)
[2017.05.11-21.37.52:127][303]LogModuleManager: Shutting down and abandoning module KismetCompiler (148)
[2017.05.11-21.37.52:127][303]LogModuleManager: Shutting down and abandoning module PhysXFormats (146)
[2017.05.11-21.37.52:128][303]LogModuleManager: Shutting down and abandoning module MeshUtilities (144)
[2017.05.11-21.37.52:144][303]LogModuleManager: Shutting down and abandoning module SimplygonSwarm (143)
[2017.05.11-21.37.52:169][303]LogModuleManager: Shutting down and abandoning module SimplygonMeshReduction (141)
[2017.05.11-21.37.52:170][303]LogModuleManager: Shutting down and abandoning module QuadricMeshReduction (139)
[2017.05.11-21.37.52:179][303]LogModuleManager: Shutting down and abandoning module PropertyEditor (137)
[2017.05.11-21.37.52:192][303]LogModuleManager: Shutting down and abandoning module DerivedDataCache (134)
[2017.05.11-21.37.52:310][303]LogDerivedDataCache: Shutdown
[2017.05.11-21.37.52:310][303]LogModuleManager: Shutting down and abandoning module TargetPlatform (132)
[2017.05.11-21.37.52:310][303]LogModuleManager: Shutting down and abandoning module VulkanShaderFormat (131)
[2017.05.11-21.37.52:320][303]LogModuleManager: Shutting down and abandoning module ShaderFormatOpenGL (129)
[2017.05.11-21.37.52:355][303]LogModuleManager: Shutting down and abandoning module ShaderFormatD3D (127)
[2017.05.11-21.37.52:371][303]LogModuleManager: Shutting down and abandoning module MetalShaderFormat (125)
[2017.05.11-21.37.52:398][303]LogModuleManager: Shutting down and abandoning module TextureFormatUncompressed (123)
[2017.05.11-21.37.52:398][303]LogModuleManager: Shutting down and abandoning module TextureFormatPVR (121)
[2017.05.11-21.37.52:398][303]LogModuleManager: Shutting down and abandoning module TextureFormatDXT (119)
[2017.05.11-21.37.52:406][303]LogModuleManager: Shutting down and abandoning module TextureFormatIntelISPCTexComp (117)
[2017.05.11-21.37.52:471][303]LogModuleManager: Shutting down and abandoning module TextureFormatASTC (115)
[2017.05.11-21.37.52:471][303]LogModuleManager: Shutting down and abandoning module ImageWrapper (114)
[2017.05.11-21.37.52:471][303]LogModuleManager: Shutting down and abandoning module TextureFormatAndroid (111)
[2017.05.11-21.37.52:472][303]LogModuleManager: Shutting down and abandoning module AudioFormatOpus (109)
[2017.05.11-21.37.52:487][303]LogModuleManager: Shutting down and abandoning module AudioFormatOgg (107)
[2017.05.11-21.37.52:487][303]LogModuleManager: Shutting down and abandoning module AudioFormatADPCM (105)
[2017.05.11-21.37.52:487][303]LogModuleManager: Shutting down and abandoning module LinuxTargetPlatform (103)
[2017.05.11-21.37.52:488][303]LogModuleManager: Shutting down and abandoning module LinuxServerTargetPlatform (101)
[2017.05.11-21.37.52:488][303]LogModuleManager: Shutting down and abandoning module LinuxNoEditorTargetPlatform (99)
[2017.05.11-21.37.52:488][303]LogModuleManager: Shutting down and abandoning module LinuxClientTargetPlatform (97)
[2017.05.11-21.37.52:489][303]LogModuleManager: Shutting down and abandoning module TVOSTargetPlatform (95)
[2017.05.11-21.37.52:489][303]LogModuleManager: Shutting down and abandoning module Messaging (93)
[2017.05.11-21.37.52:489][303]LogModuleManager: Shutting down and abandoning module IOSTargetPlatform (91)
[2017.05.11-21.37.52:489][303]LogModuleManager: Shutting down and abandoning module HTML5TargetPlatform (89)
[2017.05.11-21.37.52:489][303]LogModuleManager: Shutting down and abandoning module Android_PVRTCTargetPlatform (87)
[2017.05.11-21.37.52:490][303]LogModuleManager: Shutting down and abandoning module Android_MultiTargetPlatform (85)
[2017.05.11-21.37.52:490][303]LogModuleManager: Shutting down and abandoning module Android_ETC2TargetPlatform (83)
[2017.05.11-21.37.52:491][303]LogModuleManager: Shutting down and abandoning module Android_ETC1TargetPlatform (81)
[2017.05.11-21.37.52:491][303]LogModuleManager: Shutting down and abandoning module Android_DXTTargetPlatform (79)
[2017.05.11-21.37.52:491][303]LogModuleManager: Shutting down and abandoning module Android_ATCTargetPlatform (77)
[2017.05.11-21.37.52:491][303]LogModuleManager: Shutting down and abandoning module Android_ASTCTargetPlatform (75)
[2017.05.11-21.37.52:491][303]LogModuleManager: Shutting down and abandoning module AndroidTargetPlatform (73)
[2017.05.11-21.37.52:491][303]LogModuleManager: Shutting down and abandoning module WindowsTargetPlatform (71)
[2017.05.11-21.37.52:491][303]LogModuleManager: Shutting down and abandoning module WindowsServerTargetPlatform (69)
[2017.05.11-21.37.52:492][303]LogModuleManager: Shutting down and abandoning module WindowsNoEditorTargetPlatform (67)
[2017.05.11-21.37.52:492][303]LogModuleManager: Shutting down and abandoning module WindowsClientTargetPlatform (65)
[2017.05.11-21.37.52:492][303]LogModuleManager: Shutting down and abandoning module MacTargetPlatform (63)
[2017.05.11-21.37.52:493][303]LogModuleManager: Shutting down and abandoning module MacServerTargetPlatform (61)
[2017.05.11-21.37.52:493][303]LogModuleManager: Shutting down and abandoning module MacNoEditorTargetPlatform (59)
[2017.05.11-21.37.52:500][303]LogModuleManager: Shutting down and abandoning module MacClientTargetPlatform (57)
[2017.05.11-21.37.52:501][303]LogModuleManager: Shutting down and abandoning module AllDesktopTargetPlatform (55)
[2017.05.11-21.37.52:501][303]LogModuleManager: Shutting down and abandoning module InputCore (52)
[2017.05.11-21.37.52:501][303]LogModuleManager: Shutting down and abandoning module Settings (50)
[2017.05.11-21.37.52:501][303]LogModuleManager: Shutting down and abandoning module OculusRift (48)
[2017.05.11-21.37.52:519][303]LogModuleManager: Shutting down and abandoning module GearVR (46)
[2017.05.11-21.37.52:519][303]LogModuleManager: Shutting down and abandoning module ExampleDeviceProfileSelector (44)
[2017.05.11-21.37.52:519][303]LogModuleManager: Shutting down and abandoning module OnlineBlueprintSupport (42)
[2017.05.11-21.37.52:519][303]LogModuleManager: Shutting down and abandoning module OnlineSubsystem (38)
[2017.05.11-21.37.52:519][303]LogOnline:Display: Unloading online subsystem: NULL
[2017.05.11-21.37.52:553][303]LogModuleManager: Shutting down and abandoning module XMPP (37)
[2017.05.11-21.37.52:565][303]LogModuleManager: Shutting down and abandoning module HTTP (35)
[2017.05.11-21.37.52:575][303]LogHttp:Display: Http module shutting down, but needs to wait on 1 outstanding Http requests:
[2017.05.11-21.37.52:575][303]LogHttp:Display: 	verb=[POST] url=[https://datarouter.ol.epicgames.com/datarouter/api/v1/public/data?SessionID=%7B70F6082F-4E4C-AC0E-C681-429E18BBAA67%7D&AppID=UEEditor.Rocket.Release&AppVersion=4.15.1-3348071%2B%2B%2BUE4%2BRelease-4.15&UserID=0be2561c49971668862a3583c92d439c%7C54c0f00f4a8d4618b0aa97816cea664e%7C8e1abb9e-f2be-4558-ac1e-686edc767256&AppEnvironment=datacollector-binary&UploadType=eteventstream] status=Processing
[2017.05.11-21.37.52:585][303]LogModuleManager: Shutting down and abandoning module SSL (34)
[2017.05.11-21.37.52:629][303]LogModuleManager: Shutting down and abandoning module AudioEditor (30)
[2017.05.11-21.37.52:649][303]LogModuleManager: Shutting down and abandoning module TextureCompressor (28)
[2017.05.11-21.37.52:667][303]LogModuleManager: Shutting down and abandoning module ShaderCore (26)
[2017.05.11-21.37.52:667][303]LogModuleManager: Shutting down and abandoning module Landscape (24)
[2017.05.11-21.37.52:667][303]LogModuleManager: Shutting down and abandoning module SlateRHIRenderer (22)
[2017.05.11-21.37.52:737][303]LogModuleManager: Shutting down and abandoning module OpenGLDrv (20)
[2017.05.11-21.37.52:764][303]LogModuleManager: Shutting down and abandoning module D3D11RHI (18)
[2017.05.11-21.37.52:764][303]LogModuleManager: Shutting down and abandoning module AnimGraphRuntime (16)
[2017.05.11-21.37.52:777][303]LogModuleManager: Shutting down and abandoning module Renderer (14)
[2017.05.11-21.37.52:777][303]LogModuleManager: Shutting down and abandoning module Engine (12)
[2017.05.11-21.37.52:777][303]LogModuleManager: Shutting down and abandoning module CoreUObject (10)
[2017.05.11-21.37.52:777][303]LogModuleManager: Shutting down and abandoning module NetworkFile (8)
[2017.05.11-21.37.52:790][303]LogModuleManager: Shutting down and abandoning module StreamingFile (6)
[2017.05.11-21.37.52:795][303]LogModuleManager: Shutting down and abandoning module SandboxFile (4)
[2017.05.11-21.37.52:795][303]LogModuleManager: Shutting down and abandoning module PakFile (2)
[2017.05.11-21.37.52:830][303]LogExit: Exiting.
[2017.05.11-21.37.52:857][303]Log file closed, 05/11/17 17:37:52
