Log file open, 04/27/17 23:24:18
LogInit:Display: Running engine for game: Lionfish
LogPlatformFile: Not using cached read wrapper
LogInit:Display: RandInit(366513674) SRandInit(366513674).
LogTaskGraph: Started task graph with 5 named threads and 8 total threads with 1 sets of task threads.
LogStats: Stats thread started at 0.089823
LogInit: Using libcurl 7.47.1
LogInit:  - built for x86_64-pc-win32
LogInit:  - supports SSL with OpenSSL/1.0.2g
LogInit:  - supports HTTP deflate (compression) using libz 1.2.8
LogInit:  - other features:
LogInit:      CURL_VERSION_SSL
LogInit:      CURL_VERSION_LIBZ
LogInit:      CURL_VERSION_IPV6
LogInit:      CURL_VERSION_ASYNCHDNS
LogInit:      CURL_VERSION_LARGEFILE
LogInit:      CURL_VERSION_IDN
LogInit:  CurlRequestOptions (configurable via config and command line):
LogInit:  - bVerifyPeer = false  - Libcurl will NOT verify peer certificate
LogInit:  - bUseHttpProxy = false  - Libcurl will NOT use HTTP proxy
LogInit:  - bDontReuseConnections = false  - Libcurl will reuse connections
LogInit:  - CertBundlePath = nullptr  - Libcurl will use whatever was configured at build time.
LogInit: Build: ++UE4+Release-4.15-CL-3348071
LogInit: Engine Version: 4.15.1-3348071+++UE4+Release-4.15
LogInit: Compatible Engine Version: 4.15.0-3299760+++UE4+Release-4.15
LogInit: Net CL: 3299760
LogDevObjectVersion: Number of dev versions registered: 14
LogDevObjectVersion:   Dev-Blueprints (B0D832E4-1F89-4F0D-ACCF-7EB736FD4AA2): 8
LogDevObjectVersion:   Dev-Build (E1C64328-A22C-4D53-A36C-8E866417BD8C): 0
LogDevObjectVersion:   Dev-Core (375EC13C-06E4-48FB-B500-84F0262A717E): 2
LogDevObjectVersion:   Dev-Editor (E4B068ED-F494-42E9-A231-DA0B2E46BB41): 14
LogDevObjectVersion:   Dev-Framework (CFFC743F-43B0-4480-9391-14DF171D2073): 22
LogDevObjectVersion:   Dev-Mobile (B02B49B5-BB20-44E9-A304-32B752E40360): 0
LogDevObjectVersion:   Dev-Networking (A4E4105C-59A1-49B5-A7C5-40C4547EDFEE): 0
LogDevObjectVersion:   Dev-Online (39C831C9-5AE6-47DC-9A44-9C173E1C8E7C): 0
LogDevObjectVersion:   Dev-Physics (78F01B33-EBEA-4F98-B9B4-84EACCB95AA2): 0
LogDevObjectVersion:   Dev-Platform (6631380F-2D4D-43E0-8009-CF276956A95A): 0
LogDevObjectVersion:   Dev-Rendering (12F88B9F-8875-4AFC-A67C-D90C383ABD29): 12
LogDevObjectVersion:   Dev-Sequencer (7B5AE74C-D270-4C10-A958-57980B212A5A): 3
LogDevObjectVersion:   Dev-VR (D7296918-1DD6-4BDD-9DE2-64A83CC13884): 0
LogDevObjectVersion:   Dev-LoadTimes (C2A15278-BFE7-4AFE-6C17-90FF531DF755): 1
LogInit: Compiled (64-bit): Mar 15 2017 16:52:47
LogInit: Compiled with Visual C++: 19.00.23026.00
LogInit: Build Configuration: Development
LogInit: Branch Name: ++UE4+Release-4.15
LogInit: Command line: -EpicPortal 
LogInit: Base directory: C:/Program Files/Epic Games/UE_4.15/Engine/Binaries/Win64/
LogInit: Installed Engine Build: 1
LogInit: Presizing for max 8388607 objects, including 0 objects not considered by GC, pre-allocating 0 bytes for permanent pool.
LogInit: Object subsystem initialized
[2017.04.28-03.24.19:852][  0]LogInit: Selected Device Profile: [Windows]
[2017.04.28-03.24.19:852][  0]LogInit: Applying CVar settings loaded from the selected device profile: [Windows]
[2017.04.28-03.24.19:860][  0]LogInit: Computer: TOMLAPTOP-PC
[2017.04.28-03.24.19:860][  0]LogInit: User: Tom
[2017.04.28-03.24.19:860][  0]LogInit: CPU Page size=65536, Cores=4
[2017.04.28-03.24.19:860][  0]LogInit: High frequency timer resolution =2.531250 MHz
[2017.04.28-03.24.19:860][  0]LogMemory: Memory total: Physical=15.9GB (16GB approx)
[2017.04.28-03.24.19:860][  0]LogMemory: Platform Memory Stats for Windows
[2017.04.28-03.24.19:860][  0]LogMemory: Process Physical Memory: 263.95 MB used, 263.95 MB peak
[2017.04.28-03.24.19:860][  0]LogMemory: Process Virtual Memory: 262.82 MB used, 262.82 MB peak
[2017.04.28-03.24.19:860][  0]LogMemory: Physical Memory: 7492.30 MB used,  8755.45 MB free, 16247.75 MB total
[2017.04.28-03.24.19:860][  0]LogMemory: Virtual Memory: 645.11 MB used,  8755.45 MB free, 134217728.00 MB total
[2017.04.28-03.24.19:972][  0]LogTextLocalizationManager: No specific translations for ('en-US') exist, so ('en') translations will be used.
[2017.04.28-03.24.20:705][  0]LogD3D11RHI: D3D11 adapters:
[2017.04.28-03.24.21:356][  0]LogD3D11RHI:    0. 'NVIDIA GeForce GTX 970M' (Feature Level 11_0)
[2017.04.28-03.24.21:356][  0]LogD3D11RHI:       6108/0/8123 MB DedicatedVideo/DedicatedSystem/SharedSystem, Outputs:1, VendorId:0x10de
[2017.04.28-03.24.21:367][  0]LogD3D11RHI:    1. 'Intel(R) HD Graphics 530' (Feature Level 11_0)
[2017.04.28-03.24.21:367][  0]LogD3D11RHI:       128/0/8123 MB DedicatedVideo/DedicatedSystem/SharedSystem, Outputs:0, VendorId:0x8086
[2017.04.28-03.24.21:369][  0]LogD3D11RHI:    2. 'Microsoft Basic Render Driver' (Feature Level 11_0)
[2017.04.28-03.24.21:369][  0]LogD3D11RHI:       0/0/8123 MB DedicatedVideo/DedicatedSystem/SharedSystem, Outputs:0, VendorId:0x1414
[2017.04.28-03.24.21:369][  0]LogD3D11RHI: Chosen D3D11 Adapter: 0
[2017.04.28-03.24.21:376][  0]LogD3D11RHI: Creating new Direct3DDevice
[2017.04.28-03.24.21:376][  0]LogD3D11RHI:     GPU DeviceId: 0x13d8 (for the marketing name, search the web for "GPU Device Id")
[2017.04.28-03.24.21:376][  0]LogWindows: EnumDisplayDevices:
[2017.04.28-03.24.21:376][  0]LogWindows:    0. 'Intel(R) HD Graphics 530' (P:1 D:1)
[2017.04.28-03.24.21:377][  0]LogWindows:    1. 'Intel(R) HD Graphics 530' (P:0 D:0)
[2017.04.28-03.24.21:377][  0]LogWindows:    2. 'Intel(R) HD Graphics 530' (P:0 D:0)
[2017.04.28-03.24.21:377][  0]LogWindows: DebugString: PrimaryIsNotTheChoosenAdapter PrimaryIsNotTheChoosenAdapter PrimaryIsNotTheChoosenAdapter FoundDriverCount:0 
[2017.04.28-03.24.21:377][  0]LogD3D11RHI:     Adapter Name: NVIDIA GeForce GTX 970M
[2017.04.28-03.24.21:377][  0]LogD3D11RHI:   Driver Version: Unknown (internal:Unknown, unified:Unknown)
[2017.04.28-03.24.21:377][  0]LogD3D11RHI:      Driver Date: Unknown
[2017.04.28-03.24.21:377][  0]LogRHI: Texture pool is 1361 MB (70% of 1945 MB)
[2017.04.28-03.24.21:997][  0]LogD3D11RHI: Async texture creation enabled
[2017.04.28-03.24.22:048][  0]LogD3D11RHI: GPU Timing Frequency: 1000.000000 (Debug: 2 2)
[2017.04.28-03.24.22:049][  0]LogShaderCompilers: Guid format shader working directory is 13 characters bigger than the processId version (D:/Repo/CISC374_Team4/Lionfish/Intermediate/Shaders/WorkingDirectory/20888/).
[2017.04.28-03.24.22:049][  0]LogShaderCompilers: Cleaned the shader compiler working directory 'C:/Users/Tom/AppData/Local/Temp/UnrealShaderWorkingDir/36311C4A477478E03291488971E0FA60/'.
[2017.04.28-03.24.22:049][  0]LogShaderCompilers:Display: Using Local Shader Compiler.
[2017.04.28-03.24.23:265][  0]LogTemp:Display: Loaded TP AllDesktopTargetPlatform
[2017.04.28-03.24.23:329][  0]LogTemp:Display: Loaded TP MacClientTargetPlatform
[2017.04.28-03.24.23:393][  0]LogTemp:Display: Loaded TP MacNoEditorTargetPlatform
[2017.04.28-03.24.23:456][  0]LogTemp:Display: Loaded TP MacServerTargetPlatform
[2017.04.28-03.24.23:520][  0]LogTemp:Display: Loaded TP MacTargetPlatform
[2017.04.28-03.24.23:584][  0]LogTemp:Display: Loaded TP WindowsClientTargetPlatform
[2017.04.28-03.24.23:647][  0]LogTemp:Display: Loaded TP WindowsNoEditorTargetPlatform
[2017.04.28-03.24.23:712][  0]LogTemp:Display: Loaded TP WindowsServerTargetPlatform
[2017.04.28-03.24.23:772][  0]LogTemp:Display: Loaded TP WindowsTargetPlatform
[2017.04.28-03.24.23:834][  0]LogTemp:Display: Loaded TP AndroidTargetPlatform
[2017.04.28-03.24.23:896][  0]LogTemp:Display: Loaded TP Android_ASTCTargetPlatform
[2017.04.28-03.24.23:963][  0]LogTemp:Display: Loaded TP Android_ATCTargetPlatform
[2017.04.28-03.24.24:031][  0]LogTemp:Display: Loaded TP Android_DXTTargetPlatform
[2017.04.28-03.24.24:095][  0]LogTemp:Display: Loaded TP Android_ETC1TargetPlatform
[2017.04.28-03.24.24:157][  0]LogTemp:Display: Loaded TP Android_ETC2TargetPlatform
[2017.04.28-03.24.24:284][  0]LogTemp:Display: Loaded TP Android_MultiTargetPlatform
[2017.04.28-03.24.24:284][  0]LogTemp:Display: Loaded TP Android_PVRTCTargetPlatform
[2017.04.28-03.24.24:331][  0]LogTemp:Display: Loaded TP HTML5TargetPlatform
[2017.04.28-03.24.24:446][  0]LogTemp:Display: Loaded TP IOSTargetPlatform
[2017.04.28-03.24.24:491][  0]LogTemp:Display: Loaded TP TVOSTargetPlatform
[2017.04.28-03.24.24:555][  0]LogTemp:Display: Loaded TP LinuxClientTargetPlatform
[2017.04.28-03.24.24:617][  0]LogTemp:Display: Loaded TP LinuxNoEditorTargetPlatform
[2017.04.28-03.24.24:679][  0]LogTemp:Display: Loaded TP LinuxServerTargetPlatform
[2017.04.28-03.24.24:741][  0]LogTemp:Display: Loaded TP LinuxTargetPlatform
[2017.04.28-03.24.24:741][  0]LogTargetPlatformManager:Display: Building Assets For Windows
[2017.04.28-03.24.25:292][  0]LogDerivedDataCache:Display: Max Cache Size: 512 MB
[2017.04.28-03.24.25:348][  0]LogDerivedDataCache: Loaded boot cache 0.06s 50MB C:/Users/Tom/AppData/Local/UnrealEngine/4.15/DerivedDataCache/Boot.ddc.
[2017.04.28-03.24.25:348][  0]LogDerivedDataCache:Display: Loaded Boot cache: C:/Users/Tom/AppData/Local/UnrealEngine/4.15/DerivedDataCache/Boot.ddc
[2017.04.28-03.24.25:349][  0]LogDerivedDataCache: FDerivedDataBackendGraph:  Pak pak cache file D:/Repo/CISC374_Team4/Lionfish/DerivedDataCache/DDC.ddp not found, will not use a pak cache.
[2017.04.28-03.24.25:349][  0]LogDerivedDataCache: Unable to find inner node Pak for hierarchical cache Hierarchy.
[2017.04.28-03.24.25:349][  0]LogDerivedDataCache: FDerivedDataBackendGraph:  CompressedPak pak cache file D:/Repo/CISC374_Team4/Lionfish/DerivedDataCache/Compressed.ddp not found, will not use a pak cache.
[2017.04.28-03.24.25:349][  0]LogDerivedDataCache: Unable to find inner node CompressedPak for hierarchical cache Hierarchy.
[2017.04.28-03.24.25:370][  0]LogDerivedDataCache:Display: Pak cache opened for reading ../../../Engine/DerivedDataCache/Compressed.ddp.
[2017.04.28-03.24.25:382][  0]LogDerivedDataCache: Using Local data cache path C:/Users/Tom/AppData/Local/UnrealEngine/Common/DerivedDataCache: Writable
[2017.04.28-03.24.25:392][  0]LogSlate: Using Freetype 2.6.0
[2017.04.28-03.24.25:393][  0]LogSlate: SlateFontCache - WITH_FREETYPE: 1, WITH_HARFBUZZ: 1
[2017.04.28-03.24.25:393][  0]LogSlate: SlateFontCache - WITH_FREETYPE: 1, WITH_HARFBUZZ: 1
[2017.04.28-03.24.25:708][  0]LogInit: Selected Device Profile: [Windows]
[2017.04.28-03.24.25:711][  0]LogContentStreaming: Texture pool size is 0.00 MB
[2017.04.28-03.24.25:946][  0]LogMeshUtilities: Using QuadricMeshReduction for automatic static mesh reduction
[2017.04.28-03.24.26:000][  0]LogSimplygon: Simplygon DLL not present - disabling.
[2017.04.28-03.24.26:056][  0]LogMeshUtilities: Using SimplygonSwarm for distributed automatic mesh merging
[2017.04.28-03.24.26:056][  0]LogMeshUtilities: No automatic skeletal mesh reduction module available
[2017.04.28-03.24.26:056][  0]LogMeshUtilities: No automatic mesh merging module available
[2017.04.28-03.24.26:677][  0]LogNetVersion: GetLocalNetworkVersion: CL: 3299760, ProjectName: lionfish, ProjectVersion: , EngineNetworkVersion: 2, GameNetworkVersion: 0, NetworkChecksum: 3667421609
[2017.04.28-03.24.26:728][  0]LogAssetRegistry: FAssetRegistry took 0.0223 seconds to start up
[2017.04.28-03.24.26:778][  0]LogPackageLocalizationCache: Processed 3 localized package path(s) for 2 prioritized culture(s) in 0.017828 seconds
[2017.04.28-03.24.26:784][  0]LogUObjectArray: 32493 objects as part of root set at end of initial load.
[2017.04.28-03.24.26:784][  0]LogUObjectAllocator: 7077024 out of 0 bytes used by permanent object pool.
[2017.04.28-03.24.26:784][  0]LogUObjectArray: CloseDisregardForGC: 0/0 objects in disregard for GC pool
[2017.04.28-03.24.26:862][  0]LogInit: WinSock: version 1.1 (2.2), MaxSocks=32767, MaxUdp=65467
[2017.04.28-03.24.28:767][  0]LogTcpMessaging: Initializing TcpMessaging bridge
[2017.04.28-03.24.28:813][  0]LogUdpMessaging: Initializing bridge on interface 0.0.0.0:0 to multicast group 230.0.0.1:6666.
[2017.04.28-03.24.29:337][  0]LogMaterial: Uniform references updated for custom material expression Custom.
[2017.04.28-03.24.29:778][  0]SourceControl: Info Source control is disabled
[2017.04.28-03.24.32:132][  0]LogEngine: Initializing Engine...
[2017.04.28-03.24.32:133][  0]LogHMD: Failed to initialize OpenVR with code 110
[2017.04.28-03.24.32:407][  0]LogAIModule: Creating AISystem for world Untitled
[2017.04.28-03.24.32:418][  0]LogInit: XAudio2 using 'Speakers (Realtek High Definition Audio)' : 2 channels at 48 kHz using 32 bits per sample (channel mask 0x3)
[2017.04.28-03.24.32:492][  0]LogInit: FAudioDevice initialized.
[2017.04.28-03.24.32:519][  0]LogDerivedDataCache: Saved boot cache 0.03s 50MB C:/Users/Tom/AppData/Local/UnrealEngine/4.15/DerivedDataCache/Boot.ddc.
[2017.04.28-03.24.32:525][  0]LogInit: Texture streaming: Enabled
[2017.04.28-03.24.32:635][  0]LogEngineSessionManager: EngineSessionManager initialized
[2017.04.28-03.24.32:737][  0]LogInit: Transaction tracking system initialized
[2017.04.28-03.24.33:129][  0]BlueprintLog: New page: Editor Load
[2017.04.28-03.24.34:141][  0]LocalizationService: Info Localization service is disabled
[2017.04.28-03.24.34:908][  0]LogConsoleResponse:Display: 
[2017.04.28-03.24.35:064][  0]LogCook:Display: Max memory allowance for cook 16384mb min free memory 0mb
[2017.04.28-03.24.35:064][  0]LogCook:Display: Mobile HDR setting 1
[2017.04.28-03.24.35:961][  0]LogFileCache: Scanning file cache for directory 'D:/Repo/CISC374_Team4/Lionfish/Content/' took 0.01s
[2017.04.28-03.24.36:557][  0]Cmd: MAP LOAD FILE="D:/Repo/CISC374_Team4/Lionfish/Content/TopDownBP/Maps/TopDownExampleMap.umap" TEMPLATE=0 SHOWPROGRESS=1 FEATURELEVEL=3
[2017.04.28-03.24.36:558][  0]LightingResults: New page: Lighting Build
[2017.04.28-03.24.36:603][  0]MapCheck: New page: Map Check
[2017.04.28-03.24.36:603][  0]LightingResults: New page: Lighting Build
[2017.04.28-03.24.37:070][  0]LogLinker:Warning: Asset 'D:/Repo/CISC374_Team4/Lionfish/Content/Meshes/Water_04/Water/Textures/water.uasset' has been saved with empty engine version. The asset will be loaded but may be incompatible.
[2017.04.28-03.24.37:486][  0]LogTexture:Display: Building textures: HQ_Lightmap0_1 (AutoDXT, 2048X2048) - 57 MB total VRAM
[2017.04.28-03.24.39:280][  0]LogTexture:Display: Building textures: HQ_Lightmap0_2 (AutoDXT, 1024X1024) - 57 MB total VRAM
[2017.04.28-03.24.39:661][  0]LogTexture:Display: Building textures: HQ_Lightmap0_3 (AutoDXT, 1024X1024) - 57 MB total VRAM
[2017.04.28-03.24.39:766][  0]LogTexture:Display: Building textures: HQ_Lightmap0_4 (AutoDXT, 64X64) - 57 MB total VRAM
[2017.04.28-03.24.39:915][  0]LogTexture:Display: Building textures: LQ_Lightmap_0_1 (DXT1, 2048X2048) - 57 MB total VRAM
[2017.04.28-03.24.41:339][  0]LogTexture:Display: Building textures: LQ_Lightmap_0_2 (DXT1, 1024X1024) - 57 MB total VRAM
[2017.04.28-03.24.41:582][  0]LogTexture:Display: Building textures: LQ_Lightmap_0_3 (DXT1, 1024X1024) - 57 MB total VRAM
[2017.04.28-03.24.41:634][  0]LogTexture:Display: Building textures: LQ_Lightmap_0_4 (DXT1, 64X64) - 57 MB total VRAM
[2017.04.28-03.24.41:703][  0]LogTexture:Display: Building textures: SkyOcclusion0_1 (AutoDXT, 2048X1024) - 57 MB total VRAM
[2017.04.28-03.24.42:582][  0]LogTexture:Display: Building textures: SkyOcclusion0_2 (AutoDXT, 1024X512) - 57 MB total VRAM
[2017.04.28-03.24.42:747][  0]LogTexture:Display: Building textures: SkyOcclusion0_3 (AutoDXT, 1024X512) - 57 MB total VRAM
[2017.04.28-03.24.42:796][  0]LogTexture:Display: Building textures: SkyOcclusion0_4 (AutoDXT, 64X32) - 57 MB total VRAM
[2017.04.28-03.24.42:848][  0]LogAIModule: Creating AISystem for world TopDownExampleMap
[2017.04.28-03.24.42:881][  0]LogEditorServer: Finished looking for orphan Actors (0.000 secs)
[2017.04.28-03.24.42:882][  0]Cmd: MAP CHECKDEP NOCLEARLOG
[2017.04.28-03.24.42:932][  0]MapCheck: Info Map check complete: 0 Error(s), 0 Warning(s), took 49.964ms to complete.
[2017.04.28-03.24.42:932][  0]LogFileHelpers: Loading map 'TopDownExampleMap' took 6.375
[2017.04.28-03.24.43:001][  0]LogWindowsTextInputMethodSystem:Display: IME system now deactivated.
[2017.04.28-03.24.43:152][  0]LogCollectionManager: Loaded 0 collections in 0.001447 seconds
[2017.04.28-03.24.43:279][  0]LogFileCache: Scanning file cache for directory 'D:/Repo/CISC374_Team4/Lionfish/Saved/Collections/' took 0.01s
[2017.04.28-03.24.43:279][  0]LogFileCache: Scanning file cache for directory 'D:/Repo/CISC374_Team4/Lionfish/Content/Developers/Tom/Collections/' took 0.01s
[2017.04.28-03.24.43:279][  0]LogFileCache: Scanning file cache for directory 'D:/Repo/CISC374_Team4/Lionfish/Content/Collections/' took 0.01s
[2017.04.28-03.24.43:279][  0]LogCollectionManager: Rebuilt the GUID cache for 0 collections in 0.000002 seconds
[2017.04.28-03.24.43:291][  0]LogContentBrowser: Native class hierarchy populated in 0.0110 seconds. Added 2245 classes and 453 folders.
[2017.04.28-03.24.43:294][  0]LogStats: UGameplayTagsManager::ConstructGameplayTagTree: Construct from data asset -  0.000 s
[2017.04.28-03.24.43:294][  0]LogStats: UGameplayTagsManager::ConstructGameplayTagTree: GameplayTagTreeChangedEvent.Broadcast -  0.000 s
[2017.04.28-03.24.43:365][  0]LogContentBrowser: Native class hierarchy updated for 'WidgetCarousel' in 0.0007 seconds. Added 0 classes and 0 folders.
[2017.04.28-03.24.43:410][  0]LogContentBrowser: Native class hierarchy updated for 'AddContentDialog' in 0.0005 seconds. Added 0 classes and 0 folders.
[2017.04.28-03.24.43:457][  0]LogContentBrowser: Native class hierarchy updated for 'SceneOutliner' in 0.0005 seconds. Added 1 classes and 2 folders.
[2017.04.28-03.24.43:512][  0]LogCrashTracker: Crashtracker disabled due to settings.
[2017.04.28-03.24.43:522][  0]LogUObjectGlobals:Warning: Failed to find object 'Class None.'
[2017.04.28-03.24.43:593][  0]LogContentBrowser: Native class hierarchy updated for 'HierarchicalLODOutliner' in 0.0005 seconds. Added 1 classes and 2 folders.
[2017.04.28-03.24.43:594][  0]LogLoad: (Engine Initialization) Total time: 26.04 seconds
[2017.04.28-03.24.43:594][  0]LogLoad: (Engine Initialization) Total Blueprint compile time: 0.29 seconds
[2017.04.28-03.24.43:594][  0]LogExternalProfiler: Found external profiler: VSPerf
[2017.04.28-03.24.43:594][  0]LogExternalProfiler: Using external profiler: VSPerf
[2017.04.28-03.24.43:612][  0]LogOcInput: OculusInput pre-init called
[2017.04.28-03.24.43:645][  0]SourceControl: Info On branch master
[2017.04.28-03.24.43:645][  0]SourceControl: Info Your branch is up-to-date with 'origin/master'.
[2017.04.28-03.24.43:645][  0]SourceControl: Info Changes not staged for commit:
[2017.04.28-03.24.43:645][  0]SourceControl: Info   (use "git add/rm <file>..." to update what will be committed)
[2017.04.28-03.24.43:645][  0]SourceControl: Info   (use "git checkout -- <file>..." to discard changes in working directory)
[2017.04.28-03.24.43:645][  0]SourceControl: Info 	modified:   Lionfish/Intermediate/CachedAssetRegistry.bin
[2017.04.28-03.24.43:645][  0]SourceControl: Info 	modified:   Lionfish/Saved/Config/Windows/EditorPerProjectUserSettings.ini
[2017.04.28-03.24.43:645][  0]SourceControl: Info 	modified:   Lionfish/Saved/Config/Windows/Engine.ini
[2017.04.28-03.24.43:645][  0]SourceControl: Info 	modified:   Lionfish/Saved/Logs/Lionfish.log
[2017.04.28-03.24.43:645][  0]SourceControl: Info 	deleted:    Lionfish/Saved/Logs/Lionfish_2-backup-2017.04.25-16.18.13.log
[2017.04.28-03.24.43:645][  0]SourceControl: Info Untracked files:
[2017.04.28-03.24.43:645][  0]SourceControl: Info   (use "git add <file>..." to include in what will be committed)
[2017.04.28-03.24.43:645][  0]SourceControl: Info 	Lionfish/Saved/Logs/Lionfish-backup-2017.04.27-23.24.18.log
[2017.04.28-03.24.43:645][  0]SourceControl: Info 	Lionfish/Saved/Logs/UE4CC-Windows-03B15D9D4A12DC1AEBF4D09ACB9D3A29/
[2017.04.28-03.24.43:645][  0]SourceControl: Info no changes added to commit (use "git add" and/or "git commit -a")
[2017.04.28-03.24.43:646][  0]LogContentStreaming: Texture pool size now 1000 MB
[2017.04.28-03.24.43:647][  0]LogSlate: Took 0.000235 seconds to synchronously load lazily loaded font '../../../Engine/Content/Slate/Fonts/Roboto-Regular.ttf' (155K)
[2017.04.28-03.24.43:655][  0]LogSlate: Took 0.000184 seconds to synchronously load lazily loaded font '../../../Engine/Content/Slate/Fonts/Roboto-Bold.ttf' (160K)
[2017.04.28-03.24.43:661][  0]LogSlate: Took 0.000216 seconds to synchronously load lazily loaded font '../../../Engine/Content/Editor/Slate/Fonts/FontAwesome.ttf' (139K)
[2017.04.28-03.24.43:800][  0]LogSlate: Took 0.000230 seconds to synchronously load lazily loaded font '../../../Engine/Content/Slate/Fonts/Roboto-Light.ttf' (159K)
[2017.04.28-03.24.43:851][  0]LogRenderer: Reallocating scene render targets to support 964x436 NumSamples 1 (Frame:2).
[2017.04.28-03.24.43:925][  1]LogFileCache: Retrieving MD5 hashes for directory 'D:/Repo/CISC374_Team4/Lionfish/Content/' took 0.30s
[2017.04.28-03.24.43:940][  1]LogAssetRegistry: Asset discovery search completed in 17.2343 seconds
[2017.04.28-03.24.43:940][  1]LogCollectionManager: Rebuilt the object cache for 0 collections in 0.000007 seconds (found 0 objects)
[2017.04.28-03.24.43:940][  1]LogCollectionManager: Fixed up redirectors for 0 collections in 0.000024 seconds (updated 0 objects)
[2017.04.28-03.24.46:383][144]LogTemp: Repeting last play command: Selected Viewport
[2017.04.28-03.24.46:394][144]LogBlueprintUserMessages: Early PlayInEditor Detection: Level '/Game/TopDownBP/Maps/TopDownExampleMap.TopDownExampleMap:PersistentLevel' has LevelScriptBlueprint '/Game/TopDownBP/Maps/TopDownExampleMap.TopDownExampleMap:PersistentLevel.TopDownExampleMap' with GeneratedClass '/Game/TopDownBP/Maps/TopDownExampleMap.TopDownExampleMap_C' with ClassGeneratedBy '/Game/TopDownBP/Maps/TopDownExampleMap.TopDownExampleMap:PersistentLevel.TopDownExampleMap'
[2017.04.28-03.24.46:394][144]LogPlayLevel: PlayLevel: No blueprints needed recompiling
[2017.04.28-03.24.46:394][144]PIE: New page: PIE session: TopDownExampleMap (Apr 27, 2017, 7:24:46 PM)
[2017.04.28-03.24.46:395][144]LogPlayLevel: Creating play world package: /Game/TopDownBP/Maps/UEDPIE_0_TopDownExampleMap
[2017.04.28-03.24.46:427][144]LogPlayLevel: PIE: StaticDuplicateObject took: (0.032367s)
[2017.04.28-03.24.46:428][144]LogAIModule: Creating AISystem for world TopDownExampleMap
[2017.04.28-03.24.46:429][144]LogPlayLevel: PIE: World Init took: (0.001131s)
[2017.04.28-03.24.46:429][144]LogPlayLevel: PIE: Created PIE world by copying editor world from /Game/TopDownBP/Maps/TopDownExampleMap.TopDownExampleMap to /Game/TopDownBP/Maps/UEDPIE_0_TopDownExampleMap.TopDownExampleMap (0.033916s)
[2017.04.28-03.24.46:453][144]LogInit: XAudio2 using 'Speakers (Realtek High Definition Audio)' : 2 channels at 48 kHz using 32 bits per sample (channel mask 0x3)
[2017.04.28-03.24.46:463][144]LogInit: FAudioDevice initialized.
[2017.04.28-03.24.46:511][144]LogLoad: Game class is 'TopDownGameMode_C'
[2017.04.28-03.24.46:515][144]LogWorld: Bringing World /Game/TopDownBP/Maps/UEDPIE_0_TopDownExampleMap.TopDownExampleMap up for play (max tick rate 60) at 2017.04.27-23.24.46
[2017.04.28-03.24.46:516][144]LogWorld: Bringing up level for play took: 0.003923
[2017.04.28-03.24.46:564][144]LogContentBrowser: Native class hierarchy updated for 'MovieSceneCapture' in 0.0007 seconds. Added 11 classes and 0 folders.
[2017.04.28-03.24.46:566][144]PIE: Info Play in editor start time for /Game/TopDownBP/Maps/UEDPIE_0_TopDownExampleMap 0.687
[2017.04.28-03.24.46:566][144]LogBlueprintUserMessages: Late PlayInEditor Detection: Level '/Game/TopDownBP/Maps/TopDownExampleMap.TopDownExampleMap:PersistentLevel' has LevelScriptBlueprint '/Game/TopDownBP/Maps/TopDownExampleMap.TopDownExampleMap:PersistentLevel.TopDownExampleMap' with GeneratedClass '/Game/TopDownBP/Maps/TopDownExampleMap.TopDownExampleMap_C' with ClassGeneratedBy '/Game/TopDownBP/Maps/TopDownExampleMap.TopDownExampleMap:PersistentLevel.TopDownExampleMap'
[2017.04.28-03.24.56:601][739]LogBlueprintUserMessages: Early EndPlayMap Detection: Level '/Game/TopDownBP/Maps/TopDownExampleMap.TopDownExampleMap:PersistentLevel' has LevelScriptBlueprint '/Game/TopDownBP/Maps/TopDownExampleMap.TopDownExampleMap:PersistentLevel.TopDownExampleMap' with GeneratedClass '/Game/TopDownBP/Maps/TopDownExampleMap.TopDownExampleMap_C' with ClassGeneratedBy '/Game/TopDownBP/Maps/TopDownExampleMap.TopDownExampleMap:PersistentLevel.TopDownExampleMap'
[2017.04.28-03.24.56:637][739]LogBlueprintUserMessages: Late EndPlayMap Detection: Level '/Game/TopDownBP/Maps/TopDownExampleMap.TopDownExampleMap:PersistentLevel' has LevelScriptBlueprint '/Game/TopDownBP/Maps/TopDownExampleMap.TopDownExampleMap:PersistentLevel.TopDownExampleMap' with GeneratedClass '/Game/TopDownBP/Maps/TopDownExampleMap.TopDownExampleMap_C' with ClassGeneratedBy '/Game/TopDownBP/Maps/TopDownExampleMap.TopDownExampleMap:PersistentLevel.TopDownExampleMap'
[2017.04.28-03.25.06:593][330]LogSlate: Took 0.000155 seconds to synchronously load lazily loaded font '../../../Engine/Content/Slate/Fonts/Roboto-Light.ttf' (159K)
[2017.04.28-03.25.07:099][330]LogContentBrowser: Native class hierarchy updated for 'BlueprintGraph' in 0.0013 seconds. Added 112 classes and 0 folders.
[2017.04.28-03.25.07:765][330]LogSlate: Took 0.000120 seconds to synchronously load lazily loaded font '../../../Engine/Content/Slate/Fonts/Roboto-Regular.ttf' (155K)
[2017.04.28-03.25.07:848][330]LogSlate: Took 0.000433 seconds to synchronously load lazily loaded font '../../../Engine/Content/Editor/Slate/Fonts/Roboto-BoldCondensed.ttf' (158K)
[2017.04.28-03.25.09:938][444]LogSlate: Took 0.000172 seconds to synchronously load lazily loaded font '../../../Engine/Content/Editor/Slate/Fonts/Roboto-Italic.ttf' (157K)
[2017.04.28-03.25.26:189][392]LogSlate: Took 0.000165 seconds to synchronously load lazily loaded font '../../../Engine/Content/Editor/Slate/Fonts/Roboto-BoldCondensedItalic.ttf' (160K)
[2017.04.28-03.27.10:805][553]Cmd: OBJ SAVEPACKAGE PACKAGE="/Game/TopDownBP/Character/Lionfish" FILE="D:/Repo/CISC374_Team4/Lionfish/Content/TopDownBP/Character/Lionfish.uasset" SILENT=true
[2017.04.28-03.27.10:846][553]LogSavePackage: Save=39.61ms
[2017.04.28-03.27.10:846][553]LogSavePackage: Moving 'D:/Repo/CISC374_Team4/Lionfish/Saved/Lionfish472CFDA44F5F2F3AEFF6F0AE0F734A68.tmp' to 'D:/Repo/CISC374_Team4/Lionfish/Content/TopDownBP/Character/Lionfish.uasset'
[2017.04.28-03.27.10:847][553]LogSavePackage:Display: Finished SavePackage D:/Repo/CISC374_Team4/Lionfish/Content/TopDownBP/Character/Lionfish.uasset
[2017.04.28-03.27.12:821][671]BlueprintLog: New page: Compile Lionfish
[2017.04.28-03.27.12:842][671]LogUObjectGlobals:Warning: Guid referenced by CapsuleComponent /Game/TopDownBP/Maps/TopDownExampleMap.TopDownExampleMap:PersistentLevel.Lionfish_4.CollisionCylinder is already used by CapsuleComponent /Game/TopDownBP/Maps/TopDownExampleMap.TopDownExampleMap:PersistentLevel.REINST_Lionfish_C_0.CollisionCylinder, which should never happen in the editor but could happen at runtime with duplicate level loading or PIE
[2017.04.28-03.27.12:842][671]LogUObjectGlobals:Warning: Guid referenced by ArrowComponent /Game/TopDownBP/Maps/TopDownExampleMap.TopDownExampleMap:PersistentLevel.Lionfish_4.Arrow is already used by ArrowComponent /Game/TopDownBP/Maps/TopDownExampleMap.TopDownExampleMap:PersistentLevel.REINST_Lionfish_C_0.Arrow, which should never happen in the editor but could happen at runtime with duplicate level loading or PIE
[2017.04.28-03.27.12:842][671]LogUObjectGlobals:Warning: Guid referenced by CharacterMovementComponent /Game/TopDownBP/Maps/TopDownExampleMap.TopDownExampleMap:PersistentLevel.Lionfish_4.CharMoveComp is already used by CharacterMovementComponent /Game/TopDownBP/Maps/TopDownExampleMap.TopDownExampleMap:PersistentLevel.REINST_Lionfish_C_0.CharMoveComp, which should never happen in the editor but could happen at runtime with duplicate level loading or PIE
[2017.04.28-03.27.12:842][671]LogUObjectGlobals:Warning: Guid referenced by SkeletalMeshComponent /Game/TopDownBP/Maps/TopDownExampleMap.TopDownExampleMap:PersistentLevel.Lionfish_4.CharacterMesh0 is already used by SkeletalMeshComponent /Game/TopDownBP/Maps/TopDownExampleMap.TopDownExampleMap:PersistentLevel.REINST_Lionfish_C_0.CharacterMesh0, which should never happen in the editor but could happen at runtime with duplicate level loading or PIE
[2017.04.28-03.27.20:911][100]LogSlate: Took 0.000129 seconds to synchronously load lazily loaded font '../../../Engine/Content/Slate/Fonts/Roboto-Light.ttf' (159K)
[2017.04.28-03.27.38:094][982]LogSlate: Took 0.002714 seconds to synchronously load lazily loaded font '../../../Engine/Content/Slate/Fonts/DroidSansFallback.ttf' (3848K)
[2017.04.28-03.31.47:866][196]Cmd: OBJ SAVEPACKAGE PACKAGE="/Game/TopDownBP/Blueprints/HUD" FILE="D:/Repo/CISC374_Team4/Lionfish/Content/TopDownBP/Blueprints/HUD.uasset" SILENT=true
[2017.04.28-03.31.48:171][196]LogSavePackage: Save=304.02ms
[2017.04.28-03.31.48:171][196]LogSavePackage: Moving 'D:/Repo/CISC374_Team4/Lionfish/Saved/HUD144D4B294DD8FF0801E6F0BC528FD682.tmp' to 'D:/Repo/CISC374_Team4/Lionfish/Content/TopDownBP/Blueprints/HUD.uasset'
[2017.04.28-03.31.48:172][196]LogSavePackage:Display: Finished SavePackage D:/Repo/CISC374_Team4/Lionfish/Content/TopDownBP/Blueprints/HUD.uasset
[2017.04.28-03.31.49:335][265]BlueprintLog: New page: Compile HUD
[2017.04.28-03.31.52:977][470]LogTemp: Repeting last play command: Selected Viewport
[2017.04.28-03.31.52:990][470]LogBlueprintUserMessages: Early PlayInEditor Detection: Level '/Game/TopDownBP/Maps/TopDownExampleMap.TopDownExampleMap:PersistentLevel' has LevelScriptBlueprint '/Game/TopDownBP/Maps/TopDownExampleMap.TopDownExampleMap:PersistentLevel.TopDownExampleMap' with GeneratedClass '/Game/TopDownBP/Maps/TopDownExampleMap.TopDownExampleMap_C' with ClassGeneratedBy '/Game/TopDownBP/Maps/TopDownExampleMap.TopDownExampleMap:PersistentLevel.TopDownExampleMap'
[2017.04.28-03.31.52:990][470]LogPlayLevel: PlayLevel: No blueprints needed recompiling
[2017.04.28-03.31.52:991][470]PIE: New page: PIE session: TopDownExampleMap (Apr 27, 2017, 7:31:52 PM)
[2017.04.28-03.31.52:991][470]LogPlayLevel: Creating play world package: /Game/TopDownBP/Maps/UEDPIE_0_TopDownExampleMap
[2017.04.28-03.31.53:019][470]LogPlayLevel: PIE: StaticDuplicateObject took: (0.028738s)
[2017.04.28-03.31.53:020][470]LogAIModule: Creating AISystem for world TopDownExampleMap
[2017.04.28-03.31.53:020][470]LogPlayLevel: PIE: World Init took: (0.000943s)
[2017.04.28-03.31.53:021][470]LogPlayLevel: PIE: Created PIE world by copying editor world from /Game/TopDownBP/Maps/TopDownExampleMap.TopDownExampleMap to /Game/TopDownBP/Maps/UEDPIE_0_TopDownExampleMap.TopDownExampleMap (0.029979s)
[2017.04.28-03.31.53:043][470]LogInit: XAudio2 using 'Speakers (Realtek High Definition Audio)' : 2 channels at 48 kHz using 32 bits per sample (channel mask 0x3)
[2017.04.28-03.31.53:053][470]LogInit: FAudioDevice initialized.
[2017.04.28-03.31.53:088][470]LogLoad: Game class is 'TopDownGameMode_C'
[2017.04.28-03.31.53:092][470]LogWorld: Bringing World /Game/TopDownBP/Maps/UEDPIE_0_TopDownExampleMap.TopDownExampleMap up for play (max tick rate 60) at 2017.04.27-23.31.53
[2017.04.28-03.31.53:093][470]LogWorld: Bringing up level for play took: 0.003224
[2017.04.28-03.31.53:095][470]PIE: Info Play in editor start time for /Game/TopDownBP/Maps/UEDPIE_0_TopDownExampleMap -0.784
[2017.04.28-03.31.53:095][470]LogBlueprintUserMessages: Late PlayInEditor Detection: Level '/Game/TopDownBP/Maps/TopDownExampleMap.TopDownExampleMap:PersistentLevel' has LevelScriptBlueprint '/Game/TopDownBP/Maps/TopDownExampleMap.TopDownExampleMap:PersistentLevel.TopDownExampleMap' with GeneratedClass '/Game/TopDownBP/Maps/TopDownExampleMap.TopDownExampleMap_C' with ClassGeneratedBy '/Game/TopDownBP/Maps/TopDownExampleMap.TopDownExampleMap:PersistentLevel.TopDownExampleMap'
[2017.04.28-03.31.53:132][470]LogScript:Warning: Accessed None trying to read property Lionfish
	HUD_C /Engine/Transient.UnrealEdEngine_0:GameInstance_1.HUD_C_2
	Function /Game/TopDownBP/Blueprints/HUD.HUD_C:Get_TextBlock_2_Text_0:003D
[2017.04.28-03.31.53:148][471]LogScript:Warning: Accessed None trying to read property Lionfish
	HUD_C /Engine/Transient.UnrealEdEngine_0:GameInstance_1.HUD_C_2
	Function /Game/TopDownBP/Blueprints/HUD.HUD_C:Get_TextBlock_2_Text_0:003D
[2017.04.28-03.31.53:164][472]LogScript:Warning: Accessed None trying to read property Lionfish
	HUD_C /Engine/Transient.UnrealEdEngine_0:GameInstance_1.HUD_C_2
	Function /Game/TopDownBP/Blueprints/HUD.HUD_C:Get_TextBlock_2_Text_0:003D
[2017.04.28-03.31.53:180][473]LogScript:Warning: Accessed None trying to read property Lionfish
	HUD_C /Engine/Transient.UnrealEdEngine_0:GameInstance_1.HUD_C_2
	Function /Game/TopDownBP/Blueprints/HUD.HUD_C:Get_TextBlock_2_Text_0:003D
[2017.04.28-03.31.53:196][474]LogScript:Warning: Accessed None trying to read property Lionfish
	HUD_C /Engine/Transient.UnrealEdEngine_0:GameInstance_1.HUD_C_2
	Function /Game/TopDownBP/Blueprints/HUD.HUD_C:Get_TextBlock_2_Text_0:003D
[2017.04.28-03.31.53:213][475]LogScript:Warning: Accessed None trying to read property Lionfish
	HUD_C /Engine/Transient.UnrealEdEngine_0:GameInstance_1.HUD_C_2
	Function /Game/TopDownBP/Blueprints/HUD.HUD_C:Get_TextBlock_2_Text_0:003D
[2017.04.28-03.31.53:230][476]LogScript:Warning: Accessed None trying to read property Lionfish
	HUD_C /Engine/Transient.UnrealEdEngine_0:GameInstance_1.HUD_C_2
	Function /Game/TopDownBP/Blueprints/HUD.HUD_C:Get_TextBlock_2_Text_0:003D
[2017.04.28-03.31.53:246][477]LogScript:Warning: Accessed None trying to read property Lionfish
	HUD_C /Engine/Transient.UnrealEdEngine_0:GameInstance_1.HUD_C_2
	Function /Game/TopDownBP/Blueprints/HUD.HUD_C:Get_TextBlock_2_Text_0:003D
[2017.04.28-03.31.53:264][478]LogScript:Warning: Accessed None trying to read property Lionfish
	HUD_C /Engine/Transient.UnrealEdEngine_0:GameInstance_1.HUD_C_2
	Function /Game/TopDownBP/Blueprints/HUD.HUD_C:Get_TextBlock_2_Text_0:003D
[2017.04.28-03.31.53:280][479]LogScript:Warning: Accessed None trying to read property Lionfish
	HUD_C /Engine/Transient.UnrealEdEngine_0:GameInstance_1.HUD_C_2
	Function /Game/TopDownBP/Blueprints/HUD.HUD_C:Get_TextBlock_2_Text_0:003D
[2017.04.28-03.31.53:297][480]LogScript:Warning: Accessed None trying to read property Lionfish
	HUD_C /Engine/Transient.UnrealEdEngine_0:GameInstance_1.HUD_C_2
	Function /Game/TopDownBP/Blueprints/HUD.HUD_C:Get_TextBlock_2_Text_0:003D
[2017.04.28-03.31.53:314][481]LogScript:Warning: Accessed None trying to read property Lionfish
	HUD_C /Engine/Transient.UnrealEdEngine_0:GameInstance_1.HUD_C_2
	Function /Game/TopDownBP/Blueprints/HUD.HUD_C:Get_TextBlock_2_Text_0:003D
[2017.04.28-03.31.53:330][482]LogScript:Warning: Accessed None trying to read property Lionfish
	HUD_C /Engine/Transient.UnrealEdEngine_0:GameInstance_1.HUD_C_2
	Function /Game/TopDownBP/Blueprints/HUD.HUD_C:Get_TextBlock_2_Text_0:003D
[2017.04.28-03.31.53:351][483]LogScript:Warning: Accessed None trying to read property Lionfish
	HUD_C /Engine/Transient.UnrealEdEngine_0:GameInstance_1.HUD_C_2
	Function /Game/TopDownBP/Blueprints/HUD.HUD_C:Get_TextBlock_2_Text_0:003D
[2017.04.28-03.31.53:364][484]LogScript:Warning: Accessed None trying to read property Lionfish
	HUD_C /Engine/Transient.UnrealEdEngine_0:GameInstance_1.HUD_C_2
	Function /Game/TopDownBP/Blueprints/HUD.HUD_C:Get_TextBlock_2_Text_0:003D
[2017.04.28-03.31.53:381][485]LogScript:Warning: Accessed None trying to read property Lionfish
	HUD_C /Engine/Transient.UnrealEdEngine_0:GameInstance_1.HUD_C_2
	Function /Game/TopDownBP/Blueprints/HUD.HUD_C:Get_TextBlock_2_Text_0:003D
[2017.04.28-03.31.53:399][486]LogScript:Warning: Accessed None trying to read property Lionfish
	HUD_C /Engine/Transient.UnrealEdEngine_0:GameInstance_1.HUD_C_2
	Function /Game/TopDownBP/Blueprints/HUD.HUD_C:Get_TextBlock_2_Text_0:003D
[2017.04.28-03.32.08:247][377]LogBlueprintUserMessages: Early EndPlayMap Detection: Level '/Game/TopDownBP/Maps/TopDownExampleMap.TopDownExampleMap:PersistentLevel' has LevelScriptBlueprint '/Game/TopDownBP/Maps/TopDownExampleMap.TopDownExampleMap:PersistentLevel.TopDownExampleMap' with GeneratedClass '/Game/TopDownBP/Maps/TopDownExampleMap.TopDownExampleMap_C' with ClassGeneratedBy '/Game/TopDownBP/Maps/TopDownExampleMap.TopDownExampleMap:PersistentLevel.TopDownExampleMap'
[2017.04.28-03.32.08:284][377]LogBlueprintUserMessages: Late EndPlayMap Detection: Level '/Game/TopDownBP/Maps/TopDownExampleMap.TopDownExampleMap:PersistentLevel' has LevelScriptBlueprint '/Game/TopDownBP/Maps/TopDownExampleMap.TopDownExampleMap:PersistentLevel.TopDownExampleMap' with GeneratedClass '/Game/TopDownBP/Maps/TopDownExampleMap.TopDownExampleMap_C' with ClassGeneratedBy '/Game/TopDownBP/Maps/TopDownExampleMap.TopDownExampleMap:PersistentLevel.TopDownExampleMap'
[2017.04.28-03.32.12:696][446]Cmd: OBJ SAVEPACKAGE PACKAGE="/Game/TopDownBP/Maps/TopDownExampleMap" FILE="D:/Repo/CISC374_Team4/Lionfish/Content/TopDownBP/Maps/TopDownExampleMap.umap" SILENT=true AUTOSAVING=false KEEPDIRTY=false
[2017.04.28-03.32.12:900][446]LogSavePackage: Save=177.02ms
[2017.04.28-03.32.12:900][446]LogSavePackage: Moving 'D:/Repo/CISC374_Team4/Lionfish/Saved/TopDownExampleMap91F7E19E400E9FD71C8BA5BB760E5B20.tmp' to 'D:/Repo/CISC374_Team4/Lionfish/Content/TopDownBP/Maps/TopDownExampleMap.umap'
[2017.04.28-03.32.12:901][446]LogSavePackage:Display: Finished SavePackage D:/Repo/CISC374_Team4/Lionfish/Content/TopDownBP/Maps/TopDownExampleMap.umap
[2017.04.28-03.32.12:921][446]LogFileHelpers: Saving map 'TopDownExampleMap' took 0.285
[2017.04.28-03.32.12:978][446]LogWindowsTextInputMethodSystem:Display: IME system now deactivated.
[2017.04.28-03.32.13:155][447]Cmd: QUIT_EDITOR
[2017.04.28-03.32.13:979][447]LogExit: Preparing to exit.
[2017.04.28-03.32.15:137][447]LogExit: Editor shut down
[2017.04.28-03.32.15:138][447]LogExit: Transaction tracking system shut down
[2017.04.28-03.32.15:247][447]LogObj: Freed 0b from 0 cluster array pools.
[2017.04.28-03.32.15:247][447]LogExit: Object subsystem successfully closed.
[2017.04.28-03.32.15:258][447]LogD3D11RHI: Shutdown
[2017.04.28-03.32.15:258][447]LogD3D11RHI: CleanupD3DDevice
[2017.04.28-03.32.15:379][447]LogD3D11RHI: ~FD3D11DynamicRHI
[2017.04.28-03.32.15:397][447]LogModuleManager: Shutting down and abandoning module SequencerWidgets (506)
[2017.04.28-03.32.15:397][447]LogModuleManager: Shutting down and abandoning module BlueprintGraph (504)
[2017.04.28-03.32.15:397][447]LogModuleManager: Shutting down and abandoning module BlueprintProfiler (502)
[2017.04.28-03.32.15:397][447]LogModuleManager: Shutting down and abandoning module MovieSceneCapture (500)
[2017.04.28-03.32.15:397][447]LogModuleManager: Shutting down and abandoning module HierarchicalLODOutliner (498)
[2017.04.28-03.32.15:397][447]LogModuleManager: Shutting down and abandoning module CrashTracker (496)
[2017.04.28-03.32.15:397][447]LogModuleManager: Shutting down and abandoning module SceneOutliner (494)
[2017.04.28-03.32.15:397][447]LogModuleManager: Shutting down and abandoning module AddContentDialog (492)
[2017.04.28-03.32.15:397][447]LogDirectoryWatcher: A directory notification for 'C:/Program Files/Epic Games/UE_4.15/FeaturePacks/' was aborted.
[2017.04.28-03.32.15:399][447]LogModuleManager: Shutting down and abandoning module WidgetCarousel (491)
[2017.04.28-03.32.15:399][447]LogModuleManager: Shutting down and abandoning module EditorWidgets (488)
[2017.04.28-03.32.15:399][447]LogModuleManager: Shutting down and abandoning module CollectionManager (486)
[2017.04.28-03.32.15:399][447]LogDirectoryWatcher: A directory notification for 'D:/Repo/CISC374_Team4/Lionfish/Content/Collections/' was aborted.
[2017.04.28-03.32.15:399][447]LogDirectoryWatcher: A directory notification for 'D:/Repo/CISC374_Team4/Lionfish/Content/Developers/Tom/Collections/' was aborted.
[2017.04.28-03.32.15:399][447]LogDirectoryWatcher: A directory notification for 'D:/Repo/CISC374_Team4/Lionfish/Saved/Collections/' was aborted.
[2017.04.28-03.32.15:399][447]LogModuleManager: Shutting down and abandoning module StatsViewer (484)
[2017.04.28-03.32.15:399][447]LogModuleManager: Shutting down and abandoning module FoliageEdit (482)
[2017.04.28-03.32.15:399][447]LogModuleManager: Shutting down and abandoning module LandscapeEditor (480)
[2017.04.28-03.32.15:399][447]LogModuleManager: Shutting down and abandoning module SceneDepthPickerMode (478)
[2017.04.28-03.32.15:399][447]LogModuleManager: Shutting down and abandoning module ActorPickerMode (476)
[2017.04.28-03.32.15:399][447]LogModuleManager: Shutting down and abandoning module GeometryMode (474)
[2017.04.28-03.32.15:399][447]LogModuleManager: Shutting down and abandoning module TextureAlignMode (472)
[2017.04.28-03.32.15:399][447]LogModuleManager: Shutting down and abandoning module BspMode (470)
[2017.04.28-03.32.15:400][447]LogModuleManager: Shutting down and abandoning module HardwareSurvey (468)
[2017.04.28-03.32.15:400][447]LogModuleManager: Shutting down and abandoning module SequenceRecorderSections (466)
[2017.04.28-03.32.15:400][447]LogModuleManager: Shutting down and abandoning module AutomationWorker (464)
[2017.04.28-03.32.15:400][447]LogModuleManager: Shutting down and abandoning module MatineeToLevelSequence (462)
[2017.04.28-03.32.15:400][447]LogModuleManager: Shutting down and abandoning module LevelSequenceEditor (460)
[2017.04.28-03.32.15:400][447]LogModuleManager: Shutting down and abandoning module PlacementMode (459)
[2017.04.28-03.32.15:400][447]LogModuleManager: Shutting down and abandoning module WmfMediaFactory (456)
[2017.04.28-03.32.15:400][447]LogModuleManager: Shutting down and abandoning module WmfMediaEditor (454)
[2017.04.28-03.32.15:400][447]LogModuleManager: Shutting down and abandoning module MfMediaFactory (452)
[2017.04.28-03.32.15:400][447]LogModuleManager: Shutting down and abandoning module MfMediaEditor (450)
[2017.04.28-03.32.15:400][447]LogModuleManager: Shutting down and abandoning module AvfMediaFactory (448)
[2017.04.28-03.32.15:400][447]LogModuleManager: Shutting down and abandoning module AvfMediaEditor (446)
[2017.04.28-03.32.15:400][447]LogModuleManager: Shutting down and abandoning module AndroidMediaFactory (444)
[2017.04.28-03.32.15:400][447]LogModuleManager: Shutting down and abandoning module Media (443)
[2017.04.28-03.32.15:400][447]LogModuleManager: Shutting down and abandoning module AndroidMediaEditor (440)
[2017.04.28-03.32.15:400][447]LogModuleManager: Shutting down and abandoning module CharacterAI (438)
[2017.04.28-03.32.15:400][447]LogModuleManager: Shutting down and abandoning module AudioCapture (436)
[2017.04.28-03.32.15:400][447]LogModuleManager: Shutting down and abandoning module SequenceRecorder (435)
[2017.04.28-03.32.15:400][447]LogModuleManager: Shutting down and abandoning module SmartSnapping (432)
[2017.04.28-03.32.15:400][447]LogModuleManager: Shutting down and abandoning module SessionServices (430)
[2017.04.28-03.32.15:400][447]LogModuleManager: Shutting down and abandoning module ViewportSnapping (428)
[2017.04.28-03.32.15:400][447]LogModuleManager: Shutting down and abandoning module ViewportInteraction (426)
[2017.04.28-03.32.15:400][447]LogModuleManager: Shutting down and abandoning module LogVisualizer (424)
[2017.04.28-03.32.15:400][447]LogModuleManager: Shutting down and abandoning module IntroTutorials (422)
[2017.04.28-03.32.15:400][447]LogModuleManager: Shutting down and abandoning module GameProjectGeneration (421)
[2017.04.28-03.32.15:400][447]LogModuleManager: Shutting down and abandoning module EditorLiveStreaming (418)
[2017.04.28-03.32.15:400][447]LogModuleManager: Shutting down and abandoning module IOSPlatformEditor (416)
[2017.04.28-03.32.15:400][447]LogModuleManager: Shutting down and abandoning module HTML5PlatformEditor (414)
[2017.04.28-03.32.15:400][447]LogModuleManager: Shutting down and abandoning module AndroidPlatformEditor (412)
[2017.04.28-03.32.15:400][447]LogModuleManager: Shutting down and abandoning module AndroidDeviceDetection (411)
[2017.04.28-03.32.15:730][447]LogModuleManager: Shutting down and abandoning module IOSRuntimeSettings (408)
[2017.04.28-03.32.15:730][447]LogModuleManager: Shutting down and abandoning module AndroidRuntimeSettings (406)
[2017.04.28-03.32.15:730][447]LogModuleManager: Shutting down and abandoning module InputBindingEditor (404)
[2017.04.28-03.32.15:730][447]LogModuleManager: Shutting down and abandoning module NiagaraEditor (402)
[2017.04.28-03.32.15:730][447]LogModuleManager: Shutting down and abandoning module MergeActors (400)
[2017.04.28-03.32.15:730][447]LogModuleManager: Shutting down and abandoning module SizeMap (398)
[2017.04.28-03.32.15:730][447]LogModuleManager: Shutting down and abandoning module TreeMap (396)
[2017.04.28-03.32.15:730][447]LogModuleManager: Shutting down and abandoning module ReferenceViewer (394)
[2017.04.28-03.32.15:730][447]LogModuleManager: Shutting down and abandoning module LocalizationDashboard (392)
[2017.04.28-03.32.15:730][447]LogModuleManager: Shutting down and abandoning module LocalizationService (391)
[2017.04.28-03.32.15:730][447]LogModuleManager: Shutting down and abandoning module HardwareTargeting (388)
[2017.04.28-03.32.15:730][447]LogModuleManager: Shutting down and abandoning module DeviceProfileEditor (386)
[2017.04.28-03.32.15:730][447]LogModuleManager: Shutting down and abandoning module UndoHistory (384)
[2017.04.28-03.32.15:730][447]LogModuleManager: Shutting down and abandoning module UserFeedback (382)
[2017.04.28-03.32.15:730][447]LogModuleManager: Shutting down and abandoning module XmlParser (380)
[2017.04.28-03.32.15:730][447]LogModuleManager: Shutting down and abandoning module Blutility (378)
[2017.04.28-03.32.15:730][447]LogModuleManager: Shutting down and abandoning module ProjectSettingsViewer (376)
[2017.04.28-03.32.15:730][447]LogModuleManager: Shutting down and abandoning module ProjectTargetPlatformEditor (375)
[2017.04.28-03.32.15:730][447]LogModuleManager: Shutting down and abandoning module EditorSettingsViewer (372)
[2017.04.28-03.32.15:730][447]LogModuleManager: Shutting down and abandoning module SettingsEditor (370)
[2017.04.28-03.32.15:730][447]LogModuleManager: Shutting down and abandoning module ProjectLauncher (368)
[2017.04.28-03.32.15:730][447]LogModuleManager: Shutting down and abandoning module SessionFrontend (366)
[2017.04.28-03.32.15:730][447]LogModuleManager: Shutting down and abandoning module ProfilerClient (364)
[2017.04.28-03.32.15:730][447]LogModuleManager: Shutting down and abandoning module DeviceManager (362)
[2017.04.28-03.32.15:730][447]LogModuleManager: Shutting down and abandoning module TargetDeviceServices (361)
[2017.04.28-03.32.15:784][447]LogModuleManager: Shutting down and abandoning module AutomationController (358)
[2017.04.28-03.32.15:784][447]LogModuleManager: Shutting down and abandoning module AutomationWindow (356)
[2017.04.28-03.32.15:784][447]LogModuleManager: Shutting down and abandoning module Layers (354)
[2017.04.28-03.32.15:784][447]LogModuleManager: Shutting down and abandoning module ComponentVisualizers (352)
[2017.04.28-03.32.15:784][447]LogModuleManager: Shutting down and abandoning module DetailCustomizations (350)
[2017.04.28-03.32.15:784][447]LogModuleManager: Shutting down and abandoning module PackagesDialog (348)
[2017.04.28-03.32.15:784][447]LogModuleManager: Shutting down and abandoning module Persona (346)
[2017.04.28-03.32.15:784][447]LogModuleManager: Shutting down and abandoning module AnimGraph (345)
[2017.04.28-03.32.15:784][447]LogModuleManager: Shutting down and abandoning module Kismet (342)
[2017.04.28-03.32.15:791][447]LogModuleManager: Shutting down and abandoning module GraphEditor (340)
[2017.04.28-03.32.15:791][447]LogModuleManager: Shutting down and abandoning module ClassViewer (338)
[2017.04.28-03.32.15:791][447]LogModuleManager: Shutting down and abandoning module Toolbox (336)
[2017.04.28-03.32.15:791][447]LogModuleManager: Shutting down and abandoning module ModuleUI (334)
[2017.04.28-03.32.15:791][447]LogModuleManager: Shutting down and abandoning module MovieSceneTools (332)
[2017.04.28-03.32.15:791][447]LogModuleManager: Shutting down and abandoning module OutputLog (330)
[2017.04.28-03.32.15:791][447]LogModuleManager: Shutting down and abandoning module GammaUI (328)
[2017.04.28-03.32.15:791][447]LogModuleManager: Shutting down and abandoning module Documentation (326)
[2017.04.28-03.32.15:791][447]LogModuleManager: Shutting down and abandoning module Niagara (324)
[2017.04.28-03.32.15:791][447]LogModuleManager: Shutting down and abandoning module StreamingPauseRendering (322)
[2017.04.28-03.32.15:791][447]LogModuleManager: Shutting down and abandoning module AnalyticsET (320)
[2017.04.28-03.32.15:791][447]LogModuleManager: Shutting down and abandoning module PortalServices (318)
[2017.04.28-03.32.15:791][447]LogModuleManager: Shutting down and abandoning module PortalRpc (316)
[2017.04.28-03.32.15:791][447]LogModuleManager: Shutting down and abandoning module MessagingRpc (314)
[2017.04.28-03.32.15:791][447]LogModuleManager: Shutting down and abandoning module AIModule (312)
[2017.04.28-03.32.15:791][447]LogModuleManager: Shutting down and abandoning module GameplayDebugger (311)
[2017.04.28-03.32.15:791][447]LogModuleManager: Shutting down and abandoning module AITestSuite (309)
[2017.04.28-03.32.15:791][447]LogModuleManager: Shutting down and abandoning module ProfilerService (306)
[2017.04.28-03.32.15:949][447]LogModuleManager: Shutting down and abandoning module TaskGraph (304)
[2017.04.28-03.32.15:949][447]LogModuleManager: Shutting down and abandoning module SteamVRController (302)
[2017.04.28-03.32.15:949][447]LogModuleManager: Shutting down and abandoning module SteamVR (300)
[2017.04.28-03.32.15:949][447]LogModuleManager: Shutting down and abandoning module ProceduralMeshComponentEditor (298)
[2017.04.28-03.32.15:949][447]LogModuleManager: Shutting down and abandoning module ProceduralMeshComponent (296)
[2017.04.28-03.32.15:949][447]LogModuleManager: Shutting down and abandoning module OculusLibrary (294)
[2017.04.28-03.32.15:949][447]LogModuleManager: Shutting down and abandoning module OculusInput (292)
[2017.04.28-03.32.15:949][447]LogModuleManager: Shutting down and abandoning module MobilePatchingUtils (290)
[2017.04.28-03.32.15:949][447]LogModuleManager: Shutting down and abandoning module CustomMeshComponent (288)
[2017.04.28-03.32.15:949][447]LogModuleManager: Shutting down and abandoning module CableComponent (286)
[2017.04.28-03.32.15:949][447]LogModuleManager: Shutting down and abandoning module ArchVisCharacter (284)
[2017.04.28-03.32.15:949][447]LogModuleManager: Shutting down and abandoning module MediaPlayerEditor (280)
[2017.04.28-03.32.15:949][447]LogModuleManager: Shutting down and abandoning module HTML5Networking (278)
[2017.04.28-03.32.15:949][447]LogModuleManager: Shutting down and abandoning module AlembicImporter (276)
[2017.04.28-03.32.15:949][447]LogModuleManager: Shutting down and abandoning module AlembicLibrary (275)
[2017.04.28-03.32.15:949][447]LogModuleManager: Shutting down and abandoning module GeometryCache (274)
[2017.04.28-03.32.15:949][447]LogModuleManager: Shutting down and abandoning module GeometryCacheEd (273)
[2017.04.28-03.32.15:949][447]LogModuleManager: Shutting down and abandoning module SuperSearchEditor (268)
[2017.04.28-03.32.15:949][447]LogModuleManager: Shutting down and abandoning module SuperSearch (267)
[2017.04.28-03.32.15:949][447]LogModuleManager: Shutting down and abandoning module SpeedTreeImporter (264)
[2017.04.28-03.32.15:949][447]LogModuleManager: Shutting down and abandoning module PluginBrowser (262)
[2017.04.28-03.32.15:949][447]LogModuleManager: Shutting down and abandoning module MobileLauncherProfileWizard (260)
[2017.04.28-03.32.15:949][447]LogModuleManager: Shutting down and abandoning module EpicSurvey (258)
[2017.04.28-03.32.15:949][447]LogModuleManager: Shutting down and abandoning module VisualStudioSourceCodeAccess (256)
[2017.04.28-03.32.15:950][447]LogModuleManager: Shutting down and abandoning module DesktopPlatform (255)
[2017.04.28-03.32.15:950][447]LogModuleManager: Shutting down and abandoning module UObjectPlugin (252)
[2017.04.28-03.32.15:950][447]LogModuleManager: Shutting down and abandoning module SubversionSourceControl (250)
[2017.04.28-03.32.15:950][447]LogModuleManager: Shutting down and abandoning module PerforceSourceControl (248)
[2017.04.28-03.32.15:950][447]LogModuleManager: Shutting down and abandoning module GitSourceControl (246)
[2017.04.28-03.32.15:950][447]LogModuleManager: Shutting down and abandoning module SourceControl (245)
[2017.04.28-03.32.15:950][447]LogModuleManager: Shutting down and abandoning module LightPropagationVolumeEditor (242)
[2017.04.28-03.32.15:950][447]LogModuleManager: Shutting down and abandoning module PaperTiledImporter (240)
[2017.04.28-03.32.15:950][447]LogModuleManager: Shutting down and abandoning module PaperSpriteSheetImporter (238)
[2017.04.28-03.32.15:950][447]LogModuleManager: Shutting down and abandoning module Paper2DEditor (236)
[2017.04.28-03.32.15:950][447]LogModuleManager: Shutting down and abandoning module MeshPaint (235)
[2017.04.28-03.32.15:950][447]LogModuleManager: Shutting down and abandoning module LevelEditor (233)
[2017.04.28-03.32.15:950][447]LogModuleManager: Shutting down and abandoning module PixelInspectorModule (232)
[2017.04.28-03.32.15:950][447]LogModuleManager: Shutting down and abandoning module MainFrame (230)
[2017.04.28-03.32.15:950][447]LogModuleManager: Shutting down and abandoning module HotReload (229)
[2017.04.28-03.32.15:951][447]LogModuleManager: Shutting down and abandoning module ContentBrowser (225)
[2017.04.28-03.32.15:951][447]LogModuleManager: Shutting down and abandoning module PhysXVehiclesEditor (222)
[2017.04.28-03.32.15:951][447]LogModuleManager: Shutting down and abandoning module PhysXVehicles (220)
[2017.04.28-03.32.15:951][447]LogModuleManager: Shutting down and abandoning module LocationServicesBPLibrary (218)
[2017.04.28-03.32.15:952][447]LogModuleManager: Shutting down and abandoning module UdpMessaging (216)
[2017.04.28-03.32.16:053][447]LogModuleManager: Shutting down and abandoning module TcpMessaging (214)
[2017.04.28-03.32.16:153][447]LogModuleManager: Shutting down and abandoning module GameplayTagsEditor (212)
[2017.04.28-03.32.16:153][447]LogModuleManager: Shutting down and abandoning module FacialAnimationEditor (210)
[2017.04.28-03.32.16:153][447]LogModuleManager: Shutting down and abandoning module FacialAnimation (208)
[2017.04.28-03.32.16:153][447]LogModuleManager: Shutting down and abandoning module LightPropagationVolumeRuntime (206)
[2017.04.28-03.32.16:153][447]LogModuleManager: Shutting down and abandoning module Paper2D (204)
[2017.04.28-03.32.16:153][447]LogModuleManager: Shutting down and abandoning module WindowsMoviePlayer (202)
[2017.04.28-03.32.16:153][447]LogModuleManager: Shutting down and abandoning module WmfMedia (200)
[2017.04.28-03.32.16:153][447]LogModuleManager: Shutting down and abandoning module MfMedia (198)
[2017.04.28-03.32.16:153][447]LogModuleManager: Shutting down and abandoning module MediaAssets (196)
[2017.04.28-03.32.16:153][447]LogModuleManager: Shutting down and abandoning module GameLiveStreaming (194)
[2017.04.28-03.32.16:153][447]LogModuleManager: Shutting down and abandoning module VREditor (192)
[2017.04.28-03.32.16:153][447]LogModuleManager: Shutting down and abandoning module GameplayTasksEditor (190)
[2017.04.28-03.32.16:153][447]LogModuleManager: Shutting down and abandoning module BehaviorTreeEditor (188)
[2017.04.28-03.32.16:153][447]LogModuleManager: Shutting down and abandoning module FunctionalTesting (186)
[2017.04.28-03.32.16:153][447]LogModuleManager: Shutting down and abandoning module CollisionAnalyzer (184)
[2017.04.28-03.32.16:153][447]LogModuleManager: Shutting down and abandoning module UMG (182)
[2017.04.28-03.32.16:153][447]LogModuleManager: Shutting down and abandoning module UMGEditor (181)
[2017.04.28-03.32.16:153][447]LogModuleManager: Shutting down and abandoning module Sequencer (180)
[2017.04.28-03.32.16:153][447]LogModuleManager: Shutting down and abandoning module AssetTools (178)
[2017.04.28-03.32.16:153][447]LogModuleManager: Shutting down and abandoning module MessageLog (177)
[2017.04.28-03.32.16:153][447]LogModuleManager: Shutting down and abandoning module WorkspaceMenuStructure (176)
[2017.04.28-03.32.16:153][447]LogModuleManager: Shutting down and abandoning module SlateReflector (170)
[2017.04.28-03.32.16:153][447]LogModuleManager: Shutting down and abandoning module Slate (168)
[2017.04.28-03.32.16:153][447]LogModuleManager: Shutting down and abandoning module EditorStyle (166)
[2017.04.28-03.32.16:156][447]LogModuleManager: Shutting down and abandoning module SourceCodeAccess (164)
[2017.04.28-03.32.16:156][447]LogModuleManager: Shutting down and abandoning module HeadMountedDisplay (162)
[2017.04.28-03.32.16:156][447]LogModuleManager: Shutting down and abandoning module XAudio2 (160)
[2017.04.28-03.32.16:156][447]LogModuleManager: Shutting down and abandoning module Networking (158)
[2017.04.28-03.32.16:156][447]LogModuleManager: Shutting down and abandoning module Core (154)
[2017.04.28-03.32.16:156][447]LogModuleManager: Shutting down and abandoning module AssetRegistry (152)
[2017.04.28-03.32.16:339][447]LogDirectoryWatcher: A directory notification for '../../../Engine/Content/' was aborted.
[2017.04.28-03.32.16:339][447]LogDirectoryWatcher: A directory notification for 'D:/Repo/CISC374_Team4/Lionfish/Content/' was aborted.
[2017.04.28-03.32.16:339][447]LogDirectoryWatcher: A directory notification for '../../../Engine/Plugins/2D/Paper2D/Content/' was aborted.
[2017.04.28-03.32.16:339][447]LogModuleManager: Shutting down and abandoning module DirectoryWatcher (151)
[2017.04.28-03.32.16:340][447]LogModuleManager: Shutting down and abandoning module KismetCompiler (148)
[2017.04.28-03.32.16:340][447]LogModuleManager: Shutting down and abandoning module PhysXFormats (146)
[2017.04.28-03.32.16:340][447]LogModuleManager: Shutting down and abandoning module MeshUtilities (144)
[2017.04.28-03.32.16:340][447]LogModuleManager: Shutting down and abandoning module SimplygonSwarm (143)
[2017.04.28-03.32.16:340][447]LogModuleManager: Shutting down and abandoning module SimplygonMeshReduction (141)
[2017.04.28-03.32.16:340][447]LogModuleManager: Shutting down and abandoning module QuadricMeshReduction (139)
[2017.04.28-03.32.16:340][447]LogModuleManager: Shutting down and abandoning module PropertyEditor (137)
[2017.04.28-03.32.16:340][447]LogModuleManager: Shutting down and abandoning module DerivedDataCache (134)
[2017.04.28-03.32.16:347][447]LogDerivedDataCache: Shutdown
[2017.04.28-03.32.16:347][447]LogModuleManager: Shutting down and abandoning module TargetPlatform (132)
[2017.04.28-03.32.16:347][447]LogModuleManager: Shutting down and abandoning module VulkanShaderFormat (131)
[2017.04.28-03.32.16:347][447]LogModuleManager: Shutting down and abandoning module ShaderFormatOpenGL (129)
[2017.04.28-03.32.16:347][447]LogModuleManager: Shutting down and abandoning module ShaderFormatD3D (127)
[2017.04.28-03.32.16:347][447]LogModuleManager: Shutting down and abandoning module MetalShaderFormat (125)
[2017.04.28-03.32.16:347][447]LogModuleManager: Shutting down and abandoning module TextureFormatUncompressed (123)
[2017.04.28-03.32.16:347][447]LogModuleManager: Shutting down and abandoning module TextureFormatPVR (121)
[2017.04.28-03.32.16:347][447]LogModuleManager: Shutting down and abandoning module TextureFormatDXT (119)
[2017.04.28-03.32.16:347][447]LogModuleManager: Shutting down and abandoning module TextureFormatIntelISPCTexComp (117)
[2017.04.28-03.32.16:347][447]LogModuleManager: Shutting down and abandoning module TextureFormatASTC (115)
[2017.04.28-03.32.16:347][447]LogModuleManager: Shutting down and abandoning module ImageWrapper (114)
[2017.04.28-03.32.16:347][447]LogModuleManager: Shutting down and abandoning module TextureFormatAndroid (111)
[2017.04.28-03.32.16:347][447]LogModuleManager: Shutting down and abandoning module AudioFormatOpus (109)
[2017.04.28-03.32.16:347][447]LogModuleManager: Shutting down and abandoning module AudioFormatOgg (107)
[2017.04.28-03.32.16:347][447]LogModuleManager: Shutting down and abandoning module AudioFormatADPCM (105)
[2017.04.28-03.32.16:347][447]LogModuleManager: Shutting down and abandoning module LinuxTargetPlatform (103)
[2017.04.28-03.32.16:347][447]LogModuleManager: Shutting down and abandoning module LinuxServerTargetPlatform (101)
[2017.04.28-03.32.16:347][447]LogModuleManager: Shutting down and abandoning module LinuxNoEditorTargetPlatform (99)
[2017.04.28-03.32.16:347][447]LogModuleManager: Shutting down and abandoning module LinuxClientTargetPlatform (97)
[2017.04.28-03.32.16:347][447]LogModuleManager: Shutting down and abandoning module TVOSTargetPlatform (95)
[2017.04.28-03.32.16:347][447]LogModuleManager: Shutting down and abandoning module Messaging (93)
[2017.04.28-03.32.16:348][447]LogModuleManager: Shutting down and abandoning module IOSTargetPlatform (91)
[2017.04.28-03.32.16:348][447]LogModuleManager: Shutting down and abandoning module HTML5TargetPlatform (89)
[2017.04.28-03.32.16:348][447]LogModuleManager: Shutting down and abandoning module Android_PVRTCTargetPlatform (87)
[2017.04.28-03.32.16:348][447]LogModuleManager: Shutting down and abandoning module Android_MultiTargetPlatform (85)
[2017.04.28-03.32.16:348][447]LogModuleManager: Shutting down and abandoning module Android_ETC2TargetPlatform (83)
[2017.04.28-03.32.16:348][447]LogModuleManager: Shutting down and abandoning module Android_ETC1TargetPlatform (81)
[2017.04.28-03.32.16:348][447]LogModuleManager: Shutting down and abandoning module Android_DXTTargetPlatform (79)
[2017.04.28-03.32.16:348][447]LogModuleManager: Shutting down and abandoning module Android_ATCTargetPlatform (77)
[2017.04.28-03.32.16:348][447]LogModuleManager: Shutting down and abandoning module Android_ASTCTargetPlatform (75)
[2017.04.28-03.32.16:348][447]LogModuleManager: Shutting down and abandoning module AndroidTargetPlatform (73)
[2017.04.28-03.32.16:348][447]LogModuleManager: Shutting down and abandoning module WindowsTargetPlatform (71)
[2017.04.28-03.32.16:348][447]LogModuleManager: Shutting down and abandoning module WindowsServerTargetPlatform (69)
[2017.04.28-03.32.16:348][447]LogModuleManager: Shutting down and abandoning module WindowsNoEditorTargetPlatform (67)
[2017.04.28-03.32.16:348][447]LogModuleManager: Shutting down and abandoning module WindowsClientTargetPlatform (65)
[2017.04.28-03.32.16:348][447]LogModuleManager: Shutting down and abandoning module MacTargetPlatform (63)
[2017.04.28-03.32.16:348][447]LogModuleManager: Shutting down and abandoning module MacServerTargetPlatform (61)
[2017.04.28-03.32.16:348][447]LogModuleManager: Shutting down and abandoning module MacNoEditorTargetPlatform (59)
[2017.04.28-03.32.16:348][447]LogModuleManager: Shutting down and abandoning module MacClientTargetPlatform (57)
[2017.04.28-03.32.16:348][447]LogModuleManager: Shutting down and abandoning module AllDesktopTargetPlatform (55)
[2017.04.28-03.32.16:348][447]LogModuleManager: Shutting down and abandoning module InputCore (52)
[2017.04.28-03.32.16:348][447]LogModuleManager: Shutting down and abandoning module Settings (50)
[2017.04.28-03.32.16:348][447]LogModuleManager: Shutting down and abandoning module OculusRift (48)
[2017.04.28-03.32.16:348][447]LogModuleManager: Shutting down and abandoning module GearVR (46)
[2017.04.28-03.32.16:348][447]LogModuleManager: Shutting down and abandoning module ExampleDeviceProfileSelector (44)
[2017.04.28-03.32.16:348][447]LogModuleManager: Shutting down and abandoning module OnlineBlueprintSupport (42)
[2017.04.28-03.32.16:348][447]LogModuleManager: Shutting down and abandoning module OnlineSubsystem (38)
[2017.04.28-03.32.16:348][447]LogOnline:Display: Unloading online subsystem: NULL
[2017.04.28-03.32.16:348][447]LogModuleManager: Shutting down and abandoning module XMPP (37)
[2017.04.28-03.32.16:348][447]LogModuleManager: Shutting down and abandoning module HTTP (35)
[2017.04.28-03.32.16:348][447]LogHttp:Display: Http module shutting down, but needs to wait on 1 outstanding Http requests:
[2017.04.28-03.32.16:348][447]LogHttp:Display: 	verb=[POST] url=[https://datarouter.ol.epicgames.com/datarouter/api/v1/public/data?SessionID=%7B3BAAF7D3-40FD-C48B-97D0-E1BE11B81FB3%7D&AppID=UEEditor.Rocket.Release&AppVersion=4.15.1-3348071%2B%2B%2BUE4%2BRelease-4.15&UserID=2e4b76604f3e80f4e272859a0e162e72%7C212a96a9574248b593db3b191e548d61%7Ce22d35a3-1943-4c03-9feb-ebbff7a15010&AppEnvironment=datacollector-binary&UploadType=eteventstream] status=Processing
[2017.04.28-03.32.16:366][447]LogModuleManager: Shutting down and abandoning module SSL (34)
[2017.04.28-03.32.16:368][447]LogModuleManager: Shutting down and abandoning module AudioEditor (30)
[2017.04.28-03.32.16:368][447]LogModuleManager: Shutting down and abandoning module TextureCompressor (28)
[2017.04.28-03.32.16:368][447]LogModuleManager: Shutting down and abandoning module ShaderCore (26)
[2017.04.28-03.32.16:368][447]LogModuleManager: Shutting down and abandoning module Landscape (24)
[2017.04.28-03.32.16:368][447]LogModuleManager: Shutting down and abandoning module SlateRHIRenderer (22)
[2017.04.28-03.32.16:371][447]LogModuleManager: Shutting down and abandoning module OpenGLDrv (20)
[2017.04.28-03.32.16:371][447]LogModuleManager: Shutting down and abandoning module D3D11RHI (18)
[2017.04.28-03.32.16:371][447]LogModuleManager: Shutting down and abandoning module AnimGraphRuntime (16)
[2017.04.28-03.32.16:371][447]LogModuleManager: Shutting down and abandoning module Renderer (14)
[2017.04.28-03.32.16:371][447]LogModuleManager: Shutting down and abandoning module Engine (12)
[2017.04.28-03.32.16:371][447]LogModuleManager: Shutting down and abandoning module CoreUObject (10)
[2017.04.28-03.32.16:371][447]LogModuleManager: Shutting down and abandoning module NetworkFile (8)
[2017.04.28-03.32.16:371][447]LogModuleManager: Shutting down and abandoning module StreamingFile (6)
[2017.04.28-03.32.16:371][447]LogModuleManager: Shutting down and abandoning module SandboxFile (4)
[2017.04.28-03.32.16:371][447]LogModuleManager: Shutting down and abandoning module PakFile (2)
[2017.04.28-03.32.16:373][447]LogExit: Exiting.
[2017.04.28-03.32.16:382][447]Log file closed, 04/27/17 23:32:16
