Log file open, 05/01/17 21:09:14
LogInit:Display: Running engine for game: Lionfish
LogPlatformFile: Not using cached read wrapper
LogInit:Display: RandInit(1615737569) SRandInit(1615737569).
LogTaskGraph: Started task graph with 5 named threads and 8 total threads with 1 sets of task threads.
LogStats: Stats thread started at 0.427063
LogInit: Using libcurl 7.47.1
LogInit:  - built for x86_64-pc-win32
LogInit:  - supports SSL with OpenSSL/1.0.2g
LogInit:  - supports HTTP deflate (compression) using libz 1.2.8
LogInit:  - other features:
LogInit:      CURL_VERSION_SSL
LogInit:      CURL_VERSION_LIBZ
LogInit:      CURL_VERSION_IPV6
LogInit:      CURL_VERSION_ASYNCHDNS
LogInit:      CURL_VERSION_LARGEFILE
LogInit:      CURL_VERSION_IDN
LogInit:  CurlRequestOptions (configurable via config and command line):
LogInit:  - bVerifyPeer = false  - Libcurl will NOT verify peer certificate
LogInit:  - bUseHttpProxy = false  - Libcurl will NOT use HTTP proxy
LogInit:  - bDontReuseConnections = false  - Libcurl will reuse connections
LogInit:  - CertBundlePath = nullptr  - Libcurl will use whatever was configured at build time.
LogInit: Build: ++UE4+Release-4.15-CL-3348071
LogInit: Engine Version: 4.15.1-3348071+++UE4+Release-4.15
LogInit: Compatible Engine Version: 4.15.0-3299760+++UE4+Release-4.15
LogInit: Net CL: 3299760
LogDevObjectVersion: Number of dev versions registered: 14
LogDevObjectVersion:   Dev-Blueprints (B0D832E4-1F89-4F0D-ACCF-7EB736FD4AA2): 8
LogDevObjectVersion:   Dev-Build (E1C64328-A22C-4D53-A36C-8E866417BD8C): 0
LogDevObjectVersion:   Dev-Core (375EC13C-06E4-48FB-B500-84F0262A717E): 2
LogDevObjectVersion:   Dev-Editor (E4B068ED-F494-42E9-A231-DA0B2E46BB41): 14
LogDevObjectVersion:   Dev-Framework (CFFC743F-43B0-4480-9391-14DF171D2073): 22
LogDevObjectVersion:   Dev-Mobile (B02B49B5-BB20-44E9-A304-32B752E40360): 0
LogDevObjectVersion:   Dev-Networking (A4E4105C-59A1-49B5-A7C5-40C4547EDFEE): 0
LogDevObjectVersion:   Dev-Online (39C831C9-5AE6-47DC-9A44-9C173E1C8E7C): 0
LogDevObjectVersion:   Dev-Physics (78F01B33-EBEA-4F98-B9B4-84EACCB95AA2): 0
LogDevObjectVersion:   Dev-Platform (6631380F-2D4D-43E0-8009-CF276956A95A): 0
LogDevObjectVersion:   Dev-Rendering (12F88B9F-8875-4AFC-A67C-D90C383ABD29): 12
LogDevObjectVersion:   Dev-Sequencer (7B5AE74C-D270-4C10-A958-57980B212A5A): 3
LogDevObjectVersion:   Dev-VR (D7296918-1DD6-4BDD-9DE2-64A83CC13884): 0
LogDevObjectVersion:   Dev-LoadTimes (C2A15278-BFE7-4AFE-6C17-90FF531DF755): 1
LogInit: Compiled (64-bit): Mar 15 2017 16:52:47
LogInit: Compiled with Visual C++: 19.00.23026.00
LogInit: Build Configuration: Development
LogInit: Branch Name: ++UE4+Release-4.15
LogInit: Command line:  
LogInit: Base directory: C:/Program Files/Epic Games/UE_4.15/Engine/Binaries/Win64/
LogInit: Installed Engine Build: 1
LogInit: Presizing for max 8388607 objects, including 0 objects not considered by GC, pre-allocating 0 bytes for permanent pool.
LogInit: Object subsystem initialized
[2017.05.02-01.09.21:459][  0]LogInit: Selected Device Profile: [Windows]
[2017.05.02-01.09.21:459][  0]LogInit: Applying CVar settings loaded from the selected device profile: [Windows]
[2017.05.02-01.09.21:658][  0]LogInit: Computer: BILLSORGLAPTOP
[2017.05.02-01.09.21:658][  0]LogInit: User: billy000
[2017.05.02-01.09.21:659][  0]LogInit: CPU Page size=65536, Cores=4
[2017.05.02-01.09.21:659][  0]LogInit: High frequency timer resolution =1.462102 MHz
[2017.05.02-01.09.21:668][  0]LogMemory: Memory total: Physical=7.5GB (8GB approx)
[2017.05.02-01.09.21:669][  0]LogMemory: Platform Memory Stats for Windows
[2017.05.02-01.09.21:669][  0]LogMemory: Process Physical Memory: 263.48 MB used, 263.48 MB peak
[2017.05.02-01.09.21:669][  0]LogMemory: Process Virtual Memory: 262.10 MB used, 262.10 MB peak
[2017.05.02-01.09.21:669][  0]LogMemory: Physical Memory: 3432.82 MB used,  4209.44 MB free, 7642.26 MB total
[2017.05.02-01.09.21:669][  0]LogMemory: Virtual Memory: 629.66 MB used,  4209.44 MB free, 134217728.00 MB total
[2017.05.02-01.09.24:432][  0]LogTextLocalizationManager: No specific translations for ('en-US') exist, so ('en') translations will be used.
[2017.05.02-01.09.34:113][  0]LogD3D11RHI: D3D11 adapters:
[2017.05.02-01.09.34:189][  0]LogD3D11RHI:    0. 'AMD Radeon HD 8330' (Feature Level 11_0)
[2017.05.02-01.09.34:189][  0]LogD3D11RHI:       495/0/3821 MB DedicatedVideo/DedicatedSystem/SharedSystem, Outputs:1, VendorId:0x1002
[2017.05.02-01.09.34:199][  0]LogD3D11RHI:    1. 'Microsoft Basic Render Driver' (Feature Level 11_0)
[2017.05.02-01.09.34:199][  0]LogD3D11RHI:       0/0/3821 MB DedicatedVideo/DedicatedSystem/SharedSystem, Outputs:0, VendorId:0x1414
[2017.05.02-01.09.34:199][  0]LogD3D11RHI: Chosen D3D11 Adapter: 0
[2017.05.02-01.09.34:227][  0]LogD3D11RHI: Creating new Direct3DDevice
[2017.05.02-01.09.34:227][  0]LogD3D11RHI:     GPU DeviceId: 0x9832 (for the marketing name, search the web for "GPU Device Id")
[2017.05.02-01.09.34:227][  0]LogWindows: EnumDisplayDevices:
[2017.05.02-01.09.34:228][  0]LogWindows:    0. 'AMD Radeon HD 8330' (P:1 D:1)
[2017.05.02-01.09.34:231][  0]LogWindows:    1. 'AMD Radeon HD 8330' (P:0 D:0)
[2017.05.02-01.09.34:233][  0]LogWindows: DebugString: FoundDriverCount:2 
[2017.05.02-01.09.34:233][  0]LogD3D11RHI:     Adapter Name: AMD Radeon HD 8330
[2017.05.02-01.09.34:233][  0]LogD3D11RHI:   Driver Version: Crimson 16.6 (internal:21.19.137.514, unified:21.19.137.514)
[2017.05.02-01.09.34:233][  0]LogD3D11RHI:      Driver Date: 11-21-2016
[2017.05.02-01.09.34:233][  0]LogRHI: Texture pool is 346 MB (70% of 495 MB)
[2017.05.02-01.09.34:453][  0]LogD3D11RHI: Async texture creation enabled
[2017.05.02-01.09.34:726][  0]LogD3D11RHI: GPU Timing Frequency: 100.000000 (Debug: 2 1)
[2017.05.02-01.09.34:901][  0]LogShaderCompilers: Guid format shader working directory is -12 characters bigger than the processId version (../../../../../../Users/billy_000/team4/CISC374_Team4/Lionfish/Intermediate/Shaders/WorkingDirectory/8232/).
[2017.05.02-01.09.34:902][  0]LogShaderCompilers: Cleaned the shader compiler working directory 'C:/Users/billy_000/AppData/Local/Temp/UnrealShaderWorkingDir/FCB90EDB4916AD29D04BDA917416D2ED/'.
[2017.05.02-01.09.34:913][  0]LogShaderCompilers:Display: Using Local Shader Compiler.
[2017.05.02-01.09.50:993][  0]LogTemp:Display: Loaded TP AllDesktopTargetPlatform
[2017.05.02-01.09.51:719][  0]LogTemp:Display: Loaded TP MacClientTargetPlatform
[2017.05.02-01.09.52:426][  0]LogTemp:Display: Loaded TP MacNoEditorTargetPlatform
[2017.05.02-01.09.53:100][  0]LogTemp:Display: Loaded TP MacServerTargetPlatform
[2017.05.02-01.09.54:001][  0]LogTemp:Display: Loaded TP MacTargetPlatform
[2017.05.02-01.09.54:933][  0]LogTemp:Display: Loaded TP WindowsClientTargetPlatform
[2017.05.02-01.09.55:710][  0]LogTemp:Display: Loaded TP WindowsNoEditorTargetPlatform
[2017.05.02-01.09.56:536][  0]LogTemp:Display: Loaded TP WindowsServerTargetPlatform
[2017.05.02-01.09.57:308][  0]LogTemp:Display: Loaded TP WindowsTargetPlatform
[2017.05.02-01.09.58:118][  0]LogTemp:Display: Loaded TP AndroidTargetPlatform
[2017.05.02-01.09.58:994][  0]LogTemp:Display: Loaded TP Android_ASTCTargetPlatform
[2017.05.02-01.09.59:799][  0]LogTemp:Display: Loaded TP Android_ATCTargetPlatform
[2017.05.02-01.10.00:621][  0]LogTemp:Display: Loaded TP Android_DXTTargetPlatform
[2017.05.02-01.10.01:494][  0]LogTemp:Display: Loaded TP Android_ETC1TargetPlatform
[2017.05.02-01.10.02:329][  0]LogTemp:Display: Loaded TP Android_ETC2TargetPlatform
[2017.05.02-01.10.03:559][  0]LogTemp:Display: Loaded TP Android_MultiTargetPlatform
[2017.05.02-01.10.03:559][  0]LogTemp:Display: Loaded TP Android_PVRTCTargetPlatform
[2017.05.02-01.10.04:127][  0]LogTemp:Display: Loaded TP HTML5TargetPlatform
[2017.05.02-01.10.05:406][  0]LogTemp:Display: Loaded TP IOSTargetPlatform
[2017.05.02-01.10.05:902][  0]LogTemp:Display: Loaded TP TVOSTargetPlatform
[2017.05.02-01.10.06:812][  0]LogTemp:Display: Loaded TP LinuxClientTargetPlatform
[2017.05.02-01.10.07:617][  0]LogTemp:Display: Loaded TP LinuxNoEditorTargetPlatform
[2017.05.02-01.10.08:480][  0]LogTemp:Display: Loaded TP LinuxServerTargetPlatform
[2017.05.02-01.10.09:367][  0]LogTemp:Display: Loaded TP LinuxTargetPlatform
[2017.05.02-01.10.09:368][  0]LogTargetPlatformManager:Display: Building Assets For Windows
[2017.05.02-01.10.18:036][  0]LogDerivedDataCache:Display: Max Cache Size: 512 MB
[2017.05.02-01.10.18:978][  0]LogDerivedDataCache: Loaded boot cache 0.94s 50MB C:/Users/billy_000/AppData/Local/UnrealEngine/4.15/DerivedDataCache/Boot.ddc.
[2017.05.02-01.10.18:978][  0]LogDerivedDataCache:Display: Loaded Boot cache: C:/Users/billy_000/AppData/Local/UnrealEngine/4.15/DerivedDataCache/Boot.ddc
[2017.05.02-01.10.18:979][  0]LogDerivedDataCache: FDerivedDataBackendGraph:  Pak pak cache file ../../../../../../Users/billy_000/team4/CISC374_Team4/Lionfish/DerivedDataCache/DDC.ddp not found, will not use a pak cache.
[2017.05.02-01.10.18:979][  0]LogDerivedDataCache: Unable to find inner node Pak for hierarchical cache Hierarchy.
[2017.05.02-01.10.18:979][  0]LogDerivedDataCache: FDerivedDataBackendGraph:  CompressedPak pak cache file ../../../../../../Users/billy_000/team4/CISC374_Team4/Lionfish/DerivedDataCache/Compressed.ddp not found, will not use a pak cache.
[2017.05.02-01.10.18:979][  0]LogDerivedDataCache: Unable to find inner node CompressedPak for hierarchical cache Hierarchy.
[2017.05.02-01.10.19:172][  0]LogDerivedDataCache:Display: Pak cache opened for reading ../../../Engine/DerivedDataCache/Compressed.ddp.
[2017.05.02-01.10.19:212][  0]LogDerivedDataCache: Using Local data cache path C:/Users/billy_000/AppData/Local/UnrealEngine/Common/DerivedDataCache: Writable
[2017.05.02-01.10.19:738][  0]LogSlate: Using Freetype 2.6.0
[2017.05.02-01.10.19:868][  0]LogSlate: SlateFontCache - WITH_FREETYPE: 1, WITH_HARFBUZZ: 1
[2017.05.02-01.10.19:869][  0]LogSlate: SlateFontCache - WITH_FREETYPE: 1, WITH_HARFBUZZ: 1
[2017.05.02-01.10.35:002][  0]LogInit: Selected Device Profile: [Windows]
[2017.05.02-01.10.35:196][  0]LogContentStreaming: Texture pool size is 0.00 MB
[2017.05.02-01.10.38:487][  0]LogMeshUtilities: Using QuadricMeshReduction for automatic static mesh reduction
[2017.05.02-01.10.39:102][  0]LogSimplygon: Simplygon DLL not present - disabling.
[2017.05.02-01.10.39:737][  0]LogMeshUtilities: Using SimplygonSwarm for distributed automatic mesh merging
[2017.05.02-01.10.39:738][  0]LogMeshUtilities: No automatic skeletal mesh reduction module available
[2017.05.02-01.10.39:738][  0]LogMeshUtilities: No automatic mesh merging module available
[2017.05.02-01.10.53:445][  0]LogNetVersion: GetLocalNetworkVersion: CL: 3299760, ProjectName: lionfish, ProjectVersion: , EngineNetworkVersion: 2, GameNetworkVersion: 0, NetworkChecksum: 3667421609
[2017.05.02-01.10.54:007][  0]LogAssetRegistry: FAssetRegistry took 0.0331 seconds to start up
[2017.05.02-01.10.55:321][  0]LogPackageLocalizationCache: Processed 3 localized package path(s) for 2 prioritized culture(s) in 0.955150 seconds
[2017.05.02-01.10.55:478][  0]LogUObjectArray: 32493 objects as part of root set at end of initial load.
[2017.05.02-01.10.55:479][  0]LogUObjectAllocator: 7077024 out of 0 bytes used by permanent object pool.
[2017.05.02-01.10.55:479][  0]LogUObjectArray: CloseDisregardForGC: 0/0 objects in disregard for GC pool
[2017.05.02-01.10.56:625][  0]LogInit: WinSock: version 1.1 (2.2), MaxSocks=32767, MaxUdp=65467
[2017.05.02-01.12.04:554][  0]LogTcpMessaging: Initializing TcpMessaging bridge
[2017.05.02-01.12.05:003][  0]LogUdpMessaging: Initializing bridge on interface 0.0.0.0:0 to multicast group 230.0.0.1:6666.
[2017.05.02-01.12.11:792][  0]LogMaterial: Uniform references updated for custom material expression Custom.
[2017.05.02-01.12.16:889][  0]SourceControl: Info Source control is disabled
[2017.05.02-01.12.41:332][  0]LogEngine: Initializing Engine...
[2017.05.02-01.12.41:499][  0]LogHMD: Failed to initialize OpenVR with code 110
[2017.05.02-01.12.44:707][  0]LogAIModule: Creating AISystem for world Untitled
[2017.05.02-01.12.45:093][  0]LogInit: XAudio2 using 'Speaker/HP (Realtek High Definition Audio)' : 2 channels at 48 kHz using 32 bits per sample (channel mask 0x3)
[2017.05.02-01.12.45:251][  0]LogInit: FAudioDevice initialized.
[2017.05.02-01.12.45:381][  0]LogDerivedDataCache: Saved boot cache 0.13s 50MB C:/Users/billy_000/AppData/Local/UnrealEngine/4.15/DerivedDataCache/Boot.ddc.
[2017.05.02-01.12.45:422][  0]LogInit: Texture streaming: Enabled
[2017.05.02-01.12.46:895][  0]LogEngineSessionManager: EngineSessionManager initialized
[2017.05.02-01.12.48:276][  0]LogInit: Transaction tracking system initialized
[2017.05.02-01.12.53:132][  0]BlueprintLog: New page: Editor Load
[2017.05.02-01.13.06:810][  0]LocalizationService: Info Localization service is disabled
[2017.05.02-01.13.17:430][  0]LogConsoleResponse:Display: 
[2017.05.02-01.13.20:805][  0]LogFileCache: Scanning file cache for directory 'C:/Users/billy_000/team4/CISC374_Team4/Lionfish/Content/' took 0.10s
[2017.05.02-01.13.20:805][  0]LogCook:Display: Max memory allowance for cook 16384mb min free memory 0mb
[2017.05.02-01.13.20:820][  0]LogCook:Display: Mobile HDR setting 1
[2017.05.02-01.13.37:824][  0]Cmd: MAP LOAD FILE="../../../../../../Users/billy_000/team4/CISC374_Team4/Lionfish/Content/TopDownBP/Maps/TopDownExampleMap.umap" TEMPLATE=0 SHOWPROGRESS=1 FEATURELEVEL=3
[2017.05.02-01.13.37:853][  0]LightingResults: New page: Lighting Build
[2017.05.02-01.13.38:653][  0]MapCheck: New page: Map Check
[2017.05.02-01.13.38:653][  0]LightingResults: New page: Lighting Build
[2017.05.02-01.13.46:986][  0]LogLinker:Warning: Asset '../../../../../../Users/billy_000/team4/CISC374_Team4/Lionfish/Content/Meshes/Water_04/Water/Textures/water.uasset' has been saved with empty engine version. The asset will be loaded but may be incompatible.
[2017.05.02-01.13.49:263][  0]LogTexture:Display: Building textures: reefFish3_Normal_DirectX (BC5, 1024X1024) - 45 MB total VRAM
[2017.05.02-01.13.50:533][  0]LogTexture:Display: Building textures: ReefFish3_Base_Color (AutoDXT, 1024X1024) - 45 MB total VRAM
[2017.05.02-01.13.53:371][  0]LogMaterial: Missing cached shader map for material Prey, compiling. 
[2017.05.02-01.13.53:462][  0]LogTemp:Display: Added material ShaderMap 0x000002C842FCA400 with Material 0x000002C856E20E80 to ShaderMapsBeingCompiled
[2017.05.02-01.13.53:923][  0]LogTemp:Display: Kicking off shader compilation for Prey, GameThreadShaderMap 0x000002C842FCA400
[2017.05.02-01.13.54:964][  0]LogTexture:Display: Building textures: LionFish_Normal_DirectX (AutoDXT, 1024X1024) - 48 MB total VRAM
[2017.05.02-01.13.58:389][  0]LogTexture:Display: Building textures: LionFish_Base_Color (AutoDXT, 1024X1024) - 48 MB total VRAM
[2017.05.02-01.14.01:541][  0]LogMaterial: Missing cached shader map for material LF, compiling. 
[2017.05.02-01.14.01:546][  0]LogTemp:Display: Added material ShaderMap 0x000002C85EBFFC80 with Material 0x000002C841BAEE00 to ShaderMapsBeingCompiled
[2017.05.02-01.14.01:723][  0]LogTemp:Display: Kicking off shader compilation for LF, GameThreadShaderMap 0x000002C85EBFFC80
[2017.05.02-01.14.04:142][  0]LogTexture:Display: Building textures: GiantGrouper_Normal_DirectX (BC5, 1024X1024) - 49 MB total VRAM
[2017.05.02-01.14.05:014][  0]LogTexture:Display: Building textures: GiantGrouper_Base_Color (AutoDXT, 1024X1024) - 49 MB total VRAM
[2017.05.02-01.14.08:211][  0]LogMaterial: Missing cached shader map for material Grouper, compiling. 
[2017.05.02-01.14.08:215][  0]LogTemp:Display: Added material ShaderMap 0x000002C86139D600 with Material 0x000002C856F35780 to ShaderMapsBeingCompiled
[2017.05.02-01.14.08:387][  0]LogTemp:Display: Kicking off shader compilation for Grouper, GameThreadShaderMap 0x000002C86139D600
[2017.05.02-01.14.09:260][  0]LogAIModule: Creating AISystem for world TopDownExampleMap
[2017.05.02-01.14.11:366][  0]LogEditorServer: Finished looking for orphan Actors (0.000 secs)
[2017.05.02-01.14.11:600][  0]Cmd: MAP CHECKDEP NOCLEARLOG
[2017.05.02-01.14.12:297][  0]MapCheck: Info Map check complete: 0 Error(s), 0 Warning(s), took 696.637ms to complete.
[2017.05.02-01.14.12:299][  0]LogFileHelpers: Loading map 'TopDownExampleMap' took 34.610
[2017.05.02-01.14.12:664][  0]LogWindowsTextInputMethodSystem:Display: IME system now deactivated.
[2017.05.02-01.14.12:665][  0]LogWindowsTextInputMethodSystem:Display: IME system now deactivated.
[2017.05.02-01.14.14:755][  0]LogCollectionManager: Loaded 0 collections in 0.007597 seconds
[2017.05.02-01.14.15:234][  0]LogFileCache: Scanning file cache for directory 'C:/Users/billy_000/team4/CISC374_Team4/Lionfish/Saved/Collections/' took 0.01s
[2017.05.02-01.14.15:234][  0]LogFileCache: Scanning file cache for directory 'C:/Users/billy_000/team4/CISC374_Team4/Lionfish/Content/Developers/billy000/Collections/' took 0.01s
[2017.05.02-01.14.15:234][  0]LogFileCache: Scanning file cache for directory 'C:/Users/billy_000/team4/CISC374_Team4/Lionfish/Content/Collections/' took 0.01s
[2017.05.02-01.14.15:234][  0]LogCollectionManager: Rebuilt the GUID cache for 0 collections in 0.000027 seconds
[2017.05.02-01.14.15:307][  0]LogContentBrowser: Native class hierarchy populated in 0.0591 seconds. Added 2245 classes and 453 folders.
[2017.05.02-01.14.15:351][  0]LogStats: UGameplayTagsManager::ConstructGameplayTagTree: Construct from data asset -  0.005 s
[2017.05.02-01.14.15:351][  0]LogStats: UGameplayTagsManager::ConstructGameplayTagTree: GameplayTagTreeChangedEvent.Broadcast -  0.000 s
[2017.05.02-01.14.15:828][  0]LogContentBrowser: Native class hierarchy updated for 'WidgetCarousel' in 0.0020 seconds. Added 0 classes and 0 folders.
[2017.05.02-01.14.17:434][  0]LogContentBrowser: Native class hierarchy updated for 'AddContentDialog' in 0.0023 seconds. Added 0 classes and 0 folders.
[2017.05.02-01.14.17:919][  0]LogContentBrowser: Native class hierarchy updated for 'SceneOutliner' in 0.0020 seconds. Added 1 classes and 2 folders.
[2017.05.02-01.14.18:876][  0]LogCrashTracker: Crashtracker disabled due to settings.
[2017.05.02-01.14.19:052][  0]LogUObjectGlobals:Warning: Failed to find object 'Class None.'
[2017.05.02-01.14.19:535][  0]LogContentBrowser: Native class hierarchy updated for 'HierarchicalLODOutliner' in 0.0022 seconds. Added 1 classes and 2 folders.
[2017.05.02-01.14.19:536][  0]LogLoad: (Engine Initialization) Total time: 317.66 seconds
[2017.05.02-01.14.19:536][  0]LogLoad: (Engine Initialization) Total Blueprint compile time: 4.40 seconds
[2017.05.02-01.14.19:536][  0]LogExternalProfiler: No external profilers were discovered.  External profiling features will not be available.
[2017.05.02-01.14.19:659][  0]LogOcInput: OculusInput pre-init called
[2017.05.02-01.14.20:368][  0]SourceControl: Info On branch master
[2017.05.02-01.14.20:368][  0]SourceControl: Info Your branch is up-to-date with 'origin/master'.
[2017.05.02-01.14.20:368][  0]SourceControl: Info Changes not staged for commit:
[2017.05.02-01.14.20:368][  0]SourceControl: Info   (use "git add <file>..." to update what will be committed)
[2017.05.02-01.14.20:368][  0]SourceControl: Info   (use "git checkout -- <file>..." to discard changes in working directory)
[2017.05.02-01.14.20:368][  0]SourceControl: Info 	modified:   Lionfish/Intermediate/CachedAssetRegistry.bin
[2017.05.02-01.14.20:368][  0]SourceControl: Info 	modified:   Lionfish/Intermediate/Config/CoalescedSourceConfigs/EditorPerProjectUserSettings.ini
[2017.05.02-01.14.20:368][  0]SourceControl: Info 	modified:   Lionfish/Intermediate/Config/CoalescedSourceConfigs/Engine.ini
[2017.05.02-01.14.20:368][  0]SourceControl: Info 	modified:   Lionfish/Saved/Config/Windows/Editor.ini
[2017.05.02-01.14.20:368][  0]SourceControl: Info 	modified:   Lionfish/Saved/Config/Windows/EditorPerProjectUserSettings.ini
[2017.05.02-01.14.20:368][  0]SourceControl: Info 	modified:   Lionfish/Saved/Config/Windows/Engine.ini
[2017.05.02-01.14.20:368][  0]SourceControl: Info 	modified:   Lionfish/Saved/Logs/Lionfish.log
[2017.05.02-01.14.20:368][  0]SourceControl: Info Untracked files:
[2017.05.02-01.14.20:368][  0]SourceControl: Info   (use "git add <file>..." to include in what will be committed)
[2017.05.02-01.14.20:368][  0]SourceControl: Info 	Lionfish/Saved/Logs/Lionfish-backup-2017.05.01-21.09.14.log
[2017.05.02-01.14.20:368][  0]SourceControl: Info 	Lionfish/Saved/Logs/UE4CC-Windows-89526EE443FD276C7AEFA6AB6B03B1C7/
[2017.05.02-01.14.20:369][  0]SourceControl: Info no changes added to commit (use "git add" and/or "git commit -a")
[2017.05.02-01.14.20:460][  0]LogContentStreaming: Texture pool size now 400 MB
[2017.05.02-01.14.20:868][  0]LogSlate: Took 0.033170 seconds to synchronously load lazily loaded font '../../../Engine/Content/Slate/Fonts/Roboto-Regular.ttf' (155K)
[2017.05.02-01.14.20:971][  0]LogSlate: Took 0.061968 seconds to synchronously load lazily loaded font '../../../Engine/Content/Slate/Fonts/Roboto-Bold.ttf' (160K)
[2017.05.02-01.14.21:149][  0]LogSlate: Took 0.036952 seconds to synchronously load lazily loaded font '../../../Engine/Content/Editor/Slate/Fonts/FontAwesome.ttf' (139K)
[2017.05.02-01.14.23:625][  0]LogRenderer: Reallocating scene render targets to support 748x448 NumSamples 1 (Frame:2).
[2017.05.02-01.14.26:321][  0]LogSlate: Took 0.023217 seconds to synchronously load lazily loaded font '../../../Engine/Content/Slate/Fonts/Roboto-Light.ttf' (159K)
[2017.05.02-01.14.26:995][  1]LogFileCache: Retrieving MD5 hashes for directory 'C:/Users/billy_000/team4/CISC374_Team4/Lionfish/Content/' took 7.21s
[2017.05.02-01.14.28:781][  9]LogAssetRegistry: Asset discovery search completed in 214.8053 seconds
[2017.05.02-01.14.28:781][  9]LogCollectionManager: Rebuilt the object cache for 0 collections in 0.000148 seconds (found 0 objects)
[2017.05.02-01.14.28:781][  9]LogCollectionManager: Fixed up redirectors for 0 collections in 0.000269 seconds (updated 0 objects)
[2017.05.02-01.15.09:205][ 82]LogTemp:Display: Finished compile of shader map 0x000002C842FCA400
[2017.05.02-01.15.09:205][ 82]LogTemp:Display: Shader map Prey complete, GameThreadShaderMap 0x000002C842FCA400, marking material Prey as finished
[2017.05.02-01.15.09:205][ 82]LogTemp:Display: Marking material as finished 0x000002C856E20E80
[2017.05.02-01.15.50:632][446]LogTemp:Display: Finished compile of shader map 0x000002C85EBFFC80
[2017.05.02-01.15.50:632][446]LogTemp:Display: Shader map LF complete, GameThreadShaderMap 0x000002C85EBFFC80, marking material LF as finished
[2017.05.02-01.15.50:632][446]LogTemp:Display: Marking material as finished 0x000002C841BAEE00
[2017.05.02-01.16.23:629][699]LogTemp:Display: Finished compile of shader map 0x000002C86139D600
[2017.05.02-01.16.23:630][699]LogTemp:Display: Shader map Grouper complete, GameThreadShaderMap 0x000002C86139D600, marking material Grouper as finished
[2017.05.02-01.16.23:630][699]LogTemp:Display: Marking material as finished 0x000002C856F35780
[2017.05.02-01.19.23:797][396]LogTemp: Repeting last play command: Selected Viewport
[2017.05.02-01.19.23:908][396]LogBlueprintUserMessages: Early PlayInEditor Detection: Level '/Game/TopDownBP/Maps/TopDownExampleMap.TopDownExampleMap:PersistentLevel' has LevelScriptBlueprint '/Game/TopDownBP/Maps/TopDownExampleMap.TopDownExampleMap:PersistentLevel.TopDownExampleMap' with GeneratedClass '/Game/TopDownBP/Maps/TopDownExampleMap.TopDownExampleMap_C' with ClassGeneratedBy '/Game/TopDownBP/Maps/TopDownExampleMap.TopDownExampleMap:PersistentLevel.TopDownExampleMap'
[2017.05.02-01.19.23:909][396]LogPlayLevel: PlayLevel: No blueprints needed recompiling
[2017.05.02-01.19.23:916][396]PIE: New page: PIE session: TopDownExampleMap (May 1, 2017, 5:19:23 PM)
[2017.05.02-01.19.23:963][396]LogPlayLevel: Creating play world package: /Game/TopDownBP/Maps/UEDPIE_0_TopDownExampleMap
[2017.05.02-01.19.24:280][396]LogPlayLevel: PIE: StaticDuplicateObject took: (0.316320s)
[2017.05.02-01.19.24:283][396]LogAIModule: Creating AISystem for world TopDownExampleMap
[2017.05.02-01.19.24:283][396]LogPlayLevel: PIE: World Init took: (0.003451s)
[2017.05.02-01.19.24:290][396]LogPlayLevel: PIE: Created PIE world by copying editor world from /Game/TopDownBP/Maps/TopDownExampleMap.TopDownExampleMap to /Game/TopDownBP/Maps/UEDPIE_0_TopDownExampleMap.TopDownExampleMap (0.337697s)
[2017.05.02-01.19.24:602][396]LogInit: XAudio2 using 'Speaker/HP (Realtek High Definition Audio)' : 2 channels at 48 kHz using 32 bits per sample (channel mask 0x3)
[2017.05.02-01.19.24:669][396]LogInit: FAudioDevice initialized.
[2017.05.02-01.19.25:006][396]LogLoad: Game class is 'TopDownGameMode_C'
[2017.05.02-01.19.25:109][396]LogWorld: Bringing World /Game/TopDownBP/Maps/UEDPIE_0_TopDownExampleMap.TopDownExampleMap up for play (max tick rate 60) at 2017.05.01-21.19.25
[2017.05.02-01.19.25:311][396]LogWorld: Bringing up level for play took: 0.216914
[2017.05.02-01.19.26:134][396]LogContentBrowser: Native class hierarchy updated for 'MovieSceneCapture' in 0.0046 seconds. Added 11 classes and 0 folders.
[2017.05.02-01.19.26:334][396]PIE: Info Play in editor start time for /Game/TopDownBP/Maps/UEDPIE_0_TopDownExampleMap 1.509
[2017.05.02-01.19.26:336][396]LogBlueprintUserMessages: Late PlayInEditor Detection: Level '/Game/TopDownBP/Maps/TopDownExampleMap.TopDownExampleMap:PersistentLevel' has LevelScriptBlueprint '/Game/TopDownBP/Maps/TopDownExampleMap.TopDownExampleMap:PersistentLevel.TopDownExampleMap' with GeneratedClass '/Game/TopDownBP/Maps/TopDownExampleMap.TopDownExampleMap_C' with ClassGeneratedBy '/Game/TopDownBP/Maps/TopDownExampleMap.TopDownExampleMap:PersistentLevel.TopDownExampleMap'
[2017.05.02-01.19.49:917][811]LogNet: Browse: /Game/TopDownBP/Maps/TopDownExampleMap
[2017.05.02-01.19.49:918][811]LogLoad: LoadMap: /Game/TopDownBP/Maps/TopDownExampleMap
[2017.05.02-01.19.50:072][811]Cmd: MEM
[2017.05.02-01.19.50:238][811]LogMemory: Platform Memory Stats for Windows
[2017.05.02-01.19.50:238][811]LogMemory: Process Physical Memory: 1251.85 MB used, 1259.57 MB peak
[2017.05.02-01.19.50:238][811]LogMemory: Process Virtual Memory: 1504.63 MB used, 1504.65 MB peak
[2017.05.02-01.19.50:238][811]LogMemory: Physical Memory: 4283.36 MB used,  3358.90 MB free, 7642.26 MB total
[2017.05.02-01.19.50:238][811]LogMemory: Virtual Memory: 2231.93 MB used,  3358.90 MB free, 134217728.00 MB total
[2017.05.02-01.19.50:238][811]LogMemory: 
[2017.05.02-01.19.50:238][811]Allocator Stats for TBB: (not implemented)
[2017.05.02-01.19.50:239][811]LogPlayLevel: Creating play world package: /Game/TopDownBP/Maps/UEDPIE_0_TopDownExampleMap
[2017.05.02-01.19.50:476][811]LogPlayLevel: PIE: StaticDuplicateObject took: (0.237277s)
[2017.05.02-01.19.50:481][811]LogAIModule: Creating AISystem for world TopDownExampleMap
[2017.05.02-01.19.50:482][811]LogPlayLevel: PIE: World Init took: (0.005990s)
[2017.05.02-01.19.50:483][811]LogPlayLevel: PIE: Created PIE world by copying editor world from /Game/TopDownBP/Maps/TopDownExampleMap.TopDownExampleMap to /Game/TopDownBP/Maps/UEDPIE_0_TopDownExampleMap.TopDownExampleMap (0.244625s)
[2017.05.02-01.19.50:484][811]LogLoad: Game class is 'TopDownGameMode_C'
[2017.05.02-01.19.50:524][811]LogWorld: Bringing World /Game/TopDownBP/Maps/UEDPIE_0_TopDownExampleMap.TopDownExampleMap up for play (max tick rate 60) at 2017.05.01-21.19.50
[2017.05.02-01.19.50:529][811]LogWorld: Bringing up level for play took: 0.038891
[2017.05.02-01.19.50:552][811]LogLoad: Took 0.631820 seconds to LoadMap(/Game/TopDownBP/Maps/UEDPIE_0_TopDownExampleMap)
[2017.05.02-01.34.51:711][850]LogNet: Browse: /Game/TopDownBP/Maps/TopDownExampleMap
[2017.05.02-01.34.51:711][850]LogLoad: LoadMap: /Game/TopDownBP/Maps/TopDownExampleMap
[2017.05.02-01.34.51:959][850]Cmd: MEM
[2017.05.02-01.34.52:042][850]LogMemory: Platform Memory Stats for Windows
[2017.05.02-01.34.52:042][850]LogMemory: Process Physical Memory: 1221.84 MB used, 1431.00 MB peak
[2017.05.02-01.34.52:042][850]LogMemory: Process Virtual Memory: 1720.53 MB used, 1720.83 MB peak
[2017.05.02-01.34.52:042][850]LogMemory: Physical Memory: 4303.10 MB used,  3339.16 MB free, 7642.26 MB total
[2017.05.02-01.34.52:042][850]LogMemory: Virtual Memory: 2513.43 MB used,  3339.16 MB free, 134217728.00 MB total
[2017.05.02-01.34.52:042][850]LogMemory: 
[2017.05.02-01.34.52:043][850]Allocator Stats for TBB: (not implemented)
[2017.05.02-01.34.52:043][850]LogPlayLevel: Creating play world package: /Game/TopDownBP/Maps/UEDPIE_0_TopDownExampleMap
[2017.05.02-01.34.52:208][850]LogPlayLevel: PIE: StaticDuplicateObject took: (0.164685s)
[2017.05.02-01.34.52:211][850]LogAIModule: Creating AISystem for world TopDownExampleMap
[2017.05.02-01.34.52:212][850]LogPlayLevel: PIE: World Init took: (0.003847s)
[2017.05.02-01.34.52:212][850]LogPlayLevel: PIE: Created PIE world by copying editor world from /Game/TopDownBP/Maps/TopDownExampleMap.TopDownExampleMap to /Game/TopDownBP/Maps/UEDPIE_0_TopDownExampleMap.TopDownExampleMap (0.169667s)
[2017.05.02-01.34.52:213][850]LogLoad: Game class is 'TopDownGameMode_C'
[2017.05.02-01.34.52:239][850]LogWorld: Bringing World /Game/TopDownBP/Maps/UEDPIE_0_TopDownExampleMap.TopDownExampleMap up for play (max tick rate 60) at 2017.05.01-21.34.52
[2017.05.02-01.34.52:242][850]LogWorld: Bringing up level for play took: 0.023226
[2017.05.02-01.34.52:256][850]LogLoad: Took 0.545244 seconds to LoadMap(/Game/TopDownBP/Maps/UEDPIE_0_TopDownExampleMap)
[2017.05.02-01.35.15:337][288]LogNet: Browse: /Game/TopDownBP/Maps/TopDownExampleMap
[2017.05.02-01.35.15:337][288]LogLoad: LoadMap: /Game/TopDownBP/Maps/TopDownExampleMap
[2017.05.02-01.35.15:455][288]Cmd: MEM
[2017.05.02-01.35.15:515][288]LogMemory: Platform Memory Stats for Windows
[2017.05.02-01.35.15:515][288]LogMemory: Process Physical Memory: 1284.20 MB used, 1431.00 MB peak
[2017.05.02-01.35.15:516][288]LogMemory: Process Virtual Memory: 1797.03 MB used, 1805.68 MB peak
[2017.05.02-01.35.15:516][288]LogMemory: Physical Memory: 4367.07 MB used,  3275.18 MB free, 7642.26 MB total
[2017.05.02-01.35.15:516][288]LogMemory: Virtual Memory: 2569.99 MB used,  3275.18 MB free, 134217728.00 MB total
[2017.05.02-01.35.15:516][288]LogMemory: 
[2017.05.02-01.35.15:516][288]Allocator Stats for TBB: (not implemented)
[2017.05.02-01.35.15:516][288]LogPlayLevel: Creating play world package: /Game/TopDownBP/Maps/UEDPIE_0_TopDownExampleMap
[2017.05.02-01.35.15:623][288]LogPlayLevel: PIE: StaticDuplicateObject took: (0.107172s)
[2017.05.02-01.35.15:626][288]LogAIModule: Creating AISystem for world TopDownExampleMap
[2017.05.02-01.35.15:626][288]LogPlayLevel: PIE: World Init took: (0.002957s)
[2017.05.02-01.35.15:627][288]LogPlayLevel: PIE: Created PIE world by copying editor world from /Game/TopDownBP/Maps/TopDownExampleMap.TopDownExampleMap to /Game/TopDownBP/Maps/UEDPIE_0_TopDownExampleMap.TopDownExampleMap (0.110977s)
[2017.05.02-01.35.15:627][288]LogLoad: Game class is 'TopDownGameMode_C'
[2017.05.02-01.35.15:645][288]LogWorld: Bringing World /Game/TopDownBP/Maps/UEDPIE_0_TopDownExampleMap.TopDownExampleMap up for play (max tick rate 60) at 2017.05.01-21.35.15
[2017.05.02-01.35.15:649][288]LogWorld: Bringing up level for play took: 0.016924
[2017.05.02-01.35.15:660][288]LogLoad: Took 0.323432 seconds to LoadMap(/Game/TopDownBP/Maps/UEDPIE_0_TopDownExampleMap)
[2017.05.02-02.01.56:783][944]LogContentBrowser: Native class hierarchy updated for 'BlueprintGraph' in 0.0124 seconds. Added 112 classes and 0 folders.
[2017.05.02-02.02.04:882][944]LogSlate: Took 0.001631 seconds to synchronously load lazily loaded font '../../../Engine/Content/Slate/Fonts/Roboto-Light.ttf' (159K)
[2017.05.02-02.02.04:920][944]LogSlate: Took 0.019763 seconds to synchronously load lazily loaded font '../../../Engine/Content/Editor/Slate/Fonts/Roboto-BoldCondensed.ttf' (158K)
[2017.05.02-02.02.22:439][ 51]LogBlueprintUserMessages: Early EndPlayMap Detection: Level '/Game/TopDownBP/Maps/TopDownExampleMap.TopDownExampleMap:PersistentLevel' has LevelScriptBlueprint '/Game/TopDownBP/Maps/TopDownExampleMap.TopDownExampleMap:PersistentLevel.TopDownExampleMap' with GeneratedClass '/Game/TopDownBP/Maps/TopDownExampleMap.TopDownExampleMap_C' with ClassGeneratedBy '/Game/TopDownBP/Maps/TopDownExampleMap.TopDownExampleMap:PersistentLevel.TopDownExampleMap'
[2017.05.02-02.02.22:609][ 51]LogBlueprintUserMessages: Late EndPlayMap Detection: Level '/Game/TopDownBP/Maps/TopDownExampleMap.TopDownExampleMap:PersistentLevel' has LevelScriptBlueprint '/Game/TopDownBP/Maps/TopDownExampleMap.TopDownExampleMap:PersistentLevel.TopDownExampleMap' with GeneratedClass '/Game/TopDownBP/Maps/TopDownExampleMap.TopDownExampleMap_C' with ClassGeneratedBy '/Game/TopDownBP/Maps/TopDownExampleMap.TopDownExampleMap:PersistentLevel.TopDownExampleMap'
[2017.05.02-02.02.54:749][332]LogSlate: Took 0.013483 seconds to synchronously load lazily loaded font '../../../Engine/Content/Editor/Slate/Fonts/Roboto-Italic.ttf' (157K)
[2017.05.02-02.03.30:645][766]BlueprintLog: New page: Compile HUD
[2017.05.02-02.03.33:656][776]LogSlate: Took 0.001286 seconds to synchronously load lazily loaded font '../../../Engine/Content/Slate/Fonts/Roboto-Light.ttf' (159K)
[2017.05.02-02.03.33:717][776]Cmd: OBJ SAVEPACKAGE PACKAGE="/Game/TopDownBP/Blueprints/HUD" FILE="../../../../../../Users/billy_000/team4/CISC374_Team4/Lionfish/Content/TopDownBP/Blueprints/HUD.uasset" SILENT=true
[2017.05.02-02.03.34:318][776]LogSavePackage: Save=546.35ms
[2017.05.02-02.03.34:318][776]LogSavePackage: Moving '../../../../../../Users/billy_000/team4/CISC374_Team4/Lionfish/Saved/HUD3F18ED314ABB0E7EE3E7BCA801CEF3F8.tmp' to '../../../../../../Users/billy_000/team4/CISC374_Team4/Lionfish/Content/TopDownBP/Blueprints/HUD.uasset'
[2017.05.02-02.03.34:340][776]LogSavePackage:Display: Finished SavePackage ../../../../../../Users/billy_000/team4/CISC374_Team4/Lionfish/Content/TopDownBP/Blueprints/HUD.uasset
[2017.05.02-02.03.37:188][866]LogTemp: Repeting last play command: Selected Viewport
[2017.05.02-02.03.37:292][866]LogBlueprintUserMessages: Early PlayInEditor Detection: Level '/Game/TopDownBP/Maps/TopDownExampleMap.TopDownExampleMap:PersistentLevel' has LevelScriptBlueprint '/Game/TopDownBP/Maps/TopDownExampleMap.TopDownExampleMap:PersistentLevel.TopDownExampleMap' with GeneratedClass '/Game/TopDownBP/Maps/TopDownExampleMap.TopDownExampleMap_C' with ClassGeneratedBy '/Game/TopDownBP/Maps/TopDownExampleMap.TopDownExampleMap:PersistentLevel.TopDownExampleMap'
[2017.05.02-02.03.37:293][866]LogPlayLevel: PlayLevel: No blueprints needed recompiling
[2017.05.02-02.03.37:293][866]PIE: New page: PIE session: TopDownExampleMap (May 1, 2017, 6:03:37 PM)
[2017.05.02-02.03.37:294][866]LogPlayLevel: Creating play world package: /Game/TopDownBP/Maps/UEDPIE_0_TopDownExampleMap
[2017.05.02-02.03.37:394][866]LogPlayLevel: PIE: StaticDuplicateObject took: (0.101056s)
[2017.05.02-02.03.37:397][866]LogAIModule: Creating AISystem for world TopDownExampleMap
[2017.05.02-02.03.37:398][866]LogPlayLevel: PIE: World Init took: (0.002950s)
[2017.05.02-02.03.37:398][866]LogPlayLevel: PIE: Created PIE world by copying editor world from /Game/TopDownBP/Maps/TopDownExampleMap.TopDownExampleMap to /Game/TopDownBP/Maps/UEDPIE_0_TopDownExampleMap.TopDownExampleMap (0.104966s)
[2017.05.02-02.03.37:476][866]LogInit: XAudio2 using 'Speaker/HP (Realtek High Definition Audio)' : 2 channels at 48 kHz using 32 bits per sample (channel mask 0x3)
[2017.05.02-02.03.37:551][866]LogInit: FAudioDevice initialized.
[2017.05.02-02.03.37:604][866]LogLoad: Game class is 'TopDownGameMode_C'
[2017.05.02-02.03.37:620][866]LogWorld: Bringing World /Game/TopDownBP/Maps/UEDPIE_0_TopDownExampleMap.TopDownExampleMap up for play (max tick rate 60) at 2017.05.01-22.03.37
[2017.05.02-02.03.37:622][866]LogWorld: Bringing up level for play took: 0.014329
[2017.05.02-02.03.37:632][866]PIE: Info Play in editor start time for /Game/TopDownBP/Maps/UEDPIE_0_TopDownExampleMap 0.807
[2017.05.02-02.03.37:633][866]LogBlueprintUserMessages: Late PlayInEditor Detection: Level '/Game/TopDownBP/Maps/TopDownExampleMap.TopDownExampleMap:PersistentLevel' has LevelScriptBlueprint '/Game/TopDownBP/Maps/TopDownExampleMap.TopDownExampleMap:PersistentLevel.TopDownExampleMap' with GeneratedClass '/Game/TopDownBP/Maps/TopDownExampleMap.TopDownExampleMap_C' with ClassGeneratedBy '/Game/TopDownBP/Maps/TopDownExampleMap.TopDownExampleMap:PersistentLevel.TopDownExampleMap'
[2017.05.02-02.04.40:990][ 96]LogBlueprintUserMessages: Early EndPlayMap Detection: Level '/Game/TopDownBP/Maps/TopDownExampleMap.TopDownExampleMap:PersistentLevel' has LevelScriptBlueprint '/Game/TopDownBP/Maps/TopDownExampleMap.TopDownExampleMap:PersistentLevel.TopDownExampleMap' with GeneratedClass '/Game/TopDownBP/Maps/TopDownExampleMap.TopDownExampleMap_C' with ClassGeneratedBy '/Game/TopDownBP/Maps/TopDownExampleMap.TopDownExampleMap:PersistentLevel.TopDownExampleMap'
[2017.05.02-02.04.41:058][ 96]LogBlueprintUserMessages: Late EndPlayMap Detection: Level '/Game/TopDownBP/Maps/TopDownExampleMap.TopDownExampleMap:PersistentLevel' has LevelScriptBlueprint '/Game/TopDownBP/Maps/TopDownExampleMap.TopDownExampleMap:PersistentLevel.TopDownExampleMap' with GeneratedClass '/Game/TopDownBP/Maps/TopDownExampleMap.TopDownExampleMap_C' with ClassGeneratedBy '/Game/TopDownBP/Maps/TopDownExampleMap.TopDownExampleMap:PersistentLevel.TopDownExampleMap'
[2017.05.02-02.07.05:446][364]LogSavePackage: Save=1544.41ms
[2017.05.02-02.07.05:446][364]LogSavePackage: Moving '../../../../../../Users/billy_000/team4/CISC374_Team4/Lionfish/Saved/UEDPCTopDownExampleMap8AE15E24460855569A19C18A9AA74C73.tmp' to '../../../../../../Users/billy_000/team4/CISC374_Team4/Lionfish/Saved/Autosaves/Game/TopDownBP/Maps/UEDPCTopDownExampleMap.umap'
[2017.05.02-02.07.05:479][364]LogSavePackage:Display: Finished SavePackage ../../../../../../Users/billy_000/team4/CISC374_Team4/Lionfish/Saved/Autosaves/Game/TopDownBP/Maps/UEDPCTopDownExampleMap.umap
[2017.05.02-02.07.05:499][364]LogSlate: Took 0.002105 seconds to synchronously load lazily loaded font '../../../Engine/Content/Slate/Fonts/Roboto-Regular.ttf' (155K)
[2017.05.02-02.07.12:295][364]LogSavePackage: Save=5847.03ms
[2017.05.02-02.07.12:295][364]LogSavePackage: Moving '../../../../../../Users/billy_000/team4/CISC374_Team4/Lionfish/Saved/TopDownExampleMap_BuiltData74AECC514F396BAC7EBB81B5FFC3A6C2.tmp' to '../../../../../../Users/billy_000/team4/CISC374_Team4/Lionfish/Content/TopDownBP/Maps/TopDownExampleMap_BuiltData.uasset'
[2017.05.02-02.07.12:312][364]LogSavePackage:Display: Finished SavePackage ../../../../../../Users/billy_000/team4/CISC374_Team4/Lionfish/Content/TopDownBP/Maps/TopDownExampleMap_BuiltData.uasset
[2017.05.02-02.07.12:321][364]LogEditorTransaction: Undo Spawn Play From Here Start
[2017.05.02-02.19.04:586][ 60]Cmd: OBJ SAVEPACKAGE PACKAGE="/Game/TopDownBP/Blueprints/HUD" FILE="../../../../../../Users/billy_000/team4/CISC374_Team4/Lionfish/Content/TopDownBP/Blueprints/HUD.uasset" SILENT=true
[2017.05.02-02.19.05:140][ 60]LogSavePackage: Save=510.29ms
[2017.05.02-02.19.05:140][ 60]LogSavePackage: Moving '../../../../../../Users/billy_000/team4/CISC374_Team4/Lionfish/Saved/HUD7E1EA28C43B4263C04BDA3A790056530.tmp' to '../../../../../../Users/billy_000/team4/CISC374_Team4/Lionfish/Content/TopDownBP/Blueprints/HUD.uasset'
[2017.05.02-02.19.05:161][ 60]LogSavePackage:Display: Finished SavePackage ../../../../../../Users/billy_000/team4/CISC374_Team4/Lionfish/Content/TopDownBP/Blueprints/HUD.uasset
[2017.05.02-02.19.05:899][ 74]BlueprintLog: New page: Compile HUD
[2017.05.02-02.19.54:041][701]Cmd: OBJ SAVEPACKAGE PACKAGE="/Game/TopDownBP/Blueprints/HUD" FILE="../../../../../../Users/billy_000/team4/CISC374_Team4/Lionfish/Content/TopDownBP/Blueprints/HUD.uasset" SILENT=true
[2017.05.02-02.19.54:680][701]LogSavePackage: Save=601.49ms
[2017.05.02-02.19.54:680][701]LogSavePackage: Moving '../../../../../../Users/billy_000/team4/CISC374_Team4/Lionfish/Saved/HUD6575799F45577EF9ED8BB284BC5D38CF.tmp' to '../../../../../../Users/billy_000/team4/CISC374_Team4/Lionfish/Content/TopDownBP/Blueprints/HUD.uasset'
[2017.05.02-02.19.54:696][701]LogSavePackage:Display: Finished SavePackage ../../../../../../Users/billy_000/team4/CISC374_Team4/Lionfish/Content/TopDownBP/Blueprints/HUD.uasset
[2017.05.02-02.20.00:589][766]LogTemp: Repeting last play command: Standalone Game
[2017.05.02-02.20.03:504][766]LogSavePackage: Save=1480.00ms
[2017.05.02-02.20.03:504][766]LogSavePackage: Moving '../../../../../../Users/billy_000/team4/CISC374_Team4/Lionfish/Saved/UEDPCTopDownExampleMap2CAD394149F0CEFF2D0452B43F964A26.tmp' to '../../../../../../Users/billy_000/team4/CISC374_Team4/Lionfish/Saved/Autosaves/Game/TopDownBP/Maps/UEDPCTopDownExampleMap.umap'
[2017.05.02-02.20.03:524][766]LogSavePackage:Display: Finished SavePackage ../../../../../../Users/billy_000/team4/CISC374_Team4/Lionfish/Saved/Autosaves/Game/TopDownBP/Maps/UEDPCTopDownExampleMap.umap
[2017.05.02-02.20.10:138][766]LogSavePackage: Save=3151.07ms
[2017.05.02-02.20.10:138][766]LogSavePackage: Moving '../../../../../../Users/billy_000/team4/CISC374_Team4/Lionfish/Saved/TopDownExampleMap_BuiltDataFF6520B14CD38493C5DAF1BA63703209.tmp' to '../../../../../../Users/billy_000/team4/CISC374_Team4/Lionfish/Content/TopDownBP/Maps/TopDownExampleMap_BuiltData.uasset'
[2017.05.02-02.20.10:156][766]LogSavePackage:Display: Finished SavePackage ../../../../../../Users/billy_000/team4/CISC374_Team4/Lionfish/Content/TopDownBP/Maps/TopDownExampleMap_BuiltData.uasset
[2017.05.02-02.20.10:165][766]LogEditorTransaction: Undo Spawn Play From Here Start
[2017.05.02-02.28.31:424][480]Cmd: OBJ SAVEPACKAGE PACKAGE="/Game/TopDownBP/Blueprints/Prey_Spawner" FILE="../../../../../../Users/billy_000/team4/CISC374_Team4/Lionfish/Content/TopDownBP/Blueprints/Prey_Spawner.uasset" SILENT=true
[2017.05.02-02.28.31:565][480]LogSavePackage: Save=99.38ms
[2017.05.02-02.28.31:565][480]LogSavePackage: Moving '../../../../../../Users/billy_000/team4/CISC374_Team4/Lionfish/Saved/Prey_Spawner8D557FA8438649E9318CD19CA2BAAD36.tmp' to '../../../../../../Users/billy_000/team4/CISC374_Team4/Lionfish/Content/TopDownBP/Blueprints/Prey_Spawner.uasset'
[2017.05.02-02.28.31:590][480]LogSavePackage:Display: Finished SavePackage ../../../../../../Users/billy_000/team4/CISC374_Team4/Lionfish/Content/TopDownBP/Blueprints/Prey_Spawner.uasset
[2017.05.02-02.28.32:669][498]BlueprintLog: New page: Compile Prey_Spawner
[2017.05.02-02.28.59:035][874]LogBlueprintUserMessages: Early PlayInEditor Detection: Level '/Game/TopDownBP/Maps/TopDownExampleMap.TopDownExampleMap:PersistentLevel' has LevelScriptBlueprint '/Game/TopDownBP/Maps/TopDownExampleMap.TopDownExampleMap:PersistentLevel.TopDownExampleMap' with GeneratedClass '/Game/TopDownBP/Maps/TopDownExampleMap.TopDownExampleMap_C' with ClassGeneratedBy '/Game/TopDownBP/Maps/TopDownExampleMap.TopDownExampleMap:PersistentLevel.TopDownExampleMap'
[2017.05.02-02.28.59:036][874]LogPlayLevel: PlayLevel: No blueprints needed recompiling
[2017.05.02-02.28.59:037][874]PIE: New page: PIE session: TopDownExampleMap (May 1, 2017, 6:28:59 PM)
[2017.05.02-02.28.59:037][874]LogPlayLevel: Creating play world package: /Game/TopDownBP/Maps/UEDPIE_0_TopDownExampleMap
[2017.05.02-02.28.59:223][874]LogPlayLevel: PIE: StaticDuplicateObject took: (0.185366s)
[2017.05.02-02.28.59:236][874]LogAIModule: Creating AISystem for world TopDownExampleMap
[2017.05.02-02.28.59:237][874]LogPlayLevel: PIE: World Init took: (0.014497s)
[2017.05.02-02.28.59:238][874]LogPlayLevel: PIE: Created PIE world by copying editor world from /Game/TopDownBP/Maps/TopDownExampleMap.TopDownExampleMap to /Game/TopDownBP/Maps/UEDPIE_0_TopDownExampleMap.TopDownExampleMap (0.201230s)
[2017.05.02-02.28.59:385][874]LogInit: XAudio2 using 'Speaker/HP (Realtek High Definition Audio)' : 2 channels at 48 kHz using 32 bits per sample (channel mask 0x3)
[2017.05.02-02.28.59:477][874]LogInit: FAudioDevice initialized.
[2017.05.02-02.28.59:536][874]LogLoad: Game class is 'TopDownGameMode_C'
[2017.05.02-02.28.59:556][874]LogWorld: Bringing World /Game/TopDownBP/Maps/UEDPIE_0_TopDownExampleMap.TopDownExampleMap up for play (max tick rate 60) at 2017.05.01-22.28.59
[2017.05.02-02.28.59:559][874]LogWorld: Bringing up level for play took: 0.017354
[2017.05.02-02.28.59:572][874]PIE: Info Play in editor start time for /Game/TopDownBP/Maps/UEDPIE_0_TopDownExampleMap 0.747
[2017.05.02-02.28.59:573][874]LogBlueprintUserMessages: Late PlayInEditor Detection: Level '/Game/TopDownBP/Maps/TopDownExampleMap.TopDownExampleMap:PersistentLevel' has LevelScriptBlueprint '/Game/TopDownBP/Maps/TopDownExampleMap.TopDownExampleMap:PersistentLevel.TopDownExampleMap' with GeneratedClass '/Game/TopDownBP/Maps/TopDownExampleMap.TopDownExampleMap_C' with ClassGeneratedBy '/Game/TopDownBP/Maps/TopDownExampleMap.TopDownExampleMap:PersistentLevel.TopDownExampleMap'
[2017.05.02-02.29.33:679][514]LogBlueprintUserMessages: Early EndPlayMap Detection: Level '/Game/TopDownBP/Maps/TopDownExampleMap.TopDownExampleMap:PersistentLevel' has LevelScriptBlueprint '/Game/TopDownBP/Maps/TopDownExampleMap.TopDownExampleMap:PersistentLevel.TopDownExampleMap' with GeneratedClass '/Game/TopDownBP/Maps/TopDownExampleMap.TopDownExampleMap_C' with ClassGeneratedBy '/Game/TopDownBP/Maps/TopDownExampleMap.TopDownExampleMap:PersistentLevel.TopDownExampleMap'
[2017.05.02-02.29.33:812][514]LogBlueprintUserMessages: Late EndPlayMap Detection: Level '/Game/TopDownBP/Maps/TopDownExampleMap.TopDownExampleMap:PersistentLevel' has LevelScriptBlueprint '/Game/TopDownBP/Maps/TopDownExampleMap.TopDownExampleMap:PersistentLevel.TopDownExampleMap' with GeneratedClass '/Game/TopDownBP/Maps/TopDownExampleMap.TopDownExampleMap_C' with ClassGeneratedBy '/Game/TopDownBP/Maps/TopDownExampleMap.TopDownExampleMap:PersistentLevel.TopDownExampleMap'
[2017.05.02-02.30.47:826][776]LogSavePackage: Save=1563.55ms
[2017.05.02-02.30.47:826][776]LogSavePackage: Moving '../../../../../../Users/billy_000/team4/CISC374_Team4/Lionfish/Saved/TopDownExampleMap_Auto16DC04E35444925A966553493F11A386B.tmp' to '../../../../../../Users/billy_000/team4/CISC374_Team4/Lionfish/Saved/Autosaves/Game/TopDownBP/Maps/TopDownExampleMap_Auto1.umap'
[2017.05.02-02.30.47:845][776]LogSavePackage:Display: Finished SavePackage ../../../../../../Users/billy_000/team4/CISC374_Team4/Lionfish/Saved/Autosaves/Game/TopDownBP/Maps/TopDownExampleMap_Auto1.umap
[2017.05.02-02.30.47:931][776]LogFileHelpers: Editor autosave (incl. sublevels) for '/Game/TopDownBP/Maps/TopDownExampleMap' took 1.924
[2017.05.02-02.30.47:931][776]LogFileHelpers: Editor autosave (incl. sublevels) for all levels took 1.924
[2017.05.02-02.33.15:914][301]Cmd: OBJ SAVEPACKAGE PACKAGE="/Game/TopDownBP/Blueprints/HUD" FILE="../../../../../../Users/billy_000/team4/CISC374_Team4/Lionfish/Content/TopDownBP/Blueprints/HUD.uasset" SILENT=true
[2017.05.02-02.33.16:506][301]LogSavePackage: Save=537.66ms
[2017.05.02-02.33.16:506][301]LogSavePackage: Moving '../../../../../../Users/billy_000/team4/CISC374_Team4/Lionfish/Saved/HUDFC2932D34B0E329FECD553BB5FD84688.tmp' to '../../../../../../Users/billy_000/team4/CISC374_Team4/Lionfish/Content/TopDownBP/Blueprints/HUD.uasset'
[2017.05.02-02.33.16:520][301]LogSavePackage:Display: Finished SavePackage ../../../../../../Users/billy_000/team4/CISC374_Team4/Lionfish/Content/TopDownBP/Blueprints/HUD.uasset
[2017.05.02-02.33.25:442][338]LogSavePackage: Save=1292.44ms
[2017.05.02-02.33.25:443][338]LogSavePackage: Moving '../../../../../../Users/billy_000/team4/CISC374_Team4/Lionfish/Saved/TopDownExampleMap28FB0ED54F1B62FB501002AFBEDD72E1.tmp' to '../../../../../../Users/billy_000/team4/CISC374_Team4/Lionfish/Content/TopDownBP/Maps/TopDownExampleMap.umap'
[2017.05.02-02.33.25:482][338]LogSavePackage:Display: Finished SavePackage ../../../../../../Users/billy_000/team4/CISC374_Team4/Lionfish/Content/TopDownBP/Maps/TopDownExampleMap.umap
[2017.05.02-02.33.25:814][338]LogFileHelpers: Saving map 'TopDownExampleMap' took 2.534
