Log file open, 04/29/17 13:05:36
LogInit:Display: Running engine for game: Lionfish
LogPlatformFile: Not using cached read wrapper
LogInit:Display: RandInit(-1254934813) SRandInit(-1254934813).
LogTaskGraph: Started task graph with 5 named threads and 8 total threads with 1 sets of task threads.
LogStats: Stats thread started at 0.393605
LogInit: Using libcurl 7.47.1
LogInit:  - built for x86_64-pc-win32
LogInit:  - supports SSL with OpenSSL/1.0.2g
LogInit:  - supports HTTP deflate (compression) using libz 1.2.8
LogInit:  - other features:
LogInit:      CURL_VERSION_SSL
LogInit:      CURL_VERSION_LIBZ
LogInit:      CURL_VERSION_IPV6
LogInit:      CURL_VERSION_ASYNCHDNS
LogInit:      CURL_VERSION_LARGEFILE
LogInit:      CURL_VERSION_IDN
LogInit:  CurlRequestOptions (configurable via config and command line):
LogInit:  - bVerifyPeer = false  - Libcurl will NOT verify peer certificate
LogInit:  - bUseHttpProxy = false  - Libcurl will NOT use HTTP proxy
LogInit:  - bDontReuseConnections = false  - Libcurl will reuse connections
LogInit:  - CertBundlePath = nullptr  - Libcurl will use whatever was configured at build time.
LogInit: Build: ++UE4+Release-4.15-CL-3348071
LogInit: Engine Version: 4.15.1-3348071+++UE4+Release-4.15
LogInit: Compatible Engine Version: 4.15.0-3299760+++UE4+Release-4.15
LogInit: Net CL: 3299760
LogDevObjectVersion: Number of dev versions registered: 14
LogDevObjectVersion:   Dev-Blueprints (B0D832E4-1F89-4F0D-ACCF-7EB736FD4AA2): 8
LogDevObjectVersion:   Dev-Build (E1C64328-A22C-4D53-A36C-8E866417BD8C): 0
LogDevObjectVersion:   Dev-Core (375EC13C-06E4-48FB-B500-84F0262A717E): 2
LogDevObjectVersion:   Dev-Editor (E4B068ED-F494-42E9-A231-DA0B2E46BB41): 14
LogDevObjectVersion:   Dev-Framework (CFFC743F-43B0-4480-9391-14DF171D2073): 22
LogDevObjectVersion:   Dev-Mobile (B02B49B5-BB20-44E9-A304-32B752E40360): 0
LogDevObjectVersion:   Dev-Networking (A4E4105C-59A1-49B5-A7C5-40C4547EDFEE): 0
LogDevObjectVersion:   Dev-Online (39C831C9-5AE6-47DC-9A44-9C173E1C8E7C): 0
LogDevObjectVersion:   Dev-Physics (78F01B33-EBEA-4F98-B9B4-84EACCB95AA2): 0
LogDevObjectVersion:   Dev-Platform (6631380F-2D4D-43E0-8009-CF276956A95A): 0
LogDevObjectVersion:   Dev-Rendering (12F88B9F-8875-4AFC-A67C-D90C383ABD29): 12
LogDevObjectVersion:   Dev-Sequencer (7B5AE74C-D270-4C10-A958-57980B212A5A): 3
LogDevObjectVersion:   Dev-VR (D7296918-1DD6-4BDD-9DE2-64A83CC13884): 0
LogDevObjectVersion:   Dev-LoadTimes (C2A15278-BFE7-4AFE-6C17-90FF531DF755): 1
LogInit: Compiled (64-bit): Mar 15 2017 16:52:47
LogInit: Compiled with Visual C++: 19.00.23026.00
LogInit: Build Configuration: Development
LogInit: Branch Name: ++UE4+Release-4.15
LogInit: Command line:  
LogInit: Base directory: C:/Program Files/Epic Games/UE_4.15/Engine/Binaries/Win64/
LogInit: Installed Engine Build: 1
LogInit: Presizing for max 8388607 objects, including 0 objects not considered by GC, pre-allocating 0 bytes for permanent pool.
LogInit: Object subsystem initialized
[2017.04.29-17.05.43:554][  0]LogInit: Selected Device Profile: [Windows]
[2017.04.29-17.05.43:554][  0]LogInit: Applying CVar settings loaded from the selected device profile: [Windows]
[2017.04.29-17.05.43:869][  0]LogInit: Computer: BILLSORGLAPTOP
[2017.04.29-17.05.43:869][  0]LogInit: User: billy000
[2017.04.29-17.05.43:869][  0]LogInit: CPU Page size=65536, Cores=4
[2017.04.29-17.05.43:869][  0]LogInit: High frequency timer resolution =1.462104 MHz
[2017.04.29-17.05.43:903][  0]LogMemory: Memory total: Physical=7.5GB (8GB approx)
[2017.04.29-17.05.43:904][  0]LogMemory: Platform Memory Stats for Windows
[2017.04.29-17.05.43:904][  0]LogMemory: Process Physical Memory: 263.94 MB used, 263.94 MB peak
[2017.04.29-17.05.43:904][  0]LogMemory: Process Virtual Memory: 262.14 MB used, 262.14 MB peak
[2017.04.29-17.05.43:904][  0]LogMemory: Physical Memory: 3840.67 MB used,  3801.59 MB free, 7642.26 MB total
[2017.04.29-17.05.43:904][  0]LogMemory: Virtual Memory: 629.66 MB used,  3801.59 MB free, 134217728.00 MB total
[2017.04.29-17.05.46:285][  0]LogTextLocalizationManager: No specific translations for ('en-US') exist, so ('en') translations will be used.
[2017.04.29-17.05.58:866][  0]LogD3D11RHI: D3D11 adapters:
[2017.04.29-17.05.58:999][  0]LogD3D11RHI:    0. 'AMD Radeon HD 8330' (Feature Level 11_0)
[2017.04.29-17.05.58:999][  0]LogD3D11RHI:       495/0/3821 MB DedicatedVideo/DedicatedSystem/SharedSystem, Outputs:1, VendorId:0x1002
[2017.04.29-17.05.59:010][  0]LogD3D11RHI:    1. 'Microsoft Basic Render Driver' (Feature Level 11_0)
[2017.04.29-17.05.59:010][  0]LogD3D11RHI:       0/0/3821 MB DedicatedVideo/DedicatedSystem/SharedSystem, Outputs:0, VendorId:0x1414
[2017.04.29-17.05.59:010][  0]LogD3D11RHI: Chosen D3D11 Adapter: 0
[2017.04.29-17.05.59:143][  0]LogD3D11RHI: Creating new Direct3DDevice
[2017.04.29-17.05.59:143][  0]LogD3D11RHI:     GPU DeviceId: 0x9832 (for the marketing name, search the web for "GPU Device Id")
[2017.04.29-17.05.59:143][  0]LogWindows: EnumDisplayDevices:
[2017.04.29-17.05.59:144][  0]LogWindows:    0. 'AMD Radeon HD 8330' (P:1 D:1)
[2017.04.29-17.05.59:147][  0]LogWindows:    1. 'AMD Radeon HD 8330' (P:0 D:0)
[2017.04.29-17.05.59:149][  0]LogWindows: DebugString: FoundDriverCount:2 
[2017.04.29-17.05.59:149][  0]LogD3D11RHI:     Adapter Name: AMD Radeon HD 8330
[2017.04.29-17.05.59:149][  0]LogD3D11RHI:   Driver Version: Crimson 16.6 (internal:21.19.137.514, unified:21.19.137.514)
[2017.04.29-17.05.59:149][  0]LogD3D11RHI:      Driver Date: 11-21-2016
[2017.04.29-17.05.59:150][  0]LogRHI: Texture pool is 346 MB (70% of 495 MB)
[2017.04.29-17.05.59:497][  0]LogD3D11RHI: Async texture creation enabled
[2017.04.29-17.06.00:122][  0]LogD3D11RHI: GPU Timing Frequency: 100.000000 (Debug: 2 1)
[2017.04.29-17.06.00:345][  0]LogShaderCompilers: Guid format shader working directory is -13 characters bigger than the processId version (../../../../../../Users/billy_000/team4/CISC374_Team4/Lionfish/Intermediate/Shaders/WorkingDirectory/11028/).
[2017.04.29-17.06.00:346][  0]LogShaderCompilers: Cleaned the shader compiler working directory 'C:/Users/billy_000/AppData/Local/Temp/UnrealShaderWorkingDir/C2463151421D98AA6B1BA38F7AE873F4/'.
[2017.04.29-17.06.00:357][  0]LogShaderCompilers:Display: Using Local Shader Compiler.
[2017.04.29-17.06.16:957][  0]LogTemp:Display: Loaded TP AllDesktopTargetPlatform
[2017.04.29-17.06.17:650][  0]LogTemp:Display: Loaded TP MacClientTargetPlatform
[2017.04.29-17.06.18:330][  0]LogTemp:Display: Loaded TP MacNoEditorTargetPlatform
[2017.04.29-17.06.19:012][  0]LogTemp:Display: Loaded TP MacServerTargetPlatform
[2017.04.29-17.06.19:807][  0]LogTemp:Display: Loaded TP MacTargetPlatform
[2017.04.29-17.06.20:504][  0]LogTemp:Display: Loaded TP WindowsClientTargetPlatform
[2017.04.29-17.06.21:203][  0]LogTemp:Display: Loaded TP WindowsNoEditorTargetPlatform
[2017.04.29-17.06.21:884][  0]LogTemp:Display: Loaded TP WindowsServerTargetPlatform
[2017.04.29-17.06.22:474][  0]LogTemp:Display: Loaded TP WindowsTargetPlatform
[2017.04.29-17.06.23:198][  0]LogTemp:Display: Loaded TP AndroidTargetPlatform
[2017.04.29-17.06.23:908][  0]LogTemp:Display: Loaded TP Android_ASTCTargetPlatform
[2017.04.29-17.06.24:491][  0]LogTemp:Display: Loaded TP Android_ATCTargetPlatform
[2017.04.29-17.06.25:102][  0]LogTemp:Display: Loaded TP Android_DXTTargetPlatform
[2017.04.29-17.06.25:846][  0]LogTemp:Display: Loaded TP Android_ETC1TargetPlatform
[2017.04.29-17.06.26:433][  0]LogTemp:Display: Loaded TP Android_ETC2TargetPlatform
[2017.04.29-17.06.27:764][  0]LogTemp:Display: Loaded TP Android_MultiTargetPlatform
[2017.04.29-17.06.27:764][  0]LogTemp:Display: Loaded TP Android_PVRTCTargetPlatform
[2017.04.29-17.06.28:306][  0]LogTemp:Display: Loaded TP HTML5TargetPlatform
[2017.04.29-17.06.29:433][  0]LogTemp:Display: Loaded TP IOSTargetPlatform
[2017.04.29-17.06.29:853][  0]LogTemp:Display: Loaded TP TVOSTargetPlatform
[2017.04.29-17.06.30:552][  0]LogTemp:Display: Loaded TP LinuxClientTargetPlatform
[2017.04.29-17.06.31:256][  0]LogTemp:Display: Loaded TP LinuxNoEditorTargetPlatform
[2017.04.29-17.06.31:954][  0]LogTemp:Display: Loaded TP LinuxServerTargetPlatform
[2017.04.29-17.06.32:658][  0]LogTemp:Display: Loaded TP LinuxTargetPlatform
[2017.04.29-17.06.32:658][  0]LogTargetPlatformManager:Display: Building Assets For Windows
[2017.04.29-17.06.39:378][  0]LogDerivedDataCache:Display: Max Cache Size: 512 MB
[2017.04.29-17.06.40:562][  0]LogDerivedDataCache: Loaded boot cache 1.14s 50MB C:/Users/billy_000/AppData/Local/UnrealEngine/4.15/DerivedDataCache/Boot.ddc.
[2017.04.29-17.06.40:562][  0]LogDerivedDataCache:Display: Loaded Boot cache: C:/Users/billy_000/AppData/Local/UnrealEngine/4.15/DerivedDataCache/Boot.ddc
[2017.04.29-17.06.40:562][  0]LogDerivedDataCache: FDerivedDataBackendGraph:  Pak pak cache file ../../../../../../Users/billy_000/team4/CISC374_Team4/Lionfish/DerivedDataCache/DDC.ddp not found, will not use a pak cache.
[2017.04.29-17.06.40:562][  0]LogDerivedDataCache: Unable to find inner node Pak for hierarchical cache Hierarchy.
[2017.04.29-17.06.40:563][  0]LogDerivedDataCache: FDerivedDataBackendGraph:  CompressedPak pak cache file ../../../../../../Users/billy_000/team4/CISC374_Team4/Lionfish/DerivedDataCache/Compressed.ddp not found, will not use a pak cache.
[2017.04.29-17.06.40:563][  0]LogDerivedDataCache: Unable to find inner node CompressedPak for hierarchical cache Hierarchy.
[2017.04.29-17.06.40:767][  0]LogDerivedDataCache:Display: Pak cache opened for reading ../../../Engine/DerivedDataCache/Compressed.ddp.
[2017.04.29-17.06.40:789][  0]LogDerivedDataCache: Using Local data cache path C:/Users/billy_000/AppData/Local/UnrealEngine/Common/DerivedDataCache: Writable
[2017.04.29-17.06.41:361][  0]LogSlate: Using Freetype 2.6.0
[2017.04.29-17.06.41:549][  0]LogSlate: SlateFontCache - WITH_FREETYPE: 1, WITH_HARFBUZZ: 1
[2017.04.29-17.06.41:549][  0]LogSlate: SlateFontCache - WITH_FREETYPE: 1, WITH_HARFBUZZ: 1
[2017.04.29-17.06.59:433][  0]LogInit: Selected Device Profile: [Windows]
[2017.04.29-17.06.59:691][  0]LogContentStreaming: Texture pool size is 0.00 MB
[2017.04.29-17.07.03:567][  0]LogMeshUtilities: Using QuadricMeshReduction for automatic static mesh reduction
[2017.04.29-17.07.04:185][  0]LogSimplygon: Simplygon DLL not present - disabling.
[2017.04.29-17.07.04:871][  0]LogMeshUtilities: Using SimplygonSwarm for distributed automatic mesh merging
[2017.04.29-17.07.04:871][  0]LogMeshUtilities: No automatic skeletal mesh reduction module available
[2017.04.29-17.07.04:871][  0]LogMeshUtilities: No automatic mesh merging module available
[2017.04.29-17.07.22:688][  0]LogNetVersion: GetLocalNetworkVersion: CL: 3299760, ProjectName: lionfish, ProjectVersion: , EngineNetworkVersion: 2, GameNetworkVersion: 0, NetworkChecksum: 3667421609
[2017.04.29-17.07.23:221][  0]LogAssetRegistry: FAssetRegistry took 0.0287 seconds to start up
[2017.04.29-17.07.24:117][  0]LogPackageLocalizationCache: Processed 3 localized package path(s) for 2 prioritized culture(s) in 0.589442 seconds
[2017.04.29-17.07.24:259][  0]LogUObjectArray: 32493 objects as part of root set at end of initial load.
[2017.04.29-17.07.24:259][  0]LogUObjectAllocator: 7077032 out of 0 bytes used by permanent object pool.
[2017.04.29-17.07.24:259][  0]LogUObjectArray: CloseDisregardForGC: 0/0 objects in disregard for GC pool
[2017.04.29-17.07.25:179][  0]LogInit: WinSock: version 1.1 (2.2), MaxSocks=32767, MaxUdp=65467
[2017.04.29-17.08.40:850][  0]LogTcpMessaging: Initializing TcpMessaging bridge
[2017.04.29-17.08.41:263][  0]LogUdpMessaging: Initializing bridge on interface 0.0.0.0:0 to multicast group 230.0.0.1:6666.
[2017.04.29-17.08.47:928][  0]LogMaterial: Uniform references updated for custom material expression Custom.
[2017.04.29-17.08.53:111][  0]SourceControl: Info Source control is disabled
[2017.04.29-17.09.19:350][  0]LogEngine: Initializing Engine...
[2017.04.29-17.09.19:411][  0]LogHMD: Failed to initialize OpenVR with code 110
[2017.04.29-17.09.22:836][  0]LogAIModule: Creating AISystem for world Untitled
[2017.04.29-17.09.23:643][  0]LogInit: XAudio2 using 'Speaker/HP (Realtek High Definition Audio)' : 2 channels at 48 kHz using 32 bits per sample (channel mask 0x3)
[2017.04.29-17.09.24:098][  0]LogInit: FAudioDevice initialized.
[2017.04.29-17.09.24:323][  0]LogDerivedDataCache: Saved boot cache 0.23s 50MB C:/Users/billy_000/AppData/Local/UnrealEngine/4.15/DerivedDataCache/Boot.ddc.
[2017.04.29-17.09.24:373][  0]LogInit: Texture streaming: Enabled
[2017.04.29-17.09.26:091][  0]LogEngineSessionManager: EngineSessionManager initialized
[2017.04.29-17.09.27:609][  0]LogInit: Transaction tracking system initialized
[2017.04.29-17.09.32:368][  0]BlueprintLog: New page: Editor Load
[2017.04.29-17.09.45:549][  0]LocalizationService: Info Localization service is disabled
[2017.04.29-17.09.53:103][  0]LogConsoleResponse:Display: 
[2017.04.29-17.09.55:779][  0]LogFileCache: Scanning file cache for directory 'C:/Users/billy_000/team4/CISC374_Team4/Lionfish/Content/' took 0.10s
[2017.04.29-17.09.55:779][  0]LogCook:Display: Max memory allowance for cook 16384mb min free memory 0mb
[2017.04.29-17.09.55:780][  0]LogCook:Display: Mobile HDR setting 1
[2017.04.29-17.10.11:078][  0]Cmd: MAP LOAD FILE="../../../../../../Users/billy_000/team4/CISC374_Team4/Lionfish/Content/TopDownBP/Maps/TopDownExampleMap.umap" TEMPLATE=0 SHOWPROGRESS=1 FEATURELEVEL=3
[2017.04.29-17.10.11:119][  0]LightingResults: New page: Lighting Build
[2017.04.29-17.10.12:055][  0]MapCheck: New page: Map Check
[2017.04.29-17.10.12:055][  0]LightingResults: New page: Lighting Build
[2017.04.29-17.10.21:341][  0]LogLinker:Warning: Asset '../../../../../../Users/billy_000/team4/CISC374_Team4/Lionfish/Content/Meshes/Water_04/Water/Textures/water.uasset' has been saved with empty engine version. The asset will be loaded but may be incompatible.
[2017.04.29-17.10.28:310][  0]LogTexture:Display: Building textures: Water (AutoDXT, 2048X2048) - 57 MB total VRAM
[2017.04.29-17.10.52:925][  0]LogTexture:Display: Building textures: HQ_Lightmap0_1 (AutoDXT, 2048X2048) - 58 MB total VRAM
[2017.04.29-17.11.12:475][  0]LogTexture:Display: Building textures: HQ_Lightmap0_2 (AutoDXT, 1024X1024) - 58 MB total VRAM
[2017.04.29-17.11.16:763][  0]LogTexture:Display: Building textures: HQ_Lightmap0_3 (AutoDXT, 1024X1024) - 58 MB total VRAM
[2017.04.29-17.11.17:971][  0]LogTexture:Display: Building textures: HQ_Lightmap0_4 (AutoDXT, 64X64) - 58 MB total VRAM
[2017.04.29-17.11.18:501][  0]LogTexture:Display: Building textures: LQ_Lightmap_0_1 (DXT1, 2048X2048) - 58 MB total VRAM
[2017.04.29-17.11.33:392][  0]LogTexture:Display: Building textures: LQ_Lightmap_0_2 (DXT1, 1024X1024) - 58 MB total VRAM
[2017.04.29-17.11.35:643][  0]LogTexture:Display: Building textures: LQ_Lightmap_0_3 (DXT1, 1024X1024) - 58 MB total VRAM
[2017.04.29-17.11.36:162][  0]LogTexture:Display: Building textures: LQ_Lightmap_0_4 (DXT1, 64X64) - 58 MB total VRAM
[2017.04.29-17.11.36:464][  0]LogTexture:Display: Building textures: SkyOcclusion0_1 (AutoDXT, 2048X1024) - 58 MB total VRAM
[2017.04.29-17.11.46:360][  0]LogTexture:Display: Building textures: SkyOcclusion0_2 (AutoDXT, 1024X512) - 58 MB total VRAM
[2017.04.29-17.11.48:004][  0]LogTexture:Display: Building textures: SkyOcclusion0_3 (AutoDXT, 1024X512) - 58 MB total VRAM
[2017.04.29-17.11.48:367][  0]LogTexture:Display: Building textures: SkyOcclusion0_4 (AutoDXT, 64X32) - 58 MB total VRAM
[2017.04.29-17.11.48:393][  0]LogTexture:Display: Building textures: ShadowMapTexture2D_16 (G8, 1024X1024) - 58 MB total VRAM
[2017.04.29-17.11.48:535][  0]LogTexture:Display: Building textures: ShadowMapTexture2D_17 (G8, 1024X1024) - 58 MB total VRAM
[2017.04.29-17.11.48:680][  0]LogTexture:Display: Building textures: ShadowMapTexture2D_18 (G8, 1024X1024) - 58 MB total VRAM
[2017.04.29-17.11.48:805][  0]LogTexture:Display: Building textures: ShadowMapTexture2D_19 (G8, 32X32) - 58 MB total VRAM
[2017.04.29-17.11.49:478][  0]LogAIModule: Creating AISystem for world TopDownExampleMap
[2017.04.29-17.11.52:617][  0]LogEditorServer: Finished looking for orphan Actors (0.001 secs)
[2017.04.29-17.11.52:901][  0]Cmd: MAP CHECKDEP NOCLEARLOG
[2017.04.29-17.11.53:833][  0]MapCheck: Info Map check complete: 0 Error(s), 0 Warning(s), took 931.694ms to complete.
[2017.04.29-17.11.53:846][  0]LogFileHelpers: Loading map 'TopDownExampleMap' took 102.813
[2017.04.29-17.11.58:074][  0]LogCollectionManager: Loaded 0 collections in 0.007701 seconds
[2017.04.29-17.11.59:013][  0]LogFileCache: Scanning file cache for directory 'C:/Users/billy_000/team4/CISC374_Team4/Lionfish/Saved/Collections/' took 0.01s
[2017.04.29-17.11.59:014][  0]LogFileCache: Scanning file cache for directory 'C:/Users/billy_000/team4/CISC374_Team4/Lionfish/Content/Developers/billy000/Collections/' took 0.01s
[2017.04.29-17.11.59:014][  0]LogFileCache: Scanning file cache for directory 'C:/Users/billy_000/team4/CISC374_Team4/Lionfish/Content/Collections/' took 0.01s
[2017.04.29-17.11.59:014][  0]LogCollectionManager: Rebuilt the GUID cache for 0 collections in 0.000010 seconds
[2017.04.29-17.11.59:144][  0]LogContentBrowser: Native class hierarchy populated in 0.1060 seconds. Added 2245 classes and 453 folders.
[2017.04.29-17.11.59:384][  0]LogStats: UGameplayTagsManager::ConstructGameplayTagTree: Construct from data asset -  0.014 s
[2017.04.29-17.11.59:386][  0]LogStats: UGameplayTagsManager::ConstructGameplayTagTree: GameplayTagTreeChangedEvent.Broadcast -  0.000 s
[2017.04.29-17.12.00:178][  0]LogContentBrowser: Native class hierarchy updated for 'WidgetCarousel' in 0.0034 seconds. Added 0 classes and 0 folders.
[2017.04.29-17.12.01:892][  0]LogContentBrowser: Native class hierarchy updated for 'AddContentDialog' in 0.0040 seconds. Added 0 classes and 0 folders.
[2017.04.29-17.12.02:587][  0]LogContentBrowser: Native class hierarchy updated for 'SceneOutliner' in 0.0036 seconds. Added 1 classes and 2 folders.
[2017.04.29-17.12.04:126][  0]LogCrashTracker: Crashtracker disabled due to settings.
[2017.04.29-17.12.04:391][  0]LogUObjectGlobals:Warning: Failed to find object 'Class None.'
[2017.04.29-17.12.05:112][  0]LogContentBrowser: Native class hierarchy updated for 'HierarchicalLODOutliner' in 0.0031 seconds. Added 1 classes and 2 folders.
[2017.04.29-17.12.05:113][  0]LogLoad: (Engine Initialization) Total time: 404.76 seconds
[2017.04.29-17.12.05:114][  0]LogLoad: (Engine Initialization) Total Blueprint compile time: 5.54 seconds
[2017.04.29-17.12.05:114][  0]LogExternalProfiler: No external profilers were discovered.  External profiling features will not be available.
[2017.04.29-17.12.05:283][  0]LogOcInput: OculusInput pre-init called
[2017.04.29-17.12.06:093][  0]SourceControl: Info On branch master
[2017.04.29-17.12.06:093][  0]SourceControl: Info Your branch is up-to-date with 'origin/master'.
[2017.04.29-17.12.06:094][  0]SourceControl: Info Changes not staged for commit:
[2017.04.29-17.12.06:094][  0]SourceControl: Info   (use "git add/rm <file>..." to update what will be committed)
[2017.04.29-17.12.06:094][  0]SourceControl: Info   (use "git checkout -- <file>..." to discard changes in working directory)
[2017.04.29-17.12.06:094][  0]SourceControl: Info 	modified:   Lionfish/Intermediate/CachedAssetRegistry.bin
[2017.04.29-17.12.06:094][  0]SourceControl: Info 	modified:   Lionfish/Saved/Config/Windows/Editor.ini
[2017.04.29-17.12.06:094][  0]SourceControl: Info 	modified:   Lionfish/Saved/Config/Windows/Engine.ini
[2017.04.29-17.12.06:094][  0]SourceControl: Info 	modified:   Lionfish/Saved/Logs/Lionfish.log
[2017.04.29-17.12.06:094][  0]SourceControl: Info 	deleted:    Lionfish/Saved/Logs/Lionfish_2-backup-2017.04.28-12.14.27.log
[2017.04.29-17.12.06:094][  0]SourceControl: Info Untracked files:
[2017.04.29-17.12.06:094][  0]SourceControl: Info   (use "git add <file>..." to include in what will be committed)
[2017.04.29-17.12.06:095][  0]SourceControl: Info 	Lionfish/Saved/Logs/Lionfish-backup-2017.04.29-13.05.36.log
[2017.04.29-17.12.06:095][  0]SourceControl: Info 	Lionfish/Saved/Logs/UE4CC-Windows-93E2D76F4B29B89C11E5848747AD8B76/
[2017.04.29-17.12.06:095][  0]SourceControl: Info no changes added to commit (use "git add" and/or "git commit -a")
[2017.04.29-17.12.06:167][  0]LogContentStreaming: Texture pool size now 400 MB
[2017.04.29-17.12.06:692][  0]LogSlate: Took 0.026961 seconds to synchronously load lazily loaded font '../../../Engine/Content/Slate/Fonts/Roboto-Regular.ttf' (155K)
[2017.04.29-17.12.06:768][  0]LogSlate: Took 0.016575 seconds to synchronously load lazily loaded font '../../../Engine/Content/Slate/Fonts/Roboto-Bold.ttf' (160K)
[2017.04.29-17.12.06:915][  0]LogSlate: Took 0.025145 seconds to synchronously load lazily loaded font '../../../Engine/Content/Editor/Slate/Fonts/FontAwesome.ttf' (139K)
[2017.04.29-17.12.10:036][  0]LogRenderer: Reallocating scene render targets to support 748x448 NumSamples 1 (Frame:2).
[2017.04.29-17.12.12:060][  1]LogFileCache: Retrieving MD5 hashes for directory 'C:/Users/billy_000/team4/CISC374_Team4/Lionfish/Content/' took 6.63s
[2017.04.29-17.12.13:104][  2]LogSlate: Took 0.056758 seconds to synchronously load lazily loaded font '../../../Engine/Content/Slate/Fonts/Roboto-Light.ttf' (159K)
[2017.04.29-17.12.14:305][ 12]LogAssetRegistry: Asset discovery search completed in 291.1102 seconds
[2017.04.29-17.12.14:321][ 12]LogCollectionManager: Rebuilt the object cache for 0 collections in 0.013773 seconds (found 0 objects)
[2017.04.29-17.12.14:321][ 12]LogCollectionManager: Fixed up redirectors for 0 collections in 0.016294 seconds (updated 0 objects)
[2017.04.29-17.28.01:818][796]LogEditorViewport: Clicking on Actor (LMB): BP_Sky_Sphere_C (SkySphereBlueprint)
[2017.04.29-17.28.09:883][921]LogTemp: Repeting last play command: Selected Viewport
[2017.04.29-17.28.10:028][921]LogBlueprintUserMessages: Early PlayInEditor Detection: Level '/Game/TopDownBP/Maps/TopDownExampleMap.TopDownExampleMap:PersistentLevel' has LevelScriptBlueprint '/Game/TopDownBP/Maps/TopDownExampleMap.TopDownExampleMap:PersistentLevel.TopDownExampleMap' with GeneratedClass '/Game/TopDownBP/Maps/TopDownExampleMap.TopDownExampleMap_C' with ClassGeneratedBy '/Game/TopDownBP/Maps/TopDownExampleMap.TopDownExampleMap:PersistentLevel.TopDownExampleMap'
[2017.04.29-17.28.10:041][921]LogPlayLevel: PlayLevel: No blueprints needed recompiling
[2017.04.29-17.28.10:095][921]PIE: New page: PIE session: TopDownExampleMap (Apr 29, 2017, 9:28:10 AM)
[2017.04.29-17.28.10:124][921]LogPlayLevel: Creating play world package: /Game/TopDownBP/Maps/UEDPIE_0_TopDownExampleMap
[2017.04.29-17.28.10:663][921]LogPlayLevel: PIE: StaticDuplicateObject took: (0.539054s)
[2017.04.29-17.28.10:667][921]LogAIModule: Creating AISystem for world TopDownExampleMap
[2017.04.29-17.28.10:669][921]LogPlayLevel: PIE: World Init took: (0.005581s)
[2017.04.29-17.28.10:676][921]LogPlayLevel: PIE: Created PIE world by copying editor world from /Game/TopDownBP/Maps/TopDownExampleMap.TopDownExampleMap to /Game/TopDownBP/Maps/UEDPIE_0_TopDownExampleMap.TopDownExampleMap (0.555882s)
[2017.04.29-17.28.11:218][921]LogInit: XAudio2 using 'Speaker/HP (Realtek High Definition Audio)' : 2 channels at 48 kHz using 32 bits per sample (channel mask 0x3)
[2017.04.29-17.28.11:305][921]LogInit: FAudioDevice initialized.
[2017.04.29-17.28.11:634][921]LogLoad: Game class is 'TopDownGameMode_C'
[2017.04.29-17.28.11:791][921]LogWorld: Bringing World /Game/TopDownBP/Maps/UEDPIE_0_TopDownExampleMap.TopDownExampleMap up for play (max tick rate 60) at 2017.04.29-13.28.11
[2017.04.29-17.28.12:152][921]LogWorld: Bringing up level for play took: 0.382955
[2017.04.29-17.28.12:927][921]LogContentBrowser: Native class hierarchy updated for 'MovieSceneCapture' in 0.0043 seconds. Added 11 classes and 0 folders.
[2017.04.29-17.28.13:212][921]PIE: Info Play in editor start time for /Game/TopDownBP/Maps/UEDPIE_0_TopDownExampleMap 3.961
[2017.04.29-17.28.13:214][921]LogBlueprintUserMessages: Late PlayInEditor Detection: Level '/Game/TopDownBP/Maps/TopDownExampleMap.TopDownExampleMap:PersistentLevel' has LevelScriptBlueprint '/Game/TopDownBP/Maps/TopDownExampleMap.TopDownExampleMap:PersistentLevel.TopDownExampleMap' with GeneratedClass '/Game/TopDownBP/Maps/TopDownExampleMap.TopDownExampleMap_C' with ClassGeneratedBy '/Game/TopDownBP/Maps/TopDownExampleMap.TopDownExampleMap:PersistentLevel.TopDownExampleMap'
[2017.04.29-17.28.44:115][521]LogBlueprintUserMessages: Early EndPlayMap Detection: Level '/Game/TopDownBP/Maps/TopDownExampleMap.TopDownExampleMap:PersistentLevel' has LevelScriptBlueprint '/Game/TopDownBP/Maps/TopDownExampleMap.TopDownExampleMap:PersistentLevel.TopDownExampleMap' with GeneratedClass '/Game/TopDownBP/Maps/TopDownExampleMap.TopDownExampleMap_C' with ClassGeneratedBy '/Game/TopDownBP/Maps/TopDownExampleMap.TopDownExampleMap:PersistentLevel.TopDownExampleMap'
[2017.04.29-17.28.44:553][521]LogBlueprintUserMessages: Late EndPlayMap Detection: Level '/Game/TopDownBP/Maps/TopDownExampleMap.TopDownExampleMap:PersistentLevel' has LevelScriptBlueprint '/Game/TopDownBP/Maps/TopDownExampleMap.TopDownExampleMap:PersistentLevel.TopDownExampleMap' with GeneratedClass '/Game/TopDownBP/Maps/TopDownExampleMap.TopDownExampleMap_C' with ClassGeneratedBy '/Game/TopDownBP/Maps/TopDownExampleMap.TopDownExampleMap:PersistentLevel.TopDownExampleMap'
[2017.04.29-17.29.13:876][899]LogEditorViewport: Clicking on Actor (LMB): StaticMeshActor (Water)
[2017.04.29-17.29.45:354][422]LogSlate: Took 0.001516 seconds to synchronously load lazily loaded font '../../../Engine/Content/Slate/Fonts/Roboto-Light.ttf' (159K)
[2017.04.29-17.29.47:743][422]LogSlate: Took 0.001626 seconds to synchronously load lazily loaded font '../../../Engine/Content/Slate/Fonts/Roboto-Regular.ttf' (155K)
[2017.04.29-17.29.51:091][422]LogContentBrowser: Native class hierarchy updated for 'BlueprintGraph' in 0.0075 seconds. Added 112 classes and 0 folders.
[2017.04.29-17.30.01:742][423]LogSavePackage: Save=1118.27ms
[2017.04.29-17.30.01:742][423]LogSavePackage: Moving '../../../../../../Users/billy_000/team4/CISC374_Team4/Lionfish/Saved/TopDownExampleMap_Auto13D13C33A4DBD080AC7B59E9CB837C336.tmp' to '../../../../../../Users/billy_000/team4/CISC374_Team4/Lionfish/Saved/Autosaves/Game/TopDownBP/Maps/TopDownExampleMap_Auto1.umap'
[2017.04.29-17.30.01:775][423]LogSavePackage:Display: Finished SavePackage ../../../../../../Users/billy_000/team4/CISC374_Team4/Lionfish/Saved/Autosaves/Game/TopDownBP/Maps/TopDownExampleMap_Auto1.umap
[2017.04.29-17.30.01:826][423]LogFileHelpers: Editor autosave (incl. sublevels) for '/Game/TopDownBP/Maps/TopDownExampleMap' took 1.493
[2017.04.29-17.30.01:826][423]LogFileHelpers: Editor autosave (incl. sublevels) for all levels took 1.493
[2017.04.29-17.30.01:834][423]OBJ SavePackage: Generating thumbnails for [0] asset(s) in package [/Game/Diver_Blueprint] ([1] browsable assets)...
[2017.04.29-17.30.01:834][423]OBJ SavePackage: Finished generating thumbnails for package [/Game/Diver_Blueprint]
[2017.04.29-17.30.01:834][423]Cmd: OBJ SAVEPACKAGE PACKAGE="/Game/Diver_Blueprint" FILE="../../../../../../Users/billy_000/team4/CISC374_Team4/Lionfish/Saved/Autosaves/Game/Diver_Blueprint_Auto1.uasset" SILENT=false AUTOSAVING=true
[2017.04.29-17.30.01:921][423]LogSavePackage: Save=81.38ms
[2017.04.29-17.30.01:921][423]LogSavePackage: Moving '../../../../../../Users/billy_000/team4/CISC374_Team4/Lionfish/Saved/Diver_Blueprint_Auto10428972E44884AAFF8719F91E8268F4F.tmp' to '../../../../../../Users/billy_000/team4/CISC374_Team4/Lionfish/Saved/Autosaves/Game/Diver_Blueprint_Auto1.uasset'
[2017.04.29-17.30.01:929][423]LogSavePackage:Display: Finished SavePackage ../../../../../../Users/billy_000/team4/CISC374_Team4/Lionfish/Saved/Autosaves/Game/Diver_Blueprint_Auto1.uasset
[2017.04.29-17.30.01:929][423]LogFileHelpers: Auto-saving content packages took 0.100
[2017.04.29-17.30.14:085][627]LogRenderer: Reallocating scene render targets to support 808x588 NumSamples 1 (Frame:1192).
[2017.04.29-17.30.56:195][124]LogSlate: Took 0.068719 seconds to synchronously load lazily loaded font '../../../Engine/Content/Editor/Slate/Fonts/Roboto-Italic.ttf' (157K)
[2017.04.29-17.31.01:352][173]LogSlate: Took 0.001983 seconds to synchronously load lazily loaded font '../../../Engine/Content/Slate/Fonts/Roboto-Light.ttf' (159K)
[2017.04.29-17.31.45:391][716]LogMaterial:Warning: Material /Game/StarterContent/Particles/Materials/M_Burst.M_Burst needed to have new flag set bUsedWithSkeletalMesh !
[2017.04.29-17.31.45:451][716]LogMaterial: Missing cached shader map for material M_Burst, compiling. 
[2017.04.29-17.31.45:471][716]LogTemp:Display: Added material ShaderMap 0x0000024FF837B900 with Material 0x0000024F9B582B00 to ShaderMapsBeingCompiled
[2017.04.29-17.31.45:788][716]LogTemp:Display: Kicking off shader compilation for M_Burst, GameThreadShaderMap 0x0000024FF837B900
[2017.04.29-17.31.45:795][716]LogMaterial: 0.00 seconds spent updating 1 materials, 1 interfaces, 0 instances, 0 with static permutations.
[2017.04.29-17.32.11:559][ 61]LogMaterial:Warning: Material /Game/StarterContent/Materials/M_Metal_Copper.M_Metal_Copper needed to have new flag set bUsedWithSkeletalMesh !
[2017.04.29-17.32.11:604][ 61]LogMaterial: Missing cached shader map for material M_Metal_Copper, compiling. 
[2017.04.29-17.32.11:608][ 61]LogTemp:Display: Added material ShaderMap 0x0000024F9B561D00 with Material 0x0000024FB5259480 to ShaderMapsBeingCompiled
[2017.04.29-17.32.11:947][ 61]LogTemp:Display: Kicking off shader compilation for M_Metal_Copper, GameThreadShaderMap 0x0000024F9B561D00
[2017.04.29-17.32.11:954][ 61]LogMaterial: 0.00 seconds spent updating 1 materials, 1 interfaces, 0 instances, 0 with static permutations.
[2017.04.29-17.32.57:504][303]LogTemp:Display: Finished compile of shader map 0x0000024FF837B900
[2017.04.29-17.32.57:505][303]LogTemp:Display: Shader map M_Burst complete, GameThreadShaderMap 0x0000024FF837B900, marking material M_Burst as finished
[2017.04.29-17.32.57:505][303]LogTemp:Display: Marking material as finished 0x0000024F9B582B00
[2017.04.29-17.33.22:251][377]LogTemp:Display: Finished compile of shader map 0x0000024F9B561D00
[2017.04.29-17.33.22:251][377]LogTemp:Display: Shader map M_Metal_Copper complete, GameThreadShaderMap 0x0000024F9B561D00, marking material M_Metal_Copper as finished
[2017.04.29-17.33.22:251][377]LogTemp:Display: Marking material as finished 0x0000024FB5259480
[2017.04.29-17.34.29:849][922]LogSlate: Took 0.033192 seconds to synchronously load lazily loaded font '../../../Engine/Content/Editor/Slate/Fonts/Roboto-BoldCondensed.ttf' (158K)
[2017.04.29-17.38.34:087][484]LogBlueprint:Warning: [Diver_Blueprint] 'Destination' variable not found. Base class was probably changed.
[2017.04.29-17.38.34:088][484]LogBlueprint:Warning: [Diver_Blueprint] 'Destination' variable not found. Base class was probably changed.
[2017.04.29-17.38.34:088][484]LogBlueprint:Warning: [Diver_Blueprint] 'Destination' variable not found. Base class was probably changed.
[2017.04.29-17.38.34:096][484]LogBlueprint:Warning: [Diver_Blueprint] 'LScore' variable not found. Base class was probably changed.
[2017.04.29-17.38.34:096][484]LogBlueprint:Warning: [Diver_Blueprint] 'LScore' variable not found. Base class was probably changed.
[2017.04.29-17.38.34:097][484]LogBlueprint:Warning: [Diver_Blueprint] 'LScore' variable not found. Base class was probably changed.
[2017.04.29-17.39.16:478][948]LogSlate: Took 0.024536 seconds to synchronously load lazily loaded font '../../../Engine/Content/Editor/Slate/Fonts/Roboto-BoldCondensedItalic.ttf' (160K)
[2017.04.29-17.40.17:676][414]LogSavePackage: Save=1204.02ms
[2017.04.29-17.40.17:677][414]LogSavePackage: Moving '../../../../../../Users/billy_000/team4/CISC374_Team4/Lionfish/Saved/TopDownExampleMap_Auto2D175B05C47221D94A27D3895BE812631.tmp' to '../../../../../../Users/billy_000/team4/CISC374_Team4/Lionfish/Saved/Autosaves/Game/TopDownBP/Maps/TopDownExampleMap_Auto2.umap'
[2017.04.29-17.40.17:692][414]LogSavePackage:Display: Finished SavePackage ../../../../../../Users/billy_000/team4/CISC374_Team4/Lionfish/Saved/Autosaves/Game/TopDownBP/Maps/TopDownExampleMap_Auto2.umap
[2017.04.29-17.40.17:703][414]LogFileHelpers: Editor autosave (incl. sublevels) for '/Game/TopDownBP/Maps/TopDownExampleMap' took 1.414
[2017.04.29-17.40.17:703][414]LogFileHelpers: Editor autosave (incl. sublevels) for all levels took 1.414
[2017.04.29-17.40.17:714][414]OBJ SavePackage: Generating thumbnails for [1] asset(s) in package [/Game/TopDownBP/Character/Lionfish] ([1] browsable assets)...
[2017.04.29-17.40.17:933][414]OBJ SavePackage:     Rendered thumbnail for [Blueprint /Game/TopDownBP/Character/Lionfish.Lionfish]
[2017.04.29-17.40.17:933][414]OBJ SavePackage: Finished generating thumbnails for package [/Game/TopDownBP/Character/Lionfish]
[2017.04.29-17.40.18:215][414]LogSavePackage: Save=239.22ms
[2017.04.29-17.40.18:215][414]LogSavePackage: Moving '../../../../../../Users/billy_000/team4/CISC374_Team4/Lionfish/Saved/Lionfish_Auto219F0822C498AEFB5420A2FB571E763EB.tmp' to '../../../../../../Users/billy_000/team4/CISC374_Team4/Lionfish/Saved/Autosaves/Game/TopDownBP/Character/Lionfish_Auto2.uasset'
[2017.04.29-17.40.18:224][414]LogSavePackage:Display: Finished SavePackage ../../../../../../Users/billy_000/team4/CISC374_Team4/Lionfish/Saved/Autosaves/Game/TopDownBP/Character/Lionfish_Auto2.uasset
[2017.04.29-17.40.18:227][414]OBJ SavePackage: Generating thumbnails for [1] asset(s) in package [/Game/Diver_Blueprint] ([1] browsable assets)...
[2017.04.29-17.40.18:295][414]OBJ SavePackage:     Rendered thumbnail for [Blueprint /Game/Diver_Blueprint.Diver_Blueprint]
[2017.04.29-17.40.18:295][414]OBJ SavePackage: Finished generating thumbnails for package [/Game/Diver_Blueprint]
[2017.04.29-17.40.18:295][414]Cmd: OBJ SAVEPACKAGE PACKAGE="/Game/Diver_Blueprint" FILE="../../../../../../Users/billy_000/team4/CISC374_Team4/Lionfish/Saved/Autosaves/Game/Diver_Blueprint_Auto2.uasset" SILENT=false AUTOSAVING=true
[2017.04.29-17.40.18:493][414]LogSavePackage: Save=193.15ms
[2017.04.29-17.40.18:494][414]LogSavePackage: Moving '../../../../../../Users/billy_000/team4/CISC374_Team4/Lionfish/Saved/Diver_Blueprint_Auto2CF3938AE4AB6647DF49574B4F7768322.tmp' to '../../../../../../Users/billy_000/team4/CISC374_Team4/Lionfish/Saved/Autosaves/Game/Diver_Blueprint_Auto2.uasset'
[2017.04.29-17.40.18:501][414]LogSavePackage:Display: Finished SavePackage ../../../../../../Users/billy_000/team4/CISC374_Team4/Lionfish/Saved/Autosaves/Game/Diver_Blueprint_Auto2.uasset
[2017.04.29-17.40.18:524][414]OBJ SavePackage: Generating thumbnails for [1] asset(s) in package [/Game/StarterContent/Particles/Materials/M_Burst] ([1] browsable assets)...
[2017.04.29-17.40.18:605][414]OBJ SavePackage:     Rendered thumbnail for [Material /Game/StarterContent/Particles/Materials/M_Burst.M_Burst]
[2017.04.29-17.40.18:605][414]OBJ SavePackage: Finished generating thumbnails for package [/Game/StarterContent/Particles/Materials/M_Burst]
[2017.04.29-17.40.18:693][414]LogSavePackage: Save=65.42ms
[2017.04.29-17.40.18:693][414]LogSavePackage: Moving '../../../../../../Users/billy_000/team4/CISC374_Team4/Lionfish/Saved/M_Burst_Auto24F31267448F31222F0A1629400DB7BC2.tmp' to '../../../../../../Users/billy_000/team4/CISC374_Team4/Lionfish/Saved/Autosaves/Game/StarterContent/Particles/Materials/M_Burst_Auto2.uasset'
[2017.04.29-17.40.18:702][414]LogSavePackage:Display: Finished SavePackage ../../../../../../Users/billy_000/team4/CISC374_Team4/Lionfish/Saved/Autosaves/Game/StarterContent/Particles/Materials/M_Burst_Auto2.uasset
[2017.04.29-17.40.18:705][414]OBJ SavePackage: Generating thumbnails for [1] asset(s) in package [/Game/StarterContent/Materials/M_Metal_Copper] ([1] browsable assets)...
[2017.04.29-17.40.18:782][414]OBJ SavePackage:     Rendered thumbnail for [Material /Game/StarterContent/Materials/M_Metal_Copper.M_Metal_Copper]
[2017.04.29-17.40.18:782][414]OBJ SavePackage: Finished generating thumbnails for package [/Game/StarterContent/Materials/M_Metal_Copper]
[2017.04.29-17.40.18:884][414]LogSavePackage: Save=83.44ms
[2017.04.29-17.40.18:884][414]LogSavePackage: Moving '../../../../../../Users/billy_000/team4/CISC374_Team4/Lionfish/Saved/M_Metal_Copper_Auto25EFEC52C453057731CB2428A4CB5AB34.tmp' to '../../../../../../Users/billy_000/team4/CISC374_Team4/Lionfish/Saved/Autosaves/Game/StarterContent/Materials/M_Metal_Copper_Auto2.uasset'
[2017.04.29-17.40.18:892][414]LogSavePackage:Display: Finished SavePackage ../../../../../../Users/billy_000/team4/CISC374_Team4/Lionfish/Saved/Autosaves/Game/StarterContent/Materials/M_Metal_Copper_Auto2.uasset
[2017.04.29-17.40.18:892][414]LogFileHelpers: Auto-saving content packages took 1.183
[2017.04.29-17.50.19:329][445]LogFileHelpers: Editor autosave (incl. sublevels) for '/Game/TopDownBP/Maps/TopDownExampleMap' took 0.148
[2017.04.29-17.50.19:341][445]OBJ SavePackage: Generating thumbnails for [1] asset(s) in package [/Game/Diver_Blueprint] ([1] browsable assets)...
[2017.04.29-17.50.19:469][445]OBJ SavePackage:     Rendered thumbnail for [Blueprint /Game/Diver_Blueprint.Diver_Blueprint]
[2017.04.29-17.50.19:469][445]OBJ SavePackage: Finished generating thumbnails for package [/Game/Diver_Blueprint]
[2017.04.29-17.50.19:469][445]Cmd: OBJ SAVEPACKAGE PACKAGE="/Game/Diver_Blueprint" FILE="../../../../../../Users/billy_000/team4/CISC374_Team4/Lionfish/Saved/Autosaves/Game/Diver_Blueprint_Auto3.uasset" SILENT=false AUTOSAVING=true
[2017.04.29-17.50.19:789][445]LogSavePackage: Save=310.77ms
[2017.04.29-17.50.19:789][445]LogSavePackage: Moving '../../../../../../Users/billy_000/team4/CISC374_Team4/Lionfish/Saved/Diver_Blueprint_Auto3297B1E2C4106832360F9CDBF132BF81E.tmp' to '../../../../../../Users/billy_000/team4/CISC374_Team4/Lionfish/Saved/Autosaves/Game/Diver_Blueprint_Auto3.uasset'
[2017.04.29-17.50.19:803][445]LogSavePackage:Display: Finished SavePackage ../../../../../../Users/billy_000/team4/CISC374_Team4/Lionfish/Saved/Autosaves/Game/Diver_Blueprint_Auto3.uasset
[2017.04.29-17.50.19:803][445]LogFileHelpers: Auto-saving content packages took 0.469
[2017.04.29-17.54.29:782][  9]BlueprintLog: New page: Compile Diver_Blueprint
[2017.04.29-17.59.47:853][773]LogSlate:Warning: Prevented a slow task dialog from being summoned while a context menu was open
[2017.04.29-18.00.23:437][261]LogEditorViewport: Clicking on Actor (LMB): StaticMeshActor (Water)
[2017.04.29-18.00.25:404][313]LogEditorViewport: Clicking on Actor (LMB): StaticMeshActor (Water)
[2017.04.29-18.00.26:667][349]LogEditorViewport: Clicking on Actor (LMB): StaticMeshActor (Water)
[2017.04.29-18.01.13:959][869]LogSavePackage: Save=1340.17ms
[2017.04.29-18.01.13:959][869]LogSavePackage: Moving '../../../../../../Users/billy_000/team4/CISC374_Team4/Lionfish/Saved/TopDownExampleMap_Auto495F335F64F05D958A62B6585B79E35F6.tmp' to '../../../../../../Users/billy_000/team4/CISC374_Team4/Lionfish/Saved/Autosaves/Game/TopDownBP/Maps/TopDownExampleMap_Auto4.umap'
[2017.04.29-18.01.13:975][869]LogSavePackage:Display: Finished SavePackage ../../../../../../Users/billy_000/team4/CISC374_Team4/Lionfish/Saved/Autosaves/Game/TopDownBP/Maps/TopDownExampleMap_Auto4.umap
[2017.04.29-18.01.13:988][869]LogFileHelpers: Editor autosave (incl. sublevels) for '/Game/TopDownBP/Maps/TopDownExampleMap' took 1.644
[2017.04.29-18.01.13:988][869]LogFileHelpers: Editor autosave (incl. sublevels) for all levels took 1.644
[2017.04.29-18.01.13:999][869]OBJ SavePackage: Generating thumbnails for [0] asset(s) in package [/Game/User_Interface/Game_Menu/In_Game_Menu] ([1] browsable assets)...
[2017.04.29-18.01.13:999][869]OBJ SavePackage: Finished generating thumbnails for package [/Game/User_Interface/Game_Menu/In_Game_Menu]
[2017.04.29-18.01.14:281][869]LogSavePackage: Save=248.72ms
[2017.04.29-18.01.14:281][869]LogSavePackage: Moving '../../../../../../Users/billy_000/team4/CISC374_Team4/Lionfish/Saved/In_Game_Menu_Auto42FCA313A4C643E636ABFA48268651073.tmp' to '../../../../../../Users/billy_000/team4/CISC374_Team4/Lionfish/Saved/Autosaves/Game/User_Interface/Game_Menu/In_Game_Menu_Auto4.uasset'
[2017.04.29-18.01.14:292][869]LogSavePackage:Display: Finished SavePackage ../../../../../../Users/billy_000/team4/CISC374_Team4/Lionfish/Saved/Autosaves/Game/User_Interface/Game_Menu/In_Game_Menu_Auto4.uasset
[2017.04.29-18.01.14:297][869]OBJ SavePackage: Generating thumbnails for [1] asset(s) in package [/Game/Diver_Blueprint] ([1] browsable assets)...
[2017.04.29-18.01.14:407][869]OBJ SavePackage:     Rendered thumbnail for [Blueprint /Game/Diver_Blueprint.Diver_Blueprint]
[2017.04.29-18.01.14:407][869]OBJ SavePackage: Finished generating thumbnails for package [/Game/Diver_Blueprint]
[2017.04.29-18.01.14:410][869]Cmd: OBJ SAVEPACKAGE PACKAGE="/Game/Diver_Blueprint" FILE="../../../../../../Users/billy_000/team4/CISC374_Team4/Lionfish/Saved/Autosaves/Game/Diver_Blueprint_Auto4.uasset" SILENT=false AUTOSAVING=true
[2017.04.29-18.01.14:649][869]LogSavePackage: Save=232.22ms
[2017.04.29-18.01.14:649][869]LogSavePackage: Moving '../../../../../../Users/billy_000/team4/CISC374_Team4/Lionfish/Saved/Diver_Blueprint_Auto4EA88C04F4843B92D2F5494B49DAD06C4.tmp' to '../../../../../../Users/billy_000/team4/CISC374_Team4/Lionfish/Saved/Autosaves/Game/Diver_Blueprint_Auto4.uasset'
[2017.04.29-18.01.14:658][869]LogSavePackage:Display: Finished SavePackage ../../../../../../Users/billy_000/team4/CISC374_Team4/Lionfish/Saved/Autosaves/Game/Diver_Blueprint_Auto4.uasset
[2017.04.29-18.01.14:659][869]LogFileHelpers: Auto-saving content packages took 0.664
[2017.04.29-18.01.34:828][254]LogEditorViewport: Clicking on Actor (LMB): StaticMeshActor (Water)
[2017.04.29-18.05.15:809][608]LogEditorViewport: Clicking on Actor (LMB): StaticMeshActor (Water)
[2017.04.29-18.05.17:404][625]LogEditorViewport: Clicking on Actor (LMB): StaticMeshActor (Water)
[2017.04.29-18.05.23:049][716]LogEditorViewport: Clicking on Actor (LMB): Diver_Blueprint_C (Diver_Blueprint)
[2017.04.29-18.05.59:425][238]LogEditorViewport: Clicking on Actor (LMB): StaticMeshActor (Floor)
[2017.04.29-18.06.08:126][378]LogEditorViewport: Clicking on Actor (LMB): StaticMeshActor (Floor)
[2017.04.29-18.06.09:468][402]LogEditorViewport: Clicking on Actor (LMB): TopDownCharacter_C (TopDownCharacter)
[2017.04.29-18.06.48:052][999]LogEditorViewport: Clicking on Actor (LMB): StaticMeshActor (Water)
[2017.04.29-18.06.49:517][ 17]LogEditorViewport: Clicking on Actor (LMB): StaticMeshActor (Water)
[2017.04.29-18.06.50:776][ 39]LogEditorViewport: Clicking on Actor (LMB): StaticMeshActor (Water)
[2017.04.29-18.06.58:952][222]LogEditorViewport: Clicking on Actor (LMB): StaticMeshActor (Water)
[2017.04.29-18.06.59:748][234]LogEditorViewport: Clicking on Actor (LMB): StaticMeshActor (Water)
[2017.04.29-18.20.53:070][975]BlueprintLog: New page: Compile Diver_Blueprint
[2017.04.29-18.22.14:776][454]BlueprintLog: New page: Compile In_Game_Menu
[2017.04.29-18.25.05:047][311]BlueprintLog: New page: Compile Diver_Blueprint
[2017.04.29-18.25.05:289][311]LogBlueprint:Error: [Compiler Diver_Blueprint] Error This blueprint (self) is not a CharacterMovementComponent, therefore ' Target ' must have a connection.
[2017.04.29-18.25.05:316][311]LogBlueprint:Error: [Compiler Diver_Blueprint] Error Variable node  Set MaxWalkSpeed  uses an invalid target.  It may depend on a node that is not connected to the execution chain, and got purged.
[2017.04.29-18.25.06:984][311]BlueprintEditorCompileResults:Error: Error This blueprint (self) is not a CharacterMovementComponent, therefore ' Target ' must have a connection.
[2017.04.29-18.25.06:984][311]BlueprintEditorCompileResults:Error: Error Variable node  Set MaxWalkSpeed  uses an invalid target.  It may depend on a node that is not connected to the execution chain, and got purged.
[2017.04.29-18.25.07:005][311]LogBlueprint:Warning: [Compiler Diver_Blueprint] Warning [4786.65] Compile of Diver_Blueprint failed. 2 Fatal Issue(s) 0 Warning(s) [in 1,957 ms] (/Game/Diver_Blueprint.Diver_Blueprint)
[2017.04.29-18.25.50:052][810]LogSavePackage: Save=1371.37ms
[2017.04.29-18.25.50:052][810]LogSavePackage: Moving '../../../../../../Users/billy_000/team4/CISC374_Team4/Lionfish/Saved/TopDownExampleMap_Auto5FFA1B31B40F37A842718D2BAFD2CEC34.tmp' to '../../../../../../Users/billy_000/team4/CISC374_Team4/Lionfish/Saved/Autosaves/Game/TopDownBP/Maps/TopDownExampleMap_Auto5.umap'
[2017.04.29-18.25.50:073][810]LogSavePackage:Display: Finished SavePackage ../../../../../../Users/billy_000/team4/CISC374_Team4/Lionfish/Saved/Autosaves/Game/TopDownBP/Maps/TopDownExampleMap_Auto5.umap
[2017.04.29-18.25.50:085][810]LogFileHelpers: Editor autosave (incl. sublevels) for '/Game/TopDownBP/Maps/TopDownExampleMap' took 1.652
[2017.04.29-18.25.50:086][810]LogFileHelpers: Editor autosave (incl. sublevels) for all levels took 1.652
[2017.04.29-18.25.50:098][810]OBJ SavePackage: Generating thumbnails for [0] asset(s) in package [/Game/User_Interface/Game_Menu/In_Game_Menu] ([1] browsable assets)...
[2017.04.29-18.25.50:098][810]OBJ SavePackage: Finished generating thumbnails for package [/Game/User_Interface/Game_Menu/In_Game_Menu]
[2017.04.29-18.25.50:376][810]LogSavePackage: Save=251.64ms
[2017.04.29-18.25.50:377][810]LogSavePackage: Moving '../../../../../../Users/billy_000/team4/CISC374_Team4/Lionfish/Saved/In_Game_Menu_Auto5086EF88A461F1ACF273061A143B47504.tmp' to '../../../../../../Users/billy_000/team4/CISC374_Team4/Lionfish/Saved/Autosaves/Game/User_Interface/Game_Menu/In_Game_Menu_Auto5.uasset'
[2017.04.29-18.25.50:388][810]LogSavePackage:Display: Finished SavePackage ../../../../../../Users/billy_000/team4/CISC374_Team4/Lionfish/Saved/Autosaves/Game/User_Interface/Game_Menu/In_Game_Menu_Auto5.uasset
[2017.04.29-18.25.50:394][810]OBJ SavePackage: Generating thumbnails for [1] asset(s) in package [/Game/Diver_Blueprint] ([1] browsable assets)...
[2017.04.29-18.25.50:814][810]OBJ SavePackage:     Rendered thumbnail for [Blueprint /Game/Diver_Blueprint.Diver_Blueprint]
[2017.04.29-18.25.50:814][810]OBJ SavePackage: Finished generating thumbnails for package [/Game/Diver_Blueprint]
[2017.04.29-18.25.50:818][810]Cmd: OBJ SAVEPACKAGE PACKAGE="/Game/Diver_Blueprint" FILE="../../../../../../Users/billy_000/team4/CISC374_Team4/Lionfish/Saved/Autosaves/Game/Diver_Blueprint_Auto5.uasset" SILENT=false AUTOSAVING=true
[2017.04.29-18.25.51:166][810]LogSavePackage: Save=339.51ms
[2017.04.29-18.25.51:166][810]LogSavePackage: Moving '../../../../../../Users/billy_000/team4/CISC374_Team4/Lionfish/Saved/Diver_Blueprint_Auto5BF5F189B4B397C156DB684A6B765A8CC.tmp' to '../../../../../../Users/billy_000/team4/CISC374_Team4/Lionfish/Saved/Autosaves/Game/Diver_Blueprint_Auto5.uasset'
[2017.04.29-18.25.51:183][810]LogSavePackage:Display: Finished SavePackage ../../../../../../Users/billy_000/team4/CISC374_Team4/Lionfish/Saved/Autosaves/Game/Diver_Blueprint_Auto5.uasset
[2017.04.29-18.25.51:183][810]LogFileHelpers: Auto-saving content packages took 1.091
[2017.04.29-18.26.37:578][314]BlueprintLog: New page: Compile Diver_Blueprint
[2017.04.29-18.26.54:305][462]Cmd: OBJ SAVEPACKAGE PACKAGE="/Game/Diver_Blueprint" FILE="../../../../../../Users/billy_000/team4/CISC374_Team4/Lionfish/Content/Diver_Blueprint.uasset" SILENT=true
[2017.04.29-18.26.54:690][462]LogSavePackage: Save=374.48ms
[2017.04.29-18.26.54:690][462]LogSavePackage: Moving '../../../../../../Users/billy_000/team4/CISC374_Team4/Lionfish/Saved/Diver_Blueprint84C1D3E5442E64C1B539AAAF6AAEDE02.tmp' to '../../../../../../Users/billy_000/team4/CISC374_Team4/Lionfish/Content/Diver_Blueprint.uasset'
[2017.04.29-18.26.54:717][462]LogSavePackage:Display: Finished SavePackage ../../../../../../Users/billy_000/team4/CISC374_Team4/Lionfish/Content/Diver_Blueprint.uasset
[2017.04.29-18.27.07:472][656]LogEditorActor: Deleted Actor: Diver_Blueprint_C
[2017.04.29-18.27.07:617][656]LogEditorActor: Deleted 1 Actors (0.147 secs)
[2017.04.29-18.27.13:826][745]Cmd: OBJ SAVEPACKAGE PACKAGE="/Game/Diver_Blueprint" FILE="../../../../../../Users/billy_000/team4/CISC374_Team4/Lionfish/Content/Diver_Blueprint.uasset" SILENT=true
[2017.04.29-18.27.14:161][745]LogSavePackage: Save=301.82ms
[2017.04.29-18.27.14:161][745]LogSavePackage: Moving '../../../../../../Users/billy_000/team4/CISC374_Team4/Lionfish/Saved/Diver_BlueprintA1D4D9DC4182ACB30256E5A1F56C480B.tmp' to '../../../../../../Users/billy_000/team4/CISC374_Team4/Lionfish/Content/Diver_Blueprint.uasset'
[2017.04.29-18.27.14:173][745]LogSavePackage:Display: Finished SavePackage ../../../../../../Users/billy_000/team4/CISC374_Team4/Lionfish/Content/Diver_Blueprint.uasset
[2017.04.29-18.27.22:025][963]LogTemp: Repeting last play command: Selected Viewport
[2017.04.29-18.27.22:196][963]LogBlueprintUserMessages: Early PlayInEditor Detection: Level '/Game/TopDownBP/Maps/TopDownExampleMap.TopDownExampleMap:PersistentLevel' has LevelScriptBlueprint '/Game/TopDownBP/Maps/TopDownExampleMap.TopDownExampleMap:PersistentLevel.TopDownExampleMap' with GeneratedClass '/Game/TopDownBP/Maps/TopDownExampleMap.TopDownExampleMap_C' with ClassGeneratedBy '/Game/TopDownBP/Maps/TopDownExampleMap.TopDownExampleMap:PersistentLevel.TopDownExampleMap'
[2017.04.29-18.27.22:196][963]LogPlayLevel: PlayLevel: No blueprints needed recompiling
[2017.04.29-18.27.22:197][963]PIE: New page: PIE session: TopDownExampleMap (Apr 29, 2017, 10:27:22 AM)
[2017.04.29-18.27.22:198][963]LogPlayLevel: Creating play world package: /Game/TopDownBP/Maps/UEDPIE_0_TopDownExampleMap
[2017.04.29-18.27.22:389][963]LogPlayLevel: PIE: StaticDuplicateObject took: (0.190021s)
[2017.04.29-18.27.22:400][963]LogAIModule: Creating AISystem for world TopDownExampleMap
[2017.04.29-18.27.22:402][963]LogPlayLevel: PIE: World Init took: (0.013392s)
[2017.04.29-18.27.22:403][963]LogPlayLevel: PIE: Created PIE world by copying editor world from /Game/TopDownBP/Maps/TopDownExampleMap.TopDownExampleMap to /Game/TopDownBP/Maps/UEDPIE_0_TopDownExampleMap.TopDownExampleMap (0.205217s)
[2017.04.29-18.27.22:607][963]LogInit: XAudio2 using 'Speaker/HP (Realtek High Definition Audio)' : 2 channels at 48 kHz using 32 bits per sample (channel mask 0x3)
[2017.04.29-18.27.22:675][963]LogInit: FAudioDevice initialized.
[2017.04.29-18.27.22:737][963]LogLoad: Game class is 'TopDownGameMode_C'
[2017.04.29-18.27.22:762][963]LogWorld: Bringing World /Game/TopDownBP/Maps/UEDPIE_0_TopDownExampleMap.TopDownExampleMap up for play (max tick rate 0) at 2017.04.29-14.27.22
[2017.04.29-18.27.22:766][963]LogWorld: Bringing up level for play took: 0.023701
[2017.04.29-18.27.22:779][963]PIE: Info Play in editor start time for /Game/TopDownBP/Maps/UEDPIE_0_TopDownExampleMap 1.528
[2017.04.29-18.27.22:780][963]LogBlueprintUserMessages: Late PlayInEditor Detection: Level '/Game/TopDownBP/Maps/TopDownExampleMap.TopDownExampleMap:PersistentLevel' has LevelScriptBlueprint '/Game/TopDownBP/Maps/TopDownExampleMap.TopDownExampleMap:PersistentLevel.TopDownExampleMap' with GeneratedClass '/Game/TopDownBP/Maps/TopDownExampleMap.TopDownExampleMap_C' with ClassGeneratedBy '/Game/TopDownBP/Maps/TopDownExampleMap.TopDownExampleMap:PersistentLevel.TopDownExampleMap'
[2017.04.29-18.28.05:357][705]LogBlueprintUserMessages: Early EndPlayMap Detection: Level '/Game/TopDownBP/Maps/TopDownExampleMap.TopDownExampleMap:PersistentLevel' has LevelScriptBlueprint '/Game/TopDownBP/Maps/TopDownExampleMap.TopDownExampleMap:PersistentLevel.TopDownExampleMap' with GeneratedClass '/Game/TopDownBP/Maps/TopDownExampleMap.TopDownExampleMap_C' with ClassGeneratedBy '/Game/TopDownBP/Maps/TopDownExampleMap.TopDownExampleMap:PersistentLevel.TopDownExampleMap'
[2017.04.29-18.28.05:542][705]LogBlueprintUserMessages: Late EndPlayMap Detection: Level '/Game/TopDownBP/Maps/TopDownExampleMap.TopDownExampleMap:PersistentLevel' has LevelScriptBlueprint '/Game/TopDownBP/Maps/TopDownExampleMap.TopDownExampleMap:PersistentLevel.TopDownExampleMap' with GeneratedClass '/Game/TopDownBP/Maps/TopDownExampleMap.TopDownExampleMap_C' with ClassGeneratedBy '/Game/TopDownBP/Maps/TopDownExampleMap.TopDownExampleMap:PersistentLevel.TopDownExampleMap'
[2017.04.29-18.40.12:436][357]BlueprintLog: New page: Compile Diver_Blueprint
[2017.04.29-18.40.20:777][460]Cmd: OBJ SAVEPACKAGE PACKAGE="/Game/Diver_Blueprint" FILE="../../../../../../Users/billy_000/team4/CISC374_Team4/Lionfish/Content/Diver_Blueprint.uasset" SILENT=true
[2017.04.29-18.40.21:016][460]LogSavePackage: Save=212.30ms
[2017.04.29-18.40.21:016][460]LogSavePackage: Moving '../../../../../../Users/billy_000/team4/CISC374_Team4/Lionfish/Saved/Diver_Blueprint52DC753B4169C728004DEA8DA1684BB6.tmp' to '../../../../../../Users/billy_000/team4/CISC374_Team4/Lionfish/Content/Diver_Blueprint.uasset'
[2017.04.29-18.40.21:033][460]LogSavePackage:Display: Finished SavePackage ../../../../../../Users/billy_000/team4/CISC374_Team4/Lionfish/Content/Diver_Blueprint.uasset
[2017.04.29-18.40.32:623][787]LogTemp: Repeting last play command: Selected Viewport
[2017.04.29-18.40.32:721][787]LogBlueprintUserMessages: Early PlayInEditor Detection: Level '/Game/TopDownBP/Maps/TopDownExampleMap.TopDownExampleMap:PersistentLevel' has LevelScriptBlueprint '/Game/TopDownBP/Maps/TopDownExampleMap.TopDownExampleMap:PersistentLevel.TopDownExampleMap' with GeneratedClass '/Game/TopDownBP/Maps/TopDownExampleMap.TopDownExampleMap_C' with ClassGeneratedBy '/Game/TopDownBP/Maps/TopDownExampleMap.TopDownExampleMap:PersistentLevel.TopDownExampleMap'
[2017.04.29-18.40.32:721][787]LogPlayLevel: PlayLevel: No blueprints needed recompiling
[2017.04.29-18.40.32:722][787]PIE: New page: PIE session: TopDownExampleMap (Apr 29, 2017, 10:40:32 AM)
[2017.04.29-18.40.32:722][787]LogPlayLevel: Creating play world package: /Game/TopDownBP/Maps/UEDPIE_0_TopDownExampleMap
[2017.04.29-18.40.32:833][787]LogPlayLevel: PIE: StaticDuplicateObject took: (0.110745s)
[2017.04.29-18.40.32:835][787]LogAIModule: Creating AISystem for world TopDownExampleMap
[2017.04.29-18.40.32:836][787]LogPlayLevel: PIE: World Init took: (0.003120s)
[2017.04.29-18.40.32:837][787]LogPlayLevel: PIE: Created PIE world by copying editor world from /Game/TopDownBP/Maps/TopDownExampleMap.TopDownExampleMap to /Game/TopDownBP/Maps/UEDPIE_0_TopDownExampleMap.TopDownExampleMap (0.114978s)
[2017.04.29-18.40.32:923][787]LogInit: XAudio2 using 'Speaker/HP (Realtek High Definition Audio)' : 2 channels at 48 kHz using 32 bits per sample (channel mask 0x3)
[2017.04.29-18.40.32:967][787]LogInit: FAudioDevice initialized.
[2017.04.29-18.40.33:015][787]LogLoad: Game class is 'TopDownGameMode_C'
[2017.04.29-18.40.33:032][787]LogWorld: Bringing World /Game/TopDownBP/Maps/UEDPIE_0_TopDownExampleMap.TopDownExampleMap up for play (max tick rate 0) at 2017.04.29-14.40.33
[2017.04.29-18.40.33:034][787]LogWorld: Bringing up level for play took: 0.015231
[2017.04.29-18.40.33:044][787]PIE: Info Play in editor start time for /Game/TopDownBP/Maps/UEDPIE_0_TopDownExampleMap -0.207
[2017.04.29-18.40.33:045][787]LogBlueprintUserMessages: Late PlayInEditor Detection: Level '/Game/TopDownBP/Maps/TopDownExampleMap.TopDownExampleMap:PersistentLevel' has LevelScriptBlueprint '/Game/TopDownBP/Maps/TopDownExampleMap.TopDownExampleMap:PersistentLevel.TopDownExampleMap' with GeneratedClass '/Game/TopDownBP/Maps/TopDownExampleMap.TopDownExampleMap_C' with ClassGeneratedBy '/Game/TopDownBP/Maps/TopDownExampleMap.TopDownExampleMap:PersistentLevel.TopDownExampleMap'
[2017.04.29-18.41.06:539][375]LogBlueprintUserMessages: Early EndPlayMap Detection: Level '/Game/TopDownBP/Maps/TopDownExampleMap.TopDownExampleMap:PersistentLevel' has LevelScriptBlueprint '/Game/TopDownBP/Maps/TopDownExampleMap.TopDownExampleMap:PersistentLevel.TopDownExampleMap' with GeneratedClass '/Game/TopDownBP/Maps/TopDownExampleMap.TopDownExampleMap_C' with ClassGeneratedBy '/Game/TopDownBP/Maps/TopDownExampleMap.TopDownExampleMap:PersistentLevel.TopDownExampleMap'
[2017.04.29-18.41.06:923][375]LogBlueprintUserMessages: Late EndPlayMap Detection: Level '/Game/TopDownBP/Maps/TopDownExampleMap.TopDownExampleMap:PersistentLevel' has LevelScriptBlueprint '/Game/TopDownBP/Maps/TopDownExampleMap.TopDownExampleMap:PersistentLevel.TopDownExampleMap' with GeneratedClass '/Game/TopDownBP/Maps/TopDownExampleMap.TopDownExampleMap_C' with ClassGeneratedBy '/Game/TopDownBP/Maps/TopDownExampleMap.TopDownExampleMap:PersistentLevel.TopDownExampleMap'
[2017.04.29-18.41.09:889][376]LogSavePackage: Save=1278.09ms
[2017.04.29-18.41.09:889][376]LogSavePackage: Moving '../../../../../../Users/billy_000/team4/CISC374_Team4/Lionfish/Saved/TopDownExampleMap69E4A1D94B93C40EDF2ABBB0EBBF54AD.tmp' to '../../../../../../Users/billy_000/team4/CISC374_Team4/Lionfish/Content/TopDownBP/Maps/TopDownExampleMap.umap'
[2017.04.29-18.41.09:936][376]LogSavePackage:Display: Finished SavePackage ../../../../../../Users/billy_000/team4/CISC374_Team4/Lionfish/Content/TopDownBP/Maps/TopDownExampleMap.umap
[2017.04.29-18.41.15:171][376]LogSavePackage: Save=4039.90ms
[2017.04.29-18.41.15:171][376]LogSavePackage: Moving '../../../../../../Users/billy_000/team4/CISC374_Team4/Lionfish/Saved/TopDownExampleMap_BuiltDataBFE9048945E63D36F0097485A094736D.tmp' to '../../../../../../Users/billy_000/team4/CISC374_Team4/Lionfish/Content/TopDownBP/Maps/TopDownExampleMap_BuiltData.uasset'
[2017.04.29-18.41.15:188][376]LogSavePackage:Display: Finished SavePackage ../../../../../../Users/billy_000/team4/CISC374_Team4/Lionfish/Content/TopDownBP/Maps/TopDownExampleMap_BuiltData.uasset
[2017.04.29-18.41.19:860][435]Cmd: OBJ SAVEPACKAGE PACKAGE="/Game/TopDownBP/Character/Lionfish" FILE="../../../../../../Users/billy_000/team4/CISC374_Team4/Lionfish/Content/TopDownBP/Character/Lionfish.uasset" SILENT=true
[2017.04.29-18.41.20:032][435]LogSavePackage: Save=145.46ms
[2017.04.29-18.41.20:032][435]LogSavePackage: Moving '../../../../../../Users/billy_000/team4/CISC374_Team4/Lionfish/Saved/Lionfish45C5BCA241C57E78DABD4D8CE0AC7F6E.tmp' to '../../../../../../Users/billy_000/team4/CISC374_Team4/Lionfish/Content/TopDownBP/Character/Lionfish.uasset'
[2017.04.29-18.41.20:045][435]LogSavePackage:Display: Finished SavePackage ../../../../../../Users/billy_000/team4/CISC374_Team4/Lionfish/Content/TopDownBP/Character/Lionfish.uasset
[2017.04.29-18.41.20:237][435]LogSavePackage: Save=155.81ms
[2017.04.29-18.41.20:237][435]LogSavePackage: Moving '../../../../../../Users/billy_000/team4/CISC374_Team4/Lionfish/Saved/In_Game_MenuF565A0F04F6FB8E4393258870E42C388.tmp' to '../../../../../../Users/billy_000/team4/CISC374_Team4/Lionfish/Content/User_Interface/Game_Menu/In_Game_Menu.uasset'
[2017.04.29-18.41.20:255][435]LogSavePackage:Display: Finished SavePackage ../../../../../../Users/billy_000/team4/CISC374_Team4/Lionfish/Content/User_Interface/Game_Menu/In_Game_Menu.uasset
[2017.04.29-18.41.20:359][435]LogSavePackage: Save=73.24ms
[2017.04.29-18.41.20:359][435]LogSavePackage: Moving '../../../../../../Users/billy_000/team4/CISC374_Team4/Lionfish/Saved/M_Burst6EF5628441E4E01EE69CCC8A3EC55FF2.tmp' to '../../../../../../Users/billy_000/team4/CISC374_Team4/Lionfish/Content/StarterContent/Particles/Materials/M_Burst.uasset'
[2017.04.29-18.41.20:385][435]LogSavePackage:Display: Finished SavePackage ../../../../../../Users/billy_000/team4/CISC374_Team4/Lionfish/Content/StarterContent/Particles/Materials/M_Burst.uasset
[2017.04.29-18.41.20:530][435]LogSavePackage: Save=79.31ms
[2017.04.29-18.41.20:530][435]LogSavePackage: Moving '../../../../../../Users/billy_000/team4/CISC374_Team4/Lionfish/Saved/M_Metal_Copper945009694D7A49798A90BD8C2CB0166E.tmp' to '../../../../../../Users/billy_000/team4/CISC374_Team4/Lionfish/Content/StarterContent/Materials/M_Metal_Copper.uasset'
[2017.04.29-18.41.20:562][435]LogSavePackage:Display: Finished SavePackage ../../../../../../Users/billy_000/team4/CISC374_Team4/Lionfish/Content/StarterContent/Materials/M_Metal_Copper.uasset
