Log file open, 04/28/17 11:15:19
LogInit:Display: Running engine for game: Lionfish
LogPlatformFile: Not using cached read wrapper
LogInit:Display: RandInit(978348410) SRandInit(978348410).
LogTaskGraph: Started task graph with 5 named threads and 8 total threads with 1 sets of task threads.
LogStats: Stats thread started at 0.084466
LogInit: Using libcurl 7.47.1
LogInit:  - built for x86_64-pc-win32
LogInit:  - supports SSL with OpenSSL/1.0.2g
LogInit:  - supports HTTP deflate (compression) using libz 1.2.8
LogInit:  - other features:
LogInit:      CURL_VERSION_SSL
LogInit:      CURL_VERSION_LIBZ
LogInit:      CURL_VERSION_IPV6
LogInit:      CURL_VERSION_ASYNCHDNS
LogInit:      CURL_VERSION_LARGEFILE
LogInit:      CURL_VERSION_IDN
LogInit:  CurlRequestOptions (configurable via config and command line):
LogInit:  - bVerifyPeer = false  - Libcurl will NOT verify peer certificate
LogInit:  - bUseHttpProxy = false  - Libcurl will NOT use HTTP proxy
LogInit:  - bDontReuseConnections = false  - Libcurl will reuse connections
LogInit:  - CertBundlePath = nullptr  - Libcurl will use whatever was configured at build time.
LogInit: Build: ++UE4+Release-4.15-CL-3348071
LogInit: Engine Version: 4.15.1-3348071+++UE4+Release-4.15
LogInit: Compatible Engine Version: 4.15.0-3299760+++UE4+Release-4.15
LogInit: Net CL: 3299760
LogDevObjectVersion: Number of dev versions registered: 14
LogDevObjectVersion:   Dev-Blueprints (B0D832E4-1F89-4F0D-ACCF-7EB736FD4AA2): 8
LogDevObjectVersion:   Dev-Build (E1C64328-A22C-4D53-A36C-8E866417BD8C): 0
LogDevObjectVersion:   Dev-Core (375EC13C-06E4-48FB-B500-84F0262A717E): 2
LogDevObjectVersion:   Dev-Editor (E4B068ED-F494-42E9-A231-DA0B2E46BB41): 14
LogDevObjectVersion:   Dev-Framework (CFFC743F-43B0-4480-9391-14DF171D2073): 22
LogDevObjectVersion:   Dev-Mobile (B02B49B5-BB20-44E9-A304-32B752E40360): 0
LogDevObjectVersion:   Dev-Networking (A4E4105C-59A1-49B5-A7C5-40C4547EDFEE): 0
LogDevObjectVersion:   Dev-Online (39C831C9-5AE6-47DC-9A44-9C173E1C8E7C): 0
LogDevObjectVersion:   Dev-Physics (78F01B33-EBEA-4F98-B9B4-84EACCB95AA2): 0
LogDevObjectVersion:   Dev-Platform (6631380F-2D4D-43E0-8009-CF276956A95A): 0
LogDevObjectVersion:   Dev-Rendering (12F88B9F-8875-4AFC-A67C-D90C383ABD29): 12
LogDevObjectVersion:   Dev-Sequencer (7B5AE74C-D270-4C10-A958-57980B212A5A): 3
LogDevObjectVersion:   Dev-VR (D7296918-1DD6-4BDD-9DE2-64A83CC13884): 0
LogDevObjectVersion:   Dev-LoadTimes (C2A15278-BFE7-4AFE-6C17-90FF531DF755): 1
LogInit: Compiled (64-bit): Mar 15 2017 16:52:47
LogInit: Compiled with Visual C++: 19.00.23026.00
LogInit: Build Configuration: Development
LogInit: Branch Name: ++UE4+Release-4.15
LogInit: Command line: -EpicPortal 
LogInit: Base directory: C:/Program Files/Epic Games/UE_4.15/Engine/Binaries/Win64/
LogInit: Installed Engine Build: 1
LogInit: Presizing for max 8388607 objects, including 0 objects not considered by GC, pre-allocating 0 bytes for permanent pool.
LogInit: Object subsystem initialized
[2017.04.28-15.15.20:696][  0]LogInit: Selected Device Profile: [Windows]
[2017.04.28-15.15.20:696][  0]LogInit: Applying CVar settings loaded from the selected device profile: [Windows]
[2017.04.28-15.15.20:703][  0]LogInit: Computer: TOMLAPTOP-PC
[2017.04.28-15.15.20:703][  0]LogInit: User: Tom
[2017.04.28-15.15.20:703][  0]LogInit: CPU Page size=65536, Cores=4
[2017.04.28-15.15.20:703][  0]LogInit: High frequency timer resolution =2.531250 MHz
[2017.04.28-15.15.20:703][  0]LogMemory: Memory total: Physical=15.9GB (16GB approx)
[2017.04.28-15.15.20:703][  0]LogMemory: Platform Memory Stats for Windows
[2017.04.28-15.15.20:703][  0]LogMemory: Process Physical Memory: 264.02 MB used, 264.02 MB peak
[2017.04.28-15.15.20:703][  0]LogMemory: Process Virtual Memory: 262.89 MB used, 262.89 MB peak
[2017.04.28-15.15.20:703][  0]LogMemory: Physical Memory: 5028.48 MB used,  11219.27 MB free, 16247.75 MB total
[2017.04.28-15.15.20:703][  0]LogMemory: Virtual Memory: 645.11 MB used,  11219.27 MB free, 134217728.00 MB total
[2017.04.28-15.15.20:792][  0]LogTextLocalizationManager: No specific translations for ('en-US') exist, so ('en') translations will be used.
[2017.04.28-15.15.21:419][  0]LogD3D11RHI: D3D11 adapters:
[2017.04.28-15.15.22:008][  0]LogD3D11RHI:    0. 'NVIDIA GeForce GTX 970M' (Feature Level 11_0)
[2017.04.28-15.15.22:008][  0]LogD3D11RHI:       6108/0/8123 MB DedicatedVideo/DedicatedSystem/SharedSystem, Outputs:1, VendorId:0x10de
[2017.04.28-15.15.22:017][  0]LogD3D11RHI:    1. 'Intel(R) HD Graphics 530' (Feature Level 11_0)
[2017.04.28-15.15.22:017][  0]LogD3D11RHI:       128/0/8123 MB DedicatedVideo/DedicatedSystem/SharedSystem, Outputs:0, VendorId:0x8086
[2017.04.28-15.15.22:018][  0]LogD3D11RHI:    2. 'Microsoft Basic Render Driver' (Feature Level 11_0)
[2017.04.28-15.15.22:018][  0]LogD3D11RHI:       0/0/8123 MB DedicatedVideo/DedicatedSystem/SharedSystem, Outputs:0, VendorId:0x1414
[2017.04.28-15.15.22:018][  0]LogD3D11RHI: Chosen D3D11 Adapter: 0
[2017.04.28-15.15.22:024][  0]LogD3D11RHI: Creating new Direct3DDevice
[2017.04.28-15.15.22:024][  0]LogD3D11RHI:     GPU DeviceId: 0x13d8 (for the marketing name, search the web for "GPU Device Id")
[2017.04.28-15.15.22:024][  0]LogWindows: EnumDisplayDevices:
[2017.04.28-15.15.22:024][  0]LogWindows:    0. 'Intel(R) HD Graphics 530' (P:1 D:1)
[2017.04.28-15.15.22:024][  0]LogWindows:    1. 'Intel(R) HD Graphics 530' (P:0 D:0)
[2017.04.28-15.15.22:024][  0]LogWindows:    2. 'Intel(R) HD Graphics 530' (P:0 D:0)
[2017.04.28-15.15.22:024][  0]LogWindows: DebugString: PrimaryIsNotTheChoosenAdapter PrimaryIsNotTheChoosenAdapter PrimaryIsNotTheChoosenAdapter FoundDriverCount:0 
[2017.04.28-15.15.22:024][  0]LogD3D11RHI:     Adapter Name: NVIDIA GeForce GTX 970M
[2017.04.28-15.15.22:024][  0]LogD3D11RHI:   Driver Version: Unknown (internal:Unknown, unified:Unknown)
[2017.04.28-15.15.22:024][  0]LogD3D11RHI:      Driver Date: Unknown
[2017.04.28-15.15.22:024][  0]LogRHI: Texture pool is 1361 MB (70% of 1945 MB)
[2017.04.28-15.15.22:567][  0]LogD3D11RHI: Async texture creation enabled
[2017.04.28-15.15.22:611][  0]LogD3D11RHI: GPU Timing Frequency: 1000.000000 (Debug: 2 2)
[2017.04.28-15.15.22:612][  0]LogShaderCompilers: Guid format shader working directory is 13 characters bigger than the processId version (D:/Repo/CISC374_Team4/Lionfish/Intermediate/Shaders/WorkingDirectory/17836/).
[2017.04.28-15.15.22:612][  0]LogShaderCompilers: Cleaned the shader compiler working directory 'C:/Users/Tom/AppData/Local/Temp/UnrealShaderWorkingDir/01D5B27840550156AFC588A6F44BAC7D/'.
[2017.04.28-15.15.22:612][  0]LogShaderCompilers:Display: Using Local Shader Compiler.
[2017.04.28-15.15.23:653][  0]LogTemp:Display: Loaded TP AllDesktopTargetPlatform
[2017.04.28-15.15.23:708][  0]LogTemp:Display: Loaded TP MacClientTargetPlatform
[2017.04.28-15.15.23:766][  0]LogTemp:Display: Loaded TP MacNoEditorTargetPlatform
[2017.04.28-15.15.23:823][  0]LogTemp:Display: Loaded TP MacServerTargetPlatform
[2017.04.28-15.15.23:880][  0]LogTemp:Display: Loaded TP MacTargetPlatform
[2017.04.28-15.15.23:934][  0]LogTemp:Display: Loaded TP WindowsClientTargetPlatform
[2017.04.28-15.15.23:989][  0]LogTemp:Display: Loaded TP WindowsNoEditorTargetPlatform
[2017.04.28-15.15.24:045][  0]LogTemp:Display: Loaded TP WindowsServerTargetPlatform
[2017.04.28-15.15.24:089][  0]LogTemp:Display: Loaded TP WindowsTargetPlatform
[2017.04.28-15.15.24:143][  0]LogTemp:Display: Loaded TP AndroidTargetPlatform
[2017.04.28-15.15.24:197][  0]LogTemp:Display: Loaded TP Android_ASTCTargetPlatform
[2017.04.28-15.15.24:251][  0]LogTemp:Display: Loaded TP Android_ATCTargetPlatform
[2017.04.28-15.15.24:304][  0]LogTemp:Display: Loaded TP Android_DXTTargetPlatform
[2017.04.28-15.15.24:359][  0]LogTemp:Display: Loaded TP Android_ETC1TargetPlatform
[2017.04.28-15.15.24:412][  0]LogTemp:Display: Loaded TP Android_ETC2TargetPlatform
[2017.04.28-15.15.24:519][  0]LogTemp:Display: Loaded TP Android_MultiTargetPlatform
[2017.04.28-15.15.24:519][  0]LogTemp:Display: Loaded TP Android_PVRTCTargetPlatform
[2017.04.28-15.15.24:558][  0]LogTemp:Display: Loaded TP HTML5TargetPlatform
[2017.04.28-15.15.24:656][  0]LogTemp:Display: Loaded TP IOSTargetPlatform
[2017.04.28-15.15.24:691][  0]LogTemp:Display: Loaded TP TVOSTargetPlatform
[2017.04.28-15.15.24:743][  0]LogTemp:Display: Loaded TP LinuxClientTargetPlatform
[2017.04.28-15.15.24:797][  0]LogTemp:Display: Loaded TP LinuxNoEditorTargetPlatform
[2017.04.28-15.15.24:850][  0]LogTemp:Display: Loaded TP LinuxServerTargetPlatform
[2017.04.28-15.15.24:903][  0]LogTemp:Display: Loaded TP LinuxTargetPlatform
[2017.04.28-15.15.24:903][  0]LogTargetPlatformManager:Display: Building Assets For Windows
[2017.04.28-15.15.25:363][  0]LogDerivedDataCache:Display: Max Cache Size: 512 MB
[2017.04.28-15.15.25:413][  0]LogDerivedDataCache: Loaded boot cache 0.05s 50MB C:/Users/Tom/AppData/Local/UnrealEngine/4.15/DerivedDataCache/Boot.ddc.
[2017.04.28-15.15.25:413][  0]LogDerivedDataCache:Display: Loaded Boot cache: C:/Users/Tom/AppData/Local/UnrealEngine/4.15/DerivedDataCache/Boot.ddc
[2017.04.28-15.15.25:413][  0]LogDerivedDataCache: FDerivedDataBackendGraph:  Pak pak cache file D:/Repo/CISC374_Team4/Lionfish/DerivedDataCache/DDC.ddp not found, will not use a pak cache.
[2017.04.28-15.15.25:413][  0]LogDerivedDataCache: Unable to find inner node Pak for hierarchical cache Hierarchy.
[2017.04.28-15.15.25:413][  0]LogDerivedDataCache: FDerivedDataBackendGraph:  CompressedPak pak cache file D:/Repo/CISC374_Team4/Lionfish/DerivedDataCache/Compressed.ddp not found, will not use a pak cache.
[2017.04.28-15.15.25:413][  0]LogDerivedDataCache: Unable to find inner node CompressedPak for hierarchical cache Hierarchy.
[2017.04.28-15.15.25:432][  0]LogDerivedDataCache:Display: Pak cache opened for reading ../../../Engine/DerivedDataCache/Compressed.ddp.
[2017.04.28-15.15.25:445][  0]LogDerivedDataCache: Using Local data cache path C:/Users/Tom/AppData/Local/UnrealEngine/Common/DerivedDataCache: Writable
[2017.04.28-15.15.25:454][  0]LogSlate: Using Freetype 2.6.0
[2017.04.28-15.15.25:455][  0]LogSlate: SlateFontCache - WITH_FREETYPE: 1, WITH_HARFBUZZ: 1
[2017.04.28-15.15.25:455][  0]LogSlate: SlateFontCache - WITH_FREETYPE: 1, WITH_HARFBUZZ: 1
[2017.04.28-15.15.25:749][  0]LogInit: Selected Device Profile: [Windows]
[2017.04.28-15.15.25:751][  0]LogContentStreaming: Texture pool size is 0.00 MB
[2017.04.28-15.15.25:962][  0]LogMeshUtilities: Using QuadricMeshReduction for automatic static mesh reduction
[2017.04.28-15.15.26:012][  0]LogSimplygon: Simplygon DLL not present - disabling.
[2017.04.28-15.15.26:062][  0]LogMeshUtilities: Using SimplygonSwarm for distributed automatic mesh merging
[2017.04.28-15.15.26:062][  0]LogMeshUtilities: No automatic skeletal mesh reduction module available
[2017.04.28-15.15.26:062][  0]LogMeshUtilities: No automatic mesh merging module available
[2017.04.28-15.15.26:617][  0]LogNetVersion: GetLocalNetworkVersion: CL: 3299760, ProjectName: lionfish, ProjectVersion: , EngineNetworkVersion: 2, GameNetworkVersion: 0, NetworkChecksum: 3667421609
[2017.04.28-15.15.26:666][  0]LogAssetRegistry: FAssetRegistry took 0.0220 seconds to start up
[2017.04.28-15.15.26:708][  0]LogPackageLocalizationCache: Processed 3 localized package path(s) for 2 prioritized culture(s) in 0.015599 seconds
[2017.04.28-15.15.26:712][  0]LogUObjectArray: 32493 objects as part of root set at end of initial load.
[2017.04.28-15.15.26:712][  0]LogUObjectAllocator: 7077024 out of 0 bytes used by permanent object pool.
[2017.04.28-15.15.26:712][  0]LogUObjectArray: CloseDisregardForGC: 0/0 objects in disregard for GC pool
[2017.04.28-15.15.26:778][  0]LogInit: WinSock: version 1.1 (2.2), MaxSocks=32767, MaxUdp=65467
[2017.04.28-15.15.28:376][  0]LogTcpMessaging: Initializing TcpMessaging bridge
[2017.04.28-15.15.28:417][  0]LogUdpMessaging: Initializing bridge on interface 0.0.0.0:0 to multicast group 230.0.0.1:6666.
[2017.04.28-15.15.28:874][  0]LogMaterial: Uniform references updated for custom material expression Custom.
[2017.04.28-15.15.29:249][  0]SourceControl: Info Source control is disabled
[2017.04.28-15.15.31:281][  0]LogEngine: Initializing Engine...
[2017.04.28-15.15.31:281][  0]LogHMD: Failed to initialize OpenVR with code 110
[2017.04.28-15.15.31:511][  0]LogAIModule: Creating AISystem for world Untitled
[2017.04.28-15.15.31:522][  0]LogInit: XAudio2 using 'Speakers (Realtek High Definition Audio)' : 2 channels at 48 kHz using 32 bits per sample (channel mask 0x3)
[2017.04.28-15.15.31:588][  0]LogInit: FAudioDevice initialized.
[2017.04.28-15.15.31:612][  0]LogDerivedDataCache: Saved boot cache 0.02s 50MB C:/Users/Tom/AppData/Local/UnrealEngine/4.15/DerivedDataCache/Boot.ddc.
[2017.04.28-15.15.31:618][  0]LogInit: Texture streaming: Enabled
[2017.04.28-15.15.31:718][  0]LogEngineSessionManager: EngineSessionManager initialized
[2017.04.28-15.15.31:806][  0]LogInit: Transaction tracking system initialized
[2017.04.28-15.15.32:159][  0]BlueprintLog: New page: Editor Load
[2017.04.28-15.15.33:052][  0]LocalizationService: Info Localization service is disabled
[2017.04.28-15.15.33:732][  0]LogConsoleResponse:Display: 
[2017.04.28-15.15.33:875][  0]LogCook:Display: Max memory allowance for cook 16384mb min free memory 0mb
[2017.04.28-15.15.33:875][  0]LogCook:Display: Mobile HDR setting 1
[2017.04.28-15.15.34:059][  0]LogFileCache: Scanning file cache for directory 'D:/Repo/CISC374_Team4/Lionfish/Content/' took 0.01s
[2017.04.28-15.15.35:185][  0]Cmd: MAP LOAD FILE="D:/Repo/CISC374_Team4/Lionfish/Content/TopDownBP/Maps/TopDownExampleMap.umap" TEMPLATE=0 SHOWPROGRESS=1 FEATURELEVEL=3
[2017.04.28-15.15.35:185][  0]LightingResults: New page: Lighting Build
[2017.04.28-15.15.35:224][  0]MapCheck: New page: Map Check
[2017.04.28-15.15.35:224][  0]LightingResults: New page: Lighting Build
[2017.04.28-15.15.35:630][  0]LogLinker:Warning: Asset 'D:/Repo/CISC374_Team4/Lionfish/Content/Meshes/Water_04/Water/Textures/water.uasset' has been saved with empty engine version. The asset will be loaded but may be incompatible.
[2017.04.28-15.15.35:923][  0]LogAIModule: Creating AISystem for world TopDownExampleMap
[2017.04.28-15.15.35:951][  0]LogEditorServer: Finished looking for orphan Actors (0.000 secs)
[2017.04.28-15.15.35:952][  0]Cmd: MAP CHECKDEP NOCLEARLOG
[2017.04.28-15.15.35:994][  0]MapCheck: Info Map check complete: 0 Error(s), 0 Warning(s), took 41.861ms to complete.
[2017.04.28-15.15.35:994][  0]LogFileHelpers: Loading map 'TopDownExampleMap' took 0.809
[2017.04.28-15.15.36:288][  0]LogCollectionManager: Loaded 0 collections in 0.099096 seconds
[2017.04.28-15.15.36:366][  0]LogFileCache: Scanning file cache for directory 'D:/Repo/CISC374_Team4/Lionfish/Saved/Collections/' took 0.01s
[2017.04.28-15.15.36:366][  0]LogFileCache: Scanning file cache for directory 'D:/Repo/CISC374_Team4/Lionfish/Content/Developers/Tom/Collections/' took 0.01s
[2017.04.28-15.15.36:366][  0]LogFileCache: Scanning file cache for directory 'D:/Repo/CISC374_Team4/Lionfish/Content/Collections/' took 0.01s
[2017.04.28-15.15.36:366][  0]LogCollectionManager: Rebuilt the GUID cache for 0 collections in 0.000001 seconds
[2017.04.28-15.15.36:374][  0]LogContentBrowser: Native class hierarchy populated in 0.0084 seconds. Added 2245 classes and 453 folders.
[2017.04.28-15.15.36:377][  0]LogStats: UGameplayTagsManager::ConstructGameplayTagTree: Construct from data asset -  0.000 s
[2017.04.28-15.15.36:377][  0]LogStats: UGameplayTagsManager::ConstructGameplayTagTree: GameplayTagTreeChangedEvent.Broadcast -  0.000 s
[2017.04.28-15.15.36:437][  0]LogContentBrowser: Native class hierarchy updated for 'WidgetCarousel' in 0.0004 seconds. Added 0 classes and 0 folders.
[2017.04.28-15.15.36:477][  0]LogContentBrowser: Native class hierarchy updated for 'AddContentDialog' in 0.0004 seconds. Added 0 classes and 0 folders.
[2017.04.28-15.15.36:519][  0]LogContentBrowser: Native class hierarchy updated for 'SceneOutliner' in 0.0004 seconds. Added 1 classes and 2 folders.
[2017.04.28-15.15.36:568][  0]LogCrashTracker: Crashtracker disabled due to settings.
[2017.04.28-15.15.36:577][  0]LogUObjectGlobals:Warning: Failed to find object 'Class None.'
[2017.04.28-15.15.36:645][  0]LogContentBrowser: Native class hierarchy updated for 'HierarchicalLODOutliner' in 0.0007 seconds. Added 1 classes and 2 folders.
[2017.04.28-15.15.36:645][  0]LogLoad: (Engine Initialization) Total time: 17.97 seconds
[2017.04.28-15.15.36:645][  0]LogLoad: (Engine Initialization) Total Blueprint compile time: 0.25 seconds
[2017.04.28-15.15.36:645][  0]LogExternalProfiler: Found external profiler: VSPerf
[2017.04.28-15.15.36:645][  0]LogExternalProfiler: Using external profiler: VSPerf
[2017.04.28-15.15.36:985][  0]LogOcInput: OculusInput pre-init called
[2017.04.28-15.15.37:018][  0]SourceControl: Info On branch master
[2017.04.28-15.15.37:018][  0]SourceControl: Info Your branch is up-to-date with 'origin/master'.
[2017.04.28-15.15.37:018][  0]SourceControl: Info Changes not staged for commit:
[2017.04.28-15.15.37:018][  0]SourceControl: Info   (use "git add/rm <file>..." to update what will be committed)
[2017.04.28-15.15.37:018][  0]SourceControl: Info   (use "git checkout -- <file>..." to discard changes in working directory)
[2017.04.28-15.15.37:018][  0]SourceControl: Info 	modified:   Lionfish/Content/TopDownBP/Blueprints/HUD.uasset
[2017.04.28-15.15.37:018][  0]SourceControl: Info 	modified:   Lionfish/Content/TopDownBP/Character/Lionfish.uasset
[2017.04.28-15.15.37:018][  0]SourceControl: Info 	modified:   Lionfish/Content/TopDownBP/Maps/TopDownExampleMap.umap
[2017.04.28-15.15.37:018][  0]SourceControl: Info 	modified:   Lionfish/Intermediate/CachedAssetRegistry.bin
[2017.04.28-15.15.37:018][  0]SourceControl: Info 	modified:   Lionfish/Saved/AutoScreenshot.png
[2017.04.28-15.15.37:018][  0]SourceControl: Info 	deleted:    Lionfish/Saved/Backup/TopDownExampleMap_2017-04-27-19-30-42.umap
[2017.04.28-15.15.37:018][  0]SourceControl: Info 	modified:   Lionfish/Saved/Config/Windows/EditorPerProjectUserSettings.ini
[2017.04.28-15.15.37:018][  0]SourceControl: Info 	modified:   Lionfish/Saved/Config/Windows/Engine.ini
[2017.04.28-15.15.37:018][  0]SourceControl: Info 	deleted:    Lionfish/Saved/Logs/Lionfish-backup-2017.04.27-16.19.08.log
[2017.04.28-15.15.37:018][  0]SourceControl: Info 	modified:   Lionfish/Saved/Logs/Lionfish.log
[2017.04.28-15.15.37:018][  0]SourceControl: Info 	deleted:    Lionfish/Saved/Logs/Lionfish_2-backup-2017.04.25-16.18.13.log
[2017.04.28-15.15.37:018][  0]SourceControl: Info Untracked files:
[2017.04.28-15.15.37:018][  0]SourceControl: Info   (use "git add <file>..." to include in what will be committed)
[2017.04.28-15.15.37:018][  0]SourceControl: Info 	Lionfish/Saved/Backup/HUD_2017-04-27-23-31-47.uasset
[2017.04.28-15.15.37:018][  0]SourceControl: Info 	Lionfish/Saved/Backup/Lionfish_2017-04-27-23-27-10.uasset
[2017.04.28-15.15.37:018][  0]SourceControl: Info 	Lionfish/Saved/Backup/TopDownExampleMap_2017-04-27-23-32-12.umap
[2017.04.28-15.15.37:018][  0]SourceControl: Info 	Lionfish/Saved/Logs/Lionfish-backup-2017.04.27-23.24.18.log
[2017.04.28-15.15.37:018][  0]SourceControl: Info 	Lionfish/Saved/Logs/Lionfish-backup-2017.04.28-11.15.19.log
[2017.04.28-15.15.37:018][  0]SourceControl: Info 	Lionfish/Saved/Logs/UE4CC-Windows-03B15D9D4A12DC1AEBF4D09ACB9D3A29/
[2017.04.28-15.15.37:018][  0]SourceControl: Info 	Lionfish/Saved/Logs/UE4CC-Windows-1A749385459102E403C9BFAF98AD29E2/
[2017.04.28-15.15.37:018][  0]SourceControl: Info no changes added to commit (use "git add" and/or "git commit -a")
[2017.04.28-15.15.37:019][  0]LogContentStreaming: Texture pool size now 1000 MB
[2017.04.28-15.15.37:020][  0]LogSlate: Took 0.000206 seconds to synchronously load lazily loaded font '../../../Engine/Content/Slate/Fonts/Roboto-Regular.ttf' (155K)
[2017.04.28-15.15.37:024][  0]LogSlate: Took 0.000292 seconds to synchronously load lazily loaded font '../../../Engine/Content/Slate/Fonts/Roboto-Bold.ttf' (160K)
[2017.04.28-15.15.37:029][  0]LogSlate: Took 0.000187 seconds to synchronously load lazily loaded font '../../../Engine/Content/Editor/Slate/Fonts/FontAwesome.ttf' (139K)
[2017.04.28-15.15.37:153][  0]LogSlate: Took 0.000136 seconds to synchronously load lazily loaded font '../../../Engine/Content/Slate/Fonts/Roboto-Light.ttf' (159K)
[2017.04.28-15.15.37:200][  0]LogRenderer: Reallocating scene render targets to support 964x436 NumSamples 1 (Frame:2).
[2017.04.28-15.15.37:318][  1]LogFileCache: Retrieving MD5 hashes for directory 'D:/Repo/CISC374_Team4/Lionfish/Content/' took 0.32s
[2017.04.28-15.15.37:333][  1]LogAssetRegistry: Asset discovery search completed in 10.6895 seconds
[2017.04.28-15.15.37:333][  1]LogCollectionManager: Rebuilt the object cache for 0 collections in 0.000006 seconds (found 0 objects)
[2017.04.28-15.15.37:333][  1]LogCollectionManager: Fixed up redirectors for 0 collections in 0.000032 seconds (updated 0 objects)
[2017.04.28-15.15.44:729][311]LogTemp: Repeting last play command: Selected Viewport
[2017.04.28-15.15.44:739][311]LogBlueprintUserMessages: Early PlayInEditor Detection: Level '/Game/TopDownBP/Maps/TopDownExampleMap.TopDownExampleMap:PersistentLevel' has LevelScriptBlueprint '/Game/TopDownBP/Maps/TopDownExampleMap.TopDownExampleMap:PersistentLevel.TopDownExampleMap' with GeneratedClass '/Game/TopDownBP/Maps/TopDownExampleMap.TopDownExampleMap_C' with ClassGeneratedBy '/Game/TopDownBP/Maps/TopDownExampleMap.TopDownExampleMap:PersistentLevel.TopDownExampleMap'
[2017.04.28-15.15.44:739][311]LogPlayLevel: PlayLevel: No blueprints needed recompiling
[2017.04.28-15.15.44:739][311]PIE: New page: PIE session: TopDownExampleMap (Apr 28, 2017, 7:15:44 AM)
[2017.04.28-15.15.44:739][311]LogPlayLevel: Creating play world package: /Game/TopDownBP/Maps/UEDPIE_0_TopDownExampleMap
[2017.04.28-15.15.44:769][311]LogPlayLevel: PIE: StaticDuplicateObject took: (0.029462s)
[2017.04.28-15.15.44:770][311]LogAIModule: Creating AISystem for world TopDownExampleMap
[2017.04.28-15.15.44:770][311]LogPlayLevel: PIE: World Init took: (0.001162s)
[2017.04.28-15.15.44:770][311]LogPlayLevel: PIE: Created PIE world by copying editor world from /Game/TopDownBP/Maps/TopDownExampleMap.TopDownExampleMap to /Game/TopDownBP/Maps/UEDPIE_0_TopDownExampleMap.TopDownExampleMap (0.030926s)
[2017.04.28-15.15.44:790][311]LogInit: XAudio2 using 'Speakers (Realtek High Definition Audio)' : 2 channels at 48 kHz using 32 bits per sample (channel mask 0x3)
[2017.04.28-15.15.44:798][311]LogInit: FAudioDevice initialized.
[2017.04.28-15.15.44:847][311]LogLoad: Game class is 'TopDownGameMode_C'
[2017.04.28-15.15.44:852][311]LogWorld: Bringing World /Game/TopDownBP/Maps/UEDPIE_0_TopDownExampleMap.TopDownExampleMap up for play (max tick rate 60) at 2017.04.28-11.15.44
[2017.04.28-15.15.44:853][311]LogWorld: Bringing up level for play took: 0.003381
[2017.04.28-15.15.44:894][311]LogContentBrowser: Native class hierarchy updated for 'MovieSceneCapture' in 0.0005 seconds. Added 11 classes and 0 folders.
[2017.04.28-15.15.44:895][311]PIE: Info Play in editor start time for /Game/TopDownBP/Maps/UEDPIE_0_TopDownExampleMap 1.044
[2017.04.28-15.15.44:896][311]LogBlueprintUserMessages: Late PlayInEditor Detection: Level '/Game/TopDownBP/Maps/TopDownExampleMap.TopDownExampleMap:PersistentLevel' has LevelScriptBlueprint '/Game/TopDownBP/Maps/TopDownExampleMap.TopDownExampleMap:PersistentLevel.TopDownExampleMap' with GeneratedClass '/Game/TopDownBP/Maps/TopDownExampleMap.TopDownExampleMap_C' with ClassGeneratedBy '/Game/TopDownBP/Maps/TopDownExampleMap.TopDownExampleMap:PersistentLevel.TopDownExampleMap'
[2017.04.28-15.15.44:935][311]LogScript:Warning: Accessed None trying to read property Lionfish
	HUD_C /Engine/Transient.UnrealEdEngine_0:GameInstance_0.HUD_C_0
	Function /Game/TopDownBP/Blueprints/HUD.HUD_C:Get_TextBlock_2_Text_0:003D
[2017.04.28-15.15.44:958][312]LogScript:Warning: Accessed None trying to read property Lionfish
	HUD_C /Engine/Transient.UnrealEdEngine_0:GameInstance_0.HUD_C_0
	Function /Game/TopDownBP/Blueprints/HUD.HUD_C:Get_TextBlock_2_Text_0:003D
[2017.04.28-15.15.44:971][313]LogScript:Warning: Accessed None trying to read property Lionfish
	HUD_C /Engine/Transient.UnrealEdEngine_0:GameInstance_0.HUD_C_0
	Function /Game/TopDownBP/Blueprints/HUD.HUD_C:Get_TextBlock_2_Text_0:003D
[2017.04.28-15.15.44:987][314]LogScript:Warning: Accessed None trying to read property Lionfish
	HUD_C /Engine/Transient.UnrealEdEngine_0:GameInstance_0.HUD_C_0
	Function /Game/TopDownBP/Blueprints/HUD.HUD_C:Get_TextBlock_2_Text_0:003D
[2017.04.28-15.15.45:004][315]LogScript:Warning: Accessed None trying to read property Lionfish
	HUD_C /Engine/Transient.UnrealEdEngine_0:GameInstance_0.HUD_C_0
	Function /Game/TopDownBP/Blueprints/HUD.HUD_C:Get_TextBlock_2_Text_0:003D
[2017.04.28-15.15.45:020][316]LogScript:Warning: Accessed None trying to read property Lionfish
	HUD_C /Engine/Transient.UnrealEdEngine_0:GameInstance_0.HUD_C_0
	Function /Game/TopDownBP/Blueprints/HUD.HUD_C:Get_TextBlock_2_Text_0:003D
[2017.04.28-15.15.45:038][317]LogScript:Warning: Accessed None trying to read property Lionfish
	HUD_C /Engine/Transient.UnrealEdEngine_0:GameInstance_0.HUD_C_0
	Function /Game/TopDownBP/Blueprints/HUD.HUD_C:Get_TextBlock_2_Text_0:003D
[2017.04.28-15.15.45:054][318]LogScript:Warning: Accessed None trying to read property Lionfish
	HUD_C /Engine/Transient.UnrealEdEngine_0:GameInstance_0.HUD_C_0
	Function /Game/TopDownBP/Blueprints/HUD.HUD_C:Get_TextBlock_2_Text_0:003D
[2017.04.28-15.15.45:071][319]LogScript:Warning: Accessed None trying to read property Lionfish
	HUD_C /Engine/Transient.UnrealEdEngine_0:GameInstance_0.HUD_C_0
	Function /Game/TopDownBP/Blueprints/HUD.HUD_C:Get_TextBlock_2_Text_0:003D
[2017.04.28-15.15.45:087][320]LogScript:Warning: Accessed None trying to read property Lionfish
	HUD_C /Engine/Transient.UnrealEdEngine_0:GameInstance_0.HUD_C_0
	Function /Game/TopDownBP/Blueprints/HUD.HUD_C:Get_TextBlock_2_Text_0:003D
[2017.04.28-15.15.45:104][321]LogScript:Warning: Accessed None trying to read property Lionfish
	HUD_C /Engine/Transient.UnrealEdEngine_0:GameInstance_0.HUD_C_0
	Function /Game/TopDownBP/Blueprints/HUD.HUD_C:Get_TextBlock_2_Text_0:003D
[2017.04.28-15.15.45:121][322]LogScript:Warning: Accessed None trying to read property Lionfish
	HUD_C /Engine/Transient.UnrealEdEngine_0:GameInstance_0.HUD_C_0
	Function /Game/TopDownBP/Blueprints/HUD.HUD_C:Get_TextBlock_2_Text_0:003D
[2017.04.28-15.15.45:138][323]LogScript:Warning: Accessed None trying to read property Lionfish
	HUD_C /Engine/Transient.UnrealEdEngine_0:GameInstance_0.HUD_C_0
	Function /Game/TopDownBP/Blueprints/HUD.HUD_C:Get_TextBlock_2_Text_0:003D
[2017.04.28-15.15.45:154][324]LogScript:Warning: Accessed None trying to read property Lionfish
	HUD_C /Engine/Transient.UnrealEdEngine_0:GameInstance_0.HUD_C_0
	Function /Game/TopDownBP/Blueprints/HUD.HUD_C:Get_TextBlock_2_Text_0:003D
[2017.04.28-15.15.45:171][325]LogScript:Warning: Accessed None trying to read property Lionfish
	HUD_C /Engine/Transient.UnrealEdEngine_0:GameInstance_0.HUD_C_0
	Function /Game/TopDownBP/Blueprints/HUD.HUD_C:Get_TextBlock_2_Text_0:003D
[2017.04.28-15.15.45:187][326]LogScript:Warning: Accessed None trying to read property Lionfish
	HUD_C /Engine/Transient.UnrealEdEngine_0:GameInstance_0.HUD_C_0
	Function /Game/TopDownBP/Blueprints/HUD.HUD_C:Get_TextBlock_2_Text_0:003D
[2017.04.28-15.15.45:204][327]LogScript:Warning: Accessed None trying to read property Lionfish
	HUD_C /Engine/Transient.UnrealEdEngine_0:GameInstance_0.HUD_C_0
	Function /Game/TopDownBP/Blueprints/HUD.HUD_C:Get_TextBlock_2_Text_0:003D
[2017.04.28-15.15.51:871][727]LogBlueprintUserMessages: Early EndPlayMap Detection: Level '/Game/TopDownBP/Maps/TopDownExampleMap.TopDownExampleMap:PersistentLevel' has LevelScriptBlueprint '/Game/TopDownBP/Maps/TopDownExampleMap.TopDownExampleMap:PersistentLevel.TopDownExampleMap' with GeneratedClass '/Game/TopDownBP/Maps/TopDownExampleMap.TopDownExampleMap_C' with ClassGeneratedBy '/Game/TopDownBP/Maps/TopDownExampleMap.TopDownExampleMap:PersistentLevel.TopDownExampleMap'
[2017.04.28-15.15.51:904][727]LogBlueprintUserMessages: Late EndPlayMap Detection: Level '/Game/TopDownBP/Maps/TopDownExampleMap.TopDownExampleMap:PersistentLevel' has LevelScriptBlueprint '/Game/TopDownBP/Maps/TopDownExampleMap.TopDownExampleMap:PersistentLevel.TopDownExampleMap' with GeneratedClass '/Game/TopDownBP/Maps/TopDownExampleMap.TopDownExampleMap_C' with ClassGeneratedBy '/Game/TopDownBP/Maps/TopDownExampleMap.TopDownExampleMap:PersistentLevel.TopDownExampleMap'
[2017.04.28-15.22.57:444][813]LogSlate: Took 0.000166 seconds to synchronously load lazily loaded font '../../../Engine/Content/Slate/Fonts/Roboto-Light.ttf' (159K)
[2017.04.28-15.23.30:755][734]LogContentBrowser: Native class hierarchy updated for 'BlueprintGraph' in 0.0008 seconds. Added 112 classes and 0 folders.
[2017.04.28-15.23.31:348][734]LogSlate: Took 0.000144 seconds to synchronously load lazily loaded font '../../../Engine/Content/Slate/Fonts/Roboto-Regular.ttf' (155K)
[2017.04.28-15.23.31:530][734]LogRenderer: Reallocating scene render targets to support 964x540 NumSamples 1 (Frame:6182).
[2017.04.28-15.23.33:175][880]LogSlate: Took 0.000207 seconds to synchronously load lazily loaded font '../../../Engine/Content/Editor/Slate/Fonts/Roboto-Italic.ttf' (157K)
[2017.04.28-15.23.47:707][768]LogSlate: Took 0.000270 seconds to synchronously load lazily loaded font '../../../Engine/Content/Editor/Slate/Fonts/Roboto-BoldCondensed.ttf' (158K)
[2017.04.28-15.24.29:040][708]LogSlate: Took 0.000179 seconds to synchronously load lazily loaded font '../../../Engine/Content/Editor/Slate/Fonts/Roboto-BoldCondensedItalic.ttf' (160K)
[2017.04.28-15.24.35:181][303]BlueprintLog: New page: Compile Lionfish_Player
[2017.04.28-15.24.42:576][ 31]Cmd: OBJ SAVEPACKAGE PACKAGE="/Game/TopDownBP/Blueprints/Lionfish_Player" FILE="D:/Repo/CISC374_Team4/Lionfish/Content/TopDownBP/Blueprints/Lionfish_Player.uasset" SILENT=true
[2017.04.28-15.24.42:590][ 31]LogSavePackage: Save=13.91ms
[2017.04.28-15.24.42:590][ 31]LogSavePackage: Moving 'D:/Repo/CISC374_Team4/Lionfish/Saved/Lionfish_PlayerE2CFDD444B0CDEF81775F5BDD6DCAB98.tmp' to 'D:/Repo/CISC374_Team4/Lionfish/Content/TopDownBP/Blueprints/Lionfish_Player.uasset'
[2017.04.28-15.24.42:591][ 31]LogSavePackage:Display: Finished SavePackage D:/Repo/CISC374_Team4/Lionfish/Content/TopDownBP/Blueprints/Lionfish_Player.uasset
[2017.04.28-15.24.46:247][370]Cmd: OBJ SAVEPACKAGE PACKAGE="/Game/TopDownBP/Blueprints/Lionfish_Player" FILE="D:/Repo/CISC374_Team4/Lionfish/Content/TopDownBP/Blueprints/Lionfish_Player.uasset" SILENT=true
[2017.04.28-15.24.46:261][370]LogSavePackage: Save=13.02ms
[2017.04.28-15.24.46:261][370]LogSavePackage: Moving 'D:/Repo/CISC374_Team4/Lionfish/Saved/Lionfish_Player2059862E46C356FABE29BEAEE2C72D60.tmp' to 'D:/Repo/CISC374_Team4/Lionfish/Content/TopDownBP/Blueprints/Lionfish_Player.uasset'
[2017.04.28-15.24.46:261][370]LogSavePackage:Display: Finished SavePackage D:/Repo/CISC374_Team4/Lionfish/Content/TopDownBP/Blueprints/Lionfish_Player.uasset
[2017.04.28-15.24.46:765][415]BlueprintLog: New page: Compile Lionfish_Player
[2017.04.28-15.24.48:717][593]LogActorComponent: UnregisterComponent: (/Engine/Transient.EditorFloorComp) Not registered. Aborting.
[2017.04.28-15.24.51:885][844]LogSlate: Took 0.000111 seconds to synchronously load lazily loaded font '../../../Engine/Content/Slate/Fonts/Roboto-Light.ttf' (159K)
[2017.04.28-15.25.28:579][139]LogSlate: Took 0.002547 seconds to synchronously load lazily loaded font '../../../Engine/Content/Slate/Fonts/DroidSansFallback.ttf' (3848K)
[2017.04.28-15.26.09:011][365]Cmd: OBJ SAVEPACKAGE PACKAGE="/Game/TopDownBP/Blueprints/HUD" FILE="D:/Repo/CISC374_Team4/Lionfish/Content/TopDownBP/Blueprints/HUD.uasset" SILENT=true
[2017.04.28-15.26.09:030][365]LogSavePackage: Save=18.44ms
[2017.04.28-15.26.09:030][365]LogSavePackage: Moving 'D:/Repo/CISC374_Team4/Lionfish/Saved/HUDEF00BC3A4BE1EF0E0FD4FDB90ED6A734.tmp' to 'D:/Repo/CISC374_Team4/Lionfish/Content/TopDownBP/Blueprints/HUD.uasset'
[2017.04.28-15.26.09:031][365]LogSavePackage:Display: Finished SavePackage D:/Repo/CISC374_Team4/Lionfish/Content/TopDownBP/Blueprints/HUD.uasset
[2017.04.28-15.26.11:057][553]Cmd: OBJ SAVEPACKAGE PACKAGE="/Game/TopDownBP/Blueprints/HUD" FILE="D:/Repo/CISC374_Team4/Lionfish/Content/TopDownBP/Blueprints/HUD.uasset" SILENT=true
[2017.04.28-15.26.11:077][553]LogSavePackage: Save=19.18ms
[2017.04.28-15.26.11:077][553]LogSavePackage: Moving 'D:/Repo/CISC374_Team4/Lionfish/Saved/HUD3FC45AC642952B86462146BDFAD61783.tmp' to 'D:/Repo/CISC374_Team4/Lionfish/Content/TopDownBP/Blueprints/HUD.uasset'
[2017.04.28-15.26.11:077][553]LogSavePackage:Display: Finished SavePackage D:/Repo/CISC374_Team4/Lionfish/Content/TopDownBP/Blueprints/HUD.uasset
[2017.04.28-15.26.11:674][608]BlueprintLog: New page: Compile HUD
[2017.04.28-15.26.17:262][199]LogTemp: Repeting last play command: Selected Viewport
[2017.04.28-15.26.17:275][199]LogBlueprintUserMessages: Early PlayInEditor Detection: Level '/Game/TopDownBP/Maps/TopDownExampleMap.TopDownExampleMap:PersistentLevel' has LevelScriptBlueprint '/Game/TopDownBP/Maps/TopDownExampleMap.TopDownExampleMap:PersistentLevel.TopDownExampleMap' with GeneratedClass '/Game/TopDownBP/Maps/TopDownExampleMap.TopDownExampleMap_C' with ClassGeneratedBy '/Game/TopDownBP/Maps/TopDownExampleMap.TopDownExampleMap:PersistentLevel.TopDownExampleMap'
[2017.04.28-15.26.17:275][199]LogPlayLevel: PlayLevel: No blueprints needed recompiling
[2017.04.28-15.26.17:276][199]PIE: New page: PIE session: TopDownExampleMap (Apr 28, 2017, 7:26:17 AM)
[2017.04.28-15.26.17:276][199]LogPlayLevel: Creating play world package: /Game/TopDownBP/Maps/UEDPIE_0_TopDownExampleMap
[2017.04.28-15.26.17:304][199]LogPlayLevel: PIE: StaticDuplicateObject took: (0.028525s)
[2017.04.28-15.26.17:305][199]LogAIModule: Creating AISystem for world TopDownExampleMap
[2017.04.28-15.26.17:306][199]LogPlayLevel: PIE: World Init took: (0.001226s)
[2017.04.28-15.26.17:306][199]LogPlayLevel: PIE: Created PIE world by copying editor world from /Game/TopDownBP/Maps/TopDownExampleMap.TopDownExampleMap to /Game/TopDownBP/Maps/UEDPIE_0_TopDownExampleMap.TopDownExampleMap (0.030062s)
[2017.04.28-15.26.17:326][199]LogInit: XAudio2 using 'Speakers (Realtek High Definition Audio)' : 2 channels at 48 kHz using 32 bits per sample (channel mask 0x3)
[2017.04.28-15.26.17:335][199]LogInit: FAudioDevice initialized.
[2017.04.28-15.26.17:366][199]LogLoad: Game class is 'TopDownGameMode_C'
[2017.04.28-15.26.17:370][199]LogWorld: Bringing World /Game/TopDownBP/Maps/UEDPIE_0_TopDownExampleMap.TopDownExampleMap up for play (max tick rate 0) at 2017.04.28-11.26.17
[2017.04.28-15.26.17:371][199]LogWorld: Bringing up level for play took: 0.003009
[2017.04.28-15.26.17:372][199]PIE: Info Play in editor start time for /Game/TopDownBP/Maps/UEDPIE_0_TopDownExampleMap -0.479
[2017.04.28-15.26.17:373][199]LogBlueprintUserMessages: Late PlayInEditor Detection: Level '/Game/TopDownBP/Maps/TopDownExampleMap.TopDownExampleMap:PersistentLevel' has LevelScriptBlueprint '/Game/TopDownBP/Maps/TopDownExampleMap.TopDownExampleMap:PersistentLevel.TopDownExampleMap' with GeneratedClass '/Game/TopDownBP/Maps/TopDownExampleMap.TopDownExampleMap_C' with ClassGeneratedBy '/Game/TopDownBP/Maps/TopDownExampleMap.TopDownExampleMap:PersistentLevel.TopDownExampleMap'
[2017.04.28-15.26.17:407][199]LogScript:Warning: Accessed None trying to read property LFish
	HUD_C /Engine/Transient.UnrealEdEngine_0:GameInstance_1.HUD_C_2
	Function /Game/TopDownBP/Blueprints/HUD.HUD_C:Get_TextBlock_2_Text_1:003D
[2017.04.28-15.26.17:421][200]LogScript:Warning: Accessed None trying to read property LFish
	HUD_C /Engine/Transient.UnrealEdEngine_0:GameInstance_1.HUD_C_2
	Function /Game/TopDownBP/Blueprints/HUD.HUD_C:Get_TextBlock_2_Text_1:003D
[2017.04.28-15.26.17:429][201]LogScript:Warning: Accessed None trying to read property LFish
	HUD_C /Engine/Transient.UnrealEdEngine_0:GameInstance_1.HUD_C_2
	Function /Game/TopDownBP/Blueprints/HUD.HUD_C:Get_TextBlock_2_Text_1:003D
[2017.04.28-15.26.17:436][202]LogScript:Warning: Accessed None trying to read property LFish
	HUD_C /Engine/Transient.UnrealEdEngine_0:GameInstance_1.HUD_C_2
	Function /Game/TopDownBP/Blueprints/HUD.HUD_C:Get_TextBlock_2_Text_1:003D
[2017.04.28-15.26.17:445][203]LogScript:Warning: Accessed None trying to read property LFish
	HUD_C /Engine/Transient.UnrealEdEngine_0:GameInstance_1.HUD_C_2
	Function /Game/TopDownBP/Blueprints/HUD.HUD_C:Get_TextBlock_2_Text_1:003D
[2017.04.28-15.26.17:454][204]LogScript:Warning: Accessed None trying to read property LFish
	HUD_C /Engine/Transient.UnrealEdEngine_0:GameInstance_1.HUD_C_2
	Function /Game/TopDownBP/Blueprints/HUD.HUD_C:Get_TextBlock_2_Text_1:003D
[2017.04.28-15.26.17:462][205]LogScript:Warning: Accessed None trying to read property LFish
	HUD_C /Engine/Transient.UnrealEdEngine_0:GameInstance_1.HUD_C_2
	Function /Game/TopDownBP/Blueprints/HUD.HUD_C:Get_TextBlock_2_Text_1:003D
[2017.04.28-15.26.17:470][206]LogScript:Warning: Accessed None trying to read property LFish
	HUD_C /Engine/Transient.UnrealEdEngine_0:GameInstance_1.HUD_C_2
	Function /Game/TopDownBP/Blueprints/HUD.HUD_C:Get_TextBlock_2_Text_1:003D
[2017.04.28-15.26.17:478][207]LogScript:Warning: Accessed None trying to read property LFish
	HUD_C /Engine/Transient.UnrealEdEngine_0:GameInstance_1.HUD_C_2
	Function /Game/TopDownBP/Blueprints/HUD.HUD_C:Get_TextBlock_2_Text_1:003D
[2017.04.28-15.26.17:487][208]LogScript:Warning: Accessed None trying to read property LFish
	HUD_C /Engine/Transient.UnrealEdEngine_0:GameInstance_1.HUD_C_2
	Function /Game/TopDownBP/Blueprints/HUD.HUD_C:Get_TextBlock_2_Text_1:003D
[2017.04.28-15.26.17:495][209]LogScript:Warning: Accessed None trying to read property LFish
	HUD_C /Engine/Transient.UnrealEdEngine_0:GameInstance_1.HUD_C_2
	Function /Game/TopDownBP/Blueprints/HUD.HUD_C:Get_TextBlock_2_Text_1:003D
[2017.04.28-15.26.17:504][210]LogScript:Warning: Accessed None trying to read property LFish
	HUD_C /Engine/Transient.UnrealEdEngine_0:GameInstance_1.HUD_C_2
	Function /Game/TopDownBP/Blueprints/HUD.HUD_C:Get_TextBlock_2_Text_1:003D
[2017.04.28-15.26.17:511][211]LogScript:Warning: Accessed None trying to read property LFish
	HUD_C /Engine/Transient.UnrealEdEngine_0:GameInstance_1.HUD_C_2
	Function /Game/TopDownBP/Blueprints/HUD.HUD_C:Get_TextBlock_2_Text_1:003D
[2017.04.28-15.26.17:520][212]LogScript:Warning: Accessed None trying to read property LFish
	HUD_C /Engine/Transient.UnrealEdEngine_0:GameInstance_1.HUD_C_2
	Function /Game/TopDownBP/Blueprints/HUD.HUD_C:Get_TextBlock_2_Text_1:003D
[2017.04.28-15.26.17:529][213]LogScript:Warning: Accessed None trying to read property LFish
	HUD_C /Engine/Transient.UnrealEdEngine_0:GameInstance_1.HUD_C_2
	Function /Game/TopDownBP/Blueprints/HUD.HUD_C:Get_TextBlock_2_Text_1:003D
[2017.04.28-15.26.17:537][214]LogScript:Warning: Accessed None trying to read property LFish
	HUD_C /Engine/Transient.UnrealEdEngine_0:GameInstance_1.HUD_C_2
	Function /Game/TopDownBP/Blueprints/HUD.HUD_C:Get_TextBlock_2_Text_1:003D
[2017.04.28-15.26.17:545][215]LogScript:Warning: Accessed None trying to read property LFish
	HUD_C /Engine/Transient.UnrealEdEngine_0:GameInstance_1.HUD_C_2
	Function /Game/TopDownBP/Blueprints/HUD.HUD_C:Get_TextBlock_2_Text_1:003D
[2017.04.28-15.26.33:675][150]LogBlueprintUserMessages: Early EndPlayMap Detection: Level '/Game/TopDownBP/Maps/TopDownExampleMap.TopDownExampleMap:PersistentLevel' has LevelScriptBlueprint '/Game/TopDownBP/Maps/TopDownExampleMap.TopDownExampleMap:PersistentLevel.TopDownExampleMap' with GeneratedClass '/Game/TopDownBP/Maps/TopDownExampleMap.TopDownExampleMap_C' with ClassGeneratedBy '/Game/TopDownBP/Maps/TopDownExampleMap.TopDownExampleMap:PersistentLevel.TopDownExampleMap'
[2017.04.28-15.26.33:708][150]LogBlueprintUserMessages: Late EndPlayMap Detection: Level '/Game/TopDownBP/Maps/TopDownExampleMap.TopDownExampleMap:PersistentLevel' has LevelScriptBlueprint '/Game/TopDownBP/Maps/TopDownExampleMap.TopDownExampleMap:PersistentLevel.TopDownExampleMap' with GeneratedClass '/Game/TopDownBP/Maps/TopDownExampleMap.TopDownExampleMap_C' with ClassGeneratedBy '/Game/TopDownBP/Maps/TopDownExampleMap.TopDownExampleMap:PersistentLevel.TopDownExampleMap'
[2017.04.28-15.28.01:926][336]SourceControl: Info On branch master
[2017.04.28-15.28.01:926][336]SourceControl: Info Your branch is up-to-date with 'origin/master'.
[2017.04.28-15.28.01:926][336]SourceControl: Info Changes to be committed:
[2017.04.28-15.28.01:926][336]SourceControl: Info   (use "git reset HEAD <file>..." to unstage)
[2017.04.28-15.28.01:926][336]SourceControl: Info 	new file:   Lionfish/Content/TopDownBP/Blueprints/Lionfish_Player.uasset
[2017.04.28-15.28.01:926][336]SourceControl: Info Changes not staged for commit:
[2017.04.28-15.28.01:926][336]SourceControl: Info   (use "git add/rm <file>..." to update what will be committed)
[2017.04.28-15.28.01:926][336]SourceControl: Info   (use "git checkout -- <file>..." to discard changes in working directory)
[2017.04.28-15.28.01:926][336]SourceControl: Info 	modified:   Lionfish/Content/TopDownBP/Blueprints/HUD.uasset
[2017.04.28-15.28.01:926][336]SourceControl: Info 	modified:   Lionfish/Content/TopDownBP/Blueprints/Lionfish_Player.uasset
[2017.04.28-15.28.01:926][336]SourceControl: Info 	modified:   Lionfish/Content/TopDownBP/Character/Lionfish.uasset
[2017.04.28-15.28.01:926][336]SourceControl: Info 	modified:   Lionfish/Content/TopDownBP/Maps/TopDownExampleMap.umap
[2017.04.28-15.28.01:926][336]SourceControl: Info 	modified:   Lionfish/Intermediate/CachedAssetRegistry.bin
[2017.04.28-15.28.01:926][336]SourceControl: Info 	modified:   Lionfish/Saved/AutoScreenshot.png
[2017.04.28-15.28.01:926][336]SourceControl: Info 	modified:   Lionfish/Saved/Autosaves/PackageRestoreData.json
[2017.04.28-15.28.01:926][336]SourceControl: Info 	deleted:    Lionfish/Saved/Backup/TopDownExampleMap_2017-04-27-19-30-42.umap
[2017.04.28-15.28.01:926][336]SourceControl: Info 	modified:   Lionfish/Saved/Config/Windows/Editor.ini
[2017.04.28-15.28.01:926][336]SourceControl: Info 	modified:   Lionfish/Saved/Config/Windows/EditorPerProjectUserSettings.ini
[2017.04.28-15.28.01:926][336]SourceControl: Info 	modified:   Lionfish/Saved/Config/Windows/Engine.ini
[2017.04.28-15.28.01:926][336]SourceControl: Info 	deleted:    Lionfish/Saved/Logs/Lionfish-backup-2017.04.27-16.19.08.log
[2017.04.28-15.28.01:926][336]SourceControl: Info 	modified:   Lionfish/Saved/Logs/Lionfish.log
[2017.04.28-15.28.01:926][336]SourceControl: Info 	deleted:    Lionfish/Saved/Logs/Lionfish_2-backup-2017.04.25-16.18.13.log
[2017.04.28-15.28.01:926][336]SourceControl: Info Untracked files:
[2017.04.28-15.28.01:926][336]SourceControl: Info   (use "git add <file>..." to include in what will be committed)
[2017.04.28-15.28.01:926][336]SourceControl: Info 	Lionfish/Saved/Backup/HUD_2017-04-27-23-31-47.uasset
[2017.04.28-15.28.01:926][336]SourceControl: Info 	Lionfish/Saved/Backup/HUD_2017-04-28-11-26-09.uasset
[2017.04.28-15.28.01:926][336]SourceControl: Info 	Lionfish/Saved/Backup/Lionfish_2017-04-27-23-27-10.uasset
[2017.04.28-15.28.01:926][336]SourceControl: Info 	Lionfish/Saved/Backup/Lionfish_Player_2017-04-28-11-24-46.uasset
[2017.04.28-15.28.01:926][336]SourceControl: Info 	Lionfish/Saved/Backup/TopDownExampleMap_2017-04-27-23-32-12.umap
[2017.04.28-15.28.01:926][336]SourceControl: Info 	Lionfish/Saved/Logs/Lionfish-backup-2017.04.27-23.24.18.log
[2017.04.28-15.28.01:926][336]SourceControl: Info 	Lionfish/Saved/Logs/Lionfish-backup-2017.04.28-11.15.19.log
[2017.04.28-15.28.01:926][336]SourceControl: Info 	Lionfish/Saved/Logs/UE4CC-Windows-03B15D9D4A12DC1AEBF4D09ACB9D3A29/
[2017.04.28-15.28.01:926][336]SourceControl: Info 	Lionfish/Saved/Logs/UE4CC-Windows-1A749385459102E403C9BFAF98AD29E2/
[2017.04.28-15.28.02:283][336]LogMetaData: Removing '/Game/TopDownBP/Blueprints/VariableDatabase.VariableDatabase:UserConstructionScript.K2Node_FunctionEntry_0' ref from Metadata '/Game/TopDownBP/Blueprints/NewBlueprint.PackageMetaData'
[2017.04.28-15.28.02:283][336]LogMetaData: Removing '/Game/TopDownBP/Blueprints/VariableDatabase.SKEL_VariableDatabase_C' ref from Metadata '/Game/TopDownBP/Blueprints/NewBlueprint.PackageMetaData'
[2017.04.28-15.28.02:283][336]LogMetaData: Removing '/Game/TopDownBP/Blueprints/VariableDatabase.VariableDatabase_C' ref from Metadata '/Game/TopDownBP/Blueprints/NewBlueprint.PackageMetaData'
[2017.04.28-15.28.02:283][336]LogMetaData: Removing '/Game/TopDownBP/Blueprints/VariableDatabase.VariableDatabase:EventGraph.K2Node_Event_0' ref from Metadata '/Game/TopDownBP/Blueprints/NewBlueprint.PackageMetaData'
[2017.04.28-15.28.02:283][336]LogMetaData: Removing '/Game/TopDownBP/Blueprints/VariableDatabase.VariableDatabase:EventGraph.K2Node_Event_1' ref from Metadata '/Game/TopDownBP/Blueprints/NewBlueprint.PackageMetaData'
[2017.04.28-15.28.02:283][336]LogMetaData: Removing '/Game/TopDownBP/Blueprints/VariableDatabase.VariableDatabase:EventGraph.K2Node_Event_2' ref from Metadata '/Game/TopDownBP/Blueprints/NewBlueprint.PackageMetaData'
[2017.04.28-15.28.02:301][336]Cmd: OBJ SAVEPACKAGE PACKAGE="/Game/TopDownBP/Blueprints/VariableDatabase" FILE="D:/Repo/CISC374_Team4/Lionfish/Content/TopDownBP/Blueprints/VariableDatabase.uasset" SILENT=true
[2017.04.28-15.28.02:308][336]LogSavePackage: Save=5.96ms
[2017.04.28-15.28.02:308][336]LogSavePackage: Moving 'D:/Repo/CISC374_Team4/Lionfish/Saved/VariableDatabase9D1279FF4519236EBE4C2AB1E382CF4E.tmp' to 'D:/Repo/CISC374_Team4/Lionfish/Content/TopDownBP/Blueprints/VariableDatabase.uasset'
[2017.04.28-15.28.02:308][336]LogSavePackage:Display: Finished SavePackage D:/Repo/CISC374_Team4/Lionfish/Content/TopDownBP/Blueprints/VariableDatabase.uasset
[2017.04.28-15.28.25:118][457]Cmd: OBJ SAVEPACKAGE PACKAGE="/Game/TopDownBP/Blueprints/VariableDatabase" FILE="D:/Repo/CISC374_Team4/Lionfish/Content/TopDownBP/Blueprints/VariableDatabase.uasset" SILENT=true
[2017.04.28-15.28.25:125][457]LogSavePackage: Save=5.78ms
[2017.04.28-15.28.25:125][457]LogSavePackage: Moving 'D:/Repo/CISC374_Team4/Lionfish/Saved/VariableDatabaseF795D49147A21C34064B65A6ACE18866.tmp' to 'D:/Repo/CISC374_Team4/Lionfish/Content/TopDownBP/Blueprints/VariableDatabase.uasset'
[2017.04.28-15.28.25:126][457]LogSavePackage:Display: Finished SavePackage D:/Repo/CISC374_Team4/Lionfish/Content/TopDownBP/Blueprints/VariableDatabase.uasset
[2017.04.28-15.28.25:496][490]BlueprintLog: New page: Compile VariableDatabase
[2017.04.28-15.28.31:686][ 88]Cmd: OBJ SAVEPACKAGE PACKAGE="/Game/TopDownBP/Blueprints/VariableDatabase" FILE="D:/Repo/CISC374_Team4/Lionfish/Content/TopDownBP/Blueprints/VariableDatabase.uasset" SILENT=true
[2017.04.28-15.28.31:692][ 88]LogSavePackage: Save=5.37ms
[2017.04.28-15.28.31:692][ 88]LogSavePackage: Moving 'D:/Repo/CISC374_Team4/Lionfish/Saved/VariableDatabase4C4595504A0C4916A201238AB2773838.tmp' to 'D:/Repo/CISC374_Team4/Lionfish/Content/TopDownBP/Blueprints/VariableDatabase.uasset'
[2017.04.28-15.28.31:693][ 88]LogSavePackage:Display: Finished SavePackage D:/Repo/CISC374_Team4/Lionfish/Content/TopDownBP/Blueprints/VariableDatabase.uasset
[2017.04.28-15.28.32:147][130]BlueprintLog: New page: Compile VariableDatabase
[2017.04.28-15.30.09:942][478]LogFileHelpers: Editor autosave (incl. sublevels) for '/Game/TopDownBP/Maps/TopDownExampleMap' took 0.016
[2017.04.28-15.30.09:944][478]OBJ SavePackage: Generating thumbnails for [0] asset(s) in package [/Game/TopDownBP/Blueprints/HUD] ([1] browsable assets)...
[2017.04.28-15.30.09:944][478]OBJ SavePackage: Finished generating thumbnails for package [/Game/TopDownBP/Blueprints/HUD]
[2017.04.28-15.30.09:944][478]Cmd: OBJ SAVEPACKAGE PACKAGE="/Game/TopDownBP/Blueprints/HUD" FILE="D:/Repo/CISC374_Team4/Lionfish/Saved/Autosaves/Game/TopDownBP/Blueprints/HUD_Auto1.uasset" SILENT=false AUTOSAVING=true
[2017.04.28-15.30.09:963][478]LogSavePackage: Save=17.77ms
[2017.04.28-15.30.09:963][478]LogSavePackage: Moving 'D:/Repo/CISC374_Team4/Lionfish/Saved/HUD_Auto12BDEE4E7430C7B9E19D36FA3F4D4D744.tmp' to 'D:/Repo/CISC374_Team4/Lionfish/Saved/Autosaves/Game/TopDownBP/Blueprints/HUD_Auto1.uasset'
[2017.04.28-15.30.09:964][478]LogSavePackage:Display: Finished SavePackage D:/Repo/CISC374_Team4/Lionfish/Saved/Autosaves/Game/TopDownBP/Blueprints/HUD_Auto1.uasset
[2017.04.28-15.30.09:965][478]LogSavePackage: Save=0.42ms
[2017.04.28-15.30.09:965][478]LogSavePackage: Moving 'D:/Repo/CISC374_Team4/Lionfish/Saved/NewBlueprint_Auto161439EF043A2638F24D982923C77F355.tmp' to 'D:/Repo/CISC374_Team4/Lionfish/Saved/Autosaves/Game/TopDownBP/Blueprints/NewBlueprint_Auto1.uasset'
[2017.04.28-15.30.09:965][478]LogSavePackage:Display: Finished SavePackage D:/Repo/CISC374_Team4/Lionfish/Saved/Autosaves/Game/TopDownBP/Blueprints/NewBlueprint_Auto1.uasset
[2017.04.28-15.30.09:965][478]LogFileHelpers: Auto-saving content packages took 0.022
[2017.04.28-15.34.21:486][130]LogEditorTransaction: Undo Create Pin Link
[2017.04.28-15.34.27:190][655]LogEditorTransaction: Undo Create Pin Link
[2017.04.28-15.34.27:426][672]LogEditorTransaction: Undo Add Node
[2017.04.28-15.34.27:609][681]LogEditorTransaction: Undo Move Node
[2017.04.28-15.34.27:810][695]LogEditorTransaction: Undo Add Node
[2017.04.28-15.34.28:166][728]LogEditorTransaction: Undo Move Node
[2017.04.28-15.34.28:537][762]LogEditorTransaction: Undo Comment Bubble Visibility
[2017.04.28-15.34.28:901][794]LogEditorTransaction: Undo Add Node
[2017.04.28-15.34.29:250][827]LogEditorTransaction: Undo Add Node
[2017.04.28-15.35.18:892][  3]LogSlate:Warning: Prevented a slow task dialog from being summoned while a context menu was open
[2017.04.28-15.37.10:299][258]Cmd: OBJ SAVEPACKAGE PACKAGE="/Game/TopDownBP/Blueprints/HUD" FILE="D:/Repo/CISC374_Team4/Lionfish/Content/TopDownBP/Blueprints/HUD.uasset" SILENT=true
[2017.04.28-15.37.10:318][258]LogSavePackage: Save=17.51ms
[2017.04.28-15.37.10:318][258]LogSavePackage: Moving 'D:/Repo/CISC374_Team4/Lionfish/Saved/HUD2D34338B465D00033882AF8CFFE8E026.tmp' to 'D:/Repo/CISC374_Team4/Lionfish/Content/TopDownBP/Blueprints/HUD.uasset'
[2017.04.28-15.37.10:318][258]LogSavePackage:Display: Finished SavePackage D:/Repo/CISC374_Team4/Lionfish/Content/TopDownBP/Blueprints/HUD.uasset
[2017.04.28-15.37.12:505][468]BlueprintLog: New page: Compile HUD
[2017.04.28-15.37.12:517][468]LogBlueprint:Error: [Compiler HUD] Error The current value of the ' Target Array ' pin is invalid: Array inputs (like 'Target Array') must have an input wired into them (try connecting a MakeArray node).
[2017.04.28-15.37.12:517][468]LogBlueprint:Error: [Compiler HUD] Error Binding: Property ' TextDelegate ' on Widget ' TextBlock_2 ': Binding: 'None' : 'None' was not found on 'HUD'.
[2017.04.28-15.37.12:703][468]BlueprintEditorCompileResults:Error: Error The current value of the ' Target Array ' pin is invalid: Array inputs (like 'Target Array') must have an input wired into them (try connecting a MakeArray node).
[2017.04.28-15.37.12:703][468]BlueprintEditorCompileResults:Error: Error Binding: Property ' TextDelegate ' on Widget ' TextBlock_2 ': Binding: 'None' : 'None' was not found on 'HUD'.
[2017.04.28-15.37.12:704][468]LogBlueprint:Warning: [Compiler HUD] Warning [1314.03] Compile of HUD failed. 2 Fatal Issue(s) 0 Warning(s) [in 199 ms] (/Game/TopDownBP/Blueprints/HUD.HUD)
[2017.04.28-15.37.41:494][349]BlueprintLog: New page: Compile HUD
[2017.04.28-15.37.41:505][349]LogBlueprint:Error: [Compiler HUD] Error Binding: Property ' TextDelegate ' on Widget ' TextBlock_2 ': Binding: 'None' : 'None' was not found on 'HUD'.
[2017.04.28-15.37.41:670][349]BlueprintEditorCompileResults:Error: Error Binding: Property ' TextDelegate ' on Widget ' TextBlock_2 ': Binding: 'None' : 'None' was not found on 'HUD'.
[2017.04.28-15.37.41:670][349]LogBlueprint:Warning: [Compiler HUD] Warning [1343.00] Compile of HUD failed. 1 Fatal Issue(s) 0 Warning(s) [in 176 ms] (/Game/TopDownBP/Blueprints/HUD.HUD)
[2017.04.28-15.38.05:898][224]BlueprintLog: New page: Compile HUD
[2017.04.28-15.38.14:733][907]Cmd: OBJ SAVEPACKAGE PACKAGE="/Game/TopDownBP/Blueprints/HUD" FILE="D:/Repo/CISC374_Team4/Lionfish/Content/TopDownBP/Blueprints/HUD.uasset" SILENT=true
[2017.04.28-15.38.14:753][907]LogSavePackage: Save=19.35ms
[2017.04.28-15.38.14:753][907]LogSavePackage: Moving 'D:/Repo/CISC374_Team4/Lionfish/Saved/HUD499C338B46C148F392A617994AE75810.tmp' to 'D:/Repo/CISC374_Team4/Lionfish/Content/TopDownBP/Blueprints/HUD.uasset'
[2017.04.28-15.38.14:754][907]LogSavePackage:Display: Finished SavePackage D:/Repo/CISC374_Team4/Lionfish/Content/TopDownBP/Blueprints/HUD.uasset
[2017.04.28-15.38.17:324][170]LogTemp: Repeting last play command: Selected Viewport
[2017.04.28-15.38.17:337][170]LogBlueprintUserMessages: Early PlayInEditor Detection: Level '/Game/TopDownBP/Maps/TopDownExampleMap.TopDownExampleMap:PersistentLevel' has LevelScriptBlueprint '/Game/TopDownBP/Maps/TopDownExampleMap.TopDownExampleMap:PersistentLevel.TopDownExampleMap' with GeneratedClass '/Game/TopDownBP/Maps/TopDownExampleMap.TopDownExampleMap_C' with ClassGeneratedBy '/Game/TopDownBP/Maps/TopDownExampleMap.TopDownExampleMap:PersistentLevel.TopDownExampleMap'
[2017.04.28-15.38.17:337][170]LogPlayLevel: PlayLevel: No blueprints needed recompiling
[2017.04.28-15.38.17:337][170]PIE: New page: PIE session: TopDownExampleMap (Apr 28, 2017, 7:38:17 AM)
[2017.04.28-15.38.17:337][170]LogPlayLevel: Creating play world package: /Game/TopDownBP/Maps/UEDPIE_0_TopDownExampleMap
[2017.04.28-15.38.17:364][170]LogPlayLevel: PIE: StaticDuplicateObject took: (0.026696s)
[2017.04.28-15.38.17:365][170]LogAIModule: Creating AISystem for world TopDownExampleMap
[2017.04.28-15.38.17:365][170]LogPlayLevel: PIE: World Init took: (0.000981s)
[2017.04.28-15.38.17:365][170]LogPlayLevel: PIE: Created PIE world by copying editor world from /Game/TopDownBP/Maps/TopDownExampleMap.TopDownExampleMap to /Game/TopDownBP/Maps/UEDPIE_0_TopDownExampleMap.TopDownExampleMap (0.027963s)
[2017.04.28-15.38.17:385][170]LogInit: XAudio2 using 'Speakers (Realtek High Definition Audio)' : 2 channels at 48 kHz using 32 bits per sample (channel mask 0x3)
[2017.04.28-15.38.17:394][170]LogInit: FAudioDevice initialized.
[2017.04.28-15.38.17:425][170]LogLoad: Game class is 'TopDownGameMode_C'
[2017.04.28-15.38.17:430][170]LogWorld: Bringing World /Game/TopDownBP/Maps/UEDPIE_0_TopDownExampleMap.TopDownExampleMap up for play (max tick rate 0) at 2017.04.28-11.38.17
[2017.04.28-15.38.17:431][170]LogWorld: Bringing up level for play took: 0.003607
[2017.04.28-15.38.17:432][170]PIE: Info Play in editor start time for /Game/TopDownBP/Maps/UEDPIE_0_TopDownExampleMap -0.42
[2017.04.28-15.38.17:432][170]LogBlueprintUserMessages: Late PlayInEditor Detection: Level '/Game/TopDownBP/Maps/TopDownExampleMap.TopDownExampleMap:PersistentLevel' has LevelScriptBlueprint '/Game/TopDownBP/Maps/TopDownExampleMap.TopDownExampleMap:PersistentLevel.TopDownExampleMap' with GeneratedClass '/Game/TopDownBP/Maps/TopDownExampleMap.TopDownExampleMap_C' with ClassGeneratedBy '/Game/TopDownBP/Maps/TopDownExampleMap.TopDownExampleMap:PersistentLevel.TopDownExampleMap'
[2017.04.28-15.38.56:935][901]LogBlueprintUserMessages: Early EndPlayMap Detection: Level '/Game/TopDownBP/Maps/TopDownExampleMap.TopDownExampleMap:PersistentLevel' has LevelScriptBlueprint '/Game/TopDownBP/Maps/TopDownExampleMap.TopDownExampleMap:PersistentLevel.TopDownExampleMap' with GeneratedClass '/Game/TopDownBP/Maps/TopDownExampleMap.TopDownExampleMap_C' with ClassGeneratedBy '/Game/TopDownBP/Maps/TopDownExampleMap.TopDownExampleMap:PersistentLevel.TopDownExampleMap'
[2017.04.28-15.38.56:969][901]LogBlueprintUserMessages: Late EndPlayMap Detection: Level '/Game/TopDownBP/Maps/TopDownExampleMap.TopDownExampleMap:PersistentLevel' has LevelScriptBlueprint '/Game/TopDownBP/Maps/TopDownExampleMap.TopDownExampleMap:PersistentLevel.TopDownExampleMap' with GeneratedClass '/Game/TopDownBP/Maps/TopDownExampleMap.TopDownExampleMap_C' with ClassGeneratedBy '/Game/TopDownBP/Maps/TopDownExampleMap.TopDownExampleMap:PersistentLevel.TopDownExampleMap'
[2017.04.28-15.39.07:341][ 64]Cmd: OBJ SAVEPACKAGE PACKAGE="/Game/TopDownBP/Maps/TopDownExampleMap" FILE="D:/Repo/CISC374_Team4/Lionfish/Content/TopDownBP/Maps/TopDownExampleMap.umap" SILENT=true AUTOSAVING=false KEEPDIRTY=false
[2017.04.28-15.39.07:520][ 64]LogSavePackage: Save=158.97ms
[2017.04.28-15.39.07:520][ 64]LogSavePackage: Moving 'D:/Repo/CISC374_Team4/Lionfish/Saved/TopDownExampleMap3B0E39C54AB9EFC606F36DB4E2AA7361.tmp' to 'D:/Repo/CISC374_Team4/Lionfish/Content/TopDownBP/Maps/TopDownExampleMap.umap'
[2017.04.28-15.39.07:522][ 64]LogSavePackage:Display: Finished SavePackage D:/Repo/CISC374_Team4/Lionfish/Content/TopDownBP/Maps/TopDownExampleMap.umap
[2017.04.28-15.39.07:613][ 64]Cmd: OBJ SAVEPACKAGE PACKAGE="/Game/TopDownBP/Maps/TopDownExampleMap_BuiltData" FILE="D:/Repo/CISC374_Team4/Lionfish/Content/TopDownBP/Maps/TopDownExampleMap_BuiltData.uasset" SILENT=true
[2017.04.28-15.39.09:113][ 64]LogSavePackage: Save=1468.19ms
[2017.04.28-15.39.09:113][ 64]LogSavePackage: Moving 'D:/Repo/CISC374_Team4/Lionfish/Saved/TopDownExampleMap_BuiltData226B9AC845F5A8AC632A33A81C0A047D.tmp' to 'D:/Repo/CISC374_Team4/Lionfish/Content/TopDownBP/Maps/TopDownExampleMap_BuiltData.uasset'
[2017.04.28-15.39.09:117][ 64]LogSavePackage:Display: Finished SavePackage D:/Repo/CISC374_Team4/Lionfish/Content/TopDownBP/Maps/TopDownExampleMap_BuiltData.uasset
[2017.04.28-15.39.34:200][518]Cmd: OBJ SAVEPACKAGE PACKAGE="/Game/TopDownBP/Blueprints/HUD" FILE="D:/Repo/CISC374_Team4/Lionfish/Content/TopDownBP/Blueprints/HUD.uasset" SILENT=true
[2017.04.28-15.39.34:218][518]LogSavePackage: Save=17.70ms
[2017.04.28-15.39.34:218][518]LogSavePackage: Moving 'D:/Repo/CISC374_Team4/Lionfish/Saved/HUD469C604349415BA02358398882C01D67.tmp' to 'D:/Repo/CISC374_Team4/Lionfish/Content/TopDownBP/Blueprints/HUD.uasset'
[2017.04.28-15.39.34:219][518]LogSavePackage:Display: Finished SavePackage D:/Repo/CISC374_Team4/Lionfish/Content/TopDownBP/Blueprints/HUD.uasset
[2017.04.28-15.39.39:588][907]BlueprintLog: New page: Compile HUD
[2017.04.28-15.39.42:900][207]LogTemp: Repeting last play command: Selected Viewport
[2017.04.28-15.39.42:910][207]LogBlueprintUserMessages: Early PlayInEditor Detection: Level '/Game/TopDownBP/Maps/TopDownExampleMap.TopDownExampleMap:PersistentLevel' has LevelScriptBlueprint '/Game/TopDownBP/Maps/TopDownExampleMap.TopDownExampleMap:PersistentLevel.TopDownExampleMap' with GeneratedClass '/Game/TopDownBP/Maps/TopDownExampleMap.TopDownExampleMap_C' with ClassGeneratedBy '/Game/TopDownBP/Maps/TopDownExampleMap.TopDownExampleMap:PersistentLevel.TopDownExampleMap'
[2017.04.28-15.39.42:910][207]LogPlayLevel: PlayLevel: No blueprints needed recompiling
[2017.04.28-15.39.42:911][207]PIE: New page: PIE session: TopDownExampleMap (Apr 28, 2017, 7:39:42 AM)
[2017.04.28-15.39.42:911][207]LogPlayLevel: Creating play world package: /Game/TopDownBP/Maps/UEDPIE_0_TopDownExampleMap
[2017.04.28-15.39.42:939][207]LogPlayLevel: PIE: StaticDuplicateObject took: (0.027912s)
[2017.04.28-15.39.42:940][207]LogAIModule: Creating AISystem for world TopDownExampleMap
[2017.04.28-15.39.42:940][207]LogPlayLevel: PIE: World Init took: (0.001105s)
[2017.04.28-15.39.42:940][207]LogPlayLevel: PIE: Created PIE world by copying editor world from /Game/TopDownBP/Maps/TopDownExampleMap.TopDownExampleMap to /Game/TopDownBP/Maps/UEDPIE_0_TopDownExampleMap.TopDownExampleMap (0.029435s)
[2017.04.28-15.39.42:961][207]LogInit: XAudio2 using 'Speakers (Realtek High Definition Audio)' : 2 channels at 48 kHz using 32 bits per sample (channel mask 0x3)
[2017.04.28-15.39.42:970][207]LogInit: FAudioDevice initialized.
[2017.04.28-15.39.43:000][207]LogLoad: Game class is 'TopDownGameMode_C'
[2017.04.28-15.39.43:005][207]LogWorld: Bringing World /Game/TopDownBP/Maps/UEDPIE_0_TopDownExampleMap.TopDownExampleMap up for play (max tick rate 0) at 2017.04.28-11.39.43
[2017.04.28-15.39.43:006][207]LogWorld: Bringing up level for play took: 0.003757
[2017.04.28-15.39.43:007][207]PIE: Info Play in editor start time for /Game/TopDownBP/Maps/UEDPIE_0_TopDownExampleMap -0.844
[2017.04.28-15.39.43:008][207]LogBlueprintUserMessages: Late PlayInEditor Detection: Level '/Game/TopDownBP/Maps/TopDownExampleMap.TopDownExampleMap:PersistentLevel' has LevelScriptBlueprint '/Game/TopDownBP/Maps/TopDownExampleMap.TopDownExampleMap:PersistentLevel.TopDownExampleMap' with GeneratedClass '/Game/TopDownBP/Maps/TopDownExampleMap.TopDownExampleMap_C' with ClassGeneratedBy '/Game/TopDownBP/Maps/TopDownExampleMap.TopDownExampleMap:PersistentLevel.TopDownExampleMap'
[2017.04.28-15.40.43:532][456]LogBlueprintUserMessages: Early EndPlayMap Detection: Level '/Game/TopDownBP/Maps/TopDownExampleMap.TopDownExampleMap:PersistentLevel' has LevelScriptBlueprint '/Game/TopDownBP/Maps/TopDownExampleMap.TopDownExampleMap:PersistentLevel.TopDownExampleMap' with GeneratedClass '/Game/TopDownBP/Maps/TopDownExampleMap.TopDownExampleMap_C' with ClassGeneratedBy '/Game/TopDownBP/Maps/TopDownExampleMap.TopDownExampleMap:PersistentLevel.TopDownExampleMap'
[2017.04.28-15.40.43:568][456]LogBlueprintUserMessages: Late EndPlayMap Detection: Level '/Game/TopDownBP/Maps/TopDownExampleMap.TopDownExampleMap:PersistentLevel' has LevelScriptBlueprint '/Game/TopDownBP/Maps/TopDownExampleMap.TopDownExampleMap:PersistentLevel.TopDownExampleMap' with GeneratedClass '/Game/TopDownBP/Maps/TopDownExampleMap.TopDownExampleMap_C' with ClassGeneratedBy '/Game/TopDownBP/Maps/TopDownExampleMap.TopDownExampleMap:PersistentLevel.TopDownExampleMap'
[2017.04.28-15.40.47:336][877]Cmd: OBJ SAVEPACKAGE PACKAGE="/Game/TopDownBP/Maps/TopDownExampleMap" FILE="D:/Repo/CISC374_Team4/Lionfish/Content/TopDownBP/Maps/TopDownExampleMap.umap" SILENT=true AUTOSAVING=false KEEPDIRTY=false
[2017.04.28-15.40.47:519][877]LogSavePackage: Save=166.90ms
[2017.04.28-15.40.47:519][877]LogSavePackage: Moving 'D:/Repo/CISC374_Team4/Lionfish/Saved/TopDownExampleMap9D2AE10F4B396D70168346BAC492A339.tmp' to 'D:/Repo/CISC374_Team4/Lionfish/Content/TopDownBP/Maps/TopDownExampleMap.umap'
[2017.04.28-15.40.47:520][877]LogSavePackage:Display: Finished SavePackage D:/Repo/CISC374_Team4/Lionfish/Content/TopDownBP/Maps/TopDownExampleMap.umap
[2017.04.28-15.40.47:623][877]Cmd: OBJ SAVEPACKAGE PACKAGE="/Game/TopDownBP/Maps/TopDownExampleMap_BuiltData" FILE="D:/Repo/CISC374_Team4/Lionfish/Content/TopDownBP/Maps/TopDownExampleMap_BuiltData.uasset" SILENT=true
[2017.04.28-15.40.48:645][877]LogSavePackage: Save=1020.93ms
[2017.04.28-15.40.48:645][877]LogSavePackage: Moving 'D:/Repo/CISC374_Team4/Lionfish/Saved/TopDownExampleMap_BuiltDataFDB04095418E56124C39D5B50AD11965.tmp' to 'D:/Repo/CISC374_Team4/Lionfish/Content/TopDownBP/Maps/TopDownExampleMap_BuiltData.uasset'
[2017.04.28-15.40.48:650][877]LogSavePackage:Display: Finished SavePackage D:/Repo/CISC374_Team4/Lionfish/Content/TopDownBP/Maps/TopDownExampleMap_BuiltData.uasset
[2017.04.28-15.40.54:702][369]Cmd: OBJ SAVEPACKAGE PACKAGE="/Game/TopDownBP/Blueprints/NewBlueprint" FILE="D:/Repo/CISC374_Team4/Lionfish/Content/TopDownBP/Blueprints/NewBlueprint.uasset" SILENT=true
[2017.04.28-15.40.54:703][369]LogSavePackage: Save=0.48ms
[2017.04.28-15.40.54:703][369]LogSavePackage: Moving 'D:/Repo/CISC374_Team4/Lionfish/Saved/NewBlueprint01E3DBB2497E97816859B3B172BAB641.tmp' to 'D:/Repo/CISC374_Team4/Lionfish/Content/TopDownBP/Blueprints/NewBlueprint.uasset'
[2017.04.28-15.40.54:704][369]LogSavePackage:Display: Finished SavePackage D:/Repo/CISC374_Team4/Lionfish/Content/TopDownBP/Blueprints/NewBlueprint.uasset
[2017.04.28-15.40.54:892][369]LogWindowsTextInputMethodSystem:Display: IME system now deactivated.
[2017.04.28-15.40.55:081][370]Cmd: QUIT_EDITOR
[2017.04.28-15.40.55:808][370]LogExit: Preparing to exit.
[2017.04.28-15.40.56:106][370]LogExit: Editor shut down
[2017.04.28-15.40.56:106][370]LogExit: Transaction tracking system shut down
[2017.04.28-15.40.56:202][370]LogObj: Freed 0b from 0 cluster array pools.
[2017.04.28-15.40.56:202][370]LogExit: Object subsystem successfully closed.
[2017.04.28-15.40.56:219][370]LogD3D11RHI: Shutdown
[2017.04.28-15.40.56:219][370]LogD3D11RHI: CleanupD3DDevice
[2017.04.28-15.40.56:326][370]LogD3D11RHI: ~FD3D11DynamicRHI
[2017.04.28-15.40.56:342][370]LogModuleManager: Shutting down and abandoning module SequencerWidgets (506)
[2017.04.28-15.40.56:342][370]LogModuleManager: Shutting down and abandoning module BlueprintGraph (504)
[2017.04.28-15.40.56:342][370]LogModuleManager: Shutting down and abandoning module BlueprintProfiler (502)
[2017.04.28-15.40.56:342][370]LogModuleManager: Shutting down and abandoning module MovieSceneCapture (500)
[2017.04.28-15.40.56:342][370]LogModuleManager: Shutting down and abandoning module HierarchicalLODOutliner (498)
[2017.04.28-15.40.56:342][370]LogModuleManager: Shutting down and abandoning module CrashTracker (496)
[2017.04.28-15.40.56:342][370]LogModuleManager: Shutting down and abandoning module SceneOutliner (494)
[2017.04.28-15.40.56:342][370]LogModuleManager: Shutting down and abandoning module AddContentDialog (492)
[2017.04.28-15.40.56:342][370]LogDirectoryWatcher: A directory notification for 'C:/Program Files/Epic Games/UE_4.15/FeaturePacks/' was aborted.
[2017.04.28-15.40.56:344][370]LogModuleManager: Shutting down and abandoning module WidgetCarousel (491)
[2017.04.28-15.40.56:344][370]LogModuleManager: Shutting down and abandoning module EditorWidgets (488)
[2017.04.28-15.40.56:344][370]LogModuleManager: Shutting down and abandoning module CollectionManager (486)
[2017.04.28-15.40.56:345][370]LogDirectoryWatcher: A directory notification for 'D:/Repo/CISC374_Team4/Lionfish/Content/Collections/' was aborted.
[2017.04.28-15.40.56:345][370]LogDirectoryWatcher: A directory notification for 'D:/Repo/CISC374_Team4/Lionfish/Content/Developers/Tom/Collections/' was aborted.
[2017.04.28-15.40.56:345][370]LogDirectoryWatcher: A directory notification for 'D:/Repo/CISC374_Team4/Lionfish/Saved/Collections/' was aborted.
[2017.04.28-15.40.56:345][370]LogModuleManager: Shutting down and abandoning module StatsViewer (484)
[2017.04.28-15.40.56:345][370]LogModuleManager: Shutting down and abandoning module FoliageEdit (482)
[2017.04.28-15.40.56:345][370]LogModuleManager: Shutting down and abandoning module LandscapeEditor (480)
[2017.04.28-15.40.56:345][370]LogModuleManager: Shutting down and abandoning module SceneDepthPickerMode (478)
[2017.04.28-15.40.56:345][370]LogModuleManager: Shutting down and abandoning module ActorPickerMode (476)
[2017.04.28-15.40.56:345][370]LogModuleManager: Shutting down and abandoning module GeometryMode (474)
[2017.04.28-15.40.56:345][370]LogModuleManager: Shutting down and abandoning module TextureAlignMode (472)
[2017.04.28-15.40.56:345][370]LogModuleManager: Shutting down and abandoning module BspMode (470)
[2017.04.28-15.40.56:345][370]LogModuleManager: Shutting down and abandoning module HardwareSurvey (468)
[2017.04.28-15.40.56:345][370]LogModuleManager: Shutting down and abandoning module SequenceRecorderSections (466)
[2017.04.28-15.40.56:345][370]LogModuleManager: Shutting down and abandoning module AutomationWorker (464)
[2017.04.28-15.40.56:345][370]LogModuleManager: Shutting down and abandoning module MatineeToLevelSequence (462)
[2017.04.28-15.40.56:345][370]LogModuleManager: Shutting down and abandoning module LevelSequenceEditor (460)
[2017.04.28-15.40.56:345][370]LogModuleManager: Shutting down and abandoning module PlacementMode (459)
[2017.04.28-15.40.56:345][370]LogModuleManager: Shutting down and abandoning module WmfMediaFactory (456)
[2017.04.28-15.40.56:345][370]LogModuleManager: Shutting down and abandoning module WmfMediaEditor (454)
[2017.04.28-15.40.56:345][370]LogModuleManager: Shutting down and abandoning module MfMediaFactory (452)
[2017.04.28-15.40.56:345][370]LogModuleManager: Shutting down and abandoning module MfMediaEditor (450)
[2017.04.28-15.40.56:345][370]LogModuleManager: Shutting down and abandoning module AvfMediaFactory (448)
[2017.04.28-15.40.56:345][370]LogModuleManager: Shutting down and abandoning module AvfMediaEditor (446)
[2017.04.28-15.40.56:345][370]LogModuleManager: Shutting down and abandoning module AndroidMediaFactory (444)
[2017.04.28-15.40.56:345][370]LogModuleManager: Shutting down and abandoning module Media (443)
[2017.04.28-15.40.56:345][370]LogModuleManager: Shutting down and abandoning module AndroidMediaEditor (440)
[2017.04.28-15.40.56:345][370]LogModuleManager: Shutting down and abandoning module CharacterAI (438)
[2017.04.28-15.40.56:345][370]LogModuleManager: Shutting down and abandoning module AudioCapture (436)
[2017.04.28-15.40.56:345][370]LogModuleManager: Shutting down and abandoning module SequenceRecorder (435)
[2017.04.28-15.40.56:345][370]LogModuleManager: Shutting down and abandoning module SmartSnapping (432)
[2017.04.28-15.40.56:345][370]LogModuleManager: Shutting down and abandoning module SessionServices (430)
[2017.04.28-15.40.56:345][370]LogModuleManager: Shutting down and abandoning module ViewportSnapping (428)
[2017.04.28-15.40.56:345][370]LogModuleManager: Shutting down and abandoning module ViewportInteraction (426)
[2017.04.28-15.40.56:345][370]LogModuleManager: Shutting down and abandoning module LogVisualizer (424)
[2017.04.28-15.40.56:345][370]LogModuleManager: Shutting down and abandoning module IntroTutorials (422)
[2017.04.28-15.40.56:345][370]LogModuleManager: Shutting down and abandoning module GameProjectGeneration (421)
[2017.04.28-15.40.56:345][370]LogModuleManager: Shutting down and abandoning module EditorLiveStreaming (418)
[2017.04.28-15.40.56:345][370]LogModuleManager: Shutting down and abandoning module IOSPlatformEditor (416)
[2017.04.28-15.40.56:345][370]LogModuleManager: Shutting down and abandoning module HTML5PlatformEditor (414)
[2017.04.28-15.40.56:345][370]LogModuleManager: Shutting down and abandoning module AndroidPlatformEditor (412)
[2017.04.28-15.40.56:345][370]LogModuleManager: Shutting down and abandoning module AndroidDeviceDetection (411)
[2017.04.28-15.40.57:009][370]LogModuleManager: Shutting down and abandoning module IOSRuntimeSettings (408)
[2017.04.28-15.40.57:009][370]LogModuleManager: Shutting down and abandoning module AndroidRuntimeSettings (406)
[2017.04.28-15.40.57:009][370]LogModuleManager: Shutting down and abandoning module InputBindingEditor (404)
[2017.04.28-15.40.57:009][370]LogModuleManager: Shutting down and abandoning module NiagaraEditor (402)
[2017.04.28-15.40.57:009][370]LogModuleManager: Shutting down and abandoning module MergeActors (400)
[2017.04.28-15.40.57:009][370]LogModuleManager: Shutting down and abandoning module SizeMap (398)
[2017.04.28-15.40.57:009][370]LogModuleManager: Shutting down and abandoning module TreeMap (396)
[2017.04.28-15.40.57:009][370]LogModuleManager: Shutting down and abandoning module ReferenceViewer (394)
[2017.04.28-15.40.57:009][370]LogModuleManager: Shutting down and abandoning module LocalizationDashboard (392)
[2017.04.28-15.40.57:009][370]LogModuleManager: Shutting down and abandoning module LocalizationService (391)
[2017.04.28-15.40.57:009][370]LogModuleManager: Shutting down and abandoning module HardwareTargeting (388)
[2017.04.28-15.40.57:009][370]LogModuleManager: Shutting down and abandoning module DeviceProfileEditor (386)
[2017.04.28-15.40.57:009][370]LogModuleManager: Shutting down and abandoning module UndoHistory (384)
[2017.04.28-15.40.57:009][370]LogModuleManager: Shutting down and abandoning module UserFeedback (382)
[2017.04.28-15.40.57:009][370]LogModuleManager: Shutting down and abandoning module XmlParser (380)
[2017.04.28-15.40.57:009][370]LogModuleManager: Shutting down and abandoning module Blutility (378)
[2017.04.28-15.40.57:009][370]LogModuleManager: Shutting down and abandoning module ProjectSettingsViewer (376)
[2017.04.28-15.40.57:009][370]LogModuleManager: Shutting down and abandoning module ProjectTargetPlatformEditor (375)
[2017.04.28-15.40.57:009][370]LogModuleManager: Shutting down and abandoning module EditorSettingsViewer (372)
[2017.04.28-15.40.57:009][370]LogModuleManager: Shutting down and abandoning module SettingsEditor (370)
[2017.04.28-15.40.57:009][370]LogModuleManager: Shutting down and abandoning module ProjectLauncher (368)
[2017.04.28-15.40.57:009][370]LogModuleManager: Shutting down and abandoning module SessionFrontend (366)
[2017.04.28-15.40.57:009][370]LogModuleManager: Shutting down and abandoning module ProfilerClient (364)
[2017.04.28-15.40.57:009][370]LogModuleManager: Shutting down and abandoning module DeviceManager (362)
[2017.04.28-15.40.57:009][370]LogModuleManager: Shutting down and abandoning module TargetDeviceServices (361)
[2017.04.28-15.40.57:063][370]LogModuleManager: Shutting down and abandoning module AutomationController (358)
[2017.04.28-15.40.57:063][370]LogModuleManager: Shutting down and abandoning module AutomationWindow (356)
[2017.04.28-15.40.57:063][370]LogModuleManager: Shutting down and abandoning module Layers (354)
[2017.04.28-15.40.57:063][370]LogModuleManager: Shutting down and abandoning module ComponentVisualizers (352)
[2017.04.28-15.40.57:063][370]LogModuleManager: Shutting down and abandoning module DetailCustomizations (350)
[2017.04.28-15.40.57:063][370]LogModuleManager: Shutting down and abandoning module PackagesDialog (348)
[2017.04.28-15.40.57:063][370]LogModuleManager: Shutting down and abandoning module Persona (346)
[2017.04.28-15.40.57:063][370]LogModuleManager: Shutting down and abandoning module AnimGraph (345)
[2017.04.28-15.40.57:063][370]LogModuleManager: Shutting down and abandoning module Kismet (342)
[2017.04.28-15.40.57:070][370]LogModuleManager: Shutting down and abandoning module GraphEditor (340)
[2017.04.28-15.40.57:070][370]LogModuleManager: Shutting down and abandoning module ClassViewer (338)
[2017.04.28-15.40.57:071][370]LogModuleManager: Shutting down and abandoning module Toolbox (336)
[2017.04.28-15.40.57:071][370]LogModuleManager: Shutting down and abandoning module ModuleUI (334)
[2017.04.28-15.40.57:071][370]LogModuleManager: Shutting down and abandoning module MovieSceneTools (332)
[2017.04.28-15.40.57:071][370]LogModuleManager: Shutting down and abandoning module OutputLog (330)
[2017.04.28-15.40.57:071][370]LogModuleManager: Shutting down and abandoning module GammaUI (328)
[2017.04.28-15.40.57:071][370]LogModuleManager: Shutting down and abandoning module Documentation (326)
[2017.04.28-15.40.57:071][370]LogModuleManager: Shutting down and abandoning module Niagara (324)
[2017.04.28-15.40.57:071][370]LogModuleManager: Shutting down and abandoning module StreamingPauseRendering (322)
[2017.04.28-15.40.57:071][370]LogModuleManager: Shutting down and abandoning module AnalyticsET (320)
[2017.04.28-15.40.57:071][370]LogModuleManager: Shutting down and abandoning module PortalServices (318)
[2017.04.28-15.40.57:071][370]LogModuleManager: Shutting down and abandoning module PortalRpc (316)
[2017.04.28-15.40.57:071][370]LogModuleManager: Shutting down and abandoning module MessagingRpc (314)
[2017.04.28-15.40.57:071][370]LogModuleManager: Shutting down and abandoning module AIModule (312)
[2017.04.28-15.40.57:071][370]LogModuleManager: Shutting down and abandoning module GameplayDebugger (311)
[2017.04.28-15.40.57:071][370]LogModuleManager: Shutting down and abandoning module AITestSuite (309)
[2017.04.28-15.40.57:071][370]LogModuleManager: Shutting down and abandoning module ProfilerService (306)
[2017.04.28-15.40.57:225][370]LogModuleManager: Shutting down and abandoning module TaskGraph (304)
[2017.04.28-15.40.57:225][370]LogModuleManager: Shutting down and abandoning module SteamVRController (302)
[2017.04.28-15.40.57:225][370]LogModuleManager: Shutting down and abandoning module SteamVR (300)
[2017.04.28-15.40.57:225][370]LogModuleManager: Shutting down and abandoning module ProceduralMeshComponentEditor (298)
[2017.04.28-15.40.57:225][370]LogModuleManager: Shutting down and abandoning module ProceduralMeshComponent (296)
[2017.04.28-15.40.57:225][370]LogModuleManager: Shutting down and abandoning module OculusLibrary (294)
[2017.04.28-15.40.57:225][370]LogModuleManager: Shutting down and abandoning module OculusInput (292)
[2017.04.28-15.40.57:225][370]LogModuleManager: Shutting down and abandoning module MobilePatchingUtils (290)
[2017.04.28-15.40.57:225][370]LogModuleManager: Shutting down and abandoning module CustomMeshComponent (288)
[2017.04.28-15.40.57:225][370]LogModuleManager: Shutting down and abandoning module CableComponent (286)
[2017.04.28-15.40.57:225][370]LogModuleManager: Shutting down and abandoning module ArchVisCharacter (284)
[2017.04.28-15.40.57:225][370]LogModuleManager: Shutting down and abandoning module MediaPlayerEditor (280)
[2017.04.28-15.40.57:225][370]LogModuleManager: Shutting down and abandoning module HTML5Networking (278)
[2017.04.28-15.40.57:225][370]LogModuleManager: Shutting down and abandoning module AlembicImporter (276)
[2017.04.28-15.40.57:225][370]LogModuleManager: Shutting down and abandoning module AlembicLibrary (275)
[2017.04.28-15.40.57:225][370]LogModuleManager: Shutting down and abandoning module GeometryCache (274)
[2017.04.28-15.40.57:225][370]LogModuleManager: Shutting down and abandoning module GeometryCacheEd (273)
[2017.04.28-15.40.57:225][370]LogModuleManager: Shutting down and abandoning module SuperSearchEditor (268)
[2017.04.28-15.40.57:225][370]LogModuleManager: Shutting down and abandoning module SuperSearch (267)
[2017.04.28-15.40.57:225][370]LogModuleManager: Shutting down and abandoning module SpeedTreeImporter (264)
[2017.04.28-15.40.57:225][370]LogModuleManager: Shutting down and abandoning module PluginBrowser (262)
[2017.04.28-15.40.57:225][370]LogModuleManager: Shutting down and abandoning module MobileLauncherProfileWizard (260)
[2017.04.28-15.40.57:226][370]LogModuleManager: Shutting down and abandoning module EpicSurvey (258)
[2017.04.28-15.40.57:226][370]LogModuleManager: Shutting down and abandoning module VisualStudioSourceCodeAccess (256)
[2017.04.28-15.40.57:226][370]LogModuleManager: Shutting down and abandoning module DesktopPlatform (255)
[2017.04.28-15.40.57:226][370]LogModuleManager: Shutting down and abandoning module UObjectPlugin (252)
[2017.04.28-15.40.57:226][370]LogModuleManager: Shutting down and abandoning module SubversionSourceControl (250)
[2017.04.28-15.40.57:226][370]LogModuleManager: Shutting down and abandoning module PerforceSourceControl (248)
[2017.04.28-15.40.57:226][370]LogModuleManager: Shutting down and abandoning module GitSourceControl (246)
[2017.04.28-15.40.57:226][370]LogModuleManager: Shutting down and abandoning module SourceControl (245)
[2017.04.28-15.40.57:226][370]LogModuleManager: Shutting down and abandoning module LightPropagationVolumeEditor (242)
[2017.04.28-15.40.57:226][370]LogModuleManager: Shutting down and abandoning module PaperTiledImporter (240)
[2017.04.28-15.40.57:226][370]LogModuleManager: Shutting down and abandoning module PaperSpriteSheetImporter (238)
[2017.04.28-15.40.57:226][370]LogModuleManager: Shutting down and abandoning module Paper2DEditor (236)
[2017.04.28-15.40.57:226][370]LogModuleManager: Shutting down and abandoning module MeshPaint (235)
[2017.04.28-15.40.57:226][370]LogModuleManager: Shutting down and abandoning module LevelEditor (233)
[2017.04.28-15.40.57:226][370]LogModuleManager: Shutting down and abandoning module PixelInspectorModule (232)
[2017.04.28-15.40.57:226][370]LogModuleManager: Shutting down and abandoning module MainFrame (230)
[2017.04.28-15.40.57:226][370]LogModuleManager: Shutting down and abandoning module HotReload (229)
[2017.04.28-15.40.57:227][370]LogModuleManager: Shutting down and abandoning module ContentBrowser (225)
[2017.04.28-15.40.57:227][370]LogModuleManager: Shutting down and abandoning module PhysXVehiclesEditor (222)
[2017.04.28-15.40.57:228][370]LogModuleManager: Shutting down and abandoning module PhysXVehicles (220)
[2017.04.28-15.40.57:228][370]LogModuleManager: Shutting down and abandoning module LocationServicesBPLibrary (218)
[2017.04.28-15.40.57:228][370]LogModuleManager: Shutting down and abandoning module UdpMessaging (216)
[2017.04.28-15.40.57:329][370]LogModuleManager: Shutting down and abandoning module TcpMessaging (214)
[2017.04.28-15.40.57:430][370]LogModuleManager: Shutting down and abandoning module GameplayTagsEditor (212)
[2017.04.28-15.40.57:430][370]LogModuleManager: Shutting down and abandoning module FacialAnimationEditor (210)
[2017.04.28-15.40.57:430][370]LogModuleManager: Shutting down and abandoning module FacialAnimation (208)
[2017.04.28-15.40.57:430][370]LogModuleManager: Shutting down and abandoning module LightPropagationVolumeRuntime (206)
[2017.04.28-15.40.57:430][370]LogModuleManager: Shutting down and abandoning module Paper2D (204)
[2017.04.28-15.40.57:430][370]LogModuleManager: Shutting down and abandoning module WindowsMoviePlayer (202)
[2017.04.28-15.40.57:430][370]LogModuleManager: Shutting down and abandoning module WmfMedia (200)
[2017.04.28-15.40.57:430][370]LogModuleManager: Shutting down and abandoning module MfMedia (198)
[2017.04.28-15.40.57:430][370]LogModuleManager: Shutting down and abandoning module MediaAssets (196)
[2017.04.28-15.40.57:430][370]LogModuleManager: Shutting down and abandoning module GameLiveStreaming (194)
[2017.04.28-15.40.57:430][370]LogModuleManager: Shutting down and abandoning module VREditor (192)
[2017.04.28-15.40.57:430][370]LogModuleManager: Shutting down and abandoning module GameplayTasksEditor (190)
[2017.04.28-15.40.57:430][370]LogModuleManager: Shutting down and abandoning module BehaviorTreeEditor (188)
[2017.04.28-15.40.57:430][370]LogModuleManager: Shutting down and abandoning module FunctionalTesting (186)
[2017.04.28-15.40.57:430][370]LogModuleManager: Shutting down and abandoning module CollisionAnalyzer (184)
[2017.04.28-15.40.57:430][370]LogModuleManager: Shutting down and abandoning module UMG (182)
[2017.04.28-15.40.57:430][370]LogModuleManager: Shutting down and abandoning module UMGEditor (181)
[2017.04.28-15.40.57:430][370]LogModuleManager: Shutting down and abandoning module Sequencer (180)
[2017.04.28-15.40.57:430][370]LogModuleManager: Shutting down and abandoning module AssetTools (178)
[2017.04.28-15.40.57:430][370]LogModuleManager: Shutting down and abandoning module MessageLog (177)
[2017.04.28-15.40.57:430][370]LogModuleManager: Shutting down and abandoning module WorkspaceMenuStructure (176)
[2017.04.28-15.40.57:430][370]LogModuleManager: Shutting down and abandoning module SlateReflector (170)
[2017.04.28-15.40.57:431][370]LogModuleManager: Shutting down and abandoning module Slate (168)
[2017.04.28-15.40.57:431][370]LogModuleManager: Shutting down and abandoning module EditorStyle (166)
[2017.04.28-15.40.57:433][370]LogModuleManager: Shutting down and abandoning module SourceCodeAccess (164)
[2017.04.28-15.40.57:433][370]LogModuleManager: Shutting down and abandoning module HeadMountedDisplay (162)
[2017.04.28-15.40.57:433][370]LogModuleManager: Shutting down and abandoning module XAudio2 (160)
[2017.04.28-15.40.57:433][370]LogModuleManager: Shutting down and abandoning module Networking (158)
[2017.04.28-15.40.57:433][370]LogModuleManager: Shutting down and abandoning module Core (154)
[2017.04.28-15.40.57:433][370]LogModuleManager: Shutting down and abandoning module AssetRegistry (152)
[2017.04.28-15.40.57:627][370]LogDirectoryWatcher: A directory notification for '../../../Engine/Content/' was aborted.
[2017.04.28-15.40.57:627][370]LogDirectoryWatcher: A directory notification for 'D:/Repo/CISC374_Team4/Lionfish/Content/' was aborted.
[2017.04.28-15.40.57:627][370]LogDirectoryWatcher: A directory notification for '../../../Engine/Plugins/2D/Paper2D/Content/' was aborted.
[2017.04.28-15.40.57:627][370]LogModuleManager: Shutting down and abandoning module DirectoryWatcher (151)
[2017.04.28-15.40.57:628][370]LogModuleManager: Shutting down and abandoning module KismetCompiler (148)
[2017.04.28-15.40.57:628][370]LogModuleManager: Shutting down and abandoning module PhysXFormats (146)
[2017.04.28-15.40.57:628][370]LogModuleManager: Shutting down and abandoning module MeshUtilities (144)
[2017.04.28-15.40.57:628][370]LogModuleManager: Shutting down and abandoning module SimplygonSwarm (143)
[2017.04.28-15.40.57:628][370]LogModuleManager: Shutting down and abandoning module SimplygonMeshReduction (141)
[2017.04.28-15.40.57:628][370]LogModuleManager: Shutting down and abandoning module QuadricMeshReduction (139)
[2017.04.28-15.40.57:628][370]LogModuleManager: Shutting down and abandoning module PropertyEditor (137)
[2017.04.28-15.40.57:628][370]LogModuleManager: Shutting down and abandoning module DerivedDataCache (134)
[2017.04.28-15.40.57:636][370]LogDerivedDataCache: Shutdown
[2017.04.28-15.40.57:636][370]LogModuleManager: Shutting down and abandoning module TargetPlatform (132)
[2017.04.28-15.40.57:636][370]LogModuleManager: Shutting down and abandoning module VulkanShaderFormat (131)
[2017.04.28-15.40.57:636][370]LogModuleManager: Shutting down and abandoning module ShaderFormatOpenGL (129)
[2017.04.28-15.40.57:636][370]LogModuleManager: Shutting down and abandoning module ShaderFormatD3D (127)
[2017.04.28-15.40.57:636][370]LogModuleManager: Shutting down and abandoning module MetalShaderFormat (125)
[2017.04.28-15.40.57:636][370]LogModuleManager: Shutting down and abandoning module TextureFormatUncompressed (123)
[2017.04.28-15.40.57:636][370]LogModuleManager: Shutting down and abandoning module TextureFormatPVR (121)
[2017.04.28-15.40.57:636][370]LogModuleManager: Shutting down and abandoning module TextureFormatDXT (119)
[2017.04.28-15.40.57:636][370]LogModuleManager: Shutting down and abandoning module TextureFormatIntelISPCTexComp (117)
[2017.04.28-15.40.57:636][370]LogModuleManager: Shutting down and abandoning module TextureFormatASTC (115)
[2017.04.28-15.40.57:636][370]LogModuleManager: Shutting down and abandoning module ImageWrapper (114)
[2017.04.28-15.40.57:636][370]LogModuleManager: Shutting down and abandoning module TextureFormatAndroid (111)
[2017.04.28-15.40.57:636][370]LogModuleManager: Shutting down and abandoning module AudioFormatOpus (109)
[2017.04.28-15.40.57:636][370]LogModuleManager: Shutting down and abandoning module AudioFormatOgg (107)
[2017.04.28-15.40.57:636][370]LogModuleManager: Shutting down and abandoning module AudioFormatADPCM (105)
[2017.04.28-15.40.57:636][370]LogModuleManager: Shutting down and abandoning module LinuxTargetPlatform (103)
[2017.04.28-15.40.57:636][370]LogModuleManager: Shutting down and abandoning module LinuxServerTargetPlatform (101)
[2017.04.28-15.40.57:636][370]LogModuleManager: Shutting down and abandoning module LinuxNoEditorTargetPlatform (99)
[2017.04.28-15.40.57:636][370]LogModuleManager: Shutting down and abandoning module LinuxClientTargetPlatform (97)
[2017.04.28-15.40.57:636][370]LogModuleManager: Shutting down and abandoning module TVOSTargetPlatform (95)
[2017.04.28-15.40.57:636][370]LogModuleManager: Shutting down and abandoning module Messaging (93)
[2017.04.28-15.40.57:636][370]LogModuleManager: Shutting down and abandoning module IOSTargetPlatform (91)
[2017.04.28-15.40.57:636][370]LogModuleManager: Shutting down and abandoning module HTML5TargetPlatform (89)
[2017.04.28-15.40.57:636][370]LogModuleManager: Shutting down and abandoning module Android_PVRTCTargetPlatform (87)
[2017.04.28-15.40.57:636][370]LogModuleManager: Shutting down and abandoning module Android_MultiTargetPlatform (85)
[2017.04.28-15.40.57:636][370]LogModuleManager: Shutting down and abandoning module Android_ETC2TargetPlatform (83)
[2017.04.28-15.40.57:636][370]LogModuleManager: Shutting down and abandoning module Android_ETC1TargetPlatform (81)
[2017.04.28-15.40.57:636][370]LogModuleManager: Shutting down and abandoning module Android_DXTTargetPlatform (79)
[2017.04.28-15.40.57:636][370]LogModuleManager: Shutting down and abandoning module Android_ATCTargetPlatform (77)
[2017.04.28-15.40.57:636][370]LogModuleManager: Shutting down and abandoning module Android_ASTCTargetPlatform (75)
[2017.04.28-15.40.57:636][370]LogModuleManager: Shutting down and abandoning module AndroidTargetPlatform (73)
[2017.04.28-15.40.57:636][370]LogModuleManager: Shutting down and abandoning module WindowsTargetPlatform (71)
[2017.04.28-15.40.57:636][370]LogModuleManager: Shutting down and abandoning module WindowsServerTargetPlatform (69)
[2017.04.28-15.40.57:636][370]LogModuleManager: Shutting down and abandoning module WindowsNoEditorTargetPlatform (67)
[2017.04.28-15.40.57:636][370]LogModuleManager: Shutting down and abandoning module WindowsClientTargetPlatform (65)
[2017.04.28-15.40.57:636][370]LogModuleManager: Shutting down and abandoning module MacTargetPlatform (63)
[2017.04.28-15.40.57:636][370]LogModuleManager: Shutting down and abandoning module MacServerTargetPlatform (61)
[2017.04.28-15.40.57:636][370]LogModuleManager: Shutting down and abandoning module MacNoEditorTargetPlatform (59)
[2017.04.28-15.40.57:636][370]LogModuleManager: Shutting down and abandoning module MacClientTargetPlatform (57)
[2017.04.28-15.40.57:636][370]LogModuleManager: Shutting down and abandoning module AllDesktopTargetPlatform (55)
[2017.04.28-15.40.57:636][370]LogModuleManager: Shutting down and abandoning module InputCore (52)
[2017.04.28-15.40.57:636][370]LogModuleManager: Shutting down and abandoning module Settings (50)
[2017.04.28-15.40.57:637][370]LogModuleManager: Shutting down and abandoning module OculusRift (48)
[2017.04.28-15.40.57:637][370]LogModuleManager: Shutting down and abandoning module GearVR (46)
[2017.04.28-15.40.57:637][370]LogModuleManager: Shutting down and abandoning module ExampleDeviceProfileSelector (44)
[2017.04.28-15.40.57:637][370]LogModuleManager: Shutting down and abandoning module OnlineBlueprintSupport (42)
[2017.04.28-15.40.57:637][370]LogModuleManager: Shutting down and abandoning module OnlineSubsystem (38)
[2017.04.28-15.40.57:637][370]LogOnline:Display: Unloading online subsystem: NULL
[2017.04.28-15.40.57:637][370]LogModuleManager: Shutting down and abandoning module XMPP (37)
[2017.04.28-15.40.57:637][370]LogModuleManager: Shutting down and abandoning module HTTP (35)
[2017.04.28-15.40.57:637][370]LogHttp:Display: Http module shutting down, but needs to wait on 1 outstanding Http requests:
[2017.04.28-15.40.57:637][370]LogHttp:Display: 	verb=[POST] url=[https://datarouter.ol.epicgames.com/datarouter/api/v1/public/data?SessionID=%7BE9D7AACF-4EAB-180E-CFE4-64B3EA91BD47%7D&AppID=UEEditor.Rocket.Release&AppVersion=4.15.1-3348071%2B%2B%2BUE4%2BRelease-4.15&UserID=2e4b76604f3e80f4e272859a0e162e72%7C212a96a9574248b593db3b191e548d61%7Ce22d35a3-1943-4c03-9feb-ebbff7a15010&AppEnvironment=datacollector-binary&UploadType=eteventstream] status=Processing
[2017.04.28-15.40.57:640][370]LogModuleManager: Shutting down and abandoning module SSL (34)
[2017.04.28-15.40.57:642][370]LogModuleManager: Shutting down and abandoning module AudioEditor (30)
[2017.04.28-15.40.57:642][370]LogModuleManager: Shutting down and abandoning module TextureCompressor (28)
[2017.04.28-15.40.57:642][370]LogModuleManager: Shutting down and abandoning module ShaderCore (26)
[2017.04.28-15.40.57:642][370]LogModuleManager: Shutting down and abandoning module Landscape (24)
[2017.04.28-15.40.57:642][370]LogModuleManager: Shutting down and abandoning module SlateRHIRenderer (22)
[2017.04.28-15.40.57:644][370]LogModuleManager: Shutting down and abandoning module OpenGLDrv (20)
[2017.04.28-15.40.57:644][370]LogModuleManager: Shutting down and abandoning module D3D11RHI (18)
[2017.04.28-15.40.57:644][370]LogModuleManager: Shutting down and abandoning module AnimGraphRuntime (16)
[2017.04.28-15.40.57:644][370]LogModuleManager: Shutting down and abandoning module Renderer (14)
[2017.04.28-15.40.57:644][370]LogModuleManager: Shutting down and abandoning module Engine (12)
[2017.04.28-15.40.57:644][370]LogModuleManager: Shutting down and abandoning module CoreUObject (10)
[2017.04.28-15.40.57:644][370]LogModuleManager: Shutting down and abandoning module NetworkFile (8)
[2017.04.28-15.40.57:644][370]LogModuleManager: Shutting down and abandoning module StreamingFile (6)
[2017.04.28-15.40.57:644][370]LogModuleManager: Shutting down and abandoning module SandboxFile (4)
[2017.04.28-15.40.57:644][370]LogModuleManager: Shutting down and abandoning module PakFile (2)
[2017.04.28-15.40.57:647][370]LogExit: Exiting.
[2017.04.28-15.40.57:648][370]Log file closed, 04/28/17 11:40:57
