Log file open, 04/28/17 11:44:18
LogInit:Display: Running engine for game: Lionfish
LogPlatformFile: Not using cached read wrapper
LogInit:Display: RandInit(1085274666) SRandInit(1085274666).
LogTaskGraph: Started task graph with 5 named threads and 8 total threads with 1 sets of task threads.
LogStats: Stats thread started at 0.087247
LogInit: Using libcurl 7.47.1
LogInit:  - built for x86_64-pc-win32
LogInit:  - supports SSL with OpenSSL/1.0.2g
LogInit:  - supports HTTP deflate (compression) using libz 1.2.8
LogInit:  - other features:
LogInit:      CURL_VERSION_SSL
LogInit:      CURL_VERSION_LIBZ
LogInit:      CURL_VERSION_IPV6
LogInit:      CURL_VERSION_ASYNCHDNS
LogInit:      CURL_VERSION_LARGEFILE
LogInit:      CURL_VERSION_IDN
LogInit:  CurlRequestOptions (configurable via config and command line):
LogInit:  - bVerifyPeer = false  - Libcurl will NOT verify peer certificate
LogInit:  - bUseHttpProxy = false  - Libcurl will NOT use HTTP proxy
LogInit:  - bDontReuseConnections = false  - Libcurl will reuse connections
LogInit:  - CertBundlePath = nullptr  - Libcurl will use whatever was configured at build time.
LogInit: Build: ++UE4+Release-4.15-CL-3348071
LogInit: Engine Version: 4.15.1-3348071+++UE4+Release-4.15
LogInit: Compatible Engine Version: 4.15.0-3299760+++UE4+Release-4.15
LogInit: Net CL: 3299760
LogDevObjectVersion: Number of dev versions registered: 14
LogDevObjectVersion:   Dev-Blueprints (B0D832E4-1F89-4F0D-ACCF-7EB736FD4AA2): 8
LogDevObjectVersion:   Dev-Build (E1C64328-A22C-4D53-A36C-8E866417BD8C): 0
LogDevObjectVersion:   Dev-Core (375EC13C-06E4-48FB-B500-84F0262A717E): 2
LogDevObjectVersion:   Dev-Editor (E4B068ED-F494-42E9-A231-DA0B2E46BB41): 14
LogDevObjectVersion:   Dev-Framework (CFFC743F-43B0-4480-9391-14DF171D2073): 22
LogDevObjectVersion:   Dev-Mobile (B02B49B5-BB20-44E9-A304-32B752E40360): 0
LogDevObjectVersion:   Dev-Networking (A4E4105C-59A1-49B5-A7C5-40C4547EDFEE): 0
LogDevObjectVersion:   Dev-Online (39C831C9-5AE6-47DC-9A44-9C173E1C8E7C): 0
LogDevObjectVersion:   Dev-Physics (78F01B33-EBEA-4F98-B9B4-84EACCB95AA2): 0
LogDevObjectVersion:   Dev-Platform (6631380F-2D4D-43E0-8009-CF276956A95A): 0
LogDevObjectVersion:   Dev-Rendering (12F88B9F-8875-4AFC-A67C-D90C383ABD29): 12
LogDevObjectVersion:   Dev-Sequencer (7B5AE74C-D270-4C10-A958-57980B212A5A): 3
LogDevObjectVersion:   Dev-VR (D7296918-1DD6-4BDD-9DE2-64A83CC13884): 0
LogDevObjectVersion:   Dev-LoadTimes (C2A15278-BFE7-4AFE-6C17-90FF531DF755): 1
LogInit: Compiled (64-bit): Mar 15 2017 16:52:47
LogInit: Compiled with Visual C++: 19.00.23026.00
LogInit: Build Configuration: Development
LogInit: Branch Name: ++UE4+Release-4.15
LogInit: Command line: -EpicPortal 
LogInit: Base directory: C:/Program Files/Epic Games/UE_4.15/Engine/Binaries/Win64/
LogInit: Installed Engine Build: 1
LogInit: Presizing for max 8388607 objects, including 0 objects not considered by GC, pre-allocating 0 bytes for permanent pool.
LogInit: Object subsystem initialized
[2017.04.28-15.44.19:681][  0]LogInit: Selected Device Profile: [Windows]
[2017.04.28-15.44.19:681][  0]LogInit: Applying CVar settings loaded from the selected device profile: [Windows]
[2017.04.28-15.44.19:687][  0]LogInit: Computer: TOMLAPTOP-PC
[2017.04.28-15.44.19:687][  0]LogInit: User: Tom
[2017.04.28-15.44.19:687][  0]LogInit: CPU Page size=65536, Cores=4
[2017.04.28-15.44.19:687][  0]LogInit: High frequency timer resolution =2.531250 MHz
[2017.04.28-15.44.19:687][  0]LogMemory: Memory total: Physical=15.9GB (16GB approx)
[2017.04.28-15.44.19:687][  0]LogMemory: Platform Memory Stats for Windows
[2017.04.28-15.44.19:687][  0]LogMemory: Process Physical Memory: 264.07 MB used, 264.07 MB peak
[2017.04.28-15.44.19:687][  0]LogMemory: Process Virtual Memory: 262.73 MB used, 262.73 MB peak
[2017.04.28-15.44.19:687][  0]LogMemory: Physical Memory: 5602.96 MB used,  10644.79 MB free, 16247.75 MB total
[2017.04.28-15.44.19:687][  0]LogMemory: Virtual Memory: 645.11 MB used,  10644.79 MB free, 134217728.00 MB total
[2017.04.28-15.44.19:778][  0]LogTextLocalizationManager: No specific translations for ('en-US') exist, so ('en') translations will be used.
[2017.04.28-15.44.20:383][  0]LogD3D11RHI: D3D11 adapters:
[2017.04.28-15.44.20:984][  0]LogD3D11RHI:    0. 'NVIDIA GeForce GTX 970M' (Feature Level 11_0)
[2017.04.28-15.44.20:984][  0]LogD3D11RHI:       6108/0/8123 MB DedicatedVideo/DedicatedSystem/SharedSystem, Outputs:1, VendorId:0x10de
[2017.04.28-15.44.20:994][  0]LogD3D11RHI:    1. 'Intel(R) HD Graphics 530' (Feature Level 11_0)
[2017.04.28-15.44.20:994][  0]LogD3D11RHI:       128/0/8123 MB DedicatedVideo/DedicatedSystem/SharedSystem, Outputs:0, VendorId:0x8086
[2017.04.28-15.44.20:995][  0]LogD3D11RHI:    2. 'Microsoft Basic Render Driver' (Feature Level 11_0)
[2017.04.28-15.44.20:995][  0]LogD3D11RHI:       0/0/8123 MB DedicatedVideo/DedicatedSystem/SharedSystem, Outputs:0, VendorId:0x1414
[2017.04.28-15.44.20:995][  0]LogD3D11RHI: Chosen D3D11 Adapter: 0
[2017.04.28-15.44.21:001][  0]LogD3D11RHI: Creating new Direct3DDevice
[2017.04.28-15.44.21:001][  0]LogD3D11RHI:     GPU DeviceId: 0x13d8 (for the marketing name, search the web for "GPU Device Id")
[2017.04.28-15.44.21:001][  0]LogWindows: EnumDisplayDevices:
[2017.04.28-15.44.21:001][  0]LogWindows:    0. 'Intel(R) HD Graphics 530' (P:1 D:1)
[2017.04.28-15.44.21:001][  0]LogWindows:    1. 'Intel(R) HD Graphics 530' (P:0 D:0)
[2017.04.28-15.44.21:001][  0]LogWindows:    2. 'Intel(R) HD Graphics 530' (P:0 D:0)
[2017.04.28-15.44.21:001][  0]LogWindows: DebugString: PrimaryIsNotTheChoosenAdapter PrimaryIsNotTheChoosenAdapter PrimaryIsNotTheChoosenAdapter FoundDriverCount:0 
[2017.04.28-15.44.21:001][  0]LogD3D11RHI:     Adapter Name: NVIDIA GeForce GTX 970M
[2017.04.28-15.44.21:001][  0]LogD3D11RHI:   Driver Version: Unknown (internal:Unknown, unified:Unknown)
[2017.04.28-15.44.21:001][  0]LogD3D11RHI:      Driver Date: Unknown
[2017.04.28-15.44.21:001][  0]LogRHI: Texture pool is 1361 MB (70% of 1945 MB)
[2017.04.28-15.44.21:540][  0]LogD3D11RHI: Async texture creation enabled
[2017.04.28-15.44.21:583][  0]LogD3D11RHI: GPU Timing Frequency: 1000.000000 (Debug: 2 2)
[2017.04.28-15.44.21:583][  0]LogShaderCompilers: Guid format shader working directory is 13 characters bigger than the processId version (D:/Repo/CISC374_Team4/Lionfish/Intermediate/Shaders/WorkingDirectory/13052/).
[2017.04.28-15.44.21:584][  0]LogShaderCompilers: Cleaned the shader compiler working directory 'C:/Users/Tom/AppData/Local/Temp/UnrealShaderWorkingDir/657BA77A4BFCD232B23E228B62E17A91/'.
[2017.04.28-15.44.21:584][  0]LogShaderCompilers:Display: Using Local Shader Compiler.
[2017.04.28-15.44.22:636][  0]LogTemp:Display: Loaded TP AllDesktopTargetPlatform
[2017.04.28-15.44.22:689][  0]LogTemp:Display: Loaded TP MacClientTargetPlatform
[2017.04.28-15.44.22:745][  0]LogTemp:Display: Loaded TP MacNoEditorTargetPlatform
[2017.04.28-15.44.22:800][  0]LogTemp:Display: Loaded TP MacServerTargetPlatform
[2017.04.28-15.44.22:856][  0]LogTemp:Display: Loaded TP MacTargetPlatform
[2017.04.28-15.44.22:911][  0]LogTemp:Display: Loaded TP WindowsClientTargetPlatform
[2017.04.28-15.44.22:966][  0]LogTemp:Display: Loaded TP WindowsNoEditorTargetPlatform
[2017.04.28-15.44.23:020][  0]LogTemp:Display: Loaded TP WindowsServerTargetPlatform
[2017.04.28-15.44.23:066][  0]LogTemp:Display: Loaded TP WindowsTargetPlatform
[2017.04.28-15.44.23:119][  0]LogTemp:Display: Loaded TP AndroidTargetPlatform
[2017.04.28-15.44.23:175][  0]LogTemp:Display: Loaded TP Android_ASTCTargetPlatform
[2017.04.28-15.44.23:229][  0]LogTemp:Display: Loaded TP Android_ATCTargetPlatform
[2017.04.28-15.44.23:283][  0]LogTemp:Display: Loaded TP Android_DXTTargetPlatform
[2017.04.28-15.44.23:338][  0]LogTemp:Display: Loaded TP Android_ETC1TargetPlatform
[2017.04.28-15.44.23:391][  0]LogTemp:Display: Loaded TP Android_ETC2TargetPlatform
[2017.04.28-15.44.23:498][  0]LogTemp:Display: Loaded TP Android_MultiTargetPlatform
[2017.04.28-15.44.23:498][  0]LogTemp:Display: Loaded TP Android_PVRTCTargetPlatform
[2017.04.28-15.44.23:538][  0]LogTemp:Display: Loaded TP HTML5TargetPlatform
[2017.04.28-15.44.23:637][  0]LogTemp:Display: Loaded TP IOSTargetPlatform
[2017.04.28-15.44.23:671][  0]LogTemp:Display: Loaded TP TVOSTargetPlatform
[2017.04.28-15.44.23:724][  0]LogTemp:Display: Loaded TP LinuxClientTargetPlatform
[2017.04.28-15.44.23:778][  0]LogTemp:Display: Loaded TP LinuxNoEditorTargetPlatform
[2017.04.28-15.44.23:830][  0]LogTemp:Display: Loaded TP LinuxServerTargetPlatform
[2017.04.28-15.44.23:883][  0]LogTemp:Display: Loaded TP LinuxTargetPlatform
[2017.04.28-15.44.23:883][  0]LogTargetPlatformManager:Display: Building Assets For Windows
[2017.04.28-15.44.24:336][  0]LogDerivedDataCache:Display: Max Cache Size: 512 MB
[2017.04.28-15.44.24:386][  0]LogDerivedDataCache: Loaded boot cache 0.05s 50MB C:/Users/Tom/AppData/Local/UnrealEngine/4.15/DerivedDataCache/Boot.ddc.
[2017.04.28-15.44.24:386][  0]LogDerivedDataCache:Display: Loaded Boot cache: C:/Users/Tom/AppData/Local/UnrealEngine/4.15/DerivedDataCache/Boot.ddc
[2017.04.28-15.44.24:386][  0]LogDerivedDataCache: FDerivedDataBackendGraph:  Pak pak cache file D:/Repo/CISC374_Team4/Lionfish/DerivedDataCache/DDC.ddp not found, will not use a pak cache.
[2017.04.28-15.44.24:386][  0]LogDerivedDataCache: Unable to find inner node Pak for hierarchical cache Hierarchy.
[2017.04.28-15.44.24:386][  0]LogDerivedDataCache: FDerivedDataBackendGraph:  CompressedPak pak cache file D:/Repo/CISC374_Team4/Lionfish/DerivedDataCache/Compressed.ddp not found, will not use a pak cache.
[2017.04.28-15.44.24:386][  0]LogDerivedDataCache: Unable to find inner node CompressedPak for hierarchical cache Hierarchy.
[2017.04.28-15.44.24:405][  0]LogDerivedDataCache:Display: Pak cache opened for reading ../../../Engine/DerivedDataCache/Compressed.ddp.
[2017.04.28-15.44.24:418][  0]LogDerivedDataCache: Using Local data cache path C:/Users/Tom/AppData/Local/UnrealEngine/Common/DerivedDataCache: Writable
[2017.04.28-15.44.24:427][  0]LogSlate: Using Freetype 2.6.0
[2017.04.28-15.44.24:427][  0]LogSlate: SlateFontCache - WITH_FREETYPE: 1, WITH_HARFBUZZ: 1
[2017.04.28-15.44.24:427][  0]LogSlate: SlateFontCache - WITH_FREETYPE: 1, WITH_HARFBUZZ: 1
[2017.04.28-15.44.24:727][  0]LogInit: Selected Device Profile: [Windows]
[2017.04.28-15.44.24:730][  0]LogContentStreaming: Texture pool size is 0.00 MB
[2017.04.28-15.44.24:956][  0]LogMeshUtilities: Using QuadricMeshReduction for automatic static mesh reduction
[2017.04.28-15.44.25:005][  0]LogSimplygon: Simplygon DLL not present - disabling.
[2017.04.28-15.44.25:060][  0]LogMeshUtilities: Using SimplygonSwarm for distributed automatic mesh merging
[2017.04.28-15.44.25:060][  0]LogMeshUtilities: No automatic skeletal mesh reduction module available
[2017.04.28-15.44.25:060][  0]LogMeshUtilities: No automatic mesh merging module available
[2017.04.28-15.44.25:645][  0]LogNetVersion: GetLocalNetworkVersion: CL: 3299760, ProjectName: lionfish, ProjectVersion: , EngineNetworkVersion: 2, GameNetworkVersion: 0, NetworkChecksum: 3667421609
[2017.04.28-15.44.25:705][  0]LogAssetRegistry: FAssetRegistry took 0.0217 seconds to start up
[2017.04.28-15.44.25:761][  0]LogPackageLocalizationCache: Processed 3 localized package path(s) for 2 prioritized culture(s) in 0.022718 seconds
[2017.04.28-15.44.25:766][  0]LogUObjectArray: 32493 objects as part of root set at end of initial load.
[2017.04.28-15.44.25:766][  0]LogUObjectAllocator: 7077024 out of 0 bytes used by permanent object pool.
[2017.04.28-15.44.25:766][  0]LogUObjectArray: CloseDisregardForGC: 0/0 objects in disregard for GC pool
[2017.04.28-15.44.25:835][  0]LogInit: WinSock: version 1.1 (2.2), MaxSocks=32767, MaxUdp=65467
[2017.04.28-15.44.27:587][  0]LogTcpMessaging: Initializing TcpMessaging bridge
[2017.04.28-15.44.27:630][  0]LogUdpMessaging: Initializing bridge on interface 0.0.0.0:0 to multicast group 230.0.0.1:6666.
[2017.04.28-15.44.28:148][  0]LogMaterial: Uniform references updated for custom material expression Custom.
[2017.04.28-15.44.28:602][  0]SourceControl: Info Source control is disabled
[2017.04.28-15.44.30:773][  0]LogEngine: Initializing Engine...
[2017.04.28-15.44.30:773][  0]LogHMD: Failed to initialize OpenVR with code 110
[2017.04.28-15.44.31:019][  0]LogAIModule: Creating AISystem for world Untitled
[2017.04.28-15.44.31:030][  0]LogInit: XAudio2 using 'Speakers (Realtek High Definition Audio)' : 2 channels at 48 kHz using 32 bits per sample (channel mask 0x3)
[2017.04.28-15.44.31:097][  0]LogInit: FAudioDevice initialized.
[2017.04.28-15.44.31:120][  0]LogDerivedDataCache: Saved boot cache 0.02s 50MB C:/Users/Tom/AppData/Local/UnrealEngine/4.15/DerivedDataCache/Boot.ddc.
[2017.04.28-15.44.31:126][  0]LogInit: Texture streaming: Enabled
[2017.04.28-15.44.31:231][  0]LogEngineSessionManager: EngineSessionManager initialized
[2017.04.28-15.44.31:326][  0]LogInit: Transaction tracking system initialized
[2017.04.28-15.44.31:698][  0]BlueprintLog: New page: Editor Load
[2017.04.28-15.44.32:670][  0]LocalizationService: Info Localization service is disabled
[2017.04.28-15.44.33:376][  0]LogConsoleResponse:Display: 
[2017.04.28-15.44.33:542][  0]LogCook:Display: Max memory allowance for cook 16384mb min free memory 0mb
[2017.04.28-15.44.33:542][  0]LogCook:Display: Mobile HDR setting 1
[2017.04.28-15.44.34:388][  0]LogFileCache: Scanning file cache for directory 'D:/Repo/CISC374_Team4/Lionfish/Content/' took 0.01s
[2017.04.28-15.44.34:961][  0]Cmd: MAP LOAD FILE="D:/Repo/CISC374_Team4/Lionfish/Content/TopDownBP/Maps/TopDownExampleMap.umap" TEMPLATE=0 SHOWPROGRESS=1 FEATURELEVEL=3
[2017.04.28-15.44.34:962][  0]LightingResults: New page: Lighting Build
[2017.04.28-15.44.35:014][  0]MapCheck: New page: Map Check
[2017.04.28-15.44.35:014][  0]LightingResults: New page: Lighting Build
[2017.04.28-15.44.35:587][  0]LogLinker:Warning: Asset 'D:/Repo/CISC374_Team4/Lionfish/Content/Meshes/Water_04/Water/Textures/water.uasset' has been saved with empty engine version. The asset will be loaded but may be incompatible.
[2017.04.28-15.44.35:927][  0]LogAIModule: Creating AISystem for world TopDownExampleMap
[2017.04.28-15.44.35:966][  0]LogEditorServer: Finished looking for orphan Actors (0.000 secs)
[2017.04.28-15.44.35:967][  0]Cmd: MAP CHECKDEP NOCLEARLOG
[2017.04.28-15.44.36:025][  0]MapCheck: Info Map check complete: 0 Error(s), 0 Warning(s), took 58.044ms to complete.
[2017.04.28-15.44.36:025][  0]LogFileHelpers: Loading map 'TopDownExampleMap' took 1.064
[2017.04.28-15.44.36:090][  0]LogWindowsTextInputMethodSystem:Display: IME system now deactivated.
[2017.04.28-15.44.36:227][  0]LogCollectionManager: Loaded 0 collections in 0.001677 seconds
[2017.04.28-15.44.36:316][  0]LogFileCache: Scanning file cache for directory 'D:/Repo/CISC374_Team4/Lionfish/Saved/Collections/' took 0.01s
[2017.04.28-15.44.36:316][  0]LogFileCache: Scanning file cache for directory 'D:/Repo/CISC374_Team4/Lionfish/Content/Developers/Tom/Collections/' took 0.01s
[2017.04.28-15.44.36:316][  0]LogFileCache: Scanning file cache for directory 'D:/Repo/CISC374_Team4/Lionfish/Content/Collections/' took 0.01s
[2017.04.28-15.44.36:316][  0]LogCollectionManager: Rebuilt the GUID cache for 0 collections in 0.000001 seconds
[2017.04.28-15.44.36:326][  0]LogContentBrowser: Native class hierarchy populated in 0.0103 seconds. Added 2245 classes and 453 folders.
[2017.04.28-15.44.36:329][  0]LogStats: UGameplayTagsManager::ConstructGameplayTagTree: Construct from data asset -  0.000 s
[2017.04.28-15.44.36:329][  0]LogStats: UGameplayTagsManager::ConstructGameplayTagTree: GameplayTagTreeChangedEvent.Broadcast -  0.000 s
[2017.04.28-15.44.36:394][  0]LogContentBrowser: Native class hierarchy updated for 'WidgetCarousel' in 0.0004 seconds. Added 0 classes and 0 folders.
[2017.04.28-15.44.36:434][  0]LogContentBrowser: Native class hierarchy updated for 'AddContentDialog' in 0.0005 seconds. Added 0 classes and 0 folders.
[2017.04.28-15.44.36:478][  0]LogContentBrowser: Native class hierarchy updated for 'SceneOutliner' in 0.0004 seconds. Added 1 classes and 2 folders.
[2017.04.28-15.44.36:530][  0]LogCrashTracker: Crashtracker disabled due to settings.
[2017.04.28-15.44.36:539][  0]LogUObjectGlobals:Warning: Failed to find object 'Class None.'
[2017.04.28-15.44.36:609][  0]LogContentBrowser: Native class hierarchy updated for 'HierarchicalLODOutliner' in 0.0005 seconds. Added 1 classes and 2 folders.
[2017.04.28-15.44.36:610][  0]LogLoad: (Engine Initialization) Total time: 18.92 seconds
[2017.04.28-15.44.36:610][  0]LogLoad: (Engine Initialization) Total Blueprint compile time: 0.34 seconds
[2017.04.28-15.44.36:610][  0]LogExternalProfiler: Found external profiler: VSPerf
[2017.04.28-15.44.36:610][  0]LogExternalProfiler: Using external profiler: VSPerf
[2017.04.28-15.44.36:621][  0]LogOcInput: OculusInput pre-init called
[2017.04.28-15.44.36:654][  0]SourceControl: Info On branch master
[2017.04.28-15.44.36:654][  0]SourceControl: Info Your branch is up-to-date with 'origin/master'.
[2017.04.28-15.44.36:654][  0]SourceControl: Info Changes not staged for commit:
[2017.04.28-15.44.36:654][  0]SourceControl: Info   (use "git add/rm <file>..." to update what will be committed)
[2017.04.28-15.44.36:654][  0]SourceControl: Info   (use "git checkout -- <file>..." to discard changes in working directory)
[2017.04.28-15.44.36:654][  0]SourceControl: Info 	modified:   Lionfish/Intermediate/CachedAssetRegistry.bin
[2017.04.28-15.44.36:654][  0]SourceControl: Info 	modified:   Lionfish/Saved/Config/Windows/Editor.ini
[2017.04.28-15.44.36:654][  0]SourceControl: Info 	modified:   Lionfish/Saved/Config/Windows/Engine.ini
[2017.04.28-15.44.36:654][  0]SourceControl: Info 	deleted:    Lionfish/Saved/Logs/Lionfish-backup-2017.04.27-18.53.08.log
[2017.04.28-15.44.36:654][  0]SourceControl: Info 	modified:   Lionfish/Saved/Logs/Lionfish.log
[2017.04.28-15.44.36:654][  0]SourceControl: Info Untracked files:
[2017.04.28-15.44.36:654][  0]SourceControl: Info   (use "git add <file>..." to include in what will be committed)
[2017.04.28-15.44.36:654][  0]SourceControl: Info 	Lionfish/Saved/Logs/Lionfish-backup-2017.04.28-11.44.18.log
[2017.04.28-15.44.36:654][  0]SourceControl: Info 	Lionfish/Saved/Logs/UE4CC-Windows-9F71976F4FCD6B08D28EA3A1578386E0/
[2017.04.28-15.44.36:654][  0]SourceControl: Info no changes added to commit (use "git add" and/or "git commit -a")
[2017.04.28-15.44.36:654][  0]LogContentStreaming: Texture pool size now 1000 MB
[2017.04.28-15.44.36:655][  0]LogSlate: Took 0.000190 seconds to synchronously load lazily loaded font '../../../Engine/Content/Slate/Fonts/Roboto-Regular.ttf' (155K)
[2017.04.28-15.44.36:659][  0]LogSlate: Took 0.000183 seconds to synchronously load lazily loaded font '../../../Engine/Content/Slate/Fonts/Roboto-Bold.ttf' (160K)
[2017.04.28-15.44.36:664][  0]LogSlate: Took 0.000164 seconds to synchronously load lazily loaded font '../../../Engine/Content/Editor/Slate/Fonts/FontAwesome.ttf' (139K)
[2017.04.28-15.44.36:787][  0]LogSlate: Took 0.000133 seconds to synchronously load lazily loaded font '../../../Engine/Content/Slate/Fonts/Roboto-Light.ttf' (159K)
[2017.04.28-15.44.36:854][  0]LogRenderer: Reallocating scene render targets to support 964x436 NumSamples 1 (Frame:2).
[2017.04.28-15.44.36:925][  1]LogFileCache: Retrieving MD5 hashes for directory 'D:/Repo/CISC374_Team4/Lionfish/Content/' took 0.29s
[2017.04.28-15.44.36:940][  1]LogAssetRegistry: Asset discovery search completed in 11.2560 seconds
[2017.04.28-15.44.36:940][  1]LogCollectionManager: Rebuilt the object cache for 0 collections in 0.000005 seconds (found 0 objects)
[2017.04.28-15.44.36:940][  1]LogCollectionManager: Fixed up redirectors for 0 collections in 0.000017 seconds (updated 0 objects)
[2017.04.28-15.44.40:503][369]LogSlate: Took 0.000155 seconds to synchronously load lazily loaded font '../../../Engine/Content/Slate/Fonts/Roboto-Light.ttf' (159K)
[2017.04.28-15.44.40:960][369]LogContentBrowser: Native class hierarchy updated for 'BlueprintGraph' in 0.0008 seconds. Added 112 classes and 0 folders.
[2017.04.28-15.44.41:674][369]LogSlate: Took 0.000205 seconds to synchronously load lazily loaded font '../../../Engine/Content/Slate/Fonts/Roboto-Light.ttf' (159K)
[2017.04.28-15.44.41:675][369]LogSlate: Took 0.000265 seconds to synchronously load lazily loaded font '../../../Engine/Content/Editor/Slate/Fonts/Roboto-BoldCondensed.ttf' (158K)
[2017.04.28-15.45.16:411][274]Cmd: OBJ SAVEPACKAGE PACKAGE="/Game/TopDownBP/Blueprints/HUD" FILE="D:/Repo/CISC374_Team4/Lionfish/Content/TopDownBP/Blueprints/HUD.uasset" SILENT=true
[2017.04.28-15.45.16:499][274]LogSavePackage: Save=86.23ms
[2017.04.28-15.45.16:499][274]LogSavePackage: Moving 'D:/Repo/CISC374_Team4/Lionfish/Saved/HUD691A84E145E65D1657BB109D58982F0D.tmp' to 'D:/Repo/CISC374_Team4/Lionfish/Content/TopDownBP/Blueprints/HUD.uasset'
[2017.04.28-15.45.16:500][274]LogSavePackage:Display: Finished SavePackage D:/Repo/CISC374_Team4/Lionfish/Content/TopDownBP/Blueprints/HUD.uasset
[2017.04.28-15.45.17:617][338]BlueprintLog: New page: Compile HUD
[2017.04.28-15.45.20:786][601]LogTemp: Repeting last play command: Selected Viewport
[2017.04.28-15.45.20:799][601]LogBlueprintUserMessages: Early PlayInEditor Detection: Level '/Game/TopDownBP/Maps/TopDownExampleMap.TopDownExampleMap:PersistentLevel' has LevelScriptBlueprint '/Game/TopDownBP/Maps/TopDownExampleMap.TopDownExampleMap:PersistentLevel.TopDownExampleMap' with GeneratedClass '/Game/TopDownBP/Maps/TopDownExampleMap.TopDownExampleMap_C' with ClassGeneratedBy '/Game/TopDownBP/Maps/TopDownExampleMap.TopDownExampleMap:PersistentLevel.TopDownExampleMap'
[2017.04.28-15.45.20:799][601]LogPlayLevel: PlayLevel: No blueprints needed recompiling
[2017.04.28-15.45.20:800][601]PIE: New page: PIE session: TopDownExampleMap (Apr 28, 2017, 7:45:20 AM)
[2017.04.28-15.45.20:800][601]LogPlayLevel: Creating play world package: /Game/TopDownBP/Maps/UEDPIE_0_TopDownExampleMap
[2017.04.28-15.45.20:830][601]LogPlayLevel: PIE: StaticDuplicateObject took: (0.030022s)
[2017.04.28-15.45.20:831][601]LogAIModule: Creating AISystem for world TopDownExampleMap
[2017.04.28-15.45.20:831][601]LogPlayLevel: PIE: World Init took: (0.001114s)
[2017.04.28-15.45.20:831][601]LogPlayLevel: PIE: Created PIE world by copying editor world from /Game/TopDownBP/Maps/TopDownExampleMap.TopDownExampleMap to /Game/TopDownBP/Maps/UEDPIE_0_TopDownExampleMap.TopDownExampleMap (0.031507s)
[2017.04.28-15.45.20:851][601]LogInit: XAudio2 using 'Speakers (Realtek High Definition Audio)' : 2 channels at 48 kHz using 32 bits per sample (channel mask 0x3)
[2017.04.28-15.45.20:859][601]LogInit: FAudioDevice initialized.
[2017.04.28-15.45.20:908][601]LogLoad: Game class is 'TopDownGameMode_C'
[2017.04.28-15.45.20:913][601]LogWorld: Bringing World /Game/TopDownBP/Maps/UEDPIE_0_TopDownExampleMap.TopDownExampleMap up for play (max tick rate 0) at 2017.04.28-11.45.20
[2017.04.28-15.45.20:914][601]LogWorld: Bringing up level for play took: 0.003601
[2017.04.28-15.45.20:955][601]LogContentBrowser: Native class hierarchy updated for 'MovieSceneCapture' in 0.0005 seconds. Added 11 classes and 0 folders.
[2017.04.28-15.45.20:956][601]PIE: Info Play in editor start time for /Game/TopDownBP/Maps/UEDPIE_0_TopDownExampleMap 1.105
[2017.04.28-15.45.20:957][601]LogBlueprintUserMessages: Late PlayInEditor Detection: Level '/Game/TopDownBP/Maps/TopDownExampleMap.TopDownExampleMap:PersistentLevel' has LevelScriptBlueprint '/Game/TopDownBP/Maps/TopDownExampleMap.TopDownExampleMap:PersistentLevel.TopDownExampleMap' with GeneratedClass '/Game/TopDownBP/Maps/TopDownExampleMap.TopDownExampleMap_C' with ClassGeneratedBy '/Game/TopDownBP/Maps/TopDownExampleMap.TopDownExampleMap:PersistentLevel.TopDownExampleMap'
[2017.04.28-15.45.37:044][520]LogBlueprintUserMessages: Early EndPlayMap Detection: Level '/Game/TopDownBP/Maps/TopDownExampleMap.TopDownExampleMap:PersistentLevel' has LevelScriptBlueprint '/Game/TopDownBP/Maps/TopDownExampleMap.TopDownExampleMap:PersistentLevel.TopDownExampleMap' with GeneratedClass '/Game/TopDownBP/Maps/TopDownExampleMap.TopDownExampleMap_C' with ClassGeneratedBy '/Game/TopDownBP/Maps/TopDownExampleMap.TopDownExampleMap:PersistentLevel.TopDownExampleMap'
[2017.04.28-15.45.37:127][520]LogBlueprintUserMessages: Late EndPlayMap Detection: Level '/Game/TopDownBP/Maps/TopDownExampleMap.TopDownExampleMap:PersistentLevel' has LevelScriptBlueprint '/Game/TopDownBP/Maps/TopDownExampleMap.TopDownExampleMap:PersistentLevel.TopDownExampleMap' with GeneratedClass '/Game/TopDownBP/Maps/TopDownExampleMap.TopDownExampleMap_C' with ClassGeneratedBy '/Game/TopDownBP/Maps/TopDownExampleMap.TopDownExampleMap:PersistentLevel.TopDownExampleMap'
[2017.04.28-15.46.39:106][384]Cmd: OBJ SAVEPACKAGE PACKAGE="/Game/TopDownBP/Blueprints/HUD" FILE="D:/Repo/CISC374_Team4/Lionfish/Content/TopDownBP/Blueprints/HUD.uasset" SILENT=true
[2017.04.28-15.46.39:127][384]LogSavePackage: Save=19.84ms
[2017.04.28-15.46.39:127][384]LogSavePackage: Moving 'D:/Repo/CISC374_Team4/Lionfish/Saved/HUDFA06A47E436C9ED3B724FCA8C1CC1170.tmp' to 'D:/Repo/CISC374_Team4/Lionfish/Content/TopDownBP/Blueprints/HUD.uasset'
[2017.04.28-15.46.39:128][384]LogSavePackage:Display: Finished SavePackage D:/Repo/CISC374_Team4/Lionfish/Content/TopDownBP/Blueprints/HUD.uasset
[2017.04.28-15.46.41:028][487]BlueprintLog: New page: Compile HUD
[2017.04.28-15.48.33:998][ 48]Cmd: OBJ SAVEPACKAGE PACKAGE="/Game/TopDownBP/Blueprints/HUD" FILE="D:/Repo/CISC374_Team4/Lionfish/Content/TopDownBP/Blueprints/HUD.uasset" SILENT=true
[2017.04.28-15.48.34:021][ 48]LogSavePackage: Save=22.12ms
[2017.04.28-15.48.34:021][ 48]LogSavePackage: Moving 'D:/Repo/CISC374_Team4/Lionfish/Saved/HUD1A72EF8D4A744690090BABA1ABA55B8E.tmp' to 'D:/Repo/CISC374_Team4/Lionfish/Content/TopDownBP/Blueprints/HUD.uasset'
[2017.04.28-15.48.34:022][ 48]LogSavePackage:Display: Finished SavePackage D:/Repo/CISC374_Team4/Lionfish/Content/TopDownBP/Blueprints/HUD.uasset
[2017.04.28-15.48.34:711][ 86]BlueprintLog: New page: Compile HUD
[2017.04.28-15.48.38:629][396]LogTemp: Repeting last play command: Selected Viewport
[2017.04.28-15.48.38:639][396]LogBlueprintUserMessages: Early PlayInEditor Detection: Level '/Game/TopDownBP/Maps/TopDownExampleMap.TopDownExampleMap:PersistentLevel' has LevelScriptBlueprint '/Game/TopDownBP/Maps/TopDownExampleMap.TopDownExampleMap:PersistentLevel.TopDownExampleMap' with GeneratedClass '/Game/TopDownBP/Maps/TopDownExampleMap.TopDownExampleMap_C' with ClassGeneratedBy '/Game/TopDownBP/Maps/TopDownExampleMap.TopDownExampleMap:PersistentLevel.TopDownExampleMap'
[2017.04.28-15.48.38:639][396]LogPlayLevel: PlayLevel: No blueprints needed recompiling
[2017.04.28-15.48.38:639][396]PIE: New page: PIE session: TopDownExampleMap (Apr 28, 2017, 7:48:38 AM)
[2017.04.28-15.48.38:639][396]LogPlayLevel: Creating play world package: /Game/TopDownBP/Maps/UEDPIE_0_TopDownExampleMap
[2017.04.28-15.48.38:664][396]LogPlayLevel: PIE: StaticDuplicateObject took: (0.024276s)
[2017.04.28-15.48.38:665][396]LogAIModule: Creating AISystem for world TopDownExampleMap
[2017.04.28-15.48.38:666][396]LogPlayLevel: PIE: World Init took: (0.002002s)
[2017.04.28-15.48.38:666][396]LogPlayLevel: PIE: Created PIE world by copying editor world from /Game/TopDownBP/Maps/TopDownExampleMap.TopDownExampleMap to /Game/TopDownBP/Maps/UEDPIE_0_TopDownExampleMap.TopDownExampleMap (0.026678s)
[2017.04.28-15.48.38:685][396]LogInit: XAudio2 using 'Speakers (Realtek High Definition Audio)' : 2 channels at 48 kHz using 32 bits per sample (channel mask 0x3)
[2017.04.28-15.48.38:693][396]LogInit: FAudioDevice initialized.
[2017.04.28-15.48.38:726][396]LogLoad: Game class is 'TopDownGameMode_C'
[2017.04.28-15.48.38:732][396]LogWorld: Bringing World /Game/TopDownBP/Maps/UEDPIE_0_TopDownExampleMap.TopDownExampleMap up for play (max tick rate 0) at 2017.04.28-11.48.38
[2017.04.28-15.48.38:732][396]LogWorld: Bringing up level for play took: 0.003887
[2017.04.28-15.48.38:734][396]PIE: Info Play in editor start time for /Game/TopDownBP/Maps/UEDPIE_0_TopDownExampleMap 0.882
[2017.04.28-15.48.38:734][396]LogBlueprintUserMessages: Late PlayInEditor Detection: Level '/Game/TopDownBP/Maps/TopDownExampleMap.TopDownExampleMap:PersistentLevel' has LevelScriptBlueprint '/Game/TopDownBP/Maps/TopDownExampleMap.TopDownExampleMap:PersistentLevel.TopDownExampleMap' with GeneratedClass '/Game/TopDownBP/Maps/TopDownExampleMap.TopDownExampleMap_C' with ClassGeneratedBy '/Game/TopDownBP/Maps/TopDownExampleMap.TopDownExampleMap:PersistentLevel.TopDownExampleMap'
[2017.04.28-15.48.42:180][802]LogBlueprintUserMessages: Early EndPlayMap Detection: Level '/Game/TopDownBP/Maps/TopDownExampleMap.TopDownExampleMap:PersistentLevel' has LevelScriptBlueprint '/Game/TopDownBP/Maps/TopDownExampleMap.TopDownExampleMap:PersistentLevel.TopDownExampleMap' with GeneratedClass '/Game/TopDownBP/Maps/TopDownExampleMap.TopDownExampleMap_C' with ClassGeneratedBy '/Game/TopDownBP/Maps/TopDownExampleMap.TopDownExampleMap:PersistentLevel.TopDownExampleMap'
[2017.04.28-15.48.42:215][802]LogBlueprintUserMessages: Late EndPlayMap Detection: Level '/Game/TopDownBP/Maps/TopDownExampleMap.TopDownExampleMap:PersistentLevel' has LevelScriptBlueprint '/Game/TopDownBP/Maps/TopDownExampleMap.TopDownExampleMap:PersistentLevel.TopDownExampleMap' with GeneratedClass '/Game/TopDownBP/Maps/TopDownExampleMap.TopDownExampleMap_C' with ClassGeneratedBy '/Game/TopDownBP/Maps/TopDownExampleMap.TopDownExampleMap:PersistentLevel.TopDownExampleMap'
[2017.04.28-15.48.46:864][312]LogSavePackage: Save=154.25ms
[2017.04.28-15.48.46:864][312]LogSavePackage: Moving 'D:/Repo/CISC374_Team4/Lionfish/Saved/UEDPCTopDownExampleMap9FF5731A4A9140C63873F4941C90122A.tmp' to 'D:/Repo/CISC374_Team4/Lionfish/Saved/Autosaves/Game/TopDownBP/Maps/UEDPCTopDownExampleMap.umap'
[2017.04.28-15.48.46:865][312]LogSavePackage:Display: Finished SavePackage D:/Repo/CISC374_Team4/Lionfish/Saved/Autosaves/Game/TopDownBP/Maps/UEDPCTopDownExampleMap.umap
[2017.04.28-15.48.46:952][312]Cmd: OBJ SAVEPACKAGE PACKAGE="/Game/TopDownBP/Maps/TopDownExampleMap_BuiltData" FILE="D:/Repo/CISC374_Team4/Lionfish/Content/TopDownBP/Maps/TopDownExampleMap_BuiltData.uasset" SILENT=true
[2017.04.28-15.48.48:154][312]LogSlate: Took 0.000133 seconds to synchronously load lazily loaded font '../../../Engine/Content/Slate/Fonts/Roboto-Regular.ttf' (155K)
[2017.04.28-15.48.48:455][312]LogSavePackage: Save=1474.91ms
[2017.04.28-15.48.48:455][312]LogSavePackage: Moving 'D:/Repo/CISC374_Team4/Lionfish/Saved/TopDownExampleMap_BuiltDataDB73E49B44F72F54CAB506BAA029D2F4.tmp' to 'D:/Repo/CISC374_Team4/Lionfish/Content/TopDownBP/Maps/TopDownExampleMap_BuiltData.uasset'
[2017.04.28-15.48.48:459][312]LogSavePackage:Display: Finished SavePackage D:/Repo/CISC374_Team4/Lionfish/Content/TopDownBP/Maps/TopDownExampleMap_BuiltData.uasset
[2017.04.28-15.48.48:462][312]LogEditorTransaction: Undo Spawn Play From Here Start
[2017.04.28-15.50.05:316][613]Cmd: OBJ SAVEPACKAGE PACKAGE="/Game/TopDownBP/Blueprints/HUD" FILE="D:/Repo/CISC374_Team4/Lionfish/Content/TopDownBP/Blueprints/HUD.uasset" SILENT=true
[2017.04.28-15.50.05:340][613]LogSavePackage: Save=23.84ms
[2017.04.28-15.50.05:340][613]LogSavePackage: Moving 'D:/Repo/CISC374_Team4/Lionfish/Saved/HUDB52D3F9F4B17DD5CA6290D930436A4A6.tmp' to 'D:/Repo/CISC374_Team4/Lionfish/Content/TopDownBP/Blueprints/HUD.uasset'
[2017.04.28-15.50.05:341][613]LogSavePackage:Display: Finished SavePackage D:/Repo/CISC374_Team4/Lionfish/Content/TopDownBP/Blueprints/HUD.uasset
[2017.04.28-15.50.06:247][663]BlueprintLog: New page: Compile HUD
[2017.04.28-15.50.51:904][650]BlueprintLog: New page: Compile HUD
[2017.04.28-15.51.21:673][364]LogSlate: Took 0.000201 seconds to synchronously load lazily loaded font '../../../Engine/Content/Editor/Slate/Fonts/Roboto-Italic.ttf' (157K)
[2017.04.28-15.53.06:791][258]Cmd: OBJ SAVEPACKAGE PACKAGE="/Game/TopDownBP/Blueprints/HUD" FILE="D:/Repo/CISC374_Team4/Lionfish/Content/TopDownBP/Blueprints/HUD.uasset" SILENT=true
[2017.04.28-15.53.06:818][258]LogSavePackage: Save=24.75ms
[2017.04.28-15.53.06:818][258]LogSavePackage: Moving 'D:/Repo/CISC374_Team4/Lionfish/Saved/HUDF0E6738842A99574178E72B5F2A9A674.tmp' to 'D:/Repo/CISC374_Team4/Lionfish/Content/TopDownBP/Blueprints/HUD.uasset'
[2017.04.28-15.53.06:818][258]LogSavePackage:Display: Finished SavePackage D:/Repo/CISC374_Team4/Lionfish/Content/TopDownBP/Blueprints/HUD.uasset
[2017.04.28-15.53.08:692][420]BlueprintLog: New page: Compile HUD
[2017.04.28-15.54.19:138][597]Cmd: OBJ SAVEPACKAGE PACKAGE="/Game/TopDownBP/Blueprints/HUD" FILE="D:/Repo/CISC374_Team4/Lionfish/Content/TopDownBP/Blueprints/HUD.uasset" SILENT=true
[2017.04.28-15.54.19:163][597]LogSavePackage: Save=23.06ms
[2017.04.28-15.54.19:163][597]LogSavePackage: Moving 'D:/Repo/CISC374_Team4/Lionfish/Saved/HUD02964E7E475CAA52EF644FBAF30CFC7B.tmp' to 'D:/Repo/CISC374_Team4/Lionfish/Content/TopDownBP/Blueprints/HUD.uasset'
[2017.04.28-15.54.19:164][597]LogSavePackage:Display: Finished SavePackage D:/Repo/CISC374_Team4/Lionfish/Content/TopDownBP/Blueprints/HUD.uasset
[2017.04.28-15.54.20:297][662]BlueprintLog: New page: Compile HUD
[2017.04.28-15.55.34:104][936]Cmd: OBJ SAVEPACKAGE PACKAGE="/Game/TopDownBP/Blueprints/HUD" FILE="D:/Repo/CISC374_Team4/Lionfish/Content/TopDownBP/Blueprints/HUD.uasset" SILENT=true
[2017.04.28-15.55.34:130][936]LogSavePackage: Save=24.70ms
[2017.04.28-15.55.34:130][936]LogSavePackage: Moving 'D:/Repo/CISC374_Team4/Lionfish/Saved/HUD6B47D93B4EA0ABAE478420802113A532.tmp' to 'D:/Repo/CISC374_Team4/Lionfish/Content/TopDownBP/Blueprints/HUD.uasset'
[2017.04.28-15.55.34:131][936]LogSavePackage:Display: Finished SavePackage D:/Repo/CISC374_Team4/Lionfish/Content/TopDownBP/Blueprints/HUD.uasset
[2017.04.28-15.55.34:829][974]BlueprintLog: New page: Compile HUD
[2017.04.28-15.55.45:125][709]LogTemp: Repeting last play command: Standalone Game
[2017.04.28-15.55.45:394][709]LogSavePackage: Save=156.56ms
[2017.04.28-15.55.45:394][709]LogSavePackage: Moving 'D:/Repo/CISC374_Team4/Lionfish/Saved/UEDPCTopDownExampleMap4A1A1FAA41DF9727F98081B75E2CA8EB.tmp' to 'D:/Repo/CISC374_Team4/Lionfish/Saved/Autosaves/Game/TopDownBP/Maps/UEDPCTopDownExampleMap.umap'
[2017.04.28-15.55.45:395][709]LogSavePackage:Display: Finished SavePackage D:/Repo/CISC374_Team4/Lionfish/Saved/Autosaves/Game/TopDownBP/Maps/UEDPCTopDownExampleMap.umap
[2017.04.28-15.55.45:689][709]Cmd: OBJ SAVEPACKAGE PACKAGE="/Game/TopDownBP/Maps/TopDownExampleMap_BuiltData" FILE="D:/Repo/CISC374_Team4/Lionfish/Content/TopDownBP/Maps/TopDownExampleMap_BuiltData.uasset" SILENT=true
[2017.04.28-15.55.46:785][709]LogSavePackage: Save=1066.09ms
[2017.04.28-15.55.46:785][709]LogSavePackage: Moving 'D:/Repo/CISC374_Team4/Lionfish/Saved/TopDownExampleMap_BuiltData073FD50B4BD09A496D00CC8A4BD5F1AE.tmp' to 'D:/Repo/CISC374_Team4/Lionfish/Content/TopDownBP/Maps/TopDownExampleMap_BuiltData.uasset'
[2017.04.28-15.55.46:790][709]LogSavePackage:Display: Finished SavePackage D:/Repo/CISC374_Team4/Lionfish/Content/TopDownBP/Maps/TopDownExampleMap_BuiltData.uasset
[2017.04.28-15.55.46:793][709]LogEditorTransaction: Undo Spawn Play From Here Start
[2017.04.28-15.55.50:026][ 52]LogEditorViewport: Clicking on Actor (LMB): StaticMeshActor (Water)
[2017.04.28-15.57.47:126][228]LogFileHelpers: Editor autosave (incl. sublevels) for '/Game/TopDownBP/Maps/TopDownExampleMap' took 0.017
[2017.04.28-15.57.47:128][228]OBJ SavePackage: Generating thumbnails for [0] asset(s) in package [/Game/TopDownBP/Blueprints/HUD] ([1] browsable assets)...
[2017.04.28-15.57.47:128][228]OBJ SavePackage: Finished generating thumbnails for package [/Game/TopDownBP/Blueprints/HUD]
[2017.04.28-15.57.47:128][228]Cmd: OBJ SAVEPACKAGE PACKAGE="/Game/TopDownBP/Blueprints/HUD" FILE="D:/Repo/CISC374_Team4/Lionfish/Saved/Autosaves/Game/TopDownBP/Blueprints/HUD_Auto1.uasset" SILENT=false AUTOSAVING=true
[2017.04.28-15.57.47:151][228]LogSavePackage: Save=22.07ms
[2017.04.28-15.57.47:151][228]LogSavePackage: Moving 'D:/Repo/CISC374_Team4/Lionfish/Saved/HUD_Auto1CAB708CC4DEAC6415291F982D8578791.tmp' to 'D:/Repo/CISC374_Team4/Lionfish/Saved/Autosaves/Game/TopDownBP/Blueprints/HUD_Auto1.uasset'
[2017.04.28-15.57.47:151][228]LogSavePackage:Display: Finished SavePackage D:/Repo/CISC374_Team4/Lionfish/Saved/Autosaves/Game/TopDownBP/Blueprints/HUD_Auto1.uasset
[2017.04.28-15.57.47:151][228]LogFileHelpers: Auto-saving content packages took 0.024
[2017.04.28-15.58.52:085][405]LogEditorTransaction: Undo Create Pin Link
[2017.04.28-15.58.53:711][527]LogEditorTransaction: Undo Add Node
[2017.04.28-16.03.28:892][434]Cmd: OBJ SAVEPACKAGE PACKAGE="/Game/TopDownBP/Blueprints/HUD" FILE="D:/Repo/CISC374_Team4/Lionfish/Content/TopDownBP/Blueprints/HUD.uasset" SILENT=true
[2017.04.28-16.03.28:918][434]LogSavePackage: Save=24.28ms
[2017.04.28-16.03.28:918][434]LogSavePackage: Moving 'D:/Repo/CISC374_Team4/Lionfish/Saved/HUDEAEC66154E20E34287FC3A98D2AE25E4.tmp' to 'D:/Repo/CISC374_Team4/Lionfish/Content/TopDownBP/Blueprints/HUD.uasset'
[2017.04.28-16.03.28:919][434]LogSavePackage:Display: Finished SavePackage D:/Repo/CISC374_Team4/Lionfish/Content/TopDownBP/Blueprints/HUD.uasset
[2017.04.28-16.03.29:827][503]BlueprintLog: New page: Compile HUD
[2017.04.28-16.03.33:324][804]LogTemp: Repeting last play command: Standalone Game
[2017.04.28-16.03.33:599][804]LogSavePackage: Save=161.28ms
[2017.04.28-16.03.33:599][804]LogSavePackage: Moving 'D:/Repo/CISC374_Team4/Lionfish/Saved/UEDPCTopDownExampleMapD3D1265B4E499F92C855678D83E98333.tmp' to 'D:/Repo/CISC374_Team4/Lionfish/Saved/Autosaves/Game/TopDownBP/Maps/UEDPCTopDownExampleMap.umap'
[2017.04.28-16.03.33:600][804]LogSavePackage:Display: Finished SavePackage D:/Repo/CISC374_Team4/Lionfish/Saved/Autosaves/Game/TopDownBP/Maps/UEDPCTopDownExampleMap.umap
[2017.04.28-16.03.33:871][804]Cmd: OBJ SAVEPACKAGE PACKAGE="/Game/TopDownBP/Maps/TopDownExampleMap_BuiltData" FILE="D:/Repo/CISC374_Team4/Lionfish/Content/TopDownBP/Maps/TopDownExampleMap_BuiltData.uasset" SILENT=true
[2017.04.28-16.03.35:006][804]LogSavePackage: Save=1063.58ms
[2017.04.28-16.03.35:006][804]LogSavePackage: Moving 'D:/Repo/CISC374_Team4/Lionfish/Saved/TopDownExampleMap_BuiltDataC562F82A4E3A08B1DA0203878BC8F240.tmp' to 'D:/Repo/CISC374_Team4/Lionfish/Content/TopDownBP/Maps/TopDownExampleMap_BuiltData.uasset'
[2017.04.28-16.03.35:010][804]LogSavePackage:Display: Finished SavePackage D:/Repo/CISC374_Team4/Lionfish/Content/TopDownBP/Maps/TopDownExampleMap_BuiltData.uasset
[2017.04.28-16.03.35:015][804]LogEditorTransaction: Undo Spawn Play From Here Start
[2017.04.28-16.06.29:109][444]Cmd: OBJ SAVEPACKAGE PACKAGE="/Game/TopDownBP/Blueprints/HUD" FILE="D:/Repo/CISC374_Team4/Lionfish/Content/TopDownBP/Blueprints/HUD.uasset" SILENT=true
[2017.04.28-16.06.29:136][444]LogSavePackage: Save=26.09ms
[2017.04.28-16.06.29:136][444]LogSavePackage: Moving 'D:/Repo/CISC374_Team4/Lionfish/Saved/HUD640933BE49C897C8B5E9CB96E46846F2.tmp' to 'D:/Repo/CISC374_Team4/Lionfish/Content/TopDownBP/Blueprints/HUD.uasset'
[2017.04.28-16.06.29:137][444]LogSavePackage:Display: Finished SavePackage D:/Repo/CISC374_Team4/Lionfish/Content/TopDownBP/Blueprints/HUD.uasset
[2017.04.28-16.06.29:836][477]BlueprintLog: New page: Compile HUD
[2017.04.28-16.07.56:611][107]BlueprintLog: New page: Compile HUD
[2017.04.28-16.08.21:682][485]Cmd: OBJ SAVEPACKAGE PACKAGE="/Game/TopDownBP/Blueprints/HUD" FILE="D:/Repo/CISC374_Team4/Lionfish/Content/TopDownBP/Blueprints/HUD.uasset" SILENT=true
[2017.04.28-16.08.21:717][485]LogSavePackage: Save=33.69ms
[2017.04.28-16.08.21:717][485]LogSavePackage: Moving 'D:/Repo/CISC374_Team4/Lionfish/Saved/HUD2F95BB7643FF6E041038D7A9B3783B5C.tmp' to 'D:/Repo/CISC374_Team4/Lionfish/Content/TopDownBP/Blueprints/HUD.uasset'
[2017.04.28-16.08.21:718][485]LogSavePackage:Display: Finished SavePackage D:/Repo/CISC374_Team4/Lionfish/Content/TopDownBP/Blueprints/HUD.uasset
[2017.04.28-16.08.22:052][506]BlueprintLog: New page: Compile HUD
[2017.04.28-16.09.53:184][774]LogStats: FPlatformStackWalk::StackWalkAndDump -  0.104 s
[2017.04.28-16.09.53:184][774]LogOutputDevice:Error: === Handled ensure: ===
[2017.04.28-16.09.53:184][774]LogOutputDevice:Error: 
[2017.04.28-16.09.53:184][774]LogOutputDevice:Error: Ensure condition failed: !PreviewSlateWidgetWeak.IsValid() [File:D:\Build\++UE4+Release-4.15+Compile\Sync\Engine\Source\Editor\UMGEditor\Private\WidgetBlueprintEditor.cpp] [Line: 757]
[2017.04.28-16.09.53:184][774]LogOutputDevice:Error: 
[2017.04.28-16.09.53:184][774]LogOutputDevice:Error: Stack: 
[2017.04.28-16.09.53:184][774]LogOutputDevice:Error: UE4Editor-Core.dll!0x00000000507395E6
[2017.04.28-16.09.53:184][774]LogOutputDevice:Error: UE4Editor-Core.dll!0x00000000504E9B82
[2017.04.28-16.09.53:184][774]LogOutputDevice:Error: UE4Editor-Core.dll!0x00000000504FB666
[2017.04.28-16.09.53:184][774]LogOutputDevice:Error: UE4Editor-UMGEditor.dll!0x000000003AC3A94E
[2017.04.28-16.09.53:184][774]LogOutputDevice:Error: UE4Editor-UMGEditor.dll!0x000000003ACA1F4E
[2017.04.28-16.09.53:184][774]LogOutputDevice:Error: UE4Editor-Kismet.dll!0x000000004857159C
[2017.04.28-16.09.53:184][774]LogOutputDevice:Error: UE4Editor-Kismet.dll!0x0000000048575FDC
[2017.04.28-16.09.53:184][774]LogOutputDevice:Error: UE4Editor-Engine.dll!0x000000003BBE2F5A
[2017.04.28-16.09.53:184][774]LogOutputDevice:Error: UE4Editor-UnrealEd.dll!0x00000000495EB4E3
[2017.04.28-16.09.53:184][774]LogOutputDevice:Error: UE4Editor-UMGEditor.dll!0x000000003ACE34F0
[2017.04.28-16.09.53:184][774]LogOutputDevice:Error: UE4Editor-UMGEditor.dll!0x000000003AC82CE9
[2017.04.28-16.09.53:184][774]LogOutputDevice:Error: UE4Editor-UMGEditor.dll!0x000000003AC47007
[2017.04.28-16.09.53:184][774]LogOutputDevice:Error: UE4Editor-UMGEditor.dll!0x000000003AC4AFD7
[2017.04.28-16.09.53:184][774]LogOutputDevice:Error: UE4Editor-Slate.dll!0x000000004FBA0771
[2017.04.28-16.09.53:184][774]LogOutputDevice:Error: UE4Editor-Slate.dll!0x000000004FC31E77
[2017.04.28-16.09.53:184][774]LogOutputDevice:Error: UE4Editor-Slate.dll!0x000000004FA6D25F
[2017.04.28-16.09.53:184][774]LogOutputDevice:Error: UE4Editor-Slate.dll!0x000000004FA6DD86
[2017.04.28-16.09.53:184][774]LogOutputDevice:Error: UE4Editor-Slate.dll!0x000000004FA07424
[2017.04.28-16.09.53:184][774]LogOutputDevice:Error: UE4Editor-UMGEditor.dll!0x000000003AC03F9C
[2017.04.28-16.09.53:184][774]LogOutputDevice:Error: UE4Editor-UMGEditor.dll!0x000000003ACA7D12
[2017.04.28-16.09.53:184][774]LogOutputDevice:Error: UE4Editor-UMGEditor.dll!0x000000003AC48626
[2017.04.28-16.09.53:184][774]LogOutputDevice:Error: UE4Editor-UMGEditor.dll!0x000000003ABFB2F8
[2017.04.28-16.09.53:184][774]LogOutputDevice:Error: UE4Editor-UMGEditor.dll!0x000000003ACEE1DE
[2017.04.28-16.09.53:184][774]LogOutputDevice:Error: UE4Editor-UMGEditor.dll!0x000000003ACEAD53
[2017.04.28-16.09.53:184][774]LogOutputDevice:Error: UE4Editor-UMGEditor.dll!0x000000003ACB3E23
[2017.04.28-16.09.53:184][774]LogOutputDevice:Error: UE4Editor-Slate.dll!0x000000004F9F3D96
[2017.04.28-16.09.53:184][774]LogOutputDevice:Error: UE4Editor-Slate.dll!0x000000004F9C40A8
[2017.04.28-16.09.53:184][774]LogOutputDevice:Error: UE4Editor-Slate.dll!0x000000004FA65A7A
[2017.04.28-16.09.53:184][774]LogOutputDevice:Error: UE4Editor-Slate.dll!0x000000004FA50B83
[2017.04.28-16.09.53:184][774]LogOutputDevice:Error: UE4Editor-Slate.dll!0x000000004FA3FB59
[2017.04.28-16.09.53:184][774]LogOutputDevice:Error: UE4Editor-Core.dll!0x000000005072CEA5
[2017.04.28-16.09.53:184][774]LogOutputDevice:Error: UE4Editor-Core.dll!0x00000000507167C1
[2017.04.28-16.09.53:184][774]LogOutputDevice:Error: UE4Editor-Core.dll!0x000000005072EA1C
[2017.04.28-16.09.53:184][774]LogOutputDevice:Error: UE4Editor-Core.dll!0x00000000507126E9
[2017.04.28-16.09.53:184][774]LogOutputDevice:Error: USER32.dll!0x0000000092171C24
[2017.04.28-16.09.53:184][774]LogOutputDevice:Error: USER32.dll!0x000000009217156C
[2017.04.28-16.09.53:184][774]LogOutputDevice:Error: UE4Editor-Core.dll!0x000000005072F326
[2017.04.28-16.09.53:184][774]LogOutputDevice:Error: UE4Editor.exe!0x000000001641D790
[2017.04.28-16.09.53:184][774]LogOutputDevice:Error: UE4Editor.exe!0x000000001640EB40
[2017.04.28-16.09.53:184][774]LogOutputDevice:Error: UE4Editor.exe!0x000000001640EBBA
[2017.04.28-16.09.53:184][774]LogOutputDevice:Error: UE4Editor.exe!0x0000000016420A29
[2017.04.28-16.09.53:184][774]LogOutputDevice:Error: UE4Editor.exe!0x00000000164222B6
[2017.04.28-16.09.53:184][774]LogOutputDevice:Error: KERNEL32.DLL!0x0000000093BC8364
[2017.04.28-16.09.53:184][774]LogOutputDevice:Error: ntdll.dll!0x00000000949A70D1
[2017.04.28-16.09.53:184][774]LogOutputDevice:Error: 
[2017.04.28-16.09.53:191][774]LogStats:                SubmitErrorReport -  0.000 s
