Log file open, 04/11/17 18:21:10
LogInit:Display: Running engine for game: Lionfish
LogPlatformFile: Not using cached read wrapper
LogInit:Display: RandInit(-235519502) SRandInit(-235519501).
LogTaskGraph: Started task graph with 5 named threads and 8 total threads with 1 sets of task threads.
LogStats: Stats thread started at 0.495999
LogPluginManager: Loaded Plugin Paper2D, From C:/Program Files/Epic Games/UE_4.14/Engine/Plugins/2D/Paper2D/Paper2D.uplugin
LogPluginManager: Loaded Plugin LightPropagationVolume, From C:/Program Files/Epic Games/UE_4.14/Engine/Plugins/Blendables/LightPropagationVolume/LightPropagationVolume.uplugin
LogPluginManager: Loaded Plugin BlankPlugin, From C:/Program Files/Epic Games/UE_4.14/Engine/Plugins/Developer/BlankPlugin/BlankPlugin.uplugin
LogPluginManager: Loaded Plugin CodeLiteSourceCodeAccess, From C:/Program Files/Epic Games/UE_4.14/Engine/Plugins/Developer/CodeLiteSourceCodeAccess/CodeLiteSourceCodeAccess.uplugin
LogPluginManager: Loaded Plugin GitSourceControl, From C:/Program Files/Epic Games/UE_4.14/Engine/Plugins/Developer/GitSourceControl/GitSourceControl.uplugin
LogPluginManager: Loaded Plugin KDevelopSourceCodeAccess, From C:/Program Files/Epic Games/UE_4.14/Engine/Plugins/Developer/KDevelopSourceCodeAccess/KDevelopSourceCodeAccess.uplugin
LogPluginManager: Loaded Plugin NullSourceCodeAccess, From C:/Program Files/Epic Games/UE_4.14/Engine/Plugins/Developer/NullSourceCodeAccess/NullSourceCodeAccess.uplugin
LogPluginManager: Loaded Plugin OneSkyLocalizationService, From C:/Program Files/Epic Games/UE_4.14/Engine/Plugins/Developer/OneSkyLocalizationService/OneSkyLocalizationService.uplugin
LogPluginManager: Loaded Plugin PerforceSourceControl, From C:/Program Files/Epic Games/UE_4.14/Engine/Plugins/Developer/PerforceSourceControl/PerforceSourceControl.uplugin
LogPluginManager: Loaded Plugin SubversionSourceControl, From C:/Program Files/Epic Games/UE_4.14/Engine/Plugins/Developer/SubversionSourceControl/SubversionSourceControl.uplugin
LogPluginManager: Loaded Plugin UObjectPlugin, From C:/Program Files/Epic Games/UE_4.14/Engine/Plugins/Developer/UObjectPlugin/UObjectPlugin.uplugin
LogPluginManager: Loaded Plugin VisualStudioSourceCodeAccess, From C:/Program Files/Epic Games/UE_4.14/Engine/Plugins/Developer/VisualStudioSourceCodeAccess/VisualStudioSourceCodeAccess.uplugin
LogPluginManager: Loaded Plugin XCodeSourceCodeAccess, From C:/Program Files/Epic Games/UE_4.14/Engine/Plugins/Developer/XCodeSourceCodeAccess/XCodeSourceCodeAccess.uplugin
LogPluginManager: Loaded Plugin AudioCapture, From C:/Program Files/Epic Games/UE_4.14/Engine/Plugins/Editor/AudioCapture/AudioCapture.uplugin
LogPluginManager: Loaded Plugin EpicSurvey, From C:/Program Files/Epic Games/UE_4.14/Engine/Plugins/Editor/EpicSurvey/EpicSurvey.uplugin
LogPluginManager: Loaded Plugin MacGraphicsSwitching, From C:/Program Files/Epic Games/UE_4.14/Engine/Plugins/Editor/MacGraphicsSwitching/MacGraphicsSwitching.uplugin
LogPluginManager: Loaded Plugin MobileLauncherProfileWizard, From C:/Program Files/Epic Games/UE_4.14/Engine/Plugins/Editor/MobileLauncherProfileWizard/MobileLauncherProfileWizard.uplugin
LogPluginManager: Loaded Plugin PluginBrowser, From C:/Program Files/Epic Games/UE_4.14/Engine/Plugins/Editor/PluginBrowser/PluginBrowser.uplugin
LogPluginManager: Loaded Plugin SpeedTreeImporter, From C:/Program Files/Epic Games/UE_4.14/Engine/Plugins/Editor/SpeedTreeImporter/SpeedTreeImporter.uplugin
LogPluginManager: Loaded Plugin SuperSearchEditor, From C:/Program Files/Epic Games/UE_4.14/Engine/Plugins/Editor/SuperSearchEditor/SuperSearchEditor.uplugin
LogPluginManager: Loaded Plugin AlembicImporter, From C:/Program Files/Epic Games/UE_4.14/Engine/Plugins/Experimental/AlembicImporter/AlembicImporter.uplugin
LogPluginManager: Loaded Plugin BlueprintStats, From C:/Program Files/Epic Games/UE_4.14/Engine/Plugins/Experimental/BlueprintStats/BlueprintStats.uplugin
LogPluginManager: Loaded Plugin CharacterAI, From C:/Program Files/Epic Games/UE_4.14/Engine/Plugins/Experimental/CharacterAI/CharacterAI.uplugin
LogPluginManager: Loaded Plugin CodeEditor, From C:/Program Files/Epic Games/UE_4.14/Engine/Plugins/Experimental/CodeEditor/CodeEditor.uplugin
LogPluginManager: Loaded Plugin CodeView, From C:/Program Files/Epic Games/UE_4.14/Engine/Plugins/Experimental/CodeView/CodeView.uplugin
LogPluginManager: Loaded Plugin HTML5Networking, From C:/Program Files/Epic Games/UE_4.14/Engine/Plugins/Experimental/HTML5Networking/HTML5Networking.uplugin
LogPluginManager: Loaded Plugin OSVR, From C:/Program Files/Epic Games/UE_4.14/Engine/Plugins/Experimental/OSVR/OSVR.uplugin
LogPluginManager: Loaded Plugin Phya, From C:/Program Files/Epic Games/UE_4.14/Engine/Plugins/Experimental/Phya/Phya.uplugin
LogPluginManager: Loaded Plugin SignificanceManager, From C:/Program Files/Epic Games/UE_4.14/Engine/Plugins/Experimental/SignificanceManager/SignificanceManager.uplugin
LogPluginManager: Loaded Plugin SimpleHMD, From C:/Program Files/Epic Games/UE_4.14/Engine/Plugins/Experimental/SimpleHMD/SimpleHMD.uplugin
LogPluginManager: Loaded Plugin StereoPanorama, From C:/Program Files/Epic Games/UE_4.14/Engine/Plugins/Experimental/StereoPanorama/StereoPanorama.uplugin
LogPluginManager: Loaded Plugin StructBox, From C:/Program Files/Epic Games/UE_4.14/Engine/Plugins/Experimental/StructBox/StructBox.uplugin
LogPluginManager: Loaded Plugin AndroidMedia, From C:/Program Files/Epic Games/UE_4.14/Engine/Plugins/Media/AndroidMedia/AndroidMedia.uplugin
LogPluginManager: Loaded Plugin AvfMedia, From C:/Program Files/Epic Games/UE_4.14/Engine/Plugins/Media/AvfMedia/AvfMedia.uplugin
LogPluginManager: Loaded Plugin MediaPlayerEditor, From C:/Program Files/Epic Games/UE_4.14/Engine/Plugins/Media/MediaPlayerEditor/MediaPlayerEditor.uplugin
LogPluginManager: Loaded Plugin WmfMedia, From C:/Program Files/Epic Games/UE_4.14/Engine/Plugins/Media/WmfMedia/WmfMedia.uplugin
LogPluginManager: Loaded Plugin MessagingDebugger, From C:/Program Files/Epic Games/UE_4.14/Engine/Plugins/Messaging/MessagingDebugger/MessagingDebugger.uplugin
LogPluginManager: Loaded Plugin TcpMessaging, From C:/Program Files/Epic Games/UE_4.14/Engine/Plugins/Messaging/TcpMessaging/TcpMessaging.uplugin
LogPluginManager: Loaded Plugin UdpMessaging, From C:/Program Files/Epic Games/UE_4.14/Engine/Plugins/Messaging/UdpMessaging/UdpMessaging.uplugin
LogPluginManager: Loaded Plugin LevelSequenceEditor, From C:/Program Files/Epic Games/UE_4.14/Engine/Plugins/MovieScene/LevelSequenceEditor/LevelSequenceEditor.uplugin
LogPluginManager: Loaded Plugin MatineeToLevelSequence, From C:/Program Files/Epic Games/UE_4.14/Engine/Plugins/MovieScene/MatineeToLevelSequence/MatineeToLevelSequence.uplugin
LogPluginManager: Loaded Plugin NetcodeUnitTest, From C:/Program Files/Epic Games/UE_4.14/Engine/Plugins/NetcodeUnitTest/NetcodeUnitTest/NetcodeUnitTest.uplugin
LogPluginManager: Loaded Plugin NUTUnrealEngine4, From C:/Program Files/Epic Games/UE_4.14/Engine/Plugins/NetcodeUnitTest/NUTUnrealEngine4/NUTUnrealEngine4.uplugin
LogPluginManager: Loaded Plugin OnlineSubsystemGameCircle, From C:/Program Files/Epic Games/UE_4.14/Engine/Plugins/Online/Android/OnlineSubsystemGameCircle/OnlineSubsystemGameCircle.uplugin
LogPluginManager: Loaded Plugin OnlineSubsystemGooglePlay, From C:/Program Files/Epic Games/UE_4.14/Engine/Plugins/Online/Android/OnlineSubsystemGooglePlay/OnlineSubsystemGooglePlay.uplugin
LogPluginManager: Loaded Plugin OnlineSubsystemIOS, From C:/Program Files/Epic Games/UE_4.14/Engine/Plugins/Online/IOS/OnlineSubsystemIOS/OnlineSubsystemIOS.uplugin
LogPluginManager: Loaded Plugin OnlineFramework, From C:/Program Files/Epic Games/UE_4.14/Engine/Plugins/Online/OnlineFramework/OnlineFramework.uplugin
LogPluginManager: Loaded Plugin OnlineSubsystem, From C:/Program Files/Epic Games/UE_4.14/Engine/Plugins/Online/OnlineSubsystem/OnlineSubsystem.uplugin
LogPluginManager: Loaded Plugin OnlineSubsystemAmazon, From C:/Program Files/Epic Games/UE_4.14/Engine/Plugins/Online/OnlineSubsystemAmazon/OnlineSubsystemAmazon.uplugin
LogPluginManager: Loaded Plugin OnlineSubsystemFacebook, From C:/Program Files/Epic Games/UE_4.14/Engine/Plugins/Online/OnlineSubsystemFacebook/OnlineSubsystemFacebook.uplugin
LogPluginManager: Loaded Plugin OnlineSubsystemNull, From C:/Program Files/Epic Games/UE_4.14/Engine/Plugins/Online/OnlineSubsystemNull/OnlineSubsystemNull.uplugin
LogPluginManager: Loaded Plugin OnlineSubsystemOculus, From C:/Program Files/Epic Games/UE_4.14/Engine/Plugins/Online/OnlineSubsystemOculus/OnlineSubsystemOculus.uplugin
LogPluginManager: Loaded Plugin OnlineSubsystemSteam, From C:/Program Files/Epic Games/UE_4.14/Engine/Plugins/Online/OnlineSubsystemSteam/OnlineSubsystemSteam.uplugin
LogPluginManager: Loaded Plugin OnlineSubsystemUtils, From C:/Program Files/Epic Games/UE_4.14/Engine/Plugins/Online/OnlineSubsystemUtils/OnlineSubsystemUtils.uplugin
LogPluginManager: Loaded Plugin IOSTapJoy, From C:/Program Files/Epic Games/UE_4.14/Engine/Plugins/Runtime/Advertising/IOSTapJoy/IOSTapJoy.uplugin
LogPluginManager: Loaded Plugin AnalyticsBlueprintLibrary, From C:/Program Files/Epic Games/UE_4.14/Engine/Plugins/Runtime/Analytics/AnalyticsBlueprintLibrary/AnalyticsBlueprintLibrary.uplugin
LogPluginManager: Loaded Plugin AnalyticsMulticast, From C:/Program Files/Epic Games/UE_4.14/Engine/Plugins/Runtime/Analytics/AnalyticsMulticast/AnalyticsMulticast.uplugin
LogPluginManager: Loaded Plugin Apsalar, From C:/Program Files/Epic Games/UE_4.14/Engine/Plugins/Runtime/Analytics/Apsalar/Apsalar.uplugin
LogPluginManager: Loaded Plugin FileLogging, From C:/Program Files/Epic Games/UE_4.14/Engine/Plugins/Runtime/Analytics/FileLogging/FileLogging.uplugin
LogPluginManager: Loaded Plugin Flurry, From C:/Program Files/Epic Games/UE_4.14/Engine/Plugins/Runtime/Analytics/Flurry/Flurry.uplugin
LogPluginManager: Loaded Plugin AndroidDeviceProfileSelector, From C:/Program Files/Epic Games/UE_4.14/Engine/Plugins/Runtime/AndroidDeviceProfileSelector/AndroidDeviceProfileSelector.uplugin
LogPluginManager: Loaded Plugin AndroidMoviePlayer, From C:/Program Files/Epic Games/UE_4.14/Engine/Plugins/Runtime/AndroidMoviePlayer/AndroidMoviePlayer.uplugin
LogPluginManager: Loaded Plugin AppleMoviePlayer, From C:/Program Files/Epic Games/UE_4.14/Engine/Plugins/Runtime/AppleMoviePlayer/AppleMoviePlayer.uplugin
LogPluginManager: Loaded Plugin ArchVisCharacter, From C:/Program Files/Epic Games/UE_4.14/Engine/Plugins/Runtime/ArchVisCharacter/ArchVisCharacter.uplugin
LogPluginManager: Loaded Plugin CableComponent, From C:/Program Files/Epic Games/UE_4.14/Engine/Plugins/Runtime/CableComponent/CableComponent.uplugin
LogPluginManager: Loaded Plugin CustomMeshComponent, From C:/Program Files/Epic Games/UE_4.14/Engine/Plugins/Runtime/CustomMeshComponent/CustomMeshComponent.uplugin
LogPluginManager: Loaded Plugin ExampleDeviceProfileSelector, From C:/Program Files/Epic Games/UE_4.14/Engine/Plugins/Runtime/ExampleDeviceProfileSelector/ExampleDeviceProfileSelector.uplugin
LogPluginManager: Loaded Plugin GearVR, From C:/Program Files/Epic Games/UE_4.14/Engine/Plugins/Runtime/GearVR/GearVR.uplugin
LogPluginManager: Loaded Plugin GoogleVRController, From C:/Program Files/Epic Games/UE_4.14/Engine/Plugins/Runtime/GoogleVR/GoogleVRController/GoogleVRController.uplugin
LogPluginManager: Loaded Plugin GoogleVRHMD, From C:/Program Files/Epic Games/UE_4.14/Engine/Plugins/Runtime/GoogleVR/GoogleVRHMD/GoogleVRHMD.uplugin
LogPluginManager: Loaded Plugin IOSDeviceProfileSelector, From C:/Program Files/Epic Games/UE_4.14/Engine/Plugins/Runtime/IOSDeviceProfileSelector/IOSDeviceProfileSelector.uplugin
LogPluginManager: Loaded Plugin LeapMotion, From C:/Program Files/Epic Games/UE_4.14/Engine/Plugins/Runtime/LeapMotion/LeapMotion.uplugin
LogPluginManager: Loaded Plugin LinuxDeviceProfileSelector, From C:/Program Files/Epic Games/UE_4.14/Engine/Plugins/Runtime/LinuxDeviceProfileSelector/LinuxDeviceProfileSelector.uplugin
LogPluginManager: Loaded Plugin MIDIDevice, From C:/Program Files/Epic Games/UE_4.14/Engine/Plugins/Runtime/MIDIDevice/MIDIDevice.uplugin
LogPluginManager: Loaded Plugin MobilePatchingUtils, From C:/Program Files/Epic Games/UE_4.14/Engine/Plugins/Runtime/MobilePatchingUtils/MobilePatchingUtils.uplugin
LogPluginManager: Loaded Plugin Ansel, From C:/Program Files/Epic Games/UE_4.14/Engine/Plugins/Runtime/Nvidia/Ansel/Ansel.uplugin
LogPluginManager: Loaded Plugin OculusAudio, From C:/Program Files/Epic Games/UE_4.14/Engine/Plugins/Runtime/OculusAudio/OculusAudio.uplugin
LogPluginManager: Loaded Plugin OculusInput, From C:/Program Files/Epic Games/UE_4.14/Engine/Plugins/Runtime/OculusInput/OculusInput.uplugin
LogPluginManager: Loaded Plugin OculusLibrary, From C:/Program Files/Epic Games/UE_4.14/Engine/Plugins/Runtime/OculusLibrary/OculusLibrary.uplugin
LogPluginManager: Loaded Plugin OculusRift, From C:/Program Files/Epic Games/UE_4.14/Engine/Plugins/Runtime/OculusRift/OculusRift.uplugin
LogPluginManager: Loaded Plugin Oodle, From C:/Program Files/Epic Games/UE_4.14/Engine/Plugins/Runtime/PacketHandlers/CompressionComponents/Oodle/Oodle.uplugin
LogPluginManager: Loaded Plugin ProceduralMeshComponent, From C:/Program Files/Epic Games/UE_4.14/Engine/Plugins/Runtime/ProceduralMeshComponent/ProceduralMeshComponent.uplugin
LogPluginManager: Loaded Plugin SoundMod, From C:/Program Files/Epic Games/UE_4.14/Engine/Plugins/Runtime/SoundMod/SoundMod.uplugin
LogPluginManager: Loaded Plugin SoundVisualizations, From C:/Program Files/Epic Games/UE_4.14/Engine/Plugins/Runtime/SoundVisualizations/SoundVisualizations.uplugin
LogPluginManager: Loaded Plugin SteamController, From C:/Program Files/Epic Games/UE_4.14/Engine/Plugins/Runtime/Steam/SteamController/SteamController.uplugin
LogPluginManager: Loaded Plugin SteamVR, From C:/Program Files/Epic Games/UE_4.14/Engine/Plugins/Runtime/Steam/SteamVR/SteamVR.uplugin
LogPluginManager: Loaded Plugin WebBrowserWidget, From C:/Program Files/Epic Games/UE_4.14/Engine/Plugins/Runtime/WebBrowserWidget/WebBrowserWidget.uplugin
LogPluginManager: Loaded Plugin WindowsDeviceProfileSelector, From C:/Program Files/Epic Games/UE_4.14/Engine/Plugins/Runtime/WindowsDeviceProfileSelector/WindowsDeviceProfileSelector.uplugin
LogPluginManager: Loaded Plugin WindowsMoviePlayer, From C:/Program Files/Epic Games/UE_4.14/Engine/Plugins/Runtime/WindowsMoviePlayer/WindowsMoviePlayer.uplugin
LogPluginManager: Loaded Plugin ScriptPlugin, From C:/Program Files/Epic Games/UE_4.14/Engine/Plugins/ScriptPlugin/ScriptPlugin.uplugin
LogPluginManager: Loaded Plugin SlateRemote, From C:/Program Files/Epic Games/UE_4.14/Engine/Plugins/Slate/SlateRemote/SlateRemote.uplugin
LogPluginManager: Loaded Plugin EditorTests, From C:/Program Files/Epic Games/UE_4.14/Engine/Plugins/Tests/EditorTests/EditorTests.uplugin
LogPluginManager: Loaded Plugin FbxAutomationTestBuilder, From C:/Program Files/Epic Games/UE_4.14/Engine/Plugins/Tests/FbxAutomationTestBuilder/FbxAutomationTestBuilder.uplugin
LogPluginManager: Loaded Plugin FunctionalTestingEditor, From C:/Program Files/Epic Games/UE_4.14/Engine/Plugins/Tests/FunctionalTestingEditor/FunctionalTestingEditor.uplugin
LogPluginManager: Loaded Plugin RuntimeTests, From C:/Program Files/Epic Games/UE_4.14/Engine/Plugins/Tests/RuntimeTests/RuntimeTests.uplugin
LogPluginManager: Loaded Plugin ScreenshotTools, From C:/Program Files/Epic Games/UE_4.14/Engine/Plugins/Tests/ScreenshotTools/ScreenshotTools.uplugin
LogInit: Using libcurl 7.47.1
LogInit:  - built for x86_64-pc-win32
LogInit:  - supports SSL with OpenSSL/1.0.2g
LogInit:  - supports HTTP deflate (compression) using libz 1.2.8
LogInit:  - other features:
LogInit:      CURL_VERSION_SSL
LogInit:      CURL_VERSION_LIBZ
LogInit:      CURL_VERSION_IPV6
LogInit:      CURL_VERSION_ASYNCHDNS
LogInit:      CURL_VERSION_LARGEFILE
LogInit:      CURL_VERSION_IDN
LogInit:  CurlRequestOptions (configurable via config and command line):
LogInit:  - bVerifyPeer = false  - Libcurl will NOT verify peer certificate
LogInit:  - bUseHttpProxy = false  - Libcurl will NOT use HTTP proxy
LogInit:  - bDontReuseConnections = false  - Libcurl will reuse connections
LogInit:  - CertBundlePath = nullptr  - Libcurl will use whatever was configured at build time.
LogInit: Build: ++UE4+Release-4.14-CL-3249277
LogInit: Engine Version: 4.14.3-3249277+++UE4+Release-4.14
LogInit: Compatible Engine Version: 4.14.0-3195953+++UE4+Release-4.14
LogInit: Net CL: 3195953
LogDevObjectVersion: Number of dev versions registered: 13
LogDevObjectVersion:   Dev-Blueprints (B0D832E4-1F89-4F0D-ACCF-7EB736FD4AA2): 7
LogDevObjectVersion:   Dev-Build (E1C64328-A22C-4D53-A36C-8E866417BD8C): 0
LogDevObjectVersion:   Dev-Core (375EC13C-06E4-48FB-B500-84F0262A717E): 1
LogDevObjectVersion:   Dev-Editor (E4B068ED-F494-42E9-A231-DA0B2E46BB41): 8
LogDevObjectVersion:   Dev-Framework (CFFC743F-43B0-4480-9391-14DF171D2073): 17
LogDevObjectVersion:   Dev-Mobile (B02B49B5-BB20-44E9-A304-32B752E40360): 0
LogDevObjectVersion:   Dev-Networking (A4E4105C-59A1-49B5-A7C5-40C4547EDFEE): 0
LogDevObjectVersion:   Dev-Online (39C831C9-5AE6-47DC-9A44-9C173E1C8E7C): 0
LogDevObjectVersion:   Dev-Physics (78F01B33-EBEA-4F98-B9B4-84EACCB95AA2): 0
LogDevObjectVersion:   Dev-Platform (6631380F-2D4D-43E0-8009-CF276956A95A): 0
LogDevObjectVersion:   Dev-Rendering (12F88B9F-8875-4AFC-A67C-D90C383ABD29): 12
LogDevObjectVersion:   Dev-Sequencer (7B5AE74C-D270-4C10-A958-57980B212A5A): 1
LogDevObjectVersion:   Dev-VR (D7296918-1DD6-4BDD-9DE2-64A83CC13884): 0
LogInit: Compiled (64-bit): Jan  6 2017 10:49:43
LogInit: Compiled with Visual C++: 19.00.23026.00
LogInit: Build Configuration: Development
LogInit: Branch Name: ++UE4+Release-4.14
LogInit: Command line: -EpicPortal 
LogInit: Base directory: C:/Program Files/Epic Games/UE_4.14/Engine/Binaries/Win64/
LogInit: Installed Engine Build: 1
LogInit: Presizing for max 8388607 objects, including 0 objects not considered by GC, pre-allocating 0 bytes for permanent pool.
LogInit: Object subsystem initialized
[2017.04.11-22.21.13:687][  0]LogInit: Selected Device Profile: [Windows]
[2017.04.11-22.21.13:687][  0]LogInit: Applying CVar settings loaded from the selected device profile: [Windows]
[2017.04.11-22.21.13:806][  0]LogInit: Computer: BILLSORGLAPTOP
[2017.04.11-22.21.13:806][  0]LogInit: User: billy000
[2017.04.11-22.21.13:806][  0]LogInit: CPU Page size=65536, Cores=4
[2017.04.11-22.21.13:806][  0]LogInit: High frequency timer resolution =1.462103 MHz
[2017.04.11-22.21.13:808][  0]LogMemory: Memory total: Physical=7.5GB (8GB approx)
[2017.04.11-22.21.13:808][  0]LogMemory: Platform Memory Stats for Windows
[2017.04.11-22.21.13:808][  0]LogMemory: Process Physical Memory: 263.86 MB used, 263.86 MB peak
[2017.04.11-22.21.13:808][  0]LogMemory: Process Virtual Memory: 262.58 MB used, 262.58 MB peak
[2017.04.11-22.21.13:808][  0]LogMemory: Physical Memory: 4166.13 MB used,  3476.13 MB free, 7642.26 MB total
[2017.04.11-22.21.13:808][  0]LogMemory: Virtual Memory: 661.31 MB used,  3476.13 MB free, 134217728.00 MB total
[2017.04.11-22.21.14:076][  0]LogTextLocalizationManager: No specific translations for ('en-US') exist, so ('en') translations will be used.
[2017.04.11-22.21.22:433][  0]LogD3D11RHI: D3D11 adapters:
[2017.04.11-22.21.22:544][  0]LogD3D11RHI:    0. 'AMD Radeon HD 8330' (Feature Level 11_0)
[2017.04.11-22.21.22:544][  0]LogD3D11RHI:       495/0/3821 MB DedicatedVideo/DedicatedSystem/SharedSystem, Outputs:1, VendorId:0x1002
[2017.04.11-22.21.22:554][  0]LogD3D11RHI:    1. 'Microsoft Basic Render Driver' (Feature Level 11_0)
[2017.04.11-22.21.22:554][  0]LogD3D11RHI:       0/0/3821 MB DedicatedVideo/DedicatedSystem/SharedSystem, Outputs:0, VendorId:0x1414
[2017.04.11-22.21.22:555][  0]LogD3D11RHI: Chosen D3D11 Adapter: 0
[2017.04.11-22.21.22:582][  0]LogD3D11RHI: Creating new Direct3DDevice
[2017.04.11-22.21.22:583][  0]LogD3D11RHI:     GPU DeviceId: 0x9832 (for the marketing name, search the web for "GPU Device Id")
[2017.04.11-22.21.22:583][  0]LogWindows: EnumDisplayDevices:
[2017.04.11-22.21.22:584][  0]LogWindows:    0. 'AMD Radeon HD 8330' (P:1 D:1)
[2017.04.11-22.21.22:587][  0]LogWindows:    1. 'AMD Radeon HD 8330' (P:0 D:0)
[2017.04.11-22.21.22:589][  0]LogWindows: DebugString: FoundDriverCount:2 
[2017.04.11-22.21.22:589][  0]LogD3D11RHI:     Adapter Name: AMD Radeon HD 8330
[2017.04.11-22.21.22:589][  0]LogD3D11RHI:   Driver Version: Crimson 16.6 (internal:21.19.137.514, unified:21.19.137.514)
[2017.04.11-22.21.22:589][  0]LogD3D11RHI:      Driver Date: 11-21-2016
[2017.04.11-22.21.22:589][  0]LogRHI: Texture pool is 346 MB (70% of 495 MB)
[2017.04.11-22.21.22:656][  0]LogD3D11RHI: Async texture creation enabled
[2017.04.11-22.21.22:695][  0]LogD3D11RHI: GPU Timing Frequency: 100.000000 (Debug: 2 1)
[2017.04.11-22.21.22:704][  0]LogShaderCompilers: Guid format shader working directory is -12 characters bigger than the processId version (../../../../../../Users/billy_000/team4/CISC374_Team4/Lionfish/Intermediate/Shaders/WorkingDirectory/3644/).
[2017.04.11-22.21.22:705][  0]LogShaderCompilers: Cleaned the shader compiler working directory 'C:/Users/billy_000/AppData/Local/Temp/UnrealShaderWorkingDir/F7F5B454415B616F764454A825BEA72A/'.
[2017.04.11-22.21.22:705][  0]LogShaderCompilers:Display: Using Local Shader Compiler.
[2017.04.11-22.21.34:877][  0]LogTemp:Display: Loaded TP AllDesktopTargetPlatform
[2017.04.11-22.21.35:575][  0]LogTemp:Display: Loaded TP MacClientTargetPlatform
[2017.04.11-22.21.36:269][  0]LogTemp:Display: Loaded TP MacNoEditorTargetPlatform
[2017.04.11-22.21.36:892][  0]LogTemp:Display: Loaded TP MacServerTargetPlatform
[2017.04.11-22.21.37:599][  0]LogTemp:Display: Loaded TP MacTargetPlatform
[2017.04.11-22.21.38:357][  0]LogTemp:Display: Loaded TP WindowsClientTargetPlatform
[2017.04.11-22.21.38:965][  0]LogTemp:Display: Loaded TP WindowsNoEditorTargetPlatform
[2017.04.11-22.21.39:657][  0]LogTemp:Display: Loaded TP WindowsServerTargetPlatform
[2017.04.11-22.21.40:251][  0]LogTemp:Display: Loaded TP WindowsTargetPlatform
[2017.04.11-22.21.40:963][  0]LogTemp:Display: Loaded TP AndroidTargetPlatform
[2017.04.11-22.21.41:641][  0]LogTemp:Display: Loaded TP Android_ASTCTargetPlatform
[2017.04.11-22.21.42:324][  0]LogTemp:Display: Loaded TP Android_ATCTargetPlatform
[2017.04.11-22.21.43:006][  0]LogTemp:Display: Loaded TP Android_DXTTargetPlatform
[2017.04.11-22.21.43:793][  0]LogTemp:Display: Loaded TP Android_ETC1TargetPlatform
[2017.04.11-22.21.44:553][  0]LogTemp:Display: Loaded TP Android_ETC2TargetPlatform
[2017.04.11-22.21.46:039][  0]LogTemp:Display: Loaded TP Android_MultiTargetPlatform
[2017.04.11-22.21.46:039][  0]LogTemp:Display: Loaded TP Android_PVRTCTargetPlatform
[2017.04.11-22.21.46:583][  0]LogTemp:Display: Loaded TP HTML5TargetPlatform
[2017.04.11-22.21.47:591][  0]LogTemp:Display: Loaded TP IOSTargetPlatform
[2017.04.11-22.21.48:016][  0]LogTemp:Display: Loaded TP TVOSTargetPlatform
[2017.04.11-22.21.48:774][  0]LogTemp:Display: Loaded TP LinuxClientTargetPlatform
[2017.04.11-22.21.49:478][  0]LogTemp:Display: Loaded TP LinuxNoEditorTargetPlatform
[2017.04.11-22.21.50:174][  0]LogTemp:Display: Loaded TP LinuxServerTargetPlatform
[2017.04.11-22.21.50:892][  0]LogTemp:Display: Loaded TP LinuxTargetPlatform
[2017.04.11-22.21.50:892][  0]LogTargetPlatformManager:Display: Building Assets For Windows
[2017.04.11-22.21.56:167][  0]LogDerivedDataCache:Display: Max Cache Size: 512 MB
[2017.04.11-22.21.58:267][  0]LogDerivedDataCache: Loaded boot cache 2.10s 50MB C:/Users/billy_000/AppData/Local/UnrealEngine/4.14/DerivedDataCache/Boot.ddc.
[2017.04.11-22.21.58:267][  0]LogDerivedDataCache:Display: Loaded Boot cache: C:/Users/billy_000/AppData/Local/UnrealEngine/4.14/DerivedDataCache/Boot.ddc
[2017.04.11-22.21.58:268][  0]LogDerivedDataCache: FDerivedDataBackendGraph:  Pak pak cache file ../../../../../../Users/billy_000/team4/CISC374_Team4/Lionfish/DerivedDataCache/DDC.ddp not found, will not use a pak cache.
[2017.04.11-22.21.58:268][  0]LogDerivedDataCache: Unable to find inner node Pak for hierarchical cache Hierarchy.
[2017.04.11-22.21.58:268][  0]LogDerivedDataCache: FDerivedDataBackendGraph:  CompressedPak pak cache file ../../../../../../Users/billy_000/team4/CISC374_Team4/Lionfish/DerivedDataCache/Compressed.ddp not found, will not use a pak cache.
[2017.04.11-22.21.58:268][  0]LogDerivedDataCache: Unable to find inner node CompressedPak for hierarchical cache Hierarchy.
[2017.04.11-22.21.58:456][  0]LogDerivedDataCache:Display: Pak cache opened for reading ../../../Engine/DerivedDataCache/Compressed.ddp.
[2017.04.11-22.21.58:476][  0]LogDerivedDataCache: Using Local data cache path C:/Users/billy_000/AppData/Local/UnrealEngine/Common/DerivedDataCache: Writable
[2017.04.11-22.22.01:161][  0]LogInit: Selected Device Profile: [Windows]
[2017.04.11-22.22.01:186][  0]LogContentStreaming: Texture pool size is 0.00 MB
[2017.04.11-22.22.02:701][  0]LogMeshUtilities: Using QuadricMeshReduction for automatic static mesh reduction
[2017.04.11-22.22.03:274][  0]LogSimplygon: Simplygon DLL not present - disabling.
[2017.04.11-22.22.03:873][  0]LogMeshUtilities: Using SimplygonSwarm for distributed automatic mesh merging
[2017.04.11-22.22.03:873][  0]LogMeshUtilities: No automatic skeletal mesh reduction module available
[2017.04.11-22.22.03:873][  0]LogMeshUtilities: No automatic mesh merging module available
[2017.04.11-22.22.08:572][  0]LogNetVersion: GetLocalNetworkVersion: CL: 3195953, ProjectName: lionfish, ProjectVersion: , EngineNetworkVersion: 2, GameNetworkVersion: 0, NetworkChecksum: 3157632447
[2017.04.11-22.22.08:983][  0]LogAssetRegistry: FAssetRegistry took 0.0255 seconds to start up
[2017.04.11-22.22.09:612][  0]LogPackageLocalizationCache: Processed 3 localized package path(s) for 2 prioritized culture(s) in 0.253709 seconds
[2017.04.11-22.22.09:659][  0]LogUObjectArray: 31946 objects as part of root set at end of initial load.
[2017.04.11-22.22.09:660][  0]LogUObjectAllocator: 6935848 out of 0 bytes used by permanent object pool.
[2017.04.11-22.22.09:660][  0]LogUObjectArray: CloseDisregardForGC: 0/0 objects in disregard for GC pool
[2017.04.11-22.22.10:485][  0]LogInit: WinSock: version 1.1 (2.2), MaxSocks=32767, MaxUdp=65467
[2017.04.11-22.22.20:667][  0]LogSlate: Using Freetype 2.6.0
[2017.04.11-22.22.20:703][  0]LogSlate: SlateFontCache - WITH_FREETYPE: 1, WITH_HARFBUZZ: 1
[2017.04.11-22.22.20:703][  0]LogSlate: SlateFontCache - WITH_FREETYPE: 1, WITH_HARFBUZZ: 1
[2017.04.11-22.22.37:880][  0]LogTcpMessaging: Initializing TcpMessaging bridge
[2017.04.11-22.22.38:294][  0]LogUdpMessaging: Initializing bridge on interface 0.0.0.0:0 to multicast group 230.0.0.1:6666.
[2017.04.11-22.22.41:439][  0]LogMaterial: Uniform references updated for custom material expression Custom.
[2017.04.11-22.22.45:625][  0]SourceControl: Info Source control is disabled
[2017.04.11-22.22.47:307][  0]SourceControl: Info Source control is disabled
[2017.04.11-22.22.47:897][  0]SourceControl: Info Source control is disabled
[2017.04.11-22.22.48:431][  0]SourceControl: Info Source control is disabled
[2017.04.11-22.23.05:538][  0]LogEngine: Initializing Engine...
[2017.04.11-22.23.05:542][  0]LogHMD: Failed to initialize OpenVR with code 110
[2017.04.11-22.23.08:395][  0]LogAIModule: Creating AISystem for world Untitled
[2017.04.11-22.23.08:470][  0]LogInit: XAudio2 using 'Speaker/HP (Realtek High Definition Audio)' : 2 channels at 48 kHz using 32 bits per sample (channel mask 0x3)
[2017.04.11-22.23.08:609][  0]LogInit: FAudioDevice initialized.
[2017.04.11-22.23.08:804][  0]LogDerivedDataCache: Saved boot cache 0.19s 50MB C:/Users/billy_000/AppData/Local/UnrealEngine/4.14/DerivedDataCache/Boot.ddc.
[2017.04.11-22.23.08:857][  0]LogInit: Texture streaming: Enabled
[2017.04.11-22.23.11:715][  0]LogInit: Transaction tracking system initialized
[2017.04.11-22.23.16:862][  0]BlueprintLog: New page: Editor Load
[2017.04.11-22.23.29:291][  0]LocalizationService: Info Localization service is disabled
[2017.04.11-22.23.40:239][  0]LogConsoleResponse:Display: 
[2017.04.11-22.23.41:970][  0]LogCook:Display: Max memory allowance for cook 16384mb min free memory 0mb
[2017.04.11-22.23.41:970][  0]LogCook:Display: Mobile HDR setting 1
[2017.04.11-22.23.42:476][  0]LogFileCache: Scanning file cache for directory 'C:/Users/billy_000/team4/CISC374_Team4/Lionfish/Content/' took 0.04s
[2017.04.11-22.23.53:289][  0]SourceControl: Info Source control is disabled
[2017.04.11-22.23.53:290][  0]Cmd: MAP LOAD FILE="../../../../../../Users/billy_000/team4/CISC374_Team4/Lionfish/Content/TopDownBP/Maps/TopDownExampleMap.umap" TEMPLATE=0 SHOWPROGRESS=1 FEATURELEVEL=3
[2017.04.11-22.23.53:294][  0]LightingResults: New page: Lighting Build
[2017.04.11-22.23.53:832][  0]MapCheck: New page: Map Check
[2017.04.11-22.23.53:832][  0]LightingResults: New page: Lighting Build
[2017.04.11-22.23.59:794][  0]LogMaterial: Missing cached shader map for material M_Wood_Walnut, compiling. 
[2017.04.11-22.24.00:381][  0]LogMaterial: Missing cached shader map for material M_Tech_Hex_Tile_Pulse, compiling. 
[2017.04.11-22.24.01:092][  0]LogMaterial: Missing cached shader map for material M_Tech_Hex_Tile, compiling. 
[2017.04.11-22.24.01:801][  0]LogTexture:Display: Building textures: HQ_Lightmap0_1 (AutoDXT)
[2017.04.11-22.24.03:470][  0]LogTexture:Display: Building textures: HQ_Lightmap0_2 (AutoDXT)
[2017.04.11-22.24.04:102][  0]LogTexture:Display: Building textures: HQ_Lightmap0_3 (AutoDXT)
[2017.04.11-22.24.04:161][  0]LogTexture:Display: Building textures: LQ_Lightmap_0_1 (DXT1)
[2017.04.11-22.24.04:726][  0]LogTexture:Display: Building textures: LQ_Lightmap_0_2 (DXT1)
[2017.04.11-22.24.05:050][  0]LogTexture:Display: Building textures: LQ_Lightmap_0_3 (DXT1)
[2017.04.11-22.24.05:109][  0]LogTexture:Display: Building textures: SkyOcclusion0_1 (AutoDXT)
[2017.04.11-22.24.05:765][  0]LogTexture:Display: Building textures: SkyOcclusion0_2 (AutoDXT)
[2017.04.11-22.24.06:060][  0]LogTexture:Display: Building textures: SkyOcclusion0_3 (AutoDXT)
[2017.04.11-22.24.06:105][  0]LogTexture:Display: Building textures: ShadowMapTexture2D_4 (G8)
[2017.04.11-22.24.06:532][  0]LogTexture:Display: Building textures: ShadowMapTexture2D_5 (G8)
[2017.04.11-22.24.06:689][  0]LogMaterial: Missing cached shader map for material M_Tech_Panel, compiling. 
[2017.04.11-22.24.06:951][  0]LogAIModule: Creating AISystem for world TopDownExampleMap
[2017.04.11-22.24.07:104][  0]LogEditorServer: Finished looking for orphan Actors (0.000 secs)
[2017.04.11-22.24.07:108][  0]Cmd: MAP CHECKDEP NOCLEARLOG
[2017.04.11-22.24.07:767][  0]MapCheck: Info Map check complete: 0 Error(s), 0 Warning(s), took 657.731ms to complete.
[2017.04.11-22.24.07:768][  0]LogFileHelpers: Loading map 'TopDownExampleMap' took 14.478
[2017.04.11-22.24.07:880][  0]LogWindowsTextInputMethodSystem:Display: IME system now deactivated.
[2017.04.11-22.24.07:881][  0]LogWindowsTextInputMethodSystem:Display: IME system now deactivated.
[2017.04.11-22.24.08:678][  0]LogCollectionManager: Loaded 0 collections in 0.007904 seconds
[2017.04.11-22.24.09:220][  0]LogFileCache: Scanning file cache for directory 'C:/Users/billy_000/team4/CISC374_Team4/Lionfish/Saved/Collections/' took 0.01s
[2017.04.11-22.24.09:220][  0]LogFileCache: Scanning file cache for directory 'C:/Users/billy_000/team4/CISC374_Team4/Lionfish/Content/Developers/billy000/Collections/' took 0.02s
[2017.04.11-22.24.09:220][  0]LogFileCache: Scanning file cache for directory 'C:/Users/billy_000/team4/CISC374_Team4/Lionfish/Content/Collections/' took 0.01s
[2017.04.11-22.24.09:220][  0]LogCollectionManager: Rebuilt the GUID cache for 0 collections in 0.000008 seconds
[2017.04.11-22.24.09:273][  0]LogContentBrowser: Native class hierarchy populated in 0.0521 seconds. Added 2190 classes and 428 folders.
[2017.04.11-22.24.09:631][  0]LogStats: UGameplayTagsManager::ConstructGameplayTagTree: Construct from data asset -  0.000 s
[2017.04.11-22.24.09:631][  0]LogStats: UGameplayTagsManager::ConstructGameplayTagTree: GameplayTagTreeChangedEvent.Broadcast -  0.000 s
[2017.04.11-22.24.09:634][  0]LogContentBrowser: Native class hierarchy updated for 'GameplayTags' in 0.0027 seconds. Added 13 classes and 0 folders.
[2017.04.11-22.24.10:190][  0]LogContentBrowser: Native class hierarchy updated for 'WidgetCarousel' in 0.0020 seconds. Added 0 classes and 0 folders.
[2017.04.11-22.24.12:309][  0]LogContentBrowser: Native class hierarchy updated for 'AddContentDialog' in 0.0023 seconds. Added 0 classes and 0 folders.
[2017.04.11-22.24.12:881][  0]LogContentBrowser: Native class hierarchy updated for 'SceneOutliner' in 0.0027 seconds. Added 1 classes and 2 folders.
[2017.04.11-22.24.13:188][  0]LogCrashTracker: Crashtracker disabled due to settings.
[2017.04.11-22.24.13:214][  0]LogUObjectGlobals:Warning: Failed to find object 'Class None.'
[2017.04.11-22.24.13:623][  0]LogContentBrowser: Native class hierarchy updated for 'HierarchicalLODOutliner' in 0.0024 seconds. Added 1 classes and 2 folders.
[2017.04.11-22.24.13:626][  0]LogLoad: (Engine Initialization) Total time: 192.54 seconds
[2017.04.11-22.24.13:626][  0]LogLoad: (Engine Initialization) Total Blueprint compile time: 2.59 seconds
[2017.04.11-22.24.13:626][  0]LogExternalProfiler: No external profilers were discovered.  External profiling features will not be available.
[2017.04.11-22.24.13:644][  0]LogOcInput: OculusInput pre-init called
[2017.04.11-22.24.13:685][  0]LogContentStreaming: Texture pool size now 400 MB
[2017.04.11-22.24.14:915][  0]LogRenderer: Reallocating scene render targets to support 748x424 NumSamples 1 (Frame:2).
[2017.04.11-22.24.16:402][  8]LogAssetRegistry: Asset discovery search completed in 127.4440 seconds
[2017.04.11-22.24.16:402][  8]LogCollectionManager: Rebuilt the object cache for 0 collections in 0.000002 seconds (found 0 objects)
[2017.04.11-22.24.16:403][  8]LogCollectionManager: Fixed up redirectors for 0 collections in 0.000064 seconds (updated 0 objects)
[2017.04.11-22.25.25:923][693]LogContentBrowser: Native class hierarchy updated for 'BlueprintGraph' in 0.0051 seconds. Added 111 classes and 0 folders.
[2017.04.11-22.40.21:260][ 59]LogEditorViewport: Clicking on Actor (LMB): Lionfish_C (Lionfish)
[2017.04.11-22.45.52:704][479]LogSavePackage: Save=1064.95ms
[2017.04.11-22.45.52:704][479]LogSavePackage: Moving '../../../../../../Users/billy_000/team4/CISC374_Team4/Lionfish/Saved/TopDownExampleMap_Auto164B5AD5D4F29186EDBA3E5A80340640F.tmp' to '../../../../../../Users/billy_000/team4/CISC374_Team4/Lionfish/Saved/Autosaves/Game/TopDownBP/Maps/TopDownExampleMap_Auto1.umap'
[2017.04.11-22.45.52:729][479]LogSavePackage:Display: Finished SavePackage ../../../../../../Users/billy_000/team4/CISC374_Team4/Lionfish/Saved/Autosaves/Game/TopDownBP/Maps/TopDownExampleMap_Auto1.umap
[2017.04.11-22.45.52:746][479]LogFileHelpers: Editor autosave (incl. sublevels) for '/Game/TopDownBP/Maps/TopDownExampleMap' took 1.526
[2017.04.11-22.45.52:746][479]LogFileHelpers: Editor autosave (incl. sublevels) for all levels took 1.526
[2017.04.11-22.48.20:221][236]MapCheck: New page: Map Check
[2017.04.11-22.48.20:320][236]Cmd: MAP REBUILD ALLVISIBLE
[2017.04.11-22.48.20:320][236]LogEditorServer: Rebuildmap Clear paths rebuilt
[2017.04.11-22.48.21:086][236]LightingResults: New page: Lighting Build - Apr 11, 2017, 2:48:21 PM
[2017.04.11-22.48.21:917][236]LogSwarmInterface: [OpenConnection] Registering TCP channel ...
[2017.04.11-22.48.23:045][236]LogSwarmInterface: [OpenConnection] Connecting to agent ...
[2017.04.11-22.48.23:372][236]LogSwarmInterface: [TryOpenConnection] Testing the Agent
[2017.04.11-22.48.26:731][236]LogSwarmInterface:Error: [TryOpenConnection] Waiting for the agent to start up ...
[2017.04.11-22.48.26:970][236]LogSwarmInterface:Error: System.Net.Sockets.SocketException (0x80004005): No connection could be made because the target machine actively refused it 127.0.0.1:8008

Server stack trace: 
   at System.Net.Sockets.Socket.DoConnect(EndPoint endPointSnapshot, SocketAddress socketAddress)
   at System.Net.Sockets.Socket.Connect(EndPoint remoteEP)
   at System.Runtime.Remoting.Channels.RemoteConnection.CreateNewSocket(EndPoint ipEndPoint)
   at System.Runtime.Remoting.Channels.SocketCache.GetSocket(String machinePortAndSid, Boolean openNew)
   at System.Runtime.Remoting.Channels.Tcp.TcpClientTransportSink.SendRequestWithRetry(IMessage msg, ITransportHeaders requestHeaders, Stream requestStream)
   at System.Runtime.Remoting.Channels.Tcp.TcpClientTransportSink.AsyncProcessRequest(IClientChannelSinkStack sinkStack, IMessage msg, ITransportHeaders headers, Stream stream)
   at System.Runtime.Remoting.Channels.BinaryClientFormatterSink.AsyncProcessMessage(IMessage msg, IMessageSink replySink)

Exception rethrown at [0]: 
   at System.Runtime.Remoting.Proxies.RealProxy.HandleReturnMessage(IMessage reqMsg, IMessage retMsg)
   at System.Runtime.Remoting.Proxies.RealProxy.PrivateInvoke(MessageData& msgData, Int32 type)
   at NSwarm.IAgentInterfaceWrapper.MethodDelegate.EndInvoke(Hashtable& OutParameters, IAsyncResult result)
   at NSwarm.FSwarmInterface.TryOpenConnection(FConnectionCallback CallbackFunc, IntPtr CallbackData, ELogFlags LoggingFlags)
[2017.04.11-22.48.33:369][236]LogSwarmInterface: [TryOpenConnection] Opening Connection to Agent
[2017.04.11-22.48.33:369][236]LogSwarmInterface: [TryOpenConnection] Local Process ID is 3644
[2017.04.11-22.48.43:078][236]LogStaticLightingSystem: Running Lightmass w/ ImmediateImport mode ENABLED
[2017.04.11-22.48.43:078][236]LogStaticLightingSystem: Running Lightmass w/ ImmediateProcess mode ENABLED
[2017.04.11-22.48.43:078][236]LogStaticLightingSystem: Running Lightmass w/ Sorting mode ENABLED
[2017.04.11-22.48.43:078][236]LogStaticLightingSystem: Running Lightmass w/ Mapping paddings ENABLED
[2017.04.11-22.48.43:078][236]LogStaticLightingSystem: Running Lightmass w/ Mapping debug paddings DISABLED
[2017.04.11-22.48.45:359][236]Cmd: MAP CHECK DONTDISPLAYDIALOG
[2017.04.11-22.48.45:360][236]MapCheck: New page: TopDownExampleMap - Apr 11, 2017, 2:48:45 PM
[2017.04.11-22.48.46:268][236]MapCheck: Info Map check complete: 0 Error(s), 0 Warning(s), took 908.314ms to complete.
[2017.04.11-22.48.46:295][236]LogEditorBuildUtils: Build time 0:25
[2017.04.11-22.48.46:348][236]LogMaterial: Missing cached shader map for material FLightmassMaterialRenderer MaterialInstanceDynamic_1, compiling. 
[2017.04.11-22.48.46:389][236]LogMaterial: Missing cached shader map for material FLightmassMaterialRenderer MaterialInstanceDynamic_1, compiling. 
[2017.04.11-22.48.46:632][237]LogMaterial: Missing cached shader map for material FLightmassMaterialRenderer CubeMaterial, compiling. 
[2017.04.11-22.48.46:727][237]LogMaterial: Missing cached shader map for material FLightmassMaterialRenderer CubeMaterial, compiling. 
[2017.04.11-22.48.46:838][238]LogMaterial: Missing cached shader map for material FLightmassMaterialRenderer M_Rock_Basalt, compiling. 
[2017.04.11-22.48.46:881][238]LogMaterial: Missing cached shader map for material FLightmassMaterialRenderer M_Rock_Basalt, compiling. 
[2017.04.11-22.48.47:070][240]LogMaterial: Missing cached shader map for material FLightmassMaterialRenderer M_Rock_Sandstone, compiling. 
[2017.04.11-22.48.47:118][240]LogMaterial: Missing cached shader map for material FLightmassMaterialRenderer M_Rock_Sandstone, compiling. 
[2017.04.11-22.49.31:930][343]Job is a success!
[2017.04.11-22.49.37:586][344]LogTexture:Display: Building textures: SkyOcclusion1_1 (AutoDXT)
[2017.04.11-22.49.37:586][344]LogTexture:Display: Building textures: HQ_Lightmap1_1 (AutoDXT)
[2017.04.11-22.49.37:587][344]LogTexture:Display: Building textures: LQ_Lightmap_1_1 (DXT1)
[2017.04.11-22.49.37:587][344]LogTexture:Display: Building textures: SkyOcclusion1_2 (AutoDXT)
[2017.04.11-22.49.37:587][344]LogTexture:Display: Building textures: HQ_Lightmap1_2 (AutoDXT)
[2017.04.11-22.49.37:587][344]LogTexture:Display: Building textures: LQ_Lightmap_1_2 (DXT1)
[2017.04.11-22.49.37:587][344]LogTexture:Display: Building textures: SkyOcclusion1_3 (AutoDXT)
[2017.04.11-22.49.37:587][344]LogTexture:Display: Building textures: HQ_Lightmap1_3 (AutoDXT)
[2017.04.11-22.49.37:587][344]LogTexture:Display: Building textures: LQ_Lightmap_1_3 (DXT1)
[2017.04.11-22.49.42:739][344]LogTexture:Display: Building textures: ShadowMapTexture2D_0 (G8)
[2017.04.11-22.49.42:739][344]LogTexture:Display: Building textures: ShadowMapTexture2D_1 (G8)
[2017.04.11-22.49.43:080][344]Lightmass on BILLSORGLAPTOP: 39.1 sec total, 634 ms importing, 92 ms setup, 8.72 sec photons, 28.9 sec processing, 0 ms extra exporting [25/25 mappings]. Threads: 1:55 min total, 51.8 sec processing.
[2017.04.11-22.49.43:229][344]LogStaticLightingSystem: Illumination: 1:21 min (4.60 sec encoding lightmaps, 5.16 sec encoding shadowmaps)
[2017.04.11-22.49.43:229][344]LogStaticLightingSystem: Lightmap texture memory:  3.3 MB (3.3 MB streaming, 0.0 MB non-streaming), 6 textures
[2017.04.11-22.49.43:229][344]LogStaticLightingSystem: Shadowmap texture memory: 2.7 MB (2.7 MB streaming, 0.0 MB non-streaming), 2 textures
[2017.04.11-22.49.44:173][344]DumpUnbuiltLightIteractions
[2017.04.11-22.49.44:174][344]Lights with unbuilt interactions: 0
[2017.04.11-22.49.44:174][344]
[2017.04.11-22.49.44:174][344]Primitives with unbuilt interactions: 0
[2017.04.11-22.49.44:424][345]Cmd: MAP CHECK NOTIFYRESULTS
[2017.04.11-22.49.44:425][345]MapCheck: New page: TopDownExampleMap - Apr 11, 2017, 2:49:44 PM
[2017.04.11-22.49.46:367][345]MapCheck: Info Map check complete: 0 Error(s), 0 Warning(s), took 1,942.241ms to complete.
[2017.04.11-22.51.53:297][780]LogRenderer: Reallocating scene render targets to support 808x588 NumSamples 1 (Frame:14034).
[2017.04.11-22.55.12:215][ 16]BlueprintLog: New page: Compile Lionfish
[2017.04.11-22.59.05:757][135]LogSavePackage: Save=1388.42ms
[2017.04.11-22.59.05:757][135]LogSavePackage: Moving '../../../../../../Users/billy_000/team4/CISC374_Team4/Lionfish/Saved/TopDownExampleMap_Auto212253D3F4BBB349F8DF071AF893DB2B7.tmp' to '../../../../../../Users/billy_000/team4/CISC374_Team4/Lionfish/Saved/Autosaves/Game/TopDownBP/Maps/TopDownExampleMap_Auto2.umap'
[2017.04.11-22.59.05:781][135]LogSavePackage:Display: Finished SavePackage ../../../../../../Users/billy_000/team4/CISC374_Team4/Lionfish/Saved/Autosaves/Game/TopDownBP/Maps/TopDownExampleMap_Auto2.umap
[2017.04.11-22.59.06:016][135]LogSavePackage: Save=130.86ms
[2017.04.11-22.59.06:016][135]LogSavePackage: Moving '../../../../../../Users/billy_000/team4/CISC374_Team4/Lionfish/Saved/TopDownExampleMap_BuiltData0CC9CC4746E6CD8609474C8396E5D280.tmp' to '../../../../../../Users/billy_000/team4/CISC374_Team4/Lionfish/Content/TopDownBP/Maps/TopDownExampleMap_BuiltData.uasset'
[2017.04.11-22.59.06:034][135]LogSavePackage:Display: Finished SavePackage ../../../../../../Users/billy_000/team4/CISC374_Team4/Lionfish/Content/TopDownBP/Maps/TopDownExampleMap_BuiltData.uasset
[2017.04.11-22.59.06:039][135]LogFileHelpers: Editor autosave (incl. sublevels) for '/Game/TopDownBP/Maps/TopDownExampleMap' took 1.870
[2017.04.11-22.59.06:039][135]LogFileHelpers: Editor autosave (incl. sublevels) for all levels took 1.870
[2017.04.11-22.59.06:059][135]OBJ SavePackage: Generating thumbnails for [1] asset(s) in package [/Game/TopDownBP/Character/Lionfish] ([1] browsable assets)...
[2017.04.11-22.59.06:171][135]OBJ SavePackage:     Rendered thumbnail for [Blueprint /Game/TopDownBP/Character/Lionfish.Lionfish]
[2017.04.11-22.59.06:171][135]OBJ SavePackage: Finished generating thumbnails for package [/Game/TopDownBP/Character/Lionfish]
[2017.04.11-22.59.06:444][135]LogSavePackage: Save=208.65ms
[2017.04.11-22.59.06:444][135]LogSavePackage: Moving '../../../../../../Users/billy_000/team4/CISC374_Team4/Lionfish/Saved/Lionfish_Auto25A0A4D6741D9CDE07C6C7E8321B6DB58.tmp' to '../../../../../../Users/billy_000/team4/CISC374_Team4/Lionfish/Saved/Autosaves/Game/TopDownBP/Character/Lionfish_Auto2.uasset'
[2017.04.11-22.59.06:464][135]LogSavePackage:Display: Finished SavePackage ../../../../../../Users/billy_000/team4/CISC374_Team4/Lionfish/Saved/Autosaves/Game/TopDownBP/Character/Lionfish_Auto2.uasset
[2017.04.11-22.59.06:464][135]LogFileHelpers: Auto-saving content packages took 0.413
[2017.04.11-22.59.35:947][540]BlueprintLog: New page: Compile Lionfish
[2017.04.11-22.59.48:997][691]LogTemp: Repeting last play command: Selected Viewport
[2017.04.11-22.59.49:087][691]LogBlueprintUserMessages: Early PlayInEditor Detection: Level '/Game/TopDownBP/Maps/TopDownExampleMap.TopDownExampleMap:PersistentLevel' has LevelScriptBlueprint '/Game/TopDownBP/Maps/TopDownExampleMap.TopDownExampleMap:PersistentLevel.TopDownExampleMap' with GeneratedClass '/Game/TopDownBP/Maps/TopDownExampleMap.TopDownExampleMap_C' with ClassGeneratedBy '/Game/TopDownBP/Maps/TopDownExampleMap.TopDownExampleMap:PersistentLevel.TopDownExampleMap'
[2017.04.11-22.59.49:087][691]LogPlayLevel: PlayLevel: No blueprints needed recompiling
[2017.04.11-22.59.49:089][691]PIE: New page: PIE session: TopDownExampleMap (Apr 11, 2017, 2:59:49 PM)
[2017.04.11-22.59.49:089][691]LogPlayLevel: Creating play world package: /Game/TopDownBP/Maps/UEDPIE_0_TopDownExampleMap
[2017.04.11-22.59.49:276][691]LogPlayLevel: PIE: StaticDuplicateObject took: (0.187212s)
[2017.04.11-22.59.49:279][691]LogAIModule: Creating AISystem for world TopDownExampleMap
[2017.04.11-22.59.49:280][691]LogPlayLevel: PIE: World Init took: (0.003362s)
[2017.04.11-22.59.49:281][691]LogPlayLevel: PIE: Created PIE world by copying editor world from /Game/TopDownBP/Maps/TopDownExampleMap.TopDownExampleMap to /Game/TopDownBP/Maps/UEDPIE_0_TopDownExampleMap.TopDownExampleMap (0.191683s)
[2017.04.11-22.59.49:395][691]LogInit: XAudio2 using 'Speaker/HP (Realtek High Definition Audio)' : 2 channels at 48 kHz using 32 bits per sample (channel mask 0x3)
[2017.04.11-22.59.49:490][691]LogInit: FAudioDevice initialized.
[2017.04.11-22.59.49:643][691]LogLoad: Game class is 'TopDownGameMode_C'
[2017.04.11-22.59.49:664][691]LogWorld: Bringing World /Game/TopDownBP/Maps/UEDPIE_0_TopDownExampleMap.TopDownExampleMap up for play (max tick rate 0) at 2017.04.11-18.59.49
[2017.04.11-22.59.49:670][691]LogWorld: Bringing up level for play took: 0.020561
[2017.04.11-22.59.50:082][691]LogContentBrowser: Native class hierarchy updated for 'MovieSceneCapture' in 0.0044 seconds. Added 11 classes and 0 folders.
[2017.04.11-22.59.50:090][691]PIE: Info Play in editor start time for /Game/TopDownBP/Maps/UEDPIE_0_TopDownExampleMap 0.782
[2017.04.11-22.59.50:091][691]LogBlueprintUserMessages: Late PlayInEditor Detection: Level '/Game/TopDownBP/Maps/TopDownExampleMap.TopDownExampleMap:PersistentLevel' has LevelScriptBlueprint '/Game/TopDownBP/Maps/TopDownExampleMap.TopDownExampleMap:PersistentLevel.TopDownExampleMap' with GeneratedClass '/Game/TopDownBP/Maps/TopDownExampleMap.TopDownExampleMap_C' with ClassGeneratedBy '/Game/TopDownBP/Maps/TopDownExampleMap.TopDownExampleMap:PersistentLevel.TopDownExampleMap'
[2017.04.11-23.00.47:689][401]LogBlueprintUserMessages: Early EndPlayMap Detection: Level '/Game/TopDownBP/Maps/TopDownExampleMap.TopDownExampleMap:PersistentLevel' has LevelScriptBlueprint '/Game/TopDownBP/Maps/TopDownExampleMap.TopDownExampleMap:PersistentLevel.TopDownExampleMap' with GeneratedClass '/Game/TopDownBP/Maps/TopDownExampleMap.TopDownExampleMap_C' with ClassGeneratedBy '/Game/TopDownBP/Maps/TopDownExampleMap.TopDownExampleMap:PersistentLevel.TopDownExampleMap'
[2017.04.11-23.00.47:938][401]LogBlueprintUserMessages: Late EndPlayMap Detection: Level '/Game/TopDownBP/Maps/TopDownExampleMap.TopDownExampleMap:PersistentLevel' has LevelScriptBlueprint '/Game/TopDownBP/Maps/TopDownExampleMap.TopDownExampleMap:PersistentLevel.TopDownExampleMap' with GeneratedClass '/Game/TopDownBP/Maps/TopDownExampleMap.TopDownExampleMap_C' with ClassGeneratedBy '/Game/TopDownBP/Maps/TopDownExampleMap.TopDownExampleMap:PersistentLevel.TopDownExampleMap'
[2017.04.11-23.05.06:174][878]LogRenderer: Reallocating scene render targets to support 912x588 NumSamples 1 (Frame:24814).
[2017.04.11-23.07.53:387][729]BlueprintLog: New page: Compile Lionfish
[2017.04.11-23.07.59:676][824]LogTemp: Repeting last play command: Selected Viewport
[2017.04.11-23.07.59:750][824]LogBlueprintUserMessages: Early PlayInEditor Detection: Level '/Game/TopDownBP/Maps/TopDownExampleMap.TopDownExampleMap:PersistentLevel' has LevelScriptBlueprint '/Game/TopDownBP/Maps/TopDownExampleMap.TopDownExampleMap:PersistentLevel.TopDownExampleMap' with GeneratedClass '/Game/TopDownBP/Maps/TopDownExampleMap.TopDownExampleMap_C' with ClassGeneratedBy '/Game/TopDownBP/Maps/TopDownExampleMap.TopDownExampleMap:PersistentLevel.TopDownExampleMap'
[2017.04.11-23.07.59:750][824]LogPlayLevel: PlayLevel: No blueprints needed recompiling
[2017.04.11-23.07.59:751][824]PIE: New page: PIE session: TopDownExampleMap (Apr 11, 2017, 3:07:59 PM)
[2017.04.11-23.07.59:751][824]LogPlayLevel: Creating play world package: /Game/TopDownBP/Maps/UEDPIE_0_TopDownExampleMap
[2017.04.11-23.07.59:895][824]LogPlayLevel: PIE: StaticDuplicateObject took: (0.144174s)
[2017.04.11-23.07.59:898][824]LogAIModule: Creating AISystem for world TopDownExampleMap
[2017.04.11-23.07.59:902][824]LogPlayLevel: PIE: World Init took: (0.006901s)
[2017.04.11-23.07.59:903][824]LogPlayLevel: PIE: Created PIE world by copying editor world from /Game/TopDownBP/Maps/TopDownExampleMap.TopDownExampleMap to /Game/TopDownBP/Maps/UEDPIE_0_TopDownExampleMap.TopDownExampleMap (0.152435s)
[2017.04.11-23.08.00:018][824]LogInit: XAudio2 using 'Speaker/HP (Realtek High Definition Audio)' : 2 channels at 48 kHz using 32 bits per sample (channel mask 0x3)
[2017.04.11-23.08.00:095][824]LogInit: FAudioDevice initialized.
[2017.04.11-23.08.00:148][824]LogLoad: Game class is 'TopDownGameMode_C'
[2017.04.11-23.08.00:166][824]LogWorld: Bringing World /Game/TopDownBP/Maps/UEDPIE_0_TopDownExampleMap.TopDownExampleMap up for play (max tick rate 60) at 2017.04.11-19.08.00
[2017.04.11-23.08.00:169][824]LogWorld: Bringing up level for play took: 0.016900
[2017.04.11-23.08.00:176][824]PIE: Info Play in editor start time for /Game/TopDownBP/Maps/UEDPIE_0_TopDownExampleMap 0.868
[2017.04.11-23.08.00:177][824]LogBlueprintUserMessages: Late PlayInEditor Detection: Level '/Game/TopDownBP/Maps/TopDownExampleMap.TopDownExampleMap:PersistentLevel' has LevelScriptBlueprint '/Game/TopDownBP/Maps/TopDownExampleMap.TopDownExampleMap:PersistentLevel.TopDownExampleMap' with GeneratedClass '/Game/TopDownBP/Maps/TopDownExampleMap.TopDownExampleMap_C' with ClassGeneratedBy '/Game/TopDownBP/Maps/TopDownExampleMap.TopDownExampleMap:PersistentLevel.TopDownExampleMap'
[2017.04.11-23.09.10:661][871]LogSavePackage: Save=1488.72ms
[2017.04.11-23.09.10:661][871]LogSavePackage: Moving '../../../../../../Users/billy_000/team4/CISC374_Team4/Lionfish/Saved/TopDownExampleMap96CB3DE9441E1728691546B7FB0AB2D4.tmp' to '../../../../../../Users/billy_000/team4/CISC374_Team4/Lionfish/Content/TopDownBP/Maps/TopDownExampleMap.umap'
[2017.04.11-23.09.10:697][871]LogSavePackage:Display: Finished SavePackage ../../../../../../Users/billy_000/team4/CISC374_Team4/Lionfish/Content/TopDownBP/Maps/TopDownExampleMap.umap
[2017.04.11-23.09.11:967][871]LogSavePackage: Save=849.52ms
[2017.04.11-23.09.11:967][871]LogSavePackage: Moving '../../../../../../Users/billy_000/team4/CISC374_Team4/Lionfish/Saved/TopDownExampleMap_BuiltData80E4EDA74E563CC6596D80BE5F767045.tmp' to '../../../../../../Users/billy_000/team4/CISC374_Team4/Lionfish/Content/TopDownBP/Maps/TopDownExampleMap_BuiltData.uasset'
[2017.04.11-23.09.11:999][871]LogSavePackage:Display: Finished SavePackage ../../../../../../Users/billy_000/team4/CISC374_Team4/Lionfish/Content/TopDownBP/Maps/TopDownExampleMap_BuiltData.uasset
[2017.04.11-23.09.14:395][953]LogBlueprintUserMessages: Early EndPlayMap Detection: Level '/Game/TopDownBP/Maps/TopDownExampleMap.TopDownExampleMap:PersistentLevel' has LevelScriptBlueprint '/Game/TopDownBP/Maps/TopDownExampleMap.TopDownExampleMap:PersistentLevel.TopDownExampleMap' with GeneratedClass '/Game/TopDownBP/Maps/TopDownExampleMap.TopDownExampleMap_C' with ClassGeneratedBy '/Game/TopDownBP/Maps/TopDownExampleMap.TopDownExampleMap:PersistentLevel.TopDownExampleMap'
[2017.04.11-23.09.14:547][953]LogStats: FPlatformStackWalk::StackWalkAndDump -  0.115 s
[2017.04.11-23.09.14:547][953]LogOutputDevice:Error: === Handled ensure: ===
[2017.04.11-23.09.14:547][953]LogOutputDevice:Error: 
[2017.04.11-23.09.14:547][953]LogOutputDevice:Error: Ensure condition failed: NewObject->IsA(this->GeneratedClass) [File:D:\Build\++UE4+Release-4.14+Compile\Sync\Engine\Source\Runtime\Engine\Private\Blueprint.cpp] [Line: 717]
[2017.04.11-23.09.14:547][953]LogOutputDevice:Error: Type mismatch: Expected TopDownExampleMap_C, Found LevelScriptBlueprint
[2017.04.11-23.09.14:547][953]LogOutputDevice:Error: Stack: 
[2017.04.11-23.09.14:547][953]LogOutputDevice:Error: UE4Editor-Core.dll
[2017.04.11-23.09.14:547][953]LogOutputDevice:Error: UE4Editor-Core.dll
[2017.04.11-23.09.14:547][953]LogOutputDevice:Error: UE4Editor-Core.dll
[2017.04.11-23.09.14:547][953]LogOutputDevice:Error: UE4Editor-Engine.dll
[2017.04.11-23.09.14:547][953]LogOutputDevice:Error: UE4Editor-Engine.dll
[2017.04.11-23.09.14:548][953]LogOutputDevice:Error: UE4Editor-UnrealEd.dll
[2017.04.11-23.09.14:548][953]LogOutputDevice:Error: UE4Editor-UnrealEd.dll
[2017.04.11-23.09.14:548][953]LogOutputDevice:Error: UE4Editor-UnrealEd.dll
[2017.04.11-23.09.14:548][953]LogOutputDevice:Error: UE4Editor-UnrealEd.dll
[2017.04.11-23.09.14:548][953]LogOutputDevice:Error: UE4Editor.exe
[2017.04.11-23.09.14:548][953]LogOutputDevice:Error: UE4Editor.exe
[2017.04.11-23.09.14:548][953]LogOutputDevice:Error: UE4Editor.exe
[2017.04.11-23.09.14:548][953]LogOutputDevice:Error: UE4Editor.exe
[2017.04.11-23.09.14:548][953]LogOutputDevice:Error: UE4Editor.exe
[2017.04.11-23.09.14:548][953]LogOutputDevice:Error: KERNEL32.DLL
[2017.04.11-23.09.14:548][953]LogOutputDevice:Error: ntdll.dll
[2017.04.11-23.09.14:548][953]LogOutputDevice:Error: 
[2017.04.11-23.09.14:557][953]LogStats:                SubmitErrorReport -  0.000 s
