Log file open, 04/29/17 18:57:14
LogInit:Display: Running engine for game: Lionfish
LogPlatformFile: Not using cached read wrapper
LogInit:Display: RandInit(2068972983) SRandInit(2068972983).
LogTaskGraph: Started task graph with 5 named threads and 8 total threads with 1 sets of task threads.
LogStats: Stats thread started at 0.083431
LogInit: Using libcurl 7.47.1
LogInit:  - built for x86_64-pc-win32
LogInit:  - supports SSL with OpenSSL/1.0.2g
LogInit:  - supports HTTP deflate (compression) using libz 1.2.8
LogInit:  - other features:
LogInit:      CURL_VERSION_SSL
LogInit:      CURL_VERSION_LIBZ
LogInit:      CURL_VERSION_IPV6
LogInit:      CURL_VERSION_ASYNCHDNS
LogInit:      CURL_VERSION_LARGEFILE
LogInit:      CURL_VERSION_IDN
LogInit:  CurlRequestOptions (configurable via config and command line):
LogInit:  - bVerifyPeer = false  - Libcurl will NOT verify peer certificate
LogInit:  - bUseHttpProxy = false  - Libcurl will NOT use HTTP proxy
LogInit:  - bDontReuseConnections = false  - Libcurl will reuse connections
LogInit:  - CertBundlePath = nullptr  - Libcurl will use whatever was configured at build time.
LogInit: Build: ++UE4+Release-4.15-CL-3348071
LogInit: Engine Version: 4.15.1-3348071+++UE4+Release-4.15
LogInit: Compatible Engine Version: 4.15.0-3299760+++UE4+Release-4.15
LogInit: Net CL: 3299760
LogDevObjectVersion: Number of dev versions registered: 14
LogDevObjectVersion:   Dev-Blueprints (B0D832E4-1F89-4F0D-ACCF-7EB736FD4AA2): 8
LogDevObjectVersion:   Dev-Build (E1C64328-A22C-4D53-A36C-8E866417BD8C): 0
LogDevObjectVersion:   Dev-Core (375EC13C-06E4-48FB-B500-84F0262A717E): 2
LogDevObjectVersion:   Dev-Editor (E4B068ED-F494-42E9-A231-DA0B2E46BB41): 14
LogDevObjectVersion:   Dev-Framework (CFFC743F-43B0-4480-9391-14DF171D2073): 22
LogDevObjectVersion:   Dev-Mobile (B02B49B5-BB20-44E9-A304-32B752E40360): 0
LogDevObjectVersion:   Dev-Networking (A4E4105C-59A1-49B5-A7C5-40C4547EDFEE): 0
LogDevObjectVersion:   Dev-Online (39C831C9-5AE6-47DC-9A44-9C173E1C8E7C): 0
LogDevObjectVersion:   Dev-Physics (78F01B33-EBEA-4F98-B9B4-84EACCB95AA2): 0
LogDevObjectVersion:   Dev-Platform (6631380F-2D4D-43E0-8009-CF276956A95A): 0
LogDevObjectVersion:   Dev-Rendering (12F88B9F-8875-4AFC-A67C-D90C383ABD29): 12
LogDevObjectVersion:   Dev-Sequencer (7B5AE74C-D270-4C10-A958-57980B212A5A): 3
LogDevObjectVersion:   Dev-VR (D7296918-1DD6-4BDD-9DE2-64A83CC13884): 0
LogDevObjectVersion:   Dev-LoadTimes (C2A15278-BFE7-4AFE-6C17-90FF531DF755): 1
LogInit: Compiled (64-bit): Mar 15 2017 16:52:47
LogInit: Compiled with Visual C++: 19.00.23026.00
LogInit: Build Configuration: Development
LogInit: Branch Name: ++UE4+Release-4.15
LogInit: Command line: -EpicPortal 
LogInit: Base directory: C:/Program Files/Epic Games/UE_4.15/Engine/Binaries/Win64/
LogInit: Installed Engine Build: 1
LogInit: Presizing for max 8388607 objects, including 0 objects not considered by GC, pre-allocating 0 bytes for permanent pool.
LogInit: Object subsystem initialized
[2017.04.29-22.57.15:684][  0]LogInit: Selected Device Profile: [Windows]
[2017.04.29-22.57.15:684][  0]LogInit: Applying CVar settings loaded from the selected device profile: [Windows]
[2017.04.29-22.57.15:691][  0]LogInit: Computer: TOMLAPTOP-PC
[2017.04.29-22.57.15:691][  0]LogInit: User: Tom
[2017.04.29-22.57.15:691][  0]LogInit: CPU Page size=65536, Cores=4
[2017.04.29-22.57.15:691][  0]LogInit: High frequency timer resolution =2.531250 MHz
[2017.04.29-22.57.15:691][  0]LogMemory: Memory total: Physical=15.9GB (16GB approx)
[2017.04.29-22.57.15:691][  0]LogMemory: Platform Memory Stats for Windows
[2017.04.29-22.57.15:691][  0]LogMemory: Process Physical Memory: 264.04 MB used, 264.04 MB peak
[2017.04.29-22.57.15:691][  0]LogMemory: Process Virtual Memory: 262.64 MB used, 262.64 MB peak
[2017.04.29-22.57.15:691][  0]LogMemory: Physical Memory: 5394.51 MB used,  10853.24 MB free, 16247.75 MB total
[2017.04.29-22.57.15:692][  0]LogMemory: Virtual Memory: 645.11 MB used,  10853.24 MB free, 134217728.00 MB total
[2017.04.29-22.57.15:796][  0]LogTextLocalizationManager: No specific translations for ('en-US') exist, so ('en') translations will be used.
[2017.04.29-22.57.16:440][  0]LogD3D11RHI: D3D11 adapters:
[2017.04.29-22.57.17:026][  0]LogD3D11RHI:    0. 'NVIDIA GeForce GTX 970M' (Feature Level 11_0)
[2017.04.29-22.57.17:026][  0]LogD3D11RHI:       6108/0/8123 MB DedicatedVideo/DedicatedSystem/SharedSystem, Outputs:1, VendorId:0x10de
[2017.04.29-22.57.17:037][  0]LogD3D11RHI:    1. 'Intel(R) HD Graphics 530' (Feature Level 11_0)
[2017.04.29-22.57.17:037][  0]LogD3D11RHI:       128/0/8123 MB DedicatedVideo/DedicatedSystem/SharedSystem, Outputs:0, VendorId:0x8086
[2017.04.29-22.57.17:039][  0]LogD3D11RHI:    2. 'Microsoft Basic Render Driver' (Feature Level 11_0)
[2017.04.29-22.57.17:039][  0]LogD3D11RHI:       0/0/8123 MB DedicatedVideo/DedicatedSystem/SharedSystem, Outputs:0, VendorId:0x1414
[2017.04.29-22.57.17:039][  0]LogD3D11RHI: Chosen D3D11 Adapter: 0
[2017.04.29-22.57.17:045][  0]LogD3D11RHI: Creating new Direct3DDevice
[2017.04.29-22.57.17:045][  0]LogD3D11RHI:     GPU DeviceId: 0x13d8 (for the marketing name, search the web for "GPU Device Id")
[2017.04.29-22.57.17:045][  0]LogWindows: EnumDisplayDevices:
[2017.04.29-22.57.17:045][  0]LogWindows:    0. 'Intel(R) HD Graphics 530' (P:1 D:1)
[2017.04.29-22.57.17:045][  0]LogWindows:    1. 'Intel(R) HD Graphics 530' (P:0 D:0)
[2017.04.29-22.57.17:045][  0]LogWindows:    2. 'Intel(R) HD Graphics 530' (P:0 D:0)
[2017.04.29-22.57.17:045][  0]LogWindows: DebugString: PrimaryIsNotTheChoosenAdapter PrimaryIsNotTheChoosenAdapter PrimaryIsNotTheChoosenAdapter FoundDriverCount:0 
[2017.04.29-22.57.17:045][  0]LogD3D11RHI:     Adapter Name: NVIDIA GeForce GTX 970M
[2017.04.29-22.57.17:045][  0]LogD3D11RHI:   Driver Version: Unknown (internal:Unknown, unified:Unknown)
[2017.04.29-22.57.17:045][  0]LogD3D11RHI:      Driver Date: Unknown
[2017.04.29-22.57.17:045][  0]LogRHI: Texture pool is 1361 MB (70% of 1945 MB)
[2017.04.29-22.57.17:613][  0]LogD3D11RHI: Async texture creation enabled
[2017.04.29-22.57.17:649][  0]LogD3D11RHI: GPU Timing Frequency: 1000.000000 (Debug: 2 1)
[2017.04.29-22.57.17:650][  0]LogShaderCompilers: Guid format shader working directory is 13 characters bigger than the processId version (D:/Repo/CISC374_Team4/Lionfish/Intermediate/Shaders/WorkingDirectory/20520/).
[2017.04.29-22.57.17:650][  0]LogShaderCompilers: Cleaned the shader compiler working directory 'C:/Users/Tom/AppData/Local/Temp/UnrealShaderWorkingDir/AA05D88D4B08ED1F3904E589AA72524C/'.
[2017.04.29-22.57.17:650][  0]LogShaderCompilers:Display: Using Local Shader Compiler.
[2017.04.29-22.57.18:765][  0]LogTemp:Display: Loaded TP AllDesktopTargetPlatform
[2017.04.29-22.57.18:822][  0]LogTemp:Display: Loaded TP MacClientTargetPlatform
[2017.04.29-22.57.18:878][  0]LogTemp:Display: Loaded TP MacNoEditorTargetPlatform
[2017.04.29-22.57.18:935][  0]LogTemp:Display: Loaded TP MacServerTargetPlatform
[2017.04.29-22.57.18:991][  0]LogTemp:Display: Loaded TP MacTargetPlatform
[2017.04.29-22.57.19:051][  0]LogTemp:Display: Loaded TP WindowsClientTargetPlatform
[2017.04.29-22.57.19:111][  0]LogTemp:Display: Loaded TP WindowsNoEditorTargetPlatform
[2017.04.29-22.57.19:176][  0]LogTemp:Display: Loaded TP WindowsServerTargetPlatform
[2017.04.29-22.57.19:225][  0]LogTemp:Display: Loaded TP WindowsTargetPlatform
[2017.04.29-22.57.19:281][  0]LogTemp:Display: Loaded TP AndroidTargetPlatform
[2017.04.29-22.57.19:334][  0]LogTemp:Display: Loaded TP Android_ASTCTargetPlatform
[2017.04.29-22.57.19:390][  0]LogTemp:Display: Loaded TP Android_ATCTargetPlatform
[2017.04.29-22.57.19:452][  0]LogTemp:Display: Loaded TP Android_DXTTargetPlatform
[2017.04.29-22.57.19:507][  0]LogTemp:Display: Loaded TP Android_ETC1TargetPlatform
[2017.04.29-22.57.19:562][  0]LogTemp:Display: Loaded TP Android_ETC2TargetPlatform
[2017.04.29-22.57.19:670][  0]LogTemp:Display: Loaded TP Android_MultiTargetPlatform
[2017.04.29-22.57.19:670][  0]LogTemp:Display: Loaded TP Android_PVRTCTargetPlatform
[2017.04.29-22.57.19:710][  0]LogTemp:Display: Loaded TP HTML5TargetPlatform
[2017.04.29-22.57.19:812][  0]LogTemp:Display: Loaded TP IOSTargetPlatform
[2017.04.29-22.57.19:849][  0]LogTemp:Display: Loaded TP TVOSTargetPlatform
[2017.04.29-22.57.19:904][  0]LogTemp:Display: Loaded TP LinuxClientTargetPlatform
[2017.04.29-22.57.19:963][  0]LogTemp:Display: Loaded TP LinuxNoEditorTargetPlatform
[2017.04.29-22.57.20:020][  0]LogTemp:Display: Loaded TP LinuxServerTargetPlatform
[2017.04.29-22.57.20:075][  0]LogTemp:Display: Loaded TP LinuxTargetPlatform
[2017.04.29-22.57.20:075][  0]LogTargetPlatformManager:Display: Building Assets For Windows
[2017.04.29-22.57.20:555][  0]LogDerivedDataCache:Display: Max Cache Size: 512 MB
[2017.04.29-22.57.20:609][  0]LogDerivedDataCache: Loaded boot cache 0.05s 50MB C:/Users/Tom/AppData/Local/UnrealEngine/4.15/DerivedDataCache/Boot.ddc.
[2017.04.29-22.57.20:609][  0]LogDerivedDataCache:Display: Loaded Boot cache: C:/Users/Tom/AppData/Local/UnrealEngine/4.15/DerivedDataCache/Boot.ddc
[2017.04.29-22.57.20:610][  0]LogDerivedDataCache: FDerivedDataBackendGraph:  Pak pak cache file D:/Repo/CISC374_Team4/Lionfish/DerivedDataCache/DDC.ddp not found, will not use a pak cache.
[2017.04.29-22.57.20:610][  0]LogDerivedDataCache: Unable to find inner node Pak for hierarchical cache Hierarchy.
[2017.04.29-22.57.20:610][  0]LogDerivedDataCache: FDerivedDataBackendGraph:  CompressedPak pak cache file D:/Repo/CISC374_Team4/Lionfish/DerivedDataCache/Compressed.ddp not found, will not use a pak cache.
[2017.04.29-22.57.20:610][  0]LogDerivedDataCache: Unable to find inner node CompressedPak for hierarchical cache Hierarchy.
[2017.04.29-22.57.20:629][  0]LogDerivedDataCache:Display: Pak cache opened for reading ../../../Engine/DerivedDataCache/Compressed.ddp.
[2017.04.29-22.57.20:641][  0]LogDerivedDataCache: Using Local data cache path C:/Users/Tom/AppData/Local/UnrealEngine/Common/DerivedDataCache: Writable
[2017.04.29-22.57.20:650][  0]LogSlate: Using Freetype 2.6.0
[2017.04.29-22.57.20:651][  0]LogSlate: SlateFontCache - WITH_FREETYPE: 1, WITH_HARFBUZZ: 1
[2017.04.29-22.57.20:651][  0]LogSlate: SlateFontCache - WITH_FREETYPE: 1, WITH_HARFBUZZ: 1
[2017.04.29-22.57.20:932][  0]LogInit: Selected Device Profile: [Windows]
[2017.04.29-22.57.20:935][  0]LogContentStreaming: Texture pool size is 0.00 MB
[2017.04.29-22.57.21:145][  0]LogMeshUtilities: Using QuadricMeshReduction for automatic static mesh reduction
[2017.04.29-22.57.21:189][  0]LogSimplygon: Simplygon DLL not present - disabling.
[2017.04.29-22.57.21:241][  0]LogMeshUtilities: Using SimplygonSwarm for distributed automatic mesh merging
[2017.04.29-22.57.21:241][  0]LogMeshUtilities: No automatic skeletal mesh reduction module available
[2017.04.29-22.57.21:241][  0]LogMeshUtilities: No automatic mesh merging module available
[2017.04.29-22.57.21:791][  0]LogNetVersion: GetLocalNetworkVersion: CL: 3299760, ProjectName: lionfish, ProjectVersion: , EngineNetworkVersion: 2, GameNetworkVersion: 0, NetworkChecksum: 3667421609
[2017.04.29-22.57.21:839][  0]LogAssetRegistry: FAssetRegistry took 0.0219 seconds to start up
[2017.04.29-22.57.21:892][  0]LogPackageLocalizationCache: Processed 3 localized package path(s) for 2 prioritized culture(s) in 0.024983 seconds
[2017.04.29-22.57.21:899][  0]LogUObjectArray: 32493 objects as part of root set at end of initial load.
[2017.04.29-22.57.21:899][  0]LogUObjectAllocator: 7077032 out of 0 bytes used by permanent object pool.
[2017.04.29-22.57.21:899][  0]LogUObjectArray: CloseDisregardForGC: 0/0 objects in disregard for GC pool
[2017.04.29-22.57.21:969][  0]LogInit: WinSock: version 1.1 (2.2), MaxSocks=32767, MaxUdp=65467
[2017.04.29-22.57.23:700][  0]LogTcpMessaging: Initializing TcpMessaging bridge
[2017.04.29-22.57.23:744][  0]LogUdpMessaging: Initializing bridge on interface 0.0.0.0:0 to multicast group 230.0.0.1:6666.
[2017.04.29-22.57.24:219][  0]LogMaterial: Uniform references updated for custom material expression Custom.
[2017.04.29-22.57.24:606][  0]SourceControl: Info Source control is disabled
[2017.04.29-22.57.26:746][  0]LogEngine: Initializing Engine...
[2017.04.29-22.57.26:747][  0]LogHMD: Failed to initialize OpenVR with code 110
[2017.04.29-22.57.26:988][  0]LogAIModule: Creating AISystem for world Untitled
[2017.04.29-22.57.26:999][  0]LogInit: XAudio2 using 'Speakers (Realtek High Definition Audio)' : 2 channels at 48 kHz using 32 bits per sample (channel mask 0x3)
[2017.04.29-22.57.27:065][  0]LogInit: FAudioDevice initialized.
[2017.04.29-22.57.27:088][  0]LogDerivedDataCache: Saved boot cache 0.02s 50MB C:/Users/Tom/AppData/Local/UnrealEngine/4.15/DerivedDataCache/Boot.ddc.
[2017.04.29-22.57.27:092][  0]LogInit: Texture streaming: Enabled
[2017.04.29-22.57.27:199][  0]LogEngineSessionManager: EngineSessionManager initialized
[2017.04.29-22.57.27:294][  0]LogInit: Transaction tracking system initialized
[2017.04.29-22.57.27:673][  0]BlueprintLog: New page: Editor Load
[2017.04.29-22.57.28:648][  0]LocalizationService: Info Localization service is disabled
[2017.04.29-22.57.29:367][  0]LogConsoleResponse:Display: 
[2017.04.29-22.57.29:505][  0]LogCook:Display: Max memory allowance for cook 16384mb min free memory 0mb
[2017.04.29-22.57.29:505][  0]LogCook:Display: Mobile HDR setting 1
[2017.04.29-22.57.30:612][  0]LogFileCache: Scanning file cache for directory 'D:/Repo/CISC374_Team4/Lionfish/Content/' took 0.01s
[2017.04.29-22.57.30:914][  0]Cmd: MAP LOAD FILE="D:/Repo/CISC374_Team4/Lionfish/Content/TopDownBP/Maps/TopDownExampleMap.umap" TEMPLATE=0 SHOWPROGRESS=1 FEATURELEVEL=3
[2017.04.29-22.57.30:914][  0]LightingResults: New page: Lighting Build
[2017.04.29-22.57.30:958][  0]MapCheck: New page: Map Check
[2017.04.29-22.57.30:958][  0]LightingResults: New page: Lighting Build
[2017.04.29-22.57.31:486][  0]LogLinker:Warning: Asset 'D:/Repo/CISC374_Team4/Lionfish/Content/Meshes/Water_04/Water/Textures/water.uasset' has been saved with empty engine version. The asset will be loaded but may be incompatible.
[2017.04.29-22.57.31:719][  0]LogMaterial: Missing cached shader map for material M_Metal_Copper, compiling. 
[2017.04.29-22.57.31:720][  0]LogTemp:Display: Added material ShaderMap 0x0000016CE26B5980 with Material 0x0000016CE124DA80 to ShaderMapsBeingCompiled
[2017.04.29-22.57.31:781][  0]LogTemp:Display: Kicking off shader compilation for M_Metal_Copper, GameThreadShaderMap 0x0000016CE26B5980
[2017.04.29-22.57.31:921][  0]LogAIModule: Creating AISystem for world TopDownExampleMap
[2017.04.29-22.57.31:959][  0]LogEditorServer: Finished looking for orphan Actors (0.000 secs)
[2017.04.29-22.57.31:960][  0]Cmd: MAP CHECKDEP NOCLEARLOG
[2017.04.29-22.57.32:026][  0]MapCheck: Info Map check complete: 0 Error(s), 0 Warning(s), took 66.076ms to complete.
[2017.04.29-22.57.32:026][  0]LogFileHelpers: Loading map 'TopDownExampleMap' took 1.113
[2017.04.29-22.57.32:082][  0]LogWindowsTextInputMethodSystem:Display: IME system now deactivated.
[2017.04.29-22.57.32:268][  0]LogCollectionManager: Loaded 0 collections in 0.002494 seconds
[2017.04.29-22.57.32:383][  0]LogFileCache: Scanning file cache for directory 'D:/Repo/CISC374_Team4/Lionfish/Saved/Collections/' took 0.01s
[2017.04.29-22.57.32:383][  0]LogFileCache: Scanning file cache for directory 'D:/Repo/CISC374_Team4/Lionfish/Content/Developers/Tom/Collections/' took 0.01s
[2017.04.29-22.57.32:383][  0]LogFileCache: Scanning file cache for directory 'D:/Repo/CISC374_Team4/Lionfish/Content/Collections/' took 0.01s
[2017.04.29-22.57.32:383][  0]LogCollectionManager: Rebuilt the GUID cache for 0 collections in 0.000003 seconds
[2017.04.29-22.57.32:399][  0]LogContentBrowser: Native class hierarchy populated in 0.0154 seconds. Added 2245 classes and 453 folders.
[2017.04.29-22.57.32:404][  0]LogStats: UGameplayTagsManager::ConstructGameplayTagTree: Construct from data asset -  0.000 s
[2017.04.29-22.57.32:404][  0]LogStats: UGameplayTagsManager::ConstructGameplayTagTree: GameplayTagTreeChangedEvent.Broadcast -  0.000 s
[2017.04.29-22.57.32:518][  0]LogContentBrowser: Native class hierarchy updated for 'WidgetCarousel' in 0.0008 seconds. Added 0 classes and 0 folders.
[2017.04.29-22.57.32:582][  0]LogContentBrowser: Native class hierarchy updated for 'AddContentDialog' in 0.0008 seconds. Added 0 classes and 0 folders.
[2017.04.29-22.57.32:657][  0]LogContentBrowser: Native class hierarchy updated for 'SceneOutliner' in 0.0008 seconds. Added 1 classes and 2 folders.
[2017.04.29-22.57.32:736][  0]LogCrashTracker: Crashtracker disabled due to settings.
[2017.04.29-22.57.32:746][  0]LogUObjectGlobals:Warning: Failed to find object 'Class None.'
[2017.04.29-22.57.32:846][  0]LogContentBrowser: Native class hierarchy updated for 'HierarchicalLODOutliner' in 0.0008 seconds. Added 1 classes and 2 folders.
[2017.04.29-22.57.32:846][  0]LogLoad: (Engine Initialization) Total time: 19.24 seconds
[2017.04.29-22.57.32:846][  0]LogLoad: (Engine Initialization) Total Blueprint compile time: 0.32 seconds
[2017.04.29-22.57.32:846][  0]LogExternalProfiler: Found external profiler: VSPerf
[2017.04.29-22.57.32:846][  0]LogExternalProfiler: Using external profiler: VSPerf
[2017.04.29-22.57.32:856][  0]LogOcInput: OculusInput pre-init called
[2017.04.29-22.57.32:888][  0]SourceControl: Info On branch master
[2017.04.29-22.57.32:889][  0]SourceControl: Info Your branch is up-to-date with 'origin/master'.
[2017.04.29-22.57.32:889][  0]SourceControl: Info Changes not staged for commit:
[2017.04.29-22.57.32:889][  0]SourceControl: Info   (use "git add/rm <file>..." to update what will be committed)
[2017.04.29-22.57.32:889][  0]SourceControl: Info   (use "git checkout -- <file>..." to discard changes in working directory)
[2017.04.29-22.57.32:889][  0]SourceControl: Info 	modified:   Lionfish/Intermediate/CachedAssetRegistry.bin
[2017.04.29-22.57.32:889][  0]SourceControl: Info 	modified:   Lionfish/Saved/Config/Windows/Editor.ini
[2017.04.29-22.57.32:889][  0]SourceControl: Info 	modified:   Lionfish/Saved/Config/Windows/Engine.ini
[2017.04.29-22.57.32:889][  0]SourceControl: Info 	modified:   Lionfish/Saved/Logs/Lionfish.log
[2017.04.29-22.57.32:889][  0]SourceControl: Info 	deleted:    Lionfish/Saved/Logs/Lionfish_2-backup-2017.04.28-11.48.49.log
[2017.04.29-22.57.32:889][  0]SourceControl: Info Untracked files:
[2017.04.29-22.57.32:889][  0]SourceControl: Info   (use "git add <file>..." to include in what will be committed)
[2017.04.29-22.57.32:889][  0]SourceControl: Info 	Lionfish/Saved/Logs/Lionfish-backup-2017.04.29-18.57.14.log
[2017.04.29-22.57.32:889][  0]SourceControl: Info 	Lionfish/Saved/Logs/UE4CC-Windows-9535ECDC48840EB77EC6A0B76835ADA8/
[2017.04.29-22.57.32:889][  0]SourceControl: Info no changes added to commit (use "git add" and/or "git commit -a")
[2017.04.29-22.57.32:889][  0]LogContentStreaming: Texture pool size now 1000 MB
[2017.04.29-22.57.32:890][  0]LogSlate: Took 0.000164 seconds to synchronously load lazily loaded font '../../../Engine/Content/Slate/Fonts/Roboto-Regular.ttf' (155K)
[2017.04.29-22.57.32:895][  0]LogSlate: Took 0.000218 seconds to synchronously load lazily loaded font '../../../Engine/Content/Slate/Fonts/Roboto-Bold.ttf' (160K)
[2017.04.29-22.57.32:903][  0]LogSlate: Took 0.000246 seconds to synchronously load lazily loaded font '../../../Engine/Content/Editor/Slate/Fonts/FontAwesome.ttf' (139K)
[2017.04.29-22.57.33:084][  0]LogRenderer: Reallocating scene render targets to support 964x436 NumSamples 1 (Frame:2).
[2017.04.29-22.57.33:153][  0]LogSlate: Took 0.000309 seconds to synchronously load lazily loaded font '../../../Engine/Content/Slate/Fonts/Roboto-Light.ttf' (159K)
[2017.04.29-22.57.33:238][  1]LogFileCache: Retrieving MD5 hashes for directory 'D:/Repo/CISC374_Team4/Lionfish/Content/' took 0.37s
[2017.04.29-22.57.33:355][  2]LogAssetRegistry: Asset discovery search completed in 11.5381 seconds
[2017.04.29-22.57.33:355][  2]LogCollectionManager: Rebuilt the object cache for 0 collections in 0.000007 seconds (found 0 objects)
[2017.04.29-22.57.33:355][  2]LogCollectionManager: Fixed up redirectors for 0 collections in 0.000032 seconds (updated 0 objects)
[2017.04.29-22.57.36:724][362]LogTemp:Display: Finished compile of shader map 0x0000016CE26B5980
[2017.04.29-22.57.36:724][362]LogTemp:Display: Shader map M_Metal_Copper complete, GameThreadShaderMap 0x0000016CE26B5980, marking material M_Metal_Copper as finished
[2017.04.29-22.57.36:724][362]LogTemp:Display: Marking material as finished 0x0000016CE124DA80
[2017.04.29-22.57.40:880][854]LogBlueprintUserMessages: Early PlayInEditor Detection: Level '/Game/TopDownBP/Maps/TopDownExampleMap.TopDownExampleMap:PersistentLevel' has LevelScriptBlueprint '/Game/TopDownBP/Maps/TopDownExampleMap.TopDownExampleMap:PersistentLevel.TopDownExampleMap' with GeneratedClass '/Game/TopDownBP/Maps/TopDownExampleMap.TopDownExampleMap_C' with ClassGeneratedBy '/Game/TopDownBP/Maps/TopDownExampleMap.TopDownExampleMap:PersistentLevel.TopDownExampleMap'
[2017.04.29-22.57.40:880][854]LogPlayLevel: PlayLevel: No blueprints needed recompiling
[2017.04.29-22.57.40:880][854]PIE: New page: PIE session: TopDownExampleMap (Apr 29, 2017, 2:57:40 PM)
[2017.04.29-22.57.40:881][854]LogPlayLevel: Creating play world package: /Game/TopDownBP/Maps/UEDPIE_0_TopDownExampleMap
[2017.04.29-22.57.40:912][854]LogPlayLevel: PIE: StaticDuplicateObject took: (0.031137s)
[2017.04.29-22.57.40:912][854]LogAIModule: Creating AISystem for world TopDownExampleMap
[2017.04.29-22.57.40:913][854]LogPlayLevel: PIE: World Init took: (0.000828s)
[2017.04.29-22.57.40:913][854]LogPlayLevel: PIE: Created PIE world by copying editor world from /Game/TopDownBP/Maps/TopDownExampleMap.TopDownExampleMap to /Game/TopDownBP/Maps/UEDPIE_0_TopDownExampleMap.TopDownExampleMap (0.032291s)
[2017.04.29-22.57.40:945][854]LogInit: XAudio2 using 'Speakers (Realtek High Definition Audio)' : 2 channels at 48 kHz using 32 bits per sample (channel mask 0x3)
[2017.04.29-22.57.40:967][854]LogInit: FAudioDevice initialized.
[2017.04.29-22.57.41:012][854]LogLoad: Game class is 'TopDownGameMode_C'
[2017.04.29-22.57.41:017][854]LogWorld: Bringing World /Game/TopDownBP/Maps/UEDPIE_0_TopDownExampleMap.TopDownExampleMap up for play (max tick rate 0) at 2017.04.29-18.57.41
[2017.04.29-22.57.41:017][854]LogWorld: Bringing up level for play took: 0.003543
[2017.04.29-22.57.41:065][854]LogContentBrowser: Native class hierarchy updated for 'MovieSceneCapture' in 0.0009 seconds. Added 11 classes and 0 folders.
[2017.04.29-22.57.41:067][854]PIE: Info Play in editor start time for /Game/TopDownBP/Maps/UEDPIE_0_TopDownExampleMap -0.778
[2017.04.29-22.57.41:067][854]LogBlueprintUserMessages: Late PlayInEditor Detection: Level '/Game/TopDownBP/Maps/TopDownExampleMap.TopDownExampleMap:PersistentLevel' has LevelScriptBlueprint '/Game/TopDownBP/Maps/TopDownExampleMap.TopDownExampleMap:PersistentLevel.TopDownExampleMap' with GeneratedClass '/Game/TopDownBP/Maps/TopDownExampleMap.TopDownExampleMap_C' with ClassGeneratedBy '/Game/TopDownBP/Maps/TopDownExampleMap.TopDownExampleMap:PersistentLevel.TopDownExampleMap'
[2017.04.29-22.59.50:129][289]LogBlueprintUserMessages: Early EndPlayMap Detection: Level '/Game/TopDownBP/Maps/TopDownExampleMap.TopDownExampleMap:PersistentLevel' has LevelScriptBlueprint '/Game/TopDownBP/Maps/TopDownExampleMap.TopDownExampleMap:PersistentLevel.TopDownExampleMap' with GeneratedClass '/Game/TopDownBP/Maps/TopDownExampleMap.TopDownExampleMap_C' with ClassGeneratedBy '/Game/TopDownBP/Maps/TopDownExampleMap.TopDownExampleMap:PersistentLevel.TopDownExampleMap'
[2017.04.29-22.59.50:164][289]LogBlueprintUserMessages: Late EndPlayMap Detection: Level '/Game/TopDownBP/Maps/TopDownExampleMap.TopDownExampleMap:PersistentLevel' has LevelScriptBlueprint '/Game/TopDownBP/Maps/TopDownExampleMap.TopDownExampleMap:PersistentLevel.TopDownExampleMap' with GeneratedClass '/Game/TopDownBP/Maps/TopDownExampleMap.TopDownExampleMap_C' with ClassGeneratedBy '/Game/TopDownBP/Maps/TopDownExampleMap.TopDownExampleMap:PersistentLevel.TopDownExampleMap'
[2017.04.29-22.59.53:344][652]LogSlate: Took 0.000185 seconds to synchronously load lazily loaded font '../../../Engine/Content/Slate/Fonts/Roboto-Light.ttf' (159K)
[2017.04.29-22.59.53:797][652]LogContentBrowser: Native class hierarchy updated for 'BlueprintGraph' in 0.0009 seconds. Added 112 classes and 0 folders.
[2017.04.29-22.59.54:517][652]LogSlate: Took 0.000162 seconds to synchronously load lazily loaded font '../../../Engine/Content/Slate/Fonts/Roboto-Light.ttf' (159K)
[2017.04.29-22.59.54:517][652]LogSlate: Took 0.000151 seconds to synchronously load lazily loaded font '../../../Engine/Content/Editor/Slate/Fonts/Roboto-BoldCondensed.ttf' (158K)
[2017.04.29-23.04.29:757][627]LogStats: FPlatformStackWalk::StackWalkAndDump -  0.103 s
[2017.04.29-23.04.29:757][627]LogOutputDevice:Error: === Handled ensure: ===
[2017.04.29-23.04.29:757][627]LogOutputDevice:Error: 
[2017.04.29-23.04.29:757][627]LogOutputDevice:Error: Ensure condition failed: !PreviewSlateWidgetWeak.IsValid() [File:D:\Build\++UE4+Release-4.15+Compile\Sync\Engine\Source\Editor\UMGEditor\Private\WidgetBlueprintEditor.cpp] [Line: 757]
[2017.04.29-23.04.29:757][627]LogOutputDevice:Error: 
[2017.04.29-23.04.29:757][627]LogOutputDevice:Error: Stack: 
[2017.04.29-23.04.29:757][627]LogOutputDevice:Error: UE4Editor-Core.dll!0x000000004D4E95E6
[2017.04.29-23.04.29:757][627]LogOutputDevice:Error: UE4Editor-Core.dll!0x000000004D299B82
[2017.04.29-23.04.29:757][627]LogOutputDevice:Error: UE4Editor-Core.dll!0x000000004D2AB666
[2017.04.29-23.04.29:757][627]LogOutputDevice:Error: UE4Editor-UMGEditor.dll!0x0000000037EEA94E
[2017.04.29-23.04.29:757][627]LogOutputDevice:Error: UE4Editor-UMGEditor.dll!0x0000000037F51F4E
[2017.04.29-23.04.29:757][627]LogOutputDevice:Error: UE4Editor-Kismet.dll!0x000000003B1D159C
[2017.04.29-23.04.29:757][627]LogOutputDevice:Error: UE4Editor-Kismet.dll!0x000000003B1D5FDC
[2017.04.29-23.04.29:757][627]LogOutputDevice:Error: UE4Editor-Engine.dll!0x000000003BBE2F5A
[2017.04.29-23.04.29:757][627]LogOutputDevice:Error: UE4Editor-UnrealEd.dll!0x0000000048B7B4E3
[2017.04.29-23.04.29:757][627]LogOutputDevice:Error: UE4Editor-UMGEditor.dll!0x0000000037F934F0
[2017.04.29-23.04.29:757][627]LogOutputDevice:Error: UE4Editor-UMGEditor.dll!0x0000000037F32CE9
[2017.04.29-23.04.29:757][627]LogOutputDevice:Error: UE4Editor-UMGEditor.dll!0x0000000037EF7007
[2017.04.29-23.04.29:757][627]LogOutputDevice:Error: UE4Editor-UMGEditor.dll!0x0000000037EFAFD7
[2017.04.29-23.04.29:757][627]LogOutputDevice:Error: UE4Editor-Slate.dll!0x0000000049E50771
[2017.04.29-23.04.29:757][627]LogOutputDevice:Error: UE4Editor-Slate.dll!0x0000000049EE1E77
[2017.04.29-23.04.29:757][627]LogOutputDevice:Error: UE4Editor-Slate.dll!0x0000000049D1D25F
[2017.04.29-23.04.29:757][627]LogOutputDevice:Error: UE4Editor-Slate.dll!0x0000000049D1DD86
[2017.04.29-23.04.29:757][627]LogOutputDevice:Error: UE4Editor-Slate.dll!0x0000000049CB7424
[2017.04.29-23.04.29:757][627]LogOutputDevice:Error: UE4Editor-UMGEditor.dll!0x0000000037EB3F9C
[2017.04.29-23.04.29:757][627]LogOutputDevice:Error: UE4Editor-UMGEditor.dll!0x0000000037F57D12
[2017.04.29-23.04.29:757][627]LogOutputDevice:Error: UE4Editor-UMGEditor.dll!0x0000000037EF8626
[2017.04.29-23.04.29:757][627]LogOutputDevice:Error: UE4Editor-UMGEditor.dll!0x0000000037EAB2F8
[2017.04.29-23.04.29:757][627]LogOutputDevice:Error: UE4Editor-UMGEditor.dll!0x0000000037F9E1DE
[2017.04.29-23.04.29:757][627]LogOutputDevice:Error: UE4Editor-UMGEditor.dll!0x0000000037F9AD53
[2017.04.29-23.04.29:757][627]LogOutputDevice:Error: UE4Editor-UMGEditor.dll!0x0000000037F63E23
[2017.04.29-23.04.29:757][627]LogOutputDevice:Error: UE4Editor-Slate.dll!0x0000000049CA3D96
[2017.04.29-23.04.29:757][627]LogOutputDevice:Error: UE4Editor-Slate.dll!0x0000000049C740A8
[2017.04.29-23.04.29:757][627]LogOutputDevice:Error: UE4Editor-Slate.dll!0x0000000049D15A7A
[2017.04.29-23.04.29:757][627]LogOutputDevice:Error: UE4Editor-Slate.dll!0x0000000049D00B83
[2017.04.29-23.04.29:757][627]LogOutputDevice:Error: UE4Editor-Slate.dll!0x0000000049CEFB59
[2017.04.29-23.04.29:757][627]LogOutputDevice:Error: UE4Editor-Core.dll!0x000000004D4DCEA5
[2017.04.29-23.04.29:757][627]LogOutputDevice:Error: UE4Editor-Core.dll!0x000000004D4C67C1
[2017.04.29-23.04.29:757][627]LogOutputDevice:Error: UE4Editor-Core.dll!0x000000004D4DEA1C
[2017.04.29-23.04.29:757][627]LogOutputDevice:Error: UE4Editor-Core.dll!0x000000004D4C26E9
[2017.04.29-23.04.29:757][627]LogOutputDevice:Error: USER32.dll!0x0000000092171C24
[2017.04.29-23.04.29:757][627]LogOutputDevice:Error: USER32.dll!0x000000009217156C
[2017.04.29-23.04.29:757][627]LogOutputDevice:Error: UE4Editor-Core.dll!0x000000004D4DF326
[2017.04.29-23.04.29:757][627]LogOutputDevice:Error: UE4Editor.exe!0x000000001641D790
[2017.04.29-23.04.29:757][627]LogOutputDevice:Error: UE4Editor.exe!0x000000001640EB40
[2017.04.29-23.04.29:757][627]LogOutputDevice:Error: UE4Editor.exe!0x000000001640EBBA
[2017.04.29-23.04.29:757][627]LogOutputDevice:Error: UE4Editor.exe!0x0000000016420A29
[2017.04.29-23.04.29:757][627]LogOutputDevice:Error: UE4Editor.exe!0x00000000164222B6
[2017.04.29-23.04.29:757][627]LogOutputDevice:Error: KERNEL32.DLL!0x0000000093BC8364
[2017.04.29-23.04.29:757][627]LogOutputDevice:Error: ntdll.dll!0x00000000949A70D1
[2017.04.29-23.04.29:757][627]LogOutputDevice:Error: 
[2017.04.29-23.04.29:762][627]LogStats:                SubmitErrorReport -  0.000 s
